* RX FAMILY ASSEMBLER V2.03.00.01 [24 Oct 2014] *  SOURCE LIST  Sun Feb 19 10:54:40 2017

LOC.     OBJ.              0XMDA SOURCE STATEMENT

                                 ;RX Family C/C++ Compiler (V2.03.00.03 [04 Dec 2014])  19-Feb-2017 10:54:40
                                 
                                 ;*** CPU TYPE ***
                                 
                                 ;-ISA=RXV1
                                 
                                 ;*** COMMAND PARAMETER ***
                                 
                                 ;-output=src=croutine.src
                                 ;-lang=c99
                                 ;-include=C:\PROGRA~2\Renesas\RX\2_3_0/include,C:\Workspace\e2studio\git\MT01\r_lvd_rx,C:\Workspace\e2studio\git\MT01\r_lvd_rx\src,C:/Workspace/e2studio/git/MT01/r_tfa
                                 ;-debug
                                 ;-show=source,conditionals,definitions,expansions
                                 ;-listfile=croutine.lst
                                 ;-isa=rxv1
                                 ;-optimize=0
                                 ;-fpu
                                 ;-alias=noansi
                                 ;-nologo
                                 ;-nomessage
                                 ;-define=__RX,COMPACTAXP=0,EASYMAK=0,MOBILE=1,FREE_RTOS_PP
                                 ;croutine.c
                                 
                                 ;LineNo. C-SOURCE STATEMENT
                                 
                                 		.END

Information List

TOTAL ERROR(S)    00000
TOTAL WARNING(S)  00000
TOTAL LINE(S)     00026   LINES

Section List

Attr         Size               Name

Cpu Type

-ISA=RXV1 -FPU

Command Parameter

-subcommand=C:\Users\LAFONS~1\AppData\Local\Temp\$ccrx124\$ccrx\croutine.src.cmd
    -nologo
    -isa=rxv1
    -fpu
    -show=conditionals,definitions,expansions
    -define=__RXV1=1
    -fint_register=0
    -debug
    -endian=little
-listfile=C:\Workspace\e2studio\git\MT01\Mobile_build\croutine.lst
-output=C:\Workspace\e2studio\git\MT01\Mobile_build\FreeRTOS\Source\croutine.obj
