* RX FAMILY ASSEMBLER V2.03.00.01 [24 Oct 2014] *  SOURCE LIST  Sun Feb 19 10:54:16 2017

LOC.     OBJ.              0XMDA SOURCE STATEMENT

                                 ;RX Family C/C++ Compiler (V2.03.00.03 [04 Dec 2014])  19-Feb-2017 10:54:16
                                 
                                 ;*** CPU TYPE ***
                                 
                                 ;-ISA=RXV1
                                 
                                 ;*** COMMAND PARAMETER ***
                                 
                                 ;-output=src=u8g_virtual_screen.src
                                 ;-lang=c99
                                 ;-include=C:\PROGRA~2\Renesas\RX\2_3_0/include,C:\Workspace\e2studio\git\MT01\r_lvd_rx,C:\Workspace\e2studio\git\MT01\r_lvd_rx\src,C:/Workspace/e2studio/git/MT01/r_tfa
                                 ;-debug
                                 ;-show=source,conditionals,definitions,expansions
                                 ;-listfile=u8g_virtual_screen.lst
                                 ;-isa=rxv1
                                 ;-optimize=0
                                 ;-fpu
                                 ;-alias=noansi
                                 ;-nologo
                                 ;-nomessage
                                 ;-define=__RX,COMPACTAXP=0,EASYMAK=0,MOBILE=1,FREE_RTOS_PP
                                 ;u8g_virtual_screen.c
                                 
                                 		.glb	_u8g_vs_cnt
                                 		.glb	_u8g_vs_list
                                 		.glb	_u8g_vs_current
                                 		.glb	_u8g_vs_width
                                 		.glb	_u8g_vs_height
                                 		.glb	_u8g_dev_vs
                                 		.glb	_u8g_dev_vs_fn
                                 		.glb	_u8g_call_dev_fn
                                 		.glb	_u8g_SetVirtualScreenDimension
                                 		.glb	_u8g_AddToVirtualScreen
                                 ;LineNo. C-SOURCE STATEMENT
                                 
                                 		.SECTION	P,CODE
00000000                         _u8g_dev_vs_fn:
                                 		.STACK	_u8g_dev_vs_fn=24
                                 ;       1 /*
                                 ;       2 
                                 ;       3   u8g_virtual_screen.c
                                 ;       4 
                                 ;       5   Universal 8bit Graphics Library
                                 ;       6   
                                 ;       7   Copyright (c) 2012, olikraus@gmail.com
                                 ;       8   All rights reserved.
                                 ;       9 
                                 ;      10   Redistribution and use in source and binary forms, with or without modification, 
                                 ;      11   are permitted provided that the following conditions are met:
                                 ;      12 
                                 ;      13   * Redistributions of source code must retain the above copyright notice, this list 
                                 ;      14     of conditions and the following disclaimer.
                                 ;      15     
                                 ;      16   * Redistributions in binary form must reproduce the above copyright notice, this 
                                 ;      17     list of conditions and the following disclaimer in the documentation and/or other 
                                 ;      18     materials provided with the distribution.
                                 ;      19 
                                 ;      20   THIS SOFTWARE IS PROVIDED BY THE COPYRIGHT HOLDERS AND 
                                 ;      21   CONTRIBUTORS "AS IS" AND ANY EXPRESS OR IMPLIED WARRANTIES, 
                                 ;      22   INCLUDING, BUT NOT LIMITED TO, THE IMPLIED WARRANTIES OF 
                                 ;      23   MERCHANTABILITY AND FITNESS FOR A PARTICULAR PURPOSE ARE 
                                 ;      24   DISCLAIMED. IN NO EVENT SHALL THE COPYRIGHT HOLDER OR 
                                 ;      25   CONTRIBUTORS BE LIABLE FOR ANY DIRECT, INDIRECT, INCIDENTAL, 
                                 ;      26   SPECIAL, EXEMPLARY, OR CONSEQUENTIAL DAMAGES (INCLUDING, BUT 
                                 ;      27   NOT LIMITED TO, PROCUREMENT OF SUBSTITUTE GOODS OR SERVICES; 
                                 ;      28   LOSS OF USE, DATA, OR PROFITS; OR BUSINESS INTERRUPTION) HOWEVER 
                                 ;      29   CAUSED AND ON ANY THEORY OF LIABILITY, WHETHER IN CONTRACT, 
                                 ;      30   STRICT LIABILITY, OR TORT (INCLUDING NEGLIGENCE OR OTHERWISE) 
                                 ;      31   ARISING IN ANY WAY OUT OF THE USE OF THIS SOFTWARE, EVEN IF 
                                 ;      32   ADVISED OF THE POSSIBILITY OF SUCH DAMAGE.  
                                 ;      33   
                                 ;      34   
                                 ;      35 */
                                 ;      36 
                                 ;      37 #include "u8g.h"
                                 ;      38 
                                 ;      39 struct _u8g_vs_t
                                 ;      40 {
                                 ;      41   u8g_uint_t x;
                                 ;      42   u8g_uint_t y;
                                 ;      43   u8g_t *u8g;
                                 ;      44 };
                                 ;      45 typedef struct _u8g_vs_t u8g_vs_t;
                                 ;      46 
                                 ;      47 #define U8g_VS_MAX 4
                                 ;      48 uint8_t u8g_vs_cnt = 0;
                                 ;      49 u8g_vs_t u8g_vs_list[U8g_VS_MAX]; 
                                 ;      50 uint8_t u8g_vs_current;
                                 ;      51 u8g_uint_t u8g_vs_width;
                                 ;      52 u8g_uint_t u8g_vs_height;
                                 ;      53 
                                 ;      54 uint8_t u8g_dev_vs_fn(u8g_t *u8g, u8g_dev_t *dev, uint8_t msg, void *arg)
                                 		.LINE  "C:\Workspace\e2studio\git\MT01\src\Display\u8g_virtual_screen.c",54
00000000 7100EC                  		ADD #0FFFFFFECH, R0
00000003 A101                    		MOV.L R1, 10H[R0]
00000005 A08A                    		MOV.L R2, 0CH[R0]
00000007 828B                    		MOV.B R3, 0BH[R0]
00000009 A00C                    		MOV.L R4, 04H[R0]
                                 ;      55 {
                                 ;      56   switch(msg)
                                 		.LINE  "C:\Workspace\e2studio\git\MT01\src\Display\u8g_virtual_screen.c",56
0000000B B289                    		MOVU.B 0BH[R0], R1
0000000D 755114                  		CMP #14H, R1
00000010 20rr                    		BEQ L21
00000012                         L11:	; entry
00000012 755115                  		CMP #15H, R1
00000015 3Arrrr               W  		BEQ L25
00000018                         L12:	; entry
00000018 755117                  		CMP #17H, R1
0000001B 3Arrrr               W  		BEQ L36
0000001E                         L13:	; entry
0000001E 755132                  		CMP #32H, R1
00000021 3Arrrr               W  		BEQ L47
00000024                         L14:	; entry
00000024 75513B                  		CMP #3BH, R1
00000027 3Arrrr               W  		BEQ L47
0000002A                         L15:	; entry
0000002A 755146                  		CMP #46H, R1
0000002D 3Arrrr               W  		BEQ L34
00000030                         L16:	; entry
00000030 755147                  		CMP #47H, R1
00000033 3Arrrr               W  		BEQ L35
00000036                         L17:	; bb
                                 ;      57   {
                                 ;      58     default:
                                 ;      59       {
                                 ;      60 	uint8_t i;
                                 ;      61 	for( i = 0; i < u8g_vs_cnt; i++ )
                                 		.LINE  "C:\Workspace\e2studio\git\MT01\src\Display\u8g_virtual_screen.c",61
00000036 3C0100                  		MOV.B #00H, 01H[R0]
00000039 2Err                 B  		BRA L19
0000003B                         L18:	; bb9
                                 ;      62 	{
                                 ;      63 	  u8g_call_dev_fn(u8g_vs_list[i].u8g, u8g_vs_list[i].u8g->dev, msg, arg);
                                 		.LINE  "C:\Workspace\e2studio\git\MT01\src\Display\u8g_virtual_screen.c",63
0000003B B009                    		MOVU.B 01H[R0], R1
0000003D 6C31                    		SHLL #03H, R1
0000003F FB22rrrrrrrr            		MOV.L #_u8g_vs_list, R2
00000045 4B12                    		ADD R1, R2
00000047 A829                    		MOV.L 04H[R2], R1
00000049 A81A                    		MOV.L 04H[R1], R2
0000004B A80C                    		MOV.L 04H[R0], R4
0000004D B28B                    		MOVU.B 0BH[R0], R3
0000004F 05rrrrrr             A  		BSR _u8g_call_dev_fn
00000053 B009                    		MOVU.B 01H[R0], R1
00000055 6211                    		ADD #01H, R1
00000057 8009                    		MOV.B R1, 01H[R0]
00000059                         L19:	; bb27
                                 		.LINE  "C:\Workspace\e2studio\git\MT01\src\Display\u8g_virtual_screen.c",61
00000059 FBE2rrrrrrrr            		MOV.L #_u8g_vs_cnt, R14
0000005F B009                    		MOVU.B 01H[R0], R1
00000061 44E1                    		CMP [R14].UB, R1
00000063 29rr                    		BLT L18
00000065                         L20:	; bb34
                                 ;      64 	}
                                 ;      65       }
                                 ;      66       return 1;
                                 		.LINE  "C:\Workspace\e2studio\git\MT01\src\Display\u8g_virtual_screen.c",66
00000065 F80401                  		MOV.B #01H, [R0]
00000068 38rrrr               W  		BRA L52
0000006B                         L21:	; bb36
                                 ;      67     case U8G_DEV_MSG_PAGE_FIRST:
                                 ;      68       u8g_vs_current = 0;
                                 		.LINE  "C:\Workspace\e2studio\git\MT01\src\Display\u8g_virtual_screen.c",68
0000006B FBE2rrrrrrrr            		MOV.L #_u8g_vs_current, R14
00000071 F8E400                  		MOV.B #00H, [R14]
00000074                         L22:	; bb36.split
                                 ;      69       if ( u8g_vs_cnt != 0 )
                                 		.LINE  "C:\Workspace\e2studio\git\MT01\src\Display\u8g_virtual_screen.c",69
00000074 FBE2rrrrrrrr            		MOV.L #_u8g_vs_cnt, R14
0000007A 58EE                    		MOVU.B [R14], R14
0000007C 610E                    		CMP #00H, R14
0000007E 20rr                    		BEQ L24
00000080                         L23:	; bb38
                                 ;      70 	return u8g_call_dev_fn(u8g_vs_list[u8g_vs_current].u8g, u8g_vs_list[u8g_vs_current].u8g->dev, msg, arg);
                                 		.LINE  "C:\Workspace\e2studio\git\MT01\src\Display\u8g_virtual_screen.c",70
00000080 FBE2rrrrrrrr            		MOV.L #_u8g_vs_current, R14
00000086 58EE                    		MOVU.B [R14], R14
00000088 6C3E                    		SHLL #03H, R14
0000008A FB12rrrrrrrr            		MOV.L #_u8g_vs_list, R1
00000090 4BE1                    		ADD R14, R1
00000092 A819                    		MOV.L 04H[R1], R1
00000094 A81A                    		MOV.L 04H[R1], R2
00000096 A80C                    		MOV.L 04H[R0], R4
00000098 B28B                    		MOVU.B 0BH[R0], R3
0000009A 05rrrrrr             A  		BSR _u8g_call_dev_fn
0000009E C301                    		MOV.B R1, [R0]
000000A0 38rrrr               W  		BRA L52
000000A3                         L24:	; bb60
                                 ;      71       return 0;
                                 		.LINE  "C:\Workspace\e2studio\git\MT01\src\Display\u8g_virtual_screen.c",71
000000A3 F80400                  		MOV.B #00H, [R0]
000000A6 38rrrr               W  		BRA L52
000000A9                         L25:	; bb62
                                 ;      72     case U8G_DEV_MSG_PAGE_NEXT:
                                 ;      73       {	
                                 ;      74 	uint8_t ret = 0;
                                 		.LINE  "C:\Workspace\e2studio\git\MT01\src\Display\u8g_virtual_screen.c",74
000000A9 3C0200                  		MOV.B #00H, 02H[R0]
000000AC                         L26:	; bb62.split
                                 ;      75 	if ( u8g_vs_cnt != 0 )
                                 		.LINE  "C:\Workspace\e2studio\git\MT01\src\Display\u8g_virtual_screen.c",75
000000AC FBE2rrrrrrrr            		MOV.L #_u8g_vs_cnt, R14
000000B2 58EE                    		MOVU.B [R14], R14
000000B4 610E                    		CMP #00H, R14
000000B6 20rr                    		BEQ L28
000000B8                         L27:	; bb64
                                 ;      76 	  ret = u8g_call_dev_fn(u8g_vs_list[u8g_vs_current].u8g, u8g_vs_list[u8g_vs_current].u8g->dev, msg, arg);
                                 		.LINE  "C:\Workspace\e2studio\git\MT01\src\Display\u8g_virtual_screen.c",76
000000B8 FBE2rrrrrrrr            		MOV.L #_u8g_vs_current, R14
000000BE 58EE                    		MOVU.B [R14], R14
000000C0 6C3E                    		SHLL #03H, R14
000000C2 FB12rrrrrrrr            		MOV.L #_u8g_vs_list, R1
000000C8 4BE1                    		ADD R14, R1
000000CA A819                    		MOV.L 04H[R1], R1
000000CC A81A                    		MOV.L 04H[R1], R2
000000CE A80C                    		MOV.L 04H[R0], R4
000000D0 B28B                    		MOVU.B 0BH[R0], R3
000000D2 05rrrrrr             A  		BSR _u8g_call_dev_fn
000000D6 8081                    		MOV.B R1, 02H[R0]
000000D8                         L28:	; bb87
                                 ;      77 	if ( ret != 0 )
                                 		.LINE  "C:\Workspace\e2studio\git\MT01\src\Display\u8g_virtual_screen.c",77
000000D8 B081                    		MOVU.B 02H[R0], R1
000000DA 6101                    		CMP #00H, R1
000000DC 10                   S  		BEQ L30
000000DD                         L29:	; bb88
                                 ;      78 	  return ret;
                                 		.LINE  "C:\Workspace\e2studio\git\MT01\src\Display\u8g_virtual_screen.c",78
000000DD C10002                  		MOV.B 02H[R0], [R0]
000000E0 38rrrr               W  		BRA L52
000000E3                         L30:	; bb96
                                 ;      79 	u8g_vs_current++;	/* next device */
                                 		.LINE  "C:\Workspace\e2studio\git\MT01\src\Display\u8g_virtual_screen.c",79
000000E3 FBE2rrrrrrrr            		MOV.L #_u8g_vs_current, R14
000000E9 58EF                    		MOVU.B [R14], R15
000000EB 621F                    		ADD #01H, R15
000000ED C3EF                    		MOV.B R15, [R14]
000000EF                         L31:	; bb96.split
                                 ;      80 	if ( u8g_vs_current >= u8g_vs_cnt )  /* reached end? */
                                 		.LINE  "C:\Workspace\e2studio\git\MT01\src\Display\u8g_virtual_screen.c",80
000000EF FBE2rrrrrrrr            		MOV.L #_u8g_vs_current, R14
000000F5 58EE                    		MOVU.B [R14], R14
000000F7 FBF2rrrrrrrr            		MOV.L #_u8g_vs_cnt, R15
000000FD 44FE                    		CMP [R15].UB, R14
000000FF 29rr                    		BLT L33
00000101                         L32:	; bb100
                                 ;      81 	  return 0;
                                 		.LINE  "C:\Workspace\e2studio\git\MT01\src\Display\u8g_virtual_screen.c",81
00000101 F80400                  		MOV.B #00H, [R0]
00000104 38rrrr               W  		BRA L52
00000107                         L33:	; bb109
                                 ;      82 	return u8g_call_dev_fn(u8g_vs_list[u8g_vs_current].u8g, u8g_vs_list[u8g_vs_current].u8g->dev, U8G_DEV_MSG_PAGE_FIRST, arg);	
                                 		.LINE  "C:\Workspace\e2studio\git\MT01\src\Display\u8g_virtual_screen.c",82
00000107 FBE2rrrrrrrr            		MOV.L #_u8g_vs_current, R14
0000010D 58EE                    		MOVU.B [R14], R14
0000010F 6C3E                    		SHLL #03H, R14
00000111 FB12rrrrrrrr            		MOV.L #_u8g_vs_list, R1
00000117 4BE1                    		ADD R14, R1
00000119 A819                    		MOV.L 04H[R1], R1
0000011B A81A                    		MOV.L 04H[R1], R2
0000011D A80C                    		MOV.L 04H[R0], R4
0000011F 754314                  		MOV.L #00000014H, R3
00000122 05rrrrrr             A  		BSR _u8g_call_dev_fn
00000126 C301                    		MOV.B R1, [R0]
00000128 38rrrr               W  		BRA L52
0000012B                         L34:	; bb125
                                 ;      83       }
                                 ;      84     case U8G_DEV_MSG_GET_WIDTH:
                                 ;      85       *((u8g_uint_t *)arg) = u8g_vs_width;
                                 		.LINE  "C:\Workspace\e2studio\git\MT01\src\Display\u8g_virtual_screen.c",85
0000012B FBE2rrrrrrrr            		MOV.L #_u8g_vs_width, R14
00000131 A809                    		MOV.L 04H[R0], R1
00000133 C0E1                    		MOV.B [R14], [R1]
00000135 38rrrr               W  		BRA L51
00000138                         L35:	; bb128
                                 ;      86       break;
                                 ;      87     case U8G_DEV_MSG_GET_HEIGHT:
                                 ;      88       *((u8g_uint_t *)arg) = u8g_vs_height;
                                 		.LINE  "C:\Workspace\e2studio\git\MT01\src\Display\u8g_virtual_screen.c",88
00000138 FBE2rrrrrrrr            		MOV.L #_u8g_vs_height, R14
0000013E A809                    		MOV.L 04H[R0], R1
00000140 C0E1                    		MOV.B [R14], [R1]
00000142 38rrrr               W  		BRA L51
00000145                         L36:	; bb132
                                 ;      89       break;
                                 ;      90     case U8G_DEV_MSG_GET_PAGE_BOX:
                                 ;      91       if ( u8g_vs_current < u8g_vs_cnt )
                                 		.LINE  "C:\Workspace\e2studio\git\MT01\src\Display\u8g_virtual_screen.c",91
00000145 FBE2rrrrrrrr            		MOV.L #_u8g_vs_current, R14
0000014B 58EE                    		MOVU.B [R14], R14
0000014D FBF2rrrrrrrr            		MOV.L #_u8g_vs_cnt, R15
00000153 44FE                    		CMP [R15].UB, R14
00000155 29rr                  * 		BGE L42
         38rrrr                  
0000015A                         L37:	; bb133
                                 ;      92       {
                                 ;      93 	u8g_call_dev_fn(u8g_vs_list[u8g_vs_current].u8g, u8g_vs_list[u8g_vs_current].u8g->dev, msg, arg);
                                 		.LINE  "C:\Workspace\e2studio\git\MT01\src\Display\u8g_virtual_screen.c",93
0000015A FBE2rrrrrrrr            		MOV.L #_u8g_vs_current, R14
00000160 58EE                    		MOVU.B [R14], R14
00000162 6C3E                    		SHLL #03H, R14
00000164 FB12rrrrrrrr            		MOV.L #_u8g_vs_list, R1
0000016A 4BE1                    		ADD R14, R1
0000016C A819                    		MOV.L 04H[R1], R1
0000016E A81A                    		MOV.L 04H[R1], R2
00000170 A80C                    		MOV.L 04H[R0], R4
00000172 B28B                    		MOVU.B 0BH[R0], R3
00000174 05rrrrrr             A  		BSR _u8g_call_dev_fn
00000178                         L38:	; bb133.split
                                 ;      94 	((u8g_box_t *)arg)->x0 += u8g_vs_list[u8g_vs_current].x;
                                 		.LINE  "C:\Workspace\e2studio\git\MT01\src\Display\u8g_virtual_screen.c",94
00000178 FBE2rrrrrrrr            		MOV.L #_u8g_vs_current, R14
0000017E 58EE                    		MOVU.B [R14], R14
00000180 6C3E                    		SHLL #03H, R14
00000182 FBF2rrrrrrrr            		MOV.L #_u8g_vs_list, R15
00000188 4BEF                    		ADD R14, R15
0000018A A809                    		MOV.L 04H[R0], R1
0000018C 581E                    		MOVU.B [R1], R14
0000018E 48FE                    		ADD [R15].UB, R14
00000190 C31E                    		MOV.B R14, [R1]
00000192                         L39:	; bb133.split1
                                 ;      95 	((u8g_box_t *)arg)->x1 += u8g_vs_list[u8g_vs_current].x;
                                 		.LINE  "C:\Workspace\e2studio\git\MT01\src\Display\u8g_virtual_screen.c",95
00000192 FBE2rrrrrrrr            		MOV.L #_u8g_vs_current, R14
00000198 58EE                    		MOVU.B [R14], R14
0000019A 6C3E                    		SHLL #03H, R14
0000019C FBF2rrrrrrrr            		MOV.L #_u8g_vs_list, R15
000001A2 FECFE1                  		MOVU.B [R15,R14], R1
000001A5 A80A                    		MOV.L 04H[R0], R2
000001A7 492102                  		ADD 02H[R2].UB, R1
000001AA 80A1                    		MOV.B R1, 02H[R2]
000001AC                         L40:	; bb133.split2
                                 ;      96 	((u8g_box_t *)arg)->y0 += u8g_vs_list[u8g_vs_current].y;
                                 		.LINE  "C:\Workspace\e2studio\git\MT01\src\Display\u8g_virtual_screen.c",96
000001AC FBE2rrrrrrrr            		MOV.L #_u8g_vs_current, R14
000001B2 58EE                    		MOVU.B [R14], R14
000001B4 6C3E                    		SHLL #03H, R14
000001B6 FBF2rrrrrrrr            		MOV.L #_u8g_vs_list, R15
000001BC 4BEF                    		ADD R14, R15
000001BE A809                    		MOV.L 04H[R0], R1
000001C0 B01A                    		MOVU.B 01H[R1], R2
000001C2 49F201                  		ADD 01H[R15].UB, R2
000001C5 801A                    		MOV.B R2, 01H[R1]
000001C7                         L41:	; bb133.split3
                                 ;      97 	((u8g_box_t *)arg)->y1 += u8g_vs_list[u8g_vs_current].y;
                                 		.LINE  "C:\Workspace\e2studio\git\MT01\src\Display\u8g_virtual_screen.c",97
000001C7 FBE2rrrrrrrr            		MOV.L #_u8g_vs_current, R14
000001CD 58EE                    		MOVU.B [R14], R14
000001CF 6C3E                    		SHLL #03H, R14
000001D1 FBF2rrrrrrrr            		MOV.L #_u8g_vs_list, R15
000001D7 4BEF                    		ADD R14, R15
000001D9 A809                    		MOV.L 04H[R0], R1
000001DB B09A                    		MOVU.B 03H[R1], R2
000001DD 49F201                  		ADD 01H[R15].UB, R2
000001E0 809A                    		MOV.B R2, 03H[R1]
000001E2 2Err                 B  		BRA L46
000001E4                         L42:	; bb201
                                 ;      98       }
                                 ;      99       else
                                 ;     100       {
                                 ;     101 	((u8g_box_t *)arg)->x0 = 0;
                                 		.LINE  "C:\Workspace\e2studio\git\MT01\src\Display\u8g_virtual_screen.c",101
000001E4 A809                    		MOV.L 04H[R0], R1
000001E6 F81400                  		MOV.B #00H, [R1]
000001E9                         L43:	; bb201.split
                                 ;     102 	((u8g_box_t *)arg)->x1 = 0;
                                 		.LINE  "C:\Workspace\e2studio\git\MT01\src\Display\u8g_virtual_screen.c",102
000001E9 A809                    		MOV.L 04H[R0], R1
000001EB 3C1200                  		MOV.B #00H, 02H[R1]
000001EE                         L44:	; bb201.split4
                                 ;     103 	((u8g_box_t *)arg)->y0 = 0;
                                 		.LINE  "C:\Workspace\e2studio\git\MT01\src\Display\u8g_virtual_screen.c",103
000001EE A809                    		MOV.L 04H[R0], R1
000001F0 3C1100                  		MOV.B #00H, 01H[R1]
000001F3                         L45:	; bb201.split5
                                 ;     104 	((u8g_box_t *)arg)->y1 = 0;
                                 		.LINE  "C:\Workspace\e2studio\git\MT01\src\Display\u8g_virtual_screen.c",104
000001F3 A809                    		MOV.L 04H[R0], R1
000001F5 3C1300                  		MOV.B #00H, 03H[R1]
000001F8                         L46:	; bb221
                                 ;     105       }
                                 ;     106       return 1;
                                 		.LINE  "C:\Workspace\e2studio\git\MT01\src\Display\u8g_virtual_screen.c",106
000001F8 F80401                  		MOV.B #01H, [R0]
000001FB 2Err                 B  		BRA L52
000001FD                         L47:	; bb224
                                 ;     107     case U8G_DEV_MSG_SET_PIXEL:
                                 ;     108     case U8G_DEV_MSG_SET_8PIXEL:
                                 ;     109       if ( u8g_vs_current < u8g_vs_cnt )
                                 		.LINE  "C:\Workspace\e2studio\git\MT01\src\Display\u8g_virtual_screen.c",109
000001FD FBE2rrrrrrrr            		MOV.L #_u8g_vs_current, R14
00000203 58EE                    		MOVU.B [R14], R14
00000205 FBF2rrrrrrrr            		MOV.L #_u8g_vs_cnt, R15
0000020B 44FE                    		CMP [R15].UB, R14
0000020D 28rr                    		BGE L51
0000020F                         L48:	; bb225
                                 ;     110       {
                                 ;     111         ((u8g_dev_arg_pixel_t *)arg)->x -= u8g_vs_list[u8g_vs_current].x;
                                 		.LINE  "C:\Workspace\e2studio\git\MT01\src\Display\u8g_virtual_screen.c",111
0000020F FBE2rrrrrrrr            		MOV.L #_u8g_vs_current, R14
00000215 58EE                    		MOVU.B [R14], R14
00000217 6C3E                    		SHLL #03H, R14
00000219 FBF2rrrrrrrr            		MOV.L #_u8g_vs_list, R15
0000021F 4BEF                    		ADD R14, R15
00000221 A809                    		MOV.L 04H[R0], R1
00000223 581E                    		MOVU.B [R1], R14
00000225 40FE                    		SUB [R15].UB, R14
00000227 C31E                    		MOV.B R14, [R1]
00000229                         L49:	; bb225.split
                                 ;     112         ((u8g_dev_arg_pixel_t *)arg)->y -= u8g_vs_list[u8g_vs_current].y;
                                 		.LINE  "C:\Workspace\e2studio\git\MT01\src\Display\u8g_virtual_screen.c",112
00000229 FBE2rrrrrrrr            		MOV.L #_u8g_vs_current, R14
0000022F 58EE                    		MOVU.B [R14], R14
00000231 6C3E                    		SHLL #03H, R14
00000233 FBF2rrrrrrrr            		MOV.L #_u8g_vs_list, R15
00000239 4BEF                    		ADD R14, R15
0000023B A809                    		MOV.L 04H[R0], R1
0000023D B01A                    		MOVU.B 01H[R1], R2
0000023F 41F201                  		SUB 01H[R15].UB, R2
00000242 801A                    		MOV.B R2, 01H[R1]
00000244                         L50:	; bb225.split6
                                 ;     113 	return u8g_call_dev_fn(u8g_vs_list[u8g_vs_current].u8g, u8g_vs_list[u8g_vs_current].u8g->dev, msg, arg);
                                 		.LINE  "C:\Workspace\e2studio\git\MT01\src\Display\u8g_virtual_screen.c",113
00000244 FBE2rrrrrrrr            		MOV.L #_u8g_vs_current, R14
0000024A 58EE                    		MOVU.B [R14], R14
0000024C 6C3E                    		SHLL #03H, R14
0000024E FB12rrrrrrrr            		MOV.L #_u8g_vs_list, R1
00000254 4BE1                    		ADD R14, R1
00000256 A819                    		MOV.L 04H[R1], R1
00000258 A81A                    		MOV.L 04H[R1], R2
0000025A A80C                    		MOV.L 04H[R0], R4
0000025C B28B                    		MOVU.B 0BH[R0], R3
0000025E 05rrrrrr             A  		BSR _u8g_call_dev_fn
00000262 C301                    		MOV.B R1, [R0]
00000264 08                   S  		BRA L52
00000265                         L51:	; bb276
                                 ;     114       }
                                 ;     115       break;
                                 ;     116   }
                                 ;     117   return 1;
                                 		.LINE  "C:\Workspace\e2studio\git\MT01\src\Display\u8g_virtual_screen.c",117
00000265 F80401                  		MOV.B #01H, [R0]
00000268                         L52:	; bb278
00000268 C40003                  		MOV.B [R0], 03H[R0]
                                 ;     118 }
                                 		.LINE  "C:\Workspace\e2studio\git\MT01\src\Display\u8g_virtual_screen.c",118
0000026B B089                    		MOVU.B 03H[R0], R1
0000026D 6705                    		RTSD #14H
0000026F                         _u8g_SetVirtualScreenDimension:
                                 		.STACK	_u8g_SetVirtualScreenDimension=12
                                 ;     119 
                                 ;     120 
                                 ;     121 
                                 ;     122 u8g_dev_t u8g_dev_vs = { u8g_dev_vs_fn, NULL, NULL };
                                 ;     123 
                                 ;     124 void u8g_SetVirtualScreenDimension(u8g_t *vs_u8g, u8g_uint_t width, u8g_uint_t height)
                                 		.LINE  "C:\Workspace\e2studio\git\MT01\src\Display\u8g_virtual_screen.c",124
0000026F 6080                    		SUB #08H, R0
00000271 A009                    		MOV.L R1, 04H[R0]
00000273 808A                    		MOV.B R2, 03H[R0]
00000275 8083                    		MOV.B R3, 02H[R0]
                                 ;     125 {
                                 ;     126   if ( vs_u8g->dev != &u8g_dev_vs )
                                 		.LINE  "C:\Workspace\e2studio\git\MT01\src\Display\u8g_virtual_screen.c",126
00000277 A809                    		MOV.L 04H[R0], R1
00000279 FBE2rrrrrrrr            		MOV.L #_u8g_dev_vs, R14
0000027F 06851E01                		CMP 04H[R1].L, R14
00000283 21rr                    		BNE L56
00000285                         L54:	; bb10
                                 ;     127     return; 	/* abort if there is no a virtual screen device */
                                 ;     128   u8g_vs_width = width;
                                 		.LINE  "C:\Workspace\e2studio\git\MT01\src\Display\u8g_virtual_screen.c",128
00000285 FBE2rrrrrrrr            		MOV.L #_u8g_vs_width, R14
0000028B C10E03                  		MOV.B 03H[R0], [R14]
0000028E                         L55:	; bb10.split
                                 ;     129   u8g_vs_height = height;  
                                 		.LINE  "C:\Workspace\e2studio\git\MT01\src\Display\u8g_virtual_screen.c",129
0000028E FBE2rrrrrrrr            		MOV.L #_u8g_vs_height, R14
00000294 C10E02                  		MOV.B 02H[R0], [R14]
00000297 6702                    		RTSD #08H
00000299                         L56:	; return
                                 ;     130 }
                                 		.LINE  "C:\Workspace\e2studio\git\MT01\src\Display\u8g_virtual_screen.c",130
00000299 6702                    		RTSD #08H
0000029B                         _u8g_AddToVirtualScreen:
                                 		.STACK	_u8g_AddToVirtualScreen=20
                                 ;     131 
                                 ;     132 uint8_t u8g_AddToVirtualScreen(u8g_t *vs_u8g, u8g_uint_t x, u8g_uint_t y, u8g_t *child_u8g)
                                 		.LINE  "C:\Workspace\e2studio\git\MT01\src\Display\u8g_virtual_screen.c",132
0000029B 7100F0                  		ADD #0FFFFFFF0H, R0
0000029E A089                    		MOV.L R1, 0CH[R0]
000002A0 828A                    		MOV.B R2, 0BH[R0]
000002A2 8283                    		MOV.B R3, 0AH[R0]
000002A4 A00C                    		MOV.L R4, 04H[R0]
                                 ;     133 {
                                 ;     134   if ( vs_u8g->dev != &u8g_dev_vs )
                                 		.LINE  "C:\Workspace\e2studio\git\MT01\src\Display\u8g_virtual_screen.c",134
000002A6 A889                    		MOV.L 0CH[R0], R1
000002A8 FBE2rrrrrrrr            		MOV.L #_u8g_dev_vs, R14
000002AE 06851E01                		CMP 04H[R1].L, R14
000002B2 10                   S  		BEQ L59
000002B3                         L58:	; bb5
                                 ;     135     return 0; 	/* abort if there is no a virtual screen device */
                                 		.LINE  "C:\Workspace\e2studio\git\MT01\src\Display\u8g_virtual_screen.c",135
000002B3 3C0200                  		MOV.B #00H, 02H[R0]
000002B6 2Err                 B  		BRA L66
000002B8                         L59:	; bb13
                                 ;     136   if ( u8g_vs_cnt >= U8g_VS_MAX )
                                 		.LINE  "C:\Workspace\e2studio\git\MT01\src\Display\u8g_virtual_screen.c",136
000002B8 FBE2rrrrrrrr            		MOV.L #_u8g_vs_cnt, R14
000002BE 58EE                    		MOVU.B [R14], R14
000002C0 614E                    		CMP #04H, R14
000002C2 29rr                    		BLT L61
000002C4                         L60:	; bb14
                                 ;     137     return 0;  	/* maximum number of  child u8g's reached */
                                 		.LINE  "C:\Workspace\e2studio\git\MT01\src\Display\u8g_virtual_screen.c",137
000002C4 3C0200                  		MOV.B #00H, 02H[R0]
000002C7 2Err                 B  		BRA L66
000002C9                         L61:	; bb21
                                 ;     138   u8g_vs_list[u8g_vs_cnt].u8g = child_u8g;
                                 		.LINE  "C:\Workspace\e2studio\git\MT01\src\Display\u8g_virtual_screen.c",138
000002C9 FBE2rrrrrrrr            		MOV.L #_u8g_vs_cnt, R14
000002CF 58EE                    		MOVU.B [R14], R14
000002D1 6C3E                    		SHLL #03H, R14
000002D3 FB12rrrrrrrr            		MOV.L #_u8g_vs_list, R1
000002D9 4BE1                    		ADD R14, R1
000002DB E5010101                		MOV.L 04H[R0], 04H[R1]
000002DF                         L62:	; bb21.split
                                 ;     139   u8g_vs_list[u8g_vs_cnt].x = x;
                                 		.LINE  "C:\Workspace\e2studio\git\MT01\src\Display\u8g_virtual_screen.c",139
000002DF FBE2rrrrrrrr            		MOV.L #_u8g_vs_cnt, R14
000002E5 58EE                    		MOVU.B [R14], R14
000002E7 6C3E                    		SHLL #03H, R14
000002E9 FBF2rrrrrrrr            		MOV.L #_u8g_vs_list, R15
000002EF B289                    		MOVU.B 0BH[R0], R1
000002F1 FE0FE1                  		MOV.B R1, [R15,R14]
000002F4                         L63:	; bb21.split1
                                 ;     140   u8g_vs_list[u8g_vs_cnt].y = y;
                                 		.LINE  "C:\Workspace\e2studio\git\MT01\src\Display\u8g_virtual_screen.c",140
000002F4 FBE2rrrrrrrr            		MOV.L #_u8g_vs_cnt, R14
000002FA 58EE                    		MOVU.B [R14], R14
000002FC 6C3E                    		SHLL #03H, R14
000002FE FB12rrrrrrrr            		MOV.L #_u8g_vs_list, R1
00000304 4BE1                    		ADD R14, R1
00000306 C5010A01                		MOV.B 0AH[R0], 01H[R1]
0000030A                         L64:	; bb21.split2
                                 ;     141   u8g_vs_cnt++;
                                 		.LINE  "C:\Workspace\e2studio\git\MT01\src\Display\u8g_virtual_screen.c",141
0000030A FBE2rrrrrrrr            		MOV.L #_u8g_vs_cnt, R14
00000310 58EF                    		MOVU.B [R14], R15
00000312 621F                    		ADD #01H, R15
00000314 C3EF                    		MOV.B R15, [R14]
00000316                         L65:	; bb21.split3
                                 ;     142   return 1;
                                 		.LINE  "C:\Workspace\e2studio\git\MT01\src\Display\u8g_virtual_screen.c",142
00000316 3C0201                  		MOV.B #01H, 02H[R0]
00000319                         L66:	; bb40
00000319 C5000203                		MOV.B 02H[R0], 03H[R0]
                                 ;     143 }
                                 		.LINE  "C:\Workspace\e2studio\git\MT01\src\Display\u8g_virtual_screen.c",143
0000031D B089                    		MOVU.B 03H[R0], R1
0000031F 6704                    		RTSD #10H
                                 ;     144 
                                 		.SECTION	D,ROMDATA,ALIGN=4
00000000                         _u8g_dev_vs:
00000000 rrrrrrrr                		.lword	_u8g_dev_vs_fn
00000004 00000000                		.lword	00000000H
00000008 00000000                		.lword	00000000H
                                 		.SECTION	D_1,ROMDATA
00000000                         _u8g_vs_cnt:
00000000 00                      		.byte	00H
                                 		.SECTION	B,DATA,ALIGN=4
00000000                         _u8g_vs_list:
00000000(00000020H)              		.blkl	8
                                 		.SECTION	B_1,DATA
00000000                         _u8g_vs_current:
00000000(00000001H)              		.blkb	1
00000001                         _u8g_vs_width:
00000001(00000001H)              		.blkb	1
00000002                         _u8g_vs_height:
00000002(00000001H)              		.blkb	1
                                 		.END

Information List

TOTAL ERROR(S)    00000
TOTAL WARNING(S)  00000
TOTAL LINE(S)     00582   LINES

Section List

Attr         Size               Name
CODE     0000000801(00000321H)  P
ROMDATA  0000000012(0000000CH)  D
ROMDATA  0000000001(00000001H)  D_1
DATA     0000000032(00000020H)  B
DATA     0000000003(00000003H)  B_1

Cpu Type

-ISA=RXV1 -FPU

Command Parameter

-subcommand=C:\Users\LAFONS~1\AppData\Local\Temp\$ccrx12DB\$ccrx\u8g_virtual_screen.src.cmd
    -nologo
    -isa=rxv1
    -fpu
    -show=conditionals,definitions,expansions
    -define=__RXV1=1
    -fint_register=0
    -debug
    -endian=little
-listfile=C:\Workspace\e2studio\git\MT01\Mobile_build\u8g_virtual_screen.lst
-output=C:\Workspace\e2studio\git\MT01\Mobile_build\src\Display\u8g_virtual_screen.obj
