* RX FAMILY ASSEMBLER V2.03.00.01 [24 Oct 2014] *  SOURCE LIST  Sun Feb 19 10:53:50 2017

LOC.     OBJ.              0XMDA SOURCE STATEMENT

                                 ;RX Family C/C++ Compiler (V2.03.00.03 [04 Dec 2014])  19-Feb-2017 10:53:50
                                 
                                 ;*** CPU TYPE ***
                                 
                                 ;-ISA=RXV1
                                 
                                 ;*** COMMAND PARAMETER ***
                                 
                                 ;-output=src=ut_state_config_jog.src
                                 ;-lang=c99
                                 ;-include=C:\PROGRA~2\Renesas\RX\2_3_0/include,C:\Workspace\e2studio\git\MT01\r_lvd_rx,C:\Workspace\e2studio\git\MT01\r_lvd_rx\src,C:/Workspace/e2studio/git/MT01/r_tfa
                                 ;-debug
                                 ;-show=source,conditionals,definitions,expansions
                                 ;-listfile=ut_state_config_jog.lst
                                 ;-isa=rxv1
                                 ;-optimize=0
                                 ;-fpu
                                 ;-alias=noansi
                                 ;-nologo
                                 ;-nomessage
                                 ;-define=__RX,COMPACTAXP=0,EASYMAK=0,MOBILE=1,FREE_RTOS_PP
                                 ;ut_state_config_jog.c
                                 
                                 		.glb	_configsVar
                                 		.glb	_configVarJog
                                 		.glb	_configs_jog
                                 		.glb	_ut_state_config_jog
                                 		.glb	_ut_menu_init
                                 		.glb	_ut_menu_browse
                                 ;LineNo. C-SOURCE STATEMENT
                                 
                                 		.SECTION	P,CODE
00000000                         __$init:
                                 		.STACK	__$init=8
                                 ;       1 /*
                                 ;       2  * ut_state_config_menu.c
                                 ;       3  *
                                 ;       4  *  Created on: Dec 6, 2015
                                 ;       5  *      Author: Fernando
                                 ;       6  */
                                 ;       7 
                                 ;       8 #include "tinyg.h"		// #1
                                 ;       9 #include "hardware.h"
                                 ;      10 #include "planner.h"
                                 ;      11 
                                 ;      12 #include "ut_context.h"
                                 ;      13 #include "ut_state.h"
                                 ;      14 #include "ut_state_config_var.h"
                                 ;      15 #include "interpreter_if.h"
                                 ;      16 #include "eeprom.h"
                                 ;      17 #include "macros.h"
                                 ;      18 
                                 ;      19 #include "FreeRTOS.h"
                                 ;      20 #include "task.h"
                                 ;      21 
                                 ;      22 #include "keyboard.h"
                                 ;      23 #include "interpreter_if.h"
                                 ;      24 
                                 ;      25 #include "lcd.h"
                                 ;      26 #include "lcd_menu.h"
                                 ;      27 
                                 ;      28 #define DEFAULT_CONFIG_TIMEOUT	portMAX_DELAY
                                 ;      29 
                                 ;      30 /* Array with all config variables */
                                 ;      31 ut_config_var configs_jog[CONFIG_JOG_MAX];
                                 ;      32 static bool initialized = false;
                                 ;      33 
                                 ;      34 static char* jog_unit = "mm/min";
                                 ;      35 
                                 ;      36 static const ut_state geNextStateManual[CONFIG_JOG_MAX] =
                                 ;      37 {
                                 ;      38 	STATE_CONFIG_VAR,
                                 ;      39 	STATE_CONFIG_VAR
                                 ;      40 };
                                 ;      41 
                                 ;      42 /* Initial values for each config variable */
                                 ;      43 static ut_config_type init_types[CONFIG_JOG_MAX] =
                                 ;      44 {
                                 ;      45 	UT_CONFIG_INT,
                                 ;      46 	UT_CONFIG_INT
                                 ;      47 };
                                 ;      48 
                                 ;      49 static char* init_names[CONFIG_JOG_MAX] =
                                 ;      50 {
                                 ;      51 	" ALTERAR VEL. RÁPIDA",
                                 ;      52 	" ALTERAR VEL. LENTA"
                                 ;      53 };
                                 ;      54 
                                 ;      55 static var_func init_func[CONFIG_JOG_MAX] =
                                 ;      56 {
                                 ;      57 	NULL,
                                 ;      58 	NULL,
                                 ;      59 };
                                 ;      60 
                                 ;      61 static const char* gszConfigMenuTitle = "VELOCIDADE MANUAL";
                                 ;      62 
                                 ;      63 /**
                                 ;      64  * Initialize config array
                                 ;      65  */
                                 ;      66 static void init()
                                 		.LINE  "C:\Workspace\e2studio\git\MT01\src\states\ut_state_config_jog.c",66
00000000 6040                    		SUB #04H, R0
                                 ;      67 {
                                 ;      68 	uint8_t i;
                                 ;      69 
                                 ;      70 	/* Check if already initialized */
                                 ;      71 	if(initialized) {
                                 		.LINE  "C:\Workspace\e2studio\git\MT01\src\states\ut_state_config_jog.c",71
00000002 FBE2rrrrrrrr            		MOV.L #__$initialized, R14
00000008 58EE                    		MOVU.B [R14], R14
0000000A 610E                    		CMP #00H, R14
0000000C 20rr                    		BEQ L18
0000000E                         L15:	; bb2
                                 ;      72 		for(i = 0; i < CONFIG_JOG_MAX; i++)
                                 		.LINE  "C:\Workspace\e2studio\git\MT01\src\states\ut_state_config_jog.c",72
0000000E 3C0300                  		MOV.B #00H, 03H[R0]
00000011 2Err                 B  		BRA L17
00000013                         L16:	; bb3
                                 ;      73 		{
                                 ;      74 			configs_jog[i].name = init_names[i];
                                 		.LINE  "C:\Workspace\e2studio\git\MT01\src\states\ut_state_config_jog.c",74
00000013 B089                    		MOVU.B 03H[R0], R1
00000015 FBE2rrrrrrrr            		MOV.L #__$init_names, R14
0000001B FE61E2                  		MOV.L [R1,R14], R2
0000001E 75112C                  		MUL #2CH, R1
00000021 FB32rrrrrrrr            		MOV.L #_configs_jog, R3
00000027 4B13                    		ADD R1, R3
00000029 A1BA                    		MOV.L R2, 1CH[R3]
0000002B B089                    		MOVU.B 03H[R0], R1
0000002D 6211                    		ADD #01H, R1
0000002F 8089                    		MOV.B R1, 03H[R0]
00000031                         L17:	; bb13
                                 		.LINE  "C:\Workspace\e2studio\git\MT01\src\states\ut_state_config_jog.c",72
00000031 B089                    		MOVU.B 03H[R0], R1
00000033 6121                    		CMP #02H, R1
00000035 29rr                    		BLT L16
00000037 38rrrr               W  		BRA L33
0000003A                         L18:	; bb25
0000003A 754358                  		MOV.L #00000058H, R3
0000003D 6602                    		MOV.L #00000000H, R2
                                 ;      75 		}
                                 ;      76 		return;
                                 ;      77 	}
                                 ;      78 
                                 ;      79 	/* Zero all values */
                                 ;      80 	memset(configs_jog, 0, sizeof(configs_jog));
                                 		.LINE  "C:\Workspace\e2studio\git\MT01\src\states\ut_state_config_jog.c",80
0000003F FB12rrrrrrrr            		MOV.L #_configs_jog, R1
00000045 7F88                    		SSTR.B
00000047                         L19:	; bb25.split
                                 ;      81 
                                 ;      82 	/* Initialize all variables */
                                 ;      83 	for(i = 0; i < CONFIG_JOG_MAX; i++)
                                 		.LINE  "C:\Workspace\e2studio\git\MT01\src\states\ut_state_config_jog.c",83
00000047 3C0300                  		MOV.B #00H, 03H[R0]
0000004A 38rrrr               W  		BRA L29
0000004D                         L20:	; bb26
                                 ;      84 	{
                                 ;      85 		configs_jog[i].type = init_types[i];
                                 		.LINE  "C:\Workspace\e2studio\git\MT01\src\states\ut_state_config_jog.c",85
0000004D B089                    		MOVU.B 03H[R0], R1
0000004F FBE2rrrrrrrr            		MOV.L #__$init_types, R14
00000055 FE61EE                  		MOV.L [R1,R14], R14
00000058 75112C                  		MUL #2CH, R1
0000005B FBF2rrrrrrrr            		MOV.L #_configs_jog, R15
00000061 4B1F                    		ADD R1, R15
00000063 E3FE                    		MOV.L R14, [R15]
00000065                         L21:	; bb26.split
                                 ;      86 		configs_jog[i].name = init_names[i];
                                 		.LINE  "C:\Workspace\e2studio\git\MT01\src\states\ut_state_config_jog.c",86
00000065 B089                    		MOVU.B 03H[R0], R1
00000067 FBE2rrrrrrrr            		MOV.L #__$init_names, R14
0000006D FE61E2                  		MOV.L [R1,R14], R2
00000070 75112C                  		MUL #2CH, R1
00000073 FB32rrrrrrrr            		MOV.L #_configs_jog, R3
00000079 4B13                    		ADD R1, R3
0000007B A1BA                    		MOV.L R2, 1CH[R3]
0000007D                         L22:	; bb26.split1
                                 ;      87 		configs_jog[i].func_var = init_func[i];
                                 		.LINE  "C:\Workspace\e2studio\git\MT01\src\states\ut_state_config_jog.c",87
0000007D B089                    		MOVU.B 03H[R0], R1
0000007F FBE2rrrrrrrr            		MOV.L #__$init_func, R14
00000085 FE61E2                  		MOV.L [R1,R14], R2
00000088 75112C                  		MUL #2CH, R1
0000008B FB32rrrrrrrr            		MOV.L #_configs_jog, R3
00000091 4B13                    		ADD R1, R3
00000093 A2B2                    		MOV.L R2, 28H[R3]
00000095                         L23:	; bb26.split2
                                 ;      88 		configs_jog[i].valueMax = MOTOR_VMAX;
                                 		.LINE  "C:\Workspace\e2studio\git\MT01\src\states\ut_state_config_jog.c",88
00000095 B089                    		MOVU.B 03H[R0], R1
00000097 75112C                  		MUL #2CH, R1
0000009A FBE2rrrrrrrr            		MOV.L #_configs_jog, R14
000000A0 4B1E                    		ADD R1, R14
000000A2 F9E20300401C46          		MOV.L #461C4000H, 0CH[R14]
000000A9                         L24:	; bb26.split3
                                 ;      89 		configs_jog[i].valueMin = MOTOR_VMIN;
                                 		.LINE  "C:\Workspace\e2studio\git\MT01\src\states\ut_state_config_jog.c",89
000000A9 B089                    		MOVU.B 03H[R0], R1
000000AB 75112C                  		MUL #2CH, R1
000000AE FBE2rrrrrrrr            		MOV.L #_configs_jog, R14
000000B4 4B1E                    		ADD R1, R14
000000B6 F9E20200002041          		MOV.L #41200000H, 08H[R14]
000000BD                         L25:	; bb26.split4
                                 ;      90 		configs_jog[i].step = 1;
                                 		.LINE  "C:\Workspace\e2studio\git\MT01\src\states\ut_state_config_jog.c",90
000000BD B089                    		MOVU.B 03H[R0], R1
000000BF 75112C                  		MUL #2CH, R1
000000C2 FBE2rrrrrrrr            		MOV.L #_configs_jog, R14
000000C8 4B1E                    		ADD R1, R14
000000CA F9E2040000803F          		MOV.L #3F800000H, 10H[R14]
000000D1                         L26:	; bb26.split5
                                 ;      91 		configs_jog[i].unit = jog_unit;
                                 		.LINE  "C:\Workspace\e2studio\git\MT01\src\states\ut_state_config_jog.c",91
000000D1 B089                    		MOVU.B 03H[R0], R1
000000D3 75112C                  		MUL #2CH, R1
000000D6 FBE2rrrrrrrr            		MOV.L #_configs_jog, R14
000000DC 4B1E                    		ADD R1, R14
000000DE FBF2rrrrrrrr            		MOV.L #__$jog_unit, R15
000000E4 E4FE06                  		MOV.L [R15], 18H[R14]
000000E7                         L27:	; bb26.split6
                                 ;      92 		configs_jog[i].currentState = STATE_CONFIG_JOG;
                                 		.LINE  "C:\Workspace\e2studio\git\MT01\src\states\ut_state_config_jog.c",92
000000E7 B089                    		MOVU.B 03H[R0], R1
000000E9 75112C                  		MUL #2CH, R1
000000EC FB22rrrrrrrr            		MOV.L #_configs_jog, R2
000000F2 4B12                    		ADD R1, R2
000000F4 3E2807                  		MOV.L #00000007H, 20H[R2]
000000F7                         L28:	; bb26.split7
                                 ;      93 		configs_jog[i].currentItem = i;
                                 		.LINE  "C:\Workspace\e2studio\git\MT01\src\states\ut_state_config_jog.c",93
000000F7 B089                    		MOVU.B 03H[R0], R1
000000F9 EF1E                    		MOV.L R1, R14
000000FB 751E2C                  		MUL #2CH, R14
000000FE FBF2rrrrrrrr            		MOV.L #_configs_jog, R15
00000104 4BEF                    		ADD R14, R15
00000106 C7F124                  		MOV.B R1, 24H[R15]
00000109 B089                    		MOVU.B 03H[R0], R1
0000010B 6211                    		ADD #01H, R1
0000010D 8089                    		MOV.B R1, 03H[R0]
0000010F                         L29:	; bb80
                                 		.LINE  "C:\Workspace\e2studio\git\MT01\src\states\ut_state_config_jog.c",83
0000010F B089                    		MOVU.B 03H[R0], R1
00000111 6121                    		CMP #02H, R1
00000113 28rr                  * 		BLT L20
         38rrrr                  
00000118                         L30:	; bb86
                                 ;      94 	}
                                 ;      95 	configs_jog[CONFIG_JOG_RAPIDO].value = &configVarJog[JOG_RAPIDO];
                                 		.LINE  "C:\Workspace\e2studio\git\MT01\src\states\ut_state_config_jog.c",95
00000118 FB12rrrrrrrr            		MOV.L #_configs_jog, R1
0000011E FB22rrrrrrrr            		MOV.L #_configVarJog, R2
00000124 A01A                    		MOV.L R2, 04H[R1]
00000126                         L31:	; bb86.split
                                 ;      96 	configs_jog[CONFIG_JOG_LENTO].value = &configVarJog[JOG_LENTO];
                                 		.LINE  "C:\Workspace\e2studio\git\MT01\src\states\ut_state_config_jog.c",96
00000126 FB12rrrrrrrr            		MOV.L #_configVarJog, R1
0000012C 6241                    		ADD #04H, R1
0000012E FB22rrrrrrrr            		MOV.L #_configs_jog, R2
00000134 A321                    		MOV.L R1, 30H[R2]
00000136                         L32:	; bb86.split8
                                 ;      97 
                                 ;      98 	initialized = true;
                                 		.LINE  "C:\Workspace\e2studio\git\MT01\src\states\ut_state_config_jog.c",98
00000136 FBE2rrrrrrrr            		MOV.L #__$initialized, R14
0000013C F8E401                  		MOV.B #01H, [R14]
0000013F 6701                    		RTSD #04H
00000141                         L33:	; return
                                 ;      99 }
                                 		.LINE  "C:\Workspace\e2studio\git\MT01\src\states\ut_state_config_jog.c",99
00000141 6701                    		RTSD #04H
00000143                         _ut_state_config_jog:
                                 		.STACK	_ut_state_config_jog=440
                                 ;     100 
                                 ;     101 /**
                                 ;     102  * Shows a configuration menu for the jog.
                                 ;     103  *
                                 ;     104  * @param pContext Context object
                                 ;     105  * @return Main menu state
                                 ;     106  */
                                 ;     107 
                                 ;     108 ut_state ut_state_config_jog(ut_context* pContext)
                                 		.LINE  "C:\Workspace\e2studio\git\MT01\src\states\ut_state_config_jog.c",108
00000143 72004CFE                		ADD #0FFFFFE4CH, R0
00000147 E7016C                  		MOV.L R1, 01B0H[R0]
                                 ;     109 {
                                 ;     110 	ut_menu config_menu;
                                 ;     111 	uint8_t i;
                                 ;     112 
                                 ;     113 	/* Initialize variables */
                                 ;     114 	init();
                                 		.LINE  "C:\Workspace\e2studio\git\MT01\src\states\ut_state_config_jog.c",114
0000014A 39rrrr               W  		BSR __$init
0000014D                         L35:	; entry.split
0000014D 710104                  		ADD #04H, R0, R1
                                 ;     115 
                                 ;     116 	/* Initialize menu */
                                 ;     117 	ut_menu_init(&config_menu);
                                 		.LINE  "C:\Workspace\e2studio\git\MT01\src\states\ut_state_config_jog.c",117
00000150 05rrrrrr             A  		BSR _ut_menu_init
00000154                         L36:	; entry.split1
                                 ;     118 	config_menu.currentState = STATE_CONFIG_JOG;
                                 		.LINE  "C:\Workspace\e2studio\git\MT01\src\states\ut_state_config_jog.c",118
00000154 F9066907                		MOV.L #00000007H, 01A4H[R0]
00000158                         L37:	; entry.split2
                                 ;     119 	/* Options */
                                 ;     120 	config_menu.title = gszConfigMenuTitle;
                                 		.LINE  "C:\Workspace\e2studio\git\MT01\src\states\ut_state_config_jog.c",120
00000158 FBE2rrrrrrrr            		MOV.L #__$gszConfigMenuTitle, R14
0000015E E4E065                  		MOV.L [R14], 0194H[R0]
00000161                         L38:	; entry.split3
                                 ;     121 
                                 ;     122 	/* Items */
                                 ;     123 	for(i = 0; i < CONFIG_JOG_MAX; i++)
                                 		.LINE  "C:\Workspace\e2studio\git\MT01\src\states\ut_state_config_jog.c",123
00000161 FA04AB0100              		MOV.B #00H, 01ABH[R0]
00000166 2Err                 B  		BRA L40
00000168                         L39:	; bb
                                 ;     124 	{
                                 ;     125 		config_menu.items[config_menu.numItems++].text = configs_jog[i].name;
                                 		.LINE  "C:\Workspace\e2studio\git\MT01\src\states\ut_state_config_jog.c",125
00000168 5D0ECD                  		MOVU.W 019AH[R0], R14
0000016B 751E14                  		MUL #14H, R14
0000016E 710F04                  		ADD #04H, R0, R15
00000171 4BEF                    		ADD R14, R15
00000173 5A01AB01                		MOVU.B 01ABH[R0], R1
00000177 75112C                  		MUL #2CH, R1
0000017A FBE2rrrrrrrr            		MOV.L #_configs_jog, R14
00000180 4B1E                    		ADD R1, R14
00000182 E5EF0703                		MOV.L 1CH[R14], 0CH[R15]
00000186 DD0ECD                  		MOV.W 019AH[R0], R14
00000189 621E                    		ADD #01H, R14
0000018B D70ECD                  		MOV.W R14, 019AH[R0]
0000018E 5A01AB01                		MOVU.B 01ABH[R0], R1
00000192 6211                    		ADD #01H, R1
00000194 CB01AB01                		MOV.B R1, 01ABH[R0]
00000198                         L40:	; bb23
                                 		.LINE  "C:\Workspace\e2studio\git\MT01\src\states\ut_state_config_jog.c",123
00000198 5A01AB01                		MOVU.B 01ABH[R0], R1
0000019C 6121                    		CMP #02H, R1
0000019E 29rr                    		BLT L39
000001A0                         L41:	; bb28
                                 ;     126 	}
                                 ;     127 
                                 ;     128 	/* Show menu */
                                 ;     129 	config_menu.selectedItem = 0;
                                 		.LINE  "C:\Workspace\e2studio\git\MT01\src\states\ut_state_config_jog.c",129
000001A0 F905CC00                		MOV.W #0000H, 0198H[R0]
000001A4                         L42:	; bb28.split
000001A4 FB26FF                  		MOV.L #0FFFFFFFFH, R2
000001A7 710104                  		ADD #04H, R0, R1
                                 ;     130 	if(ut_menu_browse(&config_menu, DEFAULT_CONFIG_TIMEOUT) < 0)
                                 		.LINE  "C:\Workspace\e2studio\git\MT01\src\states\ut_state_config_jog.c",130
000001AA 05rrrrrr             A  		BSR _ut_menu_browse
000001AE 69F1                    		SHLR #1FH, R1
000001B0 6101                    		CMP #00H, R1
000001B2 10                   S  		BEQ L44
000001B3                         L43:	; bb31
                                 ;     131 	{
                                 ;     132 		return STATE_CONFIG_MANUAL_MODE;
                                 		.LINE  "C:\Workspace\e2studio\git\MT01\src\states\ut_state_config_jog.c",132
000001B3 F80606                  		MOV.L #00000006H, [R0]
000001B6 2Err                 B  		BRA L48
000001B8                         L44:	; bb38
                                 ;     133 	}
                                 ;     134 
                                 ;     135 	pContext->value[0] = STATE_MANUAL_MODE;
                                 		.LINE  "C:\Workspace\e2studio\git\MT01\src\states\ut_state_config_jog.c",135
000001B8 ED016C                  		MOV.L 01B0H[R0], R1
000001BB 3C120D                  		MOV.B #0DH, 02H[R1]
000001BE                         L45:	; bb38.split
                                 ;     136 	pContext->value[1] = STATE_CONFIG_JOG;
                                 		.LINE  "C:\Workspace\e2studio\git\MT01\src\states\ut_state_config_jog.c",136
000001BE ED016C                  		MOV.L 01B0H[R0], R1
000001C1 3C1307                  		MOV.B #07H, 03H[R1]
000001C4                         L46:	; bb38.split4
                                 ;     137 	configsVar = &configs_jog[config_menu.selectedItem];
                                 		.LINE  "C:\Workspace\e2studio\git\MT01\src\states\ut_state_config_jog.c",137
000001C4 5D0ECC                  		MOVU.W 0198H[R0], R14
000001C7 751E2C                  		MUL #2CH, R14
000001CA FBF2rrrrrrrr            		MOV.L #_configs_jog, R15
000001D0 4BEF                    		ADD R14, R15
000001D2 FBE2rrrrrrrr            		MOV.L #_configsVar, R14
000001D8 E3EF                    		MOV.L R15, [R14]
000001DA                         L47:	; bb38.split5
                                 ;     138 	return geNextStateManual[config_menu.selectedItem];
                                 		.LINE  "C:\Workspace\e2studio\git\MT01\src\states\ut_state_config_jog.c",138
000001DA FBE2rrrrrrrr            		MOV.L #__$geNextStateManual, R14
000001E0 5D0FCC                  		MOVU.W 0198H[R0], R15
000001E3 FE6FE1                  		MOV.L [R15,R14], R1
000001E6 E301                    		MOV.L R1, [R0]
000001E8                         L48:	; bb57
000001E8 EC01                    		MOV.L [R0], R1
000001EA E7016B                  		MOV.L R1, 01ACH[R0]
                                 ;     139 }
                                 		.LINE  "C:\Workspace\e2studio\git\MT01\src\states\ut_state_config_jog.c",139
000001ED 676D                    		RTSD #01B4H
                                 		.SECTION	C,ROMDATA,ALIGN=4
00000000                         __$geNextStateManual:
00000000 0C000000                		.lword	0000000CH
00000004 0C000000                		.lword	0000000CH
                                 		.SECTION	L,ROMDATA,ALIGN=4
00000000                         _L10:
00000000 6D6D2F6D                		.byte	"mm/min"
         696E                    
00000006 00                      		.byte	00H
00000007                         _L11:
00000007 20414C54                		.byte	" ALTERAR VEL. R"
         45524152                
         2056454C                
         2E2052                  
00000016 C1                      		.byte	0C1H
00000017 50494441                		.byte	"PIDA"
0000001B 00                      		.byte	00H
0000001C                         _L12:
0000001C 20414C54                		.byte	" ALTERAR VEL. LENTA"
         45524152                
         2056454C                
         2E204C45                
         4E5441                  
0000002F 00                      		.byte	00H
00000030                         _L13:
00000030 56454C4F                		.byte	"VELOCIDADE MANUAL"
         43494441                
         4445204D                
         414E5541                
         4C                      
00000041 00                      		.byte	00H
                                 		.SECTION	D,ROMDATA,ALIGN=4
00000000                         __$jog_unit:
00000000 rrrrrrrr                		.lword	_L10
00000004                         __$init_types:
00000004 00                      		.byte	0
00000005 00                      		.byte	0
00000006 00                      		.byte	0
00000007 00                      		.byte	0
00000008 00                      		.byte	0
00000009 00                      		.byte	0
0000000A 00                      		.byte	0
0000000B 00                      		.byte	0
0000000C                         __$init_names:
0000000C rrrrrrrr                		.lword	_L11
00000010 rrrrrrrr                		.lword	_L12
00000014                         __$init_func:
00000014 00                      		.byte	0
00000015 00                      		.byte	0
00000016 00                      		.byte	0
00000017 00                      		.byte	0
00000018 00                      		.byte	0
00000019 00                      		.byte	0
0000001A 00                      		.byte	0
0000001B 00                      		.byte	0
0000001C                         __$gszConfigMenuTitle:
0000001C rrrrrrrr                		.lword	_L13
                                 		.SECTION	D_1,ROMDATA
00000000                         __$initialized:
00000000 00                      		.byte	00H
                                 		.SECTION	B,DATA,ALIGN=4
00000000                         _configs_jog:
00000000(00000058H)              		.blkl	22
                                 		.END

Information List

TOTAL ERROR(S)    00000
TOTAL WARNING(S)  00000
TOTAL LINE(S)     00448   LINES

Section List

Attr         Size               Name
CODE     0000000495(000001EFH)  P
ROMDATA  0000000008(00000008H)  C
ROMDATA  0000000066(00000042H)  L
ROMDATA  0000000032(00000020H)  D
ROMDATA  0000000001(00000001H)  D_1
DATA     0000000088(00000058H)  B

Cpu Type

-ISA=RXV1 -FPU

Command Parameter

-subcommand=C:\Users\LAFONS~1\AppData\Local\Temp\$ccrx124\$ccrx\ut_state_config_jog.src.cmd
    -nologo
    -isa=rxv1
    -fpu
    -show=conditionals,definitions,expansions
    -define=__RXV1=1
    -fint_register=0
    -debug
    -endian=little
-listfile=C:\Workspace\e2studio\git\MT01\Mobile_build\ut_state_config_jog.lst
-output=C:\Workspace\e2studio\git\MT01\Mobile_build\src\states\ut_state_config_jog.obj
