* RX FAMILY ASSEMBLER V2.03.00.01 [24 Oct 2014] *  SOURCE LIST  Tue Feb 28 14:06:57 2017

LOC.     OBJ.              0XMDA SOURCE STATEMENT

                                 ;RX Family C/C++ Compiler (V2.03.00.03 [04 Dec 2014])  28-Feb-2017 14:06:57
                                 
                                 ;*** CPU TYPE ***
                                 
                                 ;-ISA=RXV1
                                 
                                 ;*** COMMAND PARAMETER ***
                                 
                                 ;-output=src=config_maquina.src
                                 ;-lang=c99
                                 ;-include=C:\PROGRA~2\Renesas\RX\2_3_0/include,C:\Workspace\e2studio\git\MT01\r_lvd_rx,C:\Workspace\e2studio\git\MT01\r_lvd_rx\src,C:/Workspace/e2studio/git/MT01/r_tfa
                                 ;-debug
                                 ;-show=source,conditionals,definitions,expansions
                                 ;-listfile=config_maquina.lst
                                 ;-isa=rxv1
                                 ;-optimize=0
                                 ;-fpu
                                 ;-alias=noansi
                                 ;-nologo
                                 ;-nomessage
                                 ;-define=__RX,COMPACTAXP=1,EASYMAK=0,MOBILE=0,FREE_RTOS_PP
                                 ;config_maquina.c
                                 
                                 		.glb	_configsMaq
                                 		.glb	_geNextStateMaq
                                 		.glb	_mq_init_values
                                 		.glb	_mq_init_types
                                 		.glb	_mq_init_names
                                 		.glb	_mq_init_max
                                 		.glb	_mq_init_min
                                 		.glb	_mq_init_point
                                 		.glb	_mq_init_step
                                 		.glb	_mq_init_unit
                                 ;LineNo. C-SOURCE STATEMENT
                                 
                                 		.SECTION	C,ROMDATA,ALIGN=4
00000000                         _geNextStateMaq:
00000000 0C000000                		.lword	0000000CH
00000004 0C000000                		.lword	0000000CH
00000008 0B000000                		.lword	0000000BH
                                 		.SECTION	L,ROMDATA,ALIGN=4
00000000                         _L10:
00000000 20414C54                		.byte	" ALT. DESLOCAMENTO"
         2E204445                
         534C4F43                
         414D454E                
         544F                    
00000012 00                      		.byte	00H
00000013                         _L11:
00000013 20504152                		.byte	" PARAMETROS M"
         414D4554                
         524F5320                
         4D                      
00000020 C1                      		.byte	0C1H
00000021 512E                    		.byte	"Q."
00000023 00                      		.byte	00H
00000024                         _L12:
00000024 20504152                		.byte	" PARAMETROS THC"
         414D4554                
         524F5320                
         544843                  
00000033 00                      		.byte	00H
00000034                         _L13:
00000034 6D6D                    		.byte	"mm"
00000036 00                      		.byte	00H
                                 		.SECTION	D,ROMDATA,ALIGN=4
00000000                         _mq_init_values:
00000000 00                      		.byte	0
00000001 00                      		.byte	0
00000002 00                      		.byte	0
00000003 00                      		.byte	0
00000004 00                      		.byte	0
00000005 00                      		.byte	0
00000006 00                      		.byte	0
00000007 00                      		.byte	0
00000008 00                      		.byte	0
00000009 00                      		.byte	0
0000000A 00                      		.byte	0
0000000B 00                      		.byte	0
0000000C                         _mq_init_types:
0000000C 00000000                		.lword	00000000H
00000010 01000000                		.lword	00000001H
00000014 02000000                		.lword	00000002H
00000018                         _mq_init_names:
00000018 rrrrrrrr                		.lword	_L10
0000001C rrrrrrrr                		.lword	_L11
00000020 rrrrrrrr                		.lword	_L12
00000024                         _mq_init_max:
00000024 00004842                		.lword	42480000H	; float 50
00000028 00000000                		.lword	00000000H
0000002C 00000000                		.lword	00000000H
00000030                         _mq_init_min:
00000030 0000803F                		.lword	3F800000H	; float 1
00000034 00000000                		.lword	00000000H
00000038 00000000                		.lword	00000000H
0000003C                         _mq_init_step:
0000003C CDCCCC3D                		.lword	3DCCCCCDH	; float 0.1
00000040 00000000                		.lword	00000000H
00000044 00000000                		.lword	00000000H
00000048                         _mq_init_unit:
00000048 rrrrrrrr                		.lword	_L13
0000004C 00000000                		.lword	00000000H
00000050 00000000                		.lword	00000000H
                                 		.SECTION	D_1,ROMDATA
00000000                         _mq_init_point:
00000000 010000                  		.byte	01H,00H,00H
                                 		.SECTION	B,DATA,ALIGN=4
00000000                         _configsMaq:
00000000(00000084H)              		.blkl	33
                                 		.END

Information List

TOTAL ERROR(S)    00000
TOTAL WARNING(S)  00000
TOTAL LINE(S)     00100   LINES

Section List

Attr         Size               Name
ROMDATA  0000000012(0000000CH)  C
ROMDATA  0000000055(00000037H)  L
ROMDATA  0000000084(00000054H)  D
ROMDATA  0000000003(00000003H)  D_1
DATA     0000000132(00000084H)  B

Cpu Type

-ISA=RXV1 -FPU

Command Parameter

-subcommand=C:\Users\LAFONS~1\AppData\Local\Temp\$ccrx12DB\$ccrx\config_maquina.src.cmd
    -nologo
    -isa=rxv1
    -fpu
    -show=conditionals,definitions,expansions
    -define=__RXV1=1
    -fint_register=0
    -debug
    -endian=little
-listfile=C:\Workspace\e2studio\git\MT01\CompactaXP_build\config_maquina.lst
-output=C:\Workspace\e2studio\git\MT01\CompactaXP_build\src\states\config_maquina.obj
