* RX FAMILY ASSEMBLER V2.03.00.01 [24 Oct 2014] *  SOURCE LIST  Thu Mar 09 14:18:25 2017

LOC.     OBJ.              0XMDA SOURCE STATEMENT

                                 ;RX Family C/C++ Compiler (V2.03.00.03 [04 Dec 2014])  09-Mar-2017 14:18:25
                                 
                                 ;*** CPU TYPE ***
                                 
                                 ;-ISA=RXV1
                                 
                                 ;*** COMMAND PARAMETER ***
                                 
                                 ;-output=src=config_thc_maquina.src
                                 ;-lang=c99
                                 ;-include=C:\PROGRA~2\Renesas\RX\2_3_0/include,C:\Workspace\e2studio\git\MT01_master\r_lvd_rx,C:\Workspace\e2studio\git\MT01_master\r_lvd_rx\src,C:/Workspace/e2studio/
                                 ;-debug
                                 ;-show=source,conditionals,definitions,expansions
                                 ;-listfile=config_thc_maquina.lst
                                 ;-isa=rxv1
                                 ;-optimize=0
                                 ;-fpu
                                 ;-alias=noansi
                                 ;-nologo
                                 ;-nomessage
                                 ;-define=__RX,COMPACTAXP=1,EASYMAK=0,MOBILE=0,FREE_RTOS_PP
                                 ;config_thc_maquina.c
                                 
                                 		.glb	_configsTh
                                 		.glb	_geNextStateTh
                                 		.glb	_th_init_values
                                 		.glb	_th_init_types
                                 		.glb	_th_init_names
                                 		.glb	_th_init_max
                                 		.glb	_th_init_min
                                 		.glb	_th_init_point
                                 		.glb	_th_init_step
                                 		.glb	_th_init_unit
                                 ;LineNo. C-SOURCE STATEMENT
                                 
                                 		.SECTION	C,ROMDATA,ALIGN=4
00000000                         _geNextStateTh:
00000000 0C000000                		.lword	0000000CH
00000004 0C000000                		.lword	0000000CH
                                 		.SECTION	L,ROMDATA,ALIGN=4
00000000                         _L10:
00000000 20444554                		.byte	" DETECTOR DE KERF"
         4543544F                
         52204445                
         204B4552                
         46                      
00000011 00                      		.byte	00H
00000012                         _L11:
00000012 20414E54                		.byte	" ANTI MERGULHO"
         49204D45                
         5247554C                
         484F                    
00000020 00                      		.byte	00H
                                 		.SECTION	D,ROMDATA,ALIGN=4
00000000                         _th_init_values:
00000000 00                      		.byte	0
00000001 00                      		.byte	0
00000002 00                      		.byte	0
00000003 00                      		.byte	0
00000004 00                      		.byte	0
00000005 00                      		.byte	0
00000006 00                      		.byte	0
00000007 00                      		.byte	0
00000008                         _th_init_types:
00000008 01000000                		.lword	00000001H
0000000C 01000000                		.lword	00000001H
00000010                         _th_init_names:
00000010 rrrrrrrr                		.lword	_L10
00000014 rrrrrrrr                		.lword	_L11
00000018                         _th_init_max:
00000018 00                      		.byte	0
00000019 00                      		.byte	0
0000001A 00                      		.byte	0
0000001B 00                      		.byte	0
0000001C 00                      		.byte	0
0000001D 00                      		.byte	0
0000001E 00                      		.byte	0
0000001F 00                      		.byte	0
00000020                         _th_init_min:
00000020 00                      		.byte	0
00000021 00                      		.byte	0
00000022 00                      		.byte	0
00000023 00                      		.byte	0
00000024 00                      		.byte	0
00000025 00                      		.byte	0
00000026 00                      		.byte	0
00000027 00                      		.byte	0
00000028                         _th_init_step:
00000028 00                      		.byte	0
00000029 00                      		.byte	0
0000002A 00                      		.byte	0
0000002B 00                      		.byte	0
0000002C 00                      		.byte	0
0000002D 00                      		.byte	0
0000002E 00                      		.byte	0
0000002F 00                      		.byte	0
00000030                         _th_init_unit:
00000030 00                      		.byte	0
00000031 00                      		.byte	0
00000032 00                      		.byte	0
00000033 00                      		.byte	0
00000034 00                      		.byte	0
00000035 00                      		.byte	0
00000036 00                      		.byte	0
00000037 00                      		.byte	0
                                 		.SECTION	D_1,ROMDATA
00000000                         _th_init_point:
00000000 00                      		.byte	0
00000001 00                      		.byte	0
                                 		.SECTION	B,DATA,ALIGN=4
00000000                         _configsTh:
00000000(00000058H)              		.blkl	22
                                 		.END

Information List

TOTAL ERROR(S)    00000
TOTAL WARNING(S)  00000
TOTAL LINE(S)     00106   LINES

Section List

Attr         Size               Name
ROMDATA  0000000008(00000008H)  C
ROMDATA  0000000033(00000021H)  L
ROMDATA  0000000056(00000038H)  D
ROMDATA  0000000002(00000002H)  D_1
DATA     0000000088(00000058H)  B

Cpu Type

-ISA=RXV1 -FPU

Command Parameter

-subcommand=C:\Users\LAFONS~1\AppData\Local\Temp\$ccrx124\$ccrx\config_thc_maquina.src.cmd
    -nologo
    -isa=rxv1
    -fpu
    -show=conditionals,definitions,expansions
    -define=__RXV1=1
    -fint_register=0
    -debug
    -endian=little
-listfile=C:\Workspace\e2studio\git\MT01_master\CompactaXP_build\config_thc_maquina.lst
-output=C:\Workspace\e2studio\git\MT01_master\CompactaXP_build\src\states\config_thc_maquina.obj
