* RX FAMILY ASSEMBLER V2.03.00.01 [24 Oct 2014] *  SOURCE LIST  Thu Mar 09 14:19:16 2017

LOC.     OBJ.              0XMDA SOURCE STATEMENT

                                 ;RX Family C/C++ Compiler (V2.03.00.03 [04 Dec 2014])  09-Mar-2017 14:19:16
                                 
                                 ;*** CPU TYPE ***
                                 
                                 ;-ISA=RXV1
                                 
                                 ;*** COMMAND PARAMETER ***
                                 
                                 ;-output=src=dbsct.src
                                 ;-lang=c99
                                 ;-include=C:\PROGRA~2\Renesas\RX\2_3_0/include,C:\Workspace\e2studio\git\MT01_master\r_lvd_rx,C:\Workspace\e2studio\git\MT01_master\r_lvd_rx\src,C:/Workspace/e2studio/
                                 ;-debug
                                 ;-show=source,conditionals,definitions,expansions
                                 ;-listfile=dbsct.lst
                                 ;-isa=rxv1
                                 ;-optimize=0
                                 ;-fpu
                                 ;-alias=noansi
                                 ;-nologo
                                 ;-nomessage
                                 ;-define=__RX,COMPACTAXP=1,EASYMAK=0,MOBILE=0,FREE_RTOS_PP
                                 ;dbsct.c
                                 
                                 		.glb	__DTBL
                                 		.glb	__BTBL
                                 		.glb	__CTBL
                                 		.glb	_deadSpace
                                 ;LineNo. C-SOURCE STATEMENT
                                 
                                 		.SECTION	C,ROMDATA,ALIGN=4
00000000                         __CTBL:
00000000 rrrrrrrr                		.lword	TOPOF C_1
00000004 rrrrrrrr                		.lword	TOPOF C_2
00000008 rrrrrrrr                		.lword	TOPOF C
0000000C rrrrrrrr                		.lword	TOPOF W_1
00000010 rrrrrrrr                		.lword	TOPOF W_2
00000014 rrrrrrrr                		.lword	TOPOF W
                                 		.SECTION	C$DSEC,ROMDATA,ALIGN=4
00000000                         __DTBL:
00000000 rrrrrrrr                		.lword	TOPOF D
00000004 rrrrrrrr                		.lword	TOPOF D+SIZEOF D
00000008 rrrrrrrr                		.lword	TOPOF R
0000000C rrrrrrrr                		.lword	TOPOF D_2
00000010 rrrrrrrr                		.lword	TOPOF D_2+SIZEOF D_2
00000014 rrrrrrrr                		.lword	TOPOF R_2
00000018 rrrrrrrr                		.lword	TOPOF D_1
0000001C rrrrrrrr                		.lword	TOPOF D_1+SIZEOF D_1
00000020 rrrrrrrr                		.lword	TOPOF R_1
                                 		.SECTION	C$BSEC,ROMDATA,ALIGN=4
00000000                         __BTBL:
00000000 rrrrrrrr                		.lword	TOPOF B
00000004 rrrrrrrr                		.lword	TOPOF B+SIZEOF B
00000008 rrrrrrrr                		.lword	TOPOF B_2
0000000C rrrrrrrr                		.lword	TOPOF B_2+SIZEOF B_2
00000010 rrrrrrrr                		.lword	TOPOF B_1
00000014 rrrrrrrr                		.lword	TOPOF B_1+SIZEOF B_1
                                 		.SECTION	L,ROMDATA,ALIGN=4
00000000                         _deadSpace:
00000000 ADDEADDE                		.lword	0DEADDEADH
                                 		.SECTION	B,DATA
                                 		.SECTION	B_1,DATA
                                 		.SECTION	B_2,DATA
                                 		.SECTION	C_1,DATA
                                 		.SECTION	C_2,DATA
                                 		.SECTION	D,DATA
                                 		.SECTION	D_1,DATA
                                 		.SECTION	D_2,DATA
                                 		.SECTION	R,DATA
                                 		.SECTION	R_1,DATA
                                 		.SECTION	R_2,DATA
                                 		.SECTION	W,DATA
                                 		.SECTION	W_1,DATA
                                 		.SECTION	W_2,DATA
                                 		.END

Information List

TOTAL ERROR(S)    00000
TOTAL WARNING(S)  00000
TOTAL LINE(S)     00074   LINES

Section List

Attr         Size               Name
ROMDATA  0000000024(00000018H)  C
DATA     0000000000(00000000H)  C_1
DATA     0000000000(00000000H)  C_2
DATA     0000000000(00000000H)  W_1
DATA     0000000000(00000000H)  W_2
DATA     0000000000(00000000H)  W
ROMDATA  0000000036(00000024H)  C$DSEC
DATA     0000000000(00000000H)  D
DATA     0000000000(00000000H)  R
DATA     0000000000(00000000H)  D_2
DATA     0000000000(00000000H)  R_2
DATA     0000000000(00000000H)  D_1
DATA     0000000000(00000000H)  R_1
ROMDATA  0000000024(00000018H)  C$BSEC
DATA     0000000000(00000000H)  B
DATA     0000000000(00000000H)  B_2
DATA     0000000000(00000000H)  B_1
ROMDATA  0000000004(00000004H)  L

Cpu Type

-ISA=RXV1 -FPU

Command Parameter

-subcommand=C:\Users\LAFONS~1\AppData\Local\Temp\$ccrx124\$ccrx\dbsct.src.cmd
    -nologo
    -isa=rxv1
    -fpu
    -show=conditionals,definitions,expansions
    -define=__RXV1=1
    -fint_register=0
    -debug
    -endian=little
-listfile=C:\Workspace\e2studio\git\MT01_master\CompactaXP_build\dbsct.lst
-output=C:\Workspace\e2studio\git\MT01_master\CompactaXP_build\r_bsp\board\MT01\dbsct.obj
