* RX FAMILY ASSEMBLER V2.03.00.01 [24 Oct 2014] *  SOURCE LIST  Tue Feb 28 14:07:04 2017

LOC.     OBJ.              0XMDA SOURCE STATEMENT

                                 ;RX Family C/C++ Compiler (V2.03.00.03 [04 Dec 2014])  28-Feb-2017 14:07:03
                                 
                                 ;*** CPU TYPE ***
                                 
                                 ;-ISA=RXV1
                                 
                                 ;*** COMMAND PARAMETER ***
                                 
                                 ;-output=src=interpreter_delocar.src
                                 ;-lang=c99
                                 ;-include=C:\PROGRA~2\Renesas\RX\2_3_0/include,C:\Workspace\e2studio\git\MT01\r_lvd_rx,C:\Workspace\e2studio\git\MT01\r_lvd_rx\src,C:/Workspace/e2studio/git/MT01/r_tfa
                                 ;-debug
                                 ;-show=source,conditionals,definitions,expansions
                                 ;-listfile=interpreter_delocar.lst
                                 ;-isa=rxv1
                                 ;-optimize=0
                                 ;-fpu
                                 ;-alias=noansi
                                 ;-nologo
                                 ;-nomessage
                                 ;-define=__RX,COMPACTAXP=1,EASYMAK=0,MOBILE=0,FREE_RTOS_PP
                                 ;interpreter_delocar.c
                                 
                                 		.glb	_iif_func_enter
                                 		.glb	_iif_func_esc
                                 		.glb	_iif_func_down
                                 		.glb	_iif_func_up
                                 		.glb	_iif_func_left
                                 		.glb	_iif_func_right
                                 		.glb	_iif_func_zdown
                                 		.glb	_iif_func_zup
                                 		.glb	_iif_func_released
                                 		.glb	_iif_func_cycleStop
                                 		.glb	_qKeyboard
                                 		.glb	_iif_bind_deslocar
                                 		.glb	_iif_idle
                                 		.glb	_xQueueGenericSend
                                 ;LineNo. C-SOURCE STATEMENT
                                 
                                 		.SECTION	P,CODE
00000000                         _iif_bind_deslocar:
                                 		.STACK	_iif_bind_deslocar=4
                                 ;       1 /*
                                 ;       2  * interpreter_jog_if.c
                                 ;       3  *
                                 ;       4  *  Created on: 22/12/2015
                                 ;       5  *      Author: leocafonso
                                 ;       6  */
                                 ;       7 #include "tinyg.h"
                                 ;       8 #include "platform.h"
                                 ;       9 #include "planner.h"
                                 ;      10 #include "interpreter_if.h"
                                 ;      11 #include "controller.h"
                                 ;      12 #include "macros.h"
                                 ;      13 #include "keyboard.h"
                                 ;      14 
                                 ;      15 
                                 ;      16 #include <stdlib.h>
                                 ;      17 #include <stdio.h>
                                 ;      18 #include <string.h>
                                 ;      19 
                                 ;      20 static void iif_cycleStop_deslocar(void);
                                 ;      21 
                                 ;      22 void iif_bind_deslocar(void)
                                 ;      23 {
                                 ;      24 	iif_func_enter = &iif_idle;
                                 		.LINE  "C:\Workspace\e2studio\git\MT01\src\config\interpreter_delocar.c",24
00000000 FBE2rrrrrrrr            		MOV.L #_iif_func_enter, R14
00000006 FBF2rrrrrrrr            		MOV.L #_iif_idle, R15
0000000C E3EF                    		MOV.L R15, [R14]
0000000E                         L11:	; entry.split
                                 ;      25 	iif_func_esc = &iif_idle;
                                 		.LINE  "C:\Workspace\e2studio\git\MT01\src\config\interpreter_delocar.c",25
0000000E FBE2rrrrrrrr            		MOV.L #_iif_func_esc, R14
00000014 FBF2rrrrrrrr            		MOV.L #_iif_idle, R15
0000001A E3EF                    		MOV.L R15, [R14]
0000001C                         L12:	; entry.split1
                                 ;      26 	iif_func_down = &iif_idle;
                                 		.LINE  "C:\Workspace\e2studio\git\MT01\src\config\interpreter_delocar.c",26
0000001C FBE2rrrrrrrr            		MOV.L #_iif_func_down, R14
00000022 FBF2rrrrrrrr            		MOV.L #_iif_idle, R15
00000028 E3EF                    		MOV.L R15, [R14]
0000002A                         L13:	; entry.split2
                                 ;      27 	iif_func_up = &iif_idle;
                                 		.LINE  "C:\Workspace\e2studio\git\MT01\src\config\interpreter_delocar.c",27
0000002A FBE2rrrrrrrr            		MOV.L #_iif_func_up, R14
00000030 FBF2rrrrrrrr            		MOV.L #_iif_idle, R15
00000036 E3EF                    		MOV.L R15, [R14]
00000038                         L14:	; entry.split3
                                 ;      28 	iif_func_left = &iif_idle;
                                 		.LINE  "C:\Workspace\e2studio\git\MT01\src\config\interpreter_delocar.c",28
00000038 FBE2rrrrrrrr            		MOV.L #_iif_func_left, R14
0000003E FBF2rrrrrrrr            		MOV.L #_iif_idle, R15
00000044 E3EF                    		MOV.L R15, [R14]
00000046                         L15:	; entry.split4
                                 ;      29 	iif_func_right = &iif_idle;
                                 		.LINE  "C:\Workspace\e2studio\git\MT01\src\config\interpreter_delocar.c",29
00000046 FBE2rrrrrrrr            		MOV.L #_iif_func_right, R14
0000004C FBF2rrrrrrrr            		MOV.L #_iif_idle, R15
00000052 E3EF                    		MOV.L R15, [R14]
00000054                         L16:	; entry.split5
                                 ;      30 	iif_func_zdown = &iif_idle;
                                 		.LINE  "C:\Workspace\e2studio\git\MT01\src\config\interpreter_delocar.c",30
00000054 FBE2rrrrrrrr            		MOV.L #_iif_func_zdown, R14
0000005A FBF2rrrrrrrr            		MOV.L #_iif_idle, R15
00000060 E3EF                    		MOV.L R15, [R14]
00000062                         L17:	; entry.split6
                                 ;      31 	iif_func_zup = &iif_idle;
                                 		.LINE  "C:\Workspace\e2studio\git\MT01\src\config\interpreter_delocar.c",31
00000062 FBE2rrrrrrrr            		MOV.L #_iif_func_zup, R14
00000068 FBF2rrrrrrrr            		MOV.L #_iif_idle, R15
0000006E E3EF                    		MOV.L R15, [R14]
00000070                         L18:	; entry.split7
                                 ;      32 	iif_func_released = &iif_idle;
                                 		.LINE  "C:\Workspace\e2studio\git\MT01\src\config\interpreter_delocar.c",32
00000070 FBE2rrrrrrrr            		MOV.L #_iif_func_released, R14
00000076 FBF2rrrrrrrr            		MOV.L #_iif_idle, R15
0000007C E3EF                    		MOV.L R15, [R14]
0000007E                         L19:	; entry.split8
                                 ;      33 	iif_func_cycleStop = &iif_cycleStop_deslocar;
                                 		.LINE  "C:\Workspace\e2studio\git\MT01\src\config\interpreter_delocar.c",33
0000007E FBE2rrrrrrrr            		MOV.L #_iif_func_cycleStop, R14
00000084 FBF2rrrrrrrr            		MOV.L #__$iif_cycleStop_deslocar, R15
0000008A E3EF                    		MOV.L R15, [R14]
0000008C 02                      		RTS
0000008D                         __$iif_cycleStop_deslocar:
                                 		.STACK	__$iif_cycleStop_deslocar=8
                                 ;      34 }
                                 ;      35 
                                 ;      36 void iif_cycleStop_deslocar(void)
                                 		.LINE  "C:\Workspace\e2studio\git\MT01\src\config\interpreter_delocar.c",36
0000008D 6040                    		SUB #04H, R0
                                 ;      37 {
                                 ;      38 	uint32_t qSend = KEY_ESC;
                                 		.LINE  "C:\Workspace\e2studio\git\MT01\src\config\interpreter_delocar.c",38
0000008F F80601                  		MOV.L #00000001H, [R0]
00000092                         L21:	; entry.split
                                 ;      39 	xQueueSend( qKeyboard, &qSend, 0 );
                                 		.LINE  "C:\Workspace\e2studio\git\MT01\src\config\interpreter_delocar.c",39
00000092 FBE2rrrrrrrr            		MOV.L #_qKeyboard, R14
00000098 ECE1                    		MOV.L [R14], R1
0000009A 6603                    		MOV.L #00000000H, R3
0000009C EF02                    		MOV.L R0, R2
0000009E EF34                    		MOV.L R3, R4
000000A0 05rrrrrr             A  		BSR _xQueueGenericSend
000000A4 6701                    		RTSD #04H
                                 ;      40 }
                                 		.END

Information List

TOTAL ERROR(S)    00000
TOTAL WARNING(S)  00000
TOTAL LINE(S)     00148   LINES

Section List

Attr         Size               Name
CODE     0000000166(000000A6H)  P

Cpu Type

-ISA=RXV1 -FPU

Command Parameter

-subcommand=C:\Users\LAFONS~1\AppData\Local\Temp\$ccrx7E87\$ccrx\interpreter_delocar.src.cmd
    -nologo
    -isa=rxv1
    -fpu
    -show=conditionals,definitions,expansions
    -define=__RXV1=1
    -fint_register=0
    -debug
    -endian=little
-listfile=C:\Workspace\e2studio\git\MT01\CompactaXP_build\interpreter_delocar.lst
-output=C:\Workspace\e2studio\git\MT01\CompactaXP_build\src\config\interpreter_delocar.obj
