* RX FAMILY ASSEMBLER V2.03.00.01 [24 Oct 2014] *  SOURCE LIST  Thu Mar 09 14:18:38 2017

LOC.     OBJ.              0XMDA SOURCE STATEMENT

                                 ;RX Family C/C++ Compiler (V2.03.00.03 [04 Dec 2014])  09-Mar-2017 14:18:38
                                 
                                 ;*** CPU TYPE ***
                                 
                                 ;-ISA=RXV1
                                 
                                 ;*** COMMAND PARAMETER ***
                                 
                                 ;-output=src=network.src
                                 ;-lang=c99
                                 ;-include=C:\PROGRA~2\Renesas\RX\2_3_0/include,C:\Workspace\e2studio\git\MT01_master\r_lvd_rx,C:\Workspace\e2studio\git\MT01_master\r_lvd_rx\src,C:/Workspace/e2studio/
                                 ;-debug
                                 ;-show=source,conditionals,definitions,expansions
                                 ;-listfile=network.lst
                                 ;-isa=rxv1
                                 ;-optimize=0
                                 ;-fpu
                                 ;-alias=noansi
                                 ;-nologo
                                 ;-nomessage
                                 ;-define=__RX,COMPACTAXP=1,EASYMAK=0,MOBILE=0,FREE_RTOS_PP
                                 ;network.c
                                 
                                 		.glb	_network_init
                                 		.glb	_net_forward
                                 		.glb	_net_test_rxtx
                                 		.glb	_net_test_loopback
                                 ;LineNo. C-SOURCE STATEMENT
                                 
                                 		.SECTION	P,CODE
00000000                         _network_init:
                                 		.STACK	_network_init=4
                                 ;       1 /*
                                 ;       2  * network.c - tinyg networking protocol
                                 ;       3  * Part of TinyG project
                                 ;       4  *
                                 ;       5  * Copyright (c) 2010 - 2015 Alden S. Hart Jr.
                                 ;       6  *
                                 ;       7  * This file ("the software") is free software: you can redistribute it and/or modify
                                 ;       8  * it under the terms of the GNU General Public License, version 2 as published by the
                                 ;       9  * Free Software Foundation. You should have received a copy of the GNU General Public
                                 ;      10  * License, version 2 along with the software.  If not, see <http://www.gnu.org/licenses/>.
                                 ;      11  *
                                 ;      12  * As a special exception, you may use this file as part of a software library without
                                 ;      13  * restriction. Specifically, if other files instantiate templates or use macros or
                                 ;      14  * inline functions from this file, or you compile this file and link it with  other
                                 ;      15  * files to produce an executable, this file does not by itself cause the resulting
                                 ;      16  * executable to be covered by the GNU General Public License. This exception does not
                                 ;      17  * however invalidate any other reasons why the executable file might be covered by the
                                 ;      18  * GNU General Public License.
                                 ;      19  *
                                 ;      20  * THE SOFTWARE IS DISTRIBUTED IN THE HOPE THAT IT WILL BE USEFUL, BUT WITHOUT ANY
                                 ;      21  * WARRANTY OF ANY KIND, EXPRESS OR IMPLIED, INCLUDING BUT NOT LIMITED TO THE WARRANTIES
                                 ;      22  * OF MERCHANTABILITY, FITNESS FOR A PARTICULAR PURPOSE AND NONINFRINGEMENT. IN NO EVENT
                                 ;      23  * SHALL THE AUTHORS OR COPYRIGHT HOLDERS BE LIABLE FOR ANY CLAIM, DAMAGES OR OTHER
                                 ;      24  * LIABILITY, WHETHER IN AN ACTION OF CONTRACT, TORT OR OTHERWISE, ARISING FROM, OUT OF
                                 ;      25  * OR IN CONNECTION WITH THE SOFTWARE OR THE USE OR OTHER DEALINGS IN THE SOFTWARE.
                                 ;      26  */
                                 ;      27 /* 	This module is really nothing mre than a placeholder at this time.
                                 ;      28  * 	"Networking" refers to a planned RS485 broadcast network to support
                                 ;      29  *	multi-board configs and external RS485 devices such as extruders.
                                 ;      30  *	Basic operation of RS485 on the TinyG hardware has been verified
                                 ;      31  *	using what's in this file, but you won;t find much more.
                                 ;      32  */
                                 ;      33 
                                 ;      34 
                                 ;      35 #include "tinyg.h"
                                 ;      36 #include "network.h"
                                 ;      37 #include "controller.h"
                                 ;      38 #include "gpio.h"
                                 ;      39 #include "hardware.h"
                                 ;      40 #include "xio.h"
                                 ;      41 
                                 ;      42 /*
                                 ;      43  * Local Scope Functions and Data
                                 ;      44  */
                                 ;      45 
                                 ;      46 /*
                                 ;      47  * network_init()
                                 ;      48  */
                                 ;      49 void network_init()
                                 		.LINE  "C:\Workspace\e2studio\git\MT01_master\src\cnc\network.c",49
00000000 02                      		RTS
00000001                         _net_forward:
                                 		.STACK	_net_forward=8
                                 ;      50 {
                                 ;      51 
                                 ;      52 }
                                 ;      53 
                                 ;      54 void net_forward(unsigned char c)
                                 		.LINE  "C:\Workspace\e2studio\git\MT01_master\src\cnc\network.c",54
00000001 6040                    		SUB #04H, R0
00000003 8089                    		MOV.B R1, 03H[R0]
                                 		.LINE  "C:\Workspace\e2studio\git\MT01_master\src\cnc\network.c",57
00000005 6701                    		RTSD #04H
00000007                         _net_test_rxtx:
                                 		.STACK	_net_test_rxtx=8
                                 ;      55 {
                                 ;      56 
                                 ;      57 }
                                 ;      58 
                                 ;      59 /*
                                 ;      60  * net_test_rxtx() - test transmission from master to slave
                                 ;      61  * net_test_loopback() - test transmission from master to slave and looping back
                                 ;      62  */
                                 ;      63 
                                 ;      64 uint8_t net_test_rxtx(uint8_t c)
                                 		.LINE  "C:\Workspace\e2studio\git\MT01_master\src\cnc\network.c",64
00000007 6040                    		SUB #04H, R0
00000009 8089                    		MOV.B R1, 03H[R0]
                                 ;      65 {
                                 ;      66 
                                 ;      67 	return (c);
                                 		.LINE  "C:\Workspace\e2studio\git\MT01_master\src\cnc\network.c",67
0000000B 8081                    		MOV.B R1, 02H[R0]
0000000D B081                    		MOVU.B 02H[R0], R1
0000000F                         L13:	; entry.split
                                 ;      68 }
                                 		.LINE  "C:\Workspace\e2studio\git\MT01_master\src\cnc\network.c",68
0000000F 5B11                    		MOVU.B R1, R1
00000011 6701                    		RTSD #04H
00000013                         _net_test_loopback:
                                 		.STACK	_net_test_loopback=8
                                 ;      69 
                                 ;      70 uint8_t net_test_loopback(uint8_t c)
                                 		.LINE  "C:\Workspace\e2studio\git\MT01_master\src\cnc\network.c",70
00000013 6040                    		SUB #04H, R0
00000015 8089                    		MOV.B R1, 03H[R0]
                                 ;      71 {
                                 ;      72 
                                 ;      73 	return (c);
                                 		.LINE  "C:\Workspace\e2studio\git\MT01_master\src\cnc\network.c",73
00000017 8081                    		MOV.B R1, 02H[R0]
00000019 B081                    		MOVU.B 02H[R0], R1
0000001B                         L15:	; entry.split
                                 ;      74 }
                                 		.LINE  "C:\Workspace\e2studio\git\MT01_master\src\cnc\network.c",74
0000001B 5B11                    		MOVU.B R1, R1
0000001D 6701                    		RTSD #04H
                                 ;      75 
                                 		.END

Information List

TOTAL ERROR(S)    00000
TOTAL WARNING(S)  00000
TOTAL LINE(S)     00141   LINES

Section List

Attr         Size               Name
CODE     0000000031(0000001FH)  P

Cpu Type

-ISA=RXV1 -FPU

Command Parameter

-subcommand=C:\Users\LAFONS~1\AppData\Local\Temp\$ccrx305E\$ccrx\network.src.cmd
    -nologo
    -isa=rxv1
    -fpu
    -show=conditionals,definitions,expansions
    -define=__RXV1=1
    -fint_register=0
    -debug
    -endian=little
-listfile=C:\Workspace\e2studio\git\MT01_master\CompactaXP_build\network.lst
-output=C:\Workspace\e2studio\git\MT01_master\CompactaXP_build\src\cnc\network.obj
