* RX FAMILY ASSEMBLER V2.03.00.01 [24 Oct 2014] *  SOURCE LIST  Thu Mar 09 14:18:51 2017

LOC.     OBJ.              0XMDA SOURCE STATEMENT

                                 ;RX Family C/C++ Compiler (V2.03.00.03 [04 Dec 2014])  09-Mar-2017 14:18:51
                                 
                                 ;*** CPU TYPE ***
                                 
                                 ;-ISA=RXV1
                                 
                                 ;*** COMMAND PARAMETER ***
                                 
                                 ;-output=src=u8g_pb8v1.src
                                 ;-lang=c99
                                 ;-include=C:\PROGRA~2\Renesas\RX\2_3_0/include,C:\Workspace\e2studio\git\MT01_master\r_lvd_rx,C:\Workspace\e2studio\git\MT01_master\r_lvd_rx\src,C:/Workspace/e2studio/
                                 ;-debug
                                 ;-show=source,conditionals,definitions,expansions
                                 ;-listfile=u8g_pb8v1.lst
                                 ;-isa=rxv1
                                 ;-optimize=0
                                 ;-fpu
                                 ;-alias=noansi
                                 ;-nologo
                                 ;-nomessage
                                 ;-define=__RX,COMPACTAXP=1,EASYMAK=0,MOBILE=0,FREE_RTOS_PP
                                 ;u8g_pb8v1.c
                                 
                                 		.glb	_u8g_pb8v1_Init
                                 		.glb	_u8g_pb_Clear
                                 		.glb	_u8g_pb8v1_set_pixel
                                 		.glb	_u8g_pb8v1_SetPixel
                                 		.glb	_u8g_pb8v1_Set8PixelStd
                                 		.glb	_u8g_pb8v1_Set8PixelOpt2
                                 		.glb	_u8g_dev_pb8v1_base_fn
                                 		.glb	_u8g_pb_Is8PixelVisible
                                 		.glb	_u8g_page_First
                                 		.glb	_u8g_page_Next
                                 		.glb	_u8g_pb_GetPageBox
                                 ;LineNo. C-SOURCE STATEMENT
                                 
                                 		.SECTION	P,CODE
00000000                         _u8g_pb8v1_Init:
                                 		.STACK	_u8g_pb8v1_Init=16
                                 ;       1 /*
                                 ;       2 
                                 ;       3   u8g_pb8v1.c
                                 ;       4   
                                 ;       5   8bit height monochrom (1 bit) page buffer
                                 ;       6   byte has vertical orientation
                                 ;       7 
                                 ;       8   Universal 8bit Graphics Library
                                 ;       9   
                                 ;      10   Copyright (c) 2011, olikraus@gmail.com
                                 ;      11   All rights reserved.
                                 ;      12 
                                 ;      13   Redistribution and use in source and binary forms, with or without modification, 
                                 ;      14   are permitted provided that the following conditions are met:
                                 ;      15 
                                 ;      16   * Redistributions of source code must retain the above copyright notice, this list 
                                 ;      17     of conditions and the following disclaimer.
                                 ;      18     
                                 ;      19   * Redistributions in binary form must reproduce the above copyright notice, this 
                                 ;      20     list of conditions and the following disclaimer in the documentation and/or other 
                                 ;      21     materials provided with the distribution.
                                 ;      22 
                                 ;      23   THIS SOFTWARE IS PROVIDED BY THE COPYRIGHT HOLDERS AND 
                                 ;      24   CONTRIBUTORS "AS IS" AND ANY EXPRESS OR IMPLIED WARRANTIES, 
                                 ;      25   INCLUDING, BUT NOT LIMITED TO, THE IMPLIED WARRANTIES OF 
                                 ;      26   MERCHANTABILITY AND FITNESS FOR A PARTICULAR PURPOSE ARE 
                                 ;      27   DISCLAIMED. IN NO EVENT SHALL THE COPYRIGHT HOLDER OR 
                                 ;      28   CONTRIBUTORS BE LIABLE FOR ANY DIRECT, INDIRECT, INCIDENTAL, 
                                 ;      29   SPECIAL, EXEMPLARY, OR CONSEQUENTIAL DAMAGES (INCLUDING, BUT 
                                 ;      30   NOT LIMITED TO, PROCUREMENT OF SUBSTITUTE GOODS OR SERVICES; 
                                 ;      31   LOSS OF USE, DATA, OR PROFITS; OR BUSINESS INTERRUPTION) HOWEVER 
                                 ;      32   CAUSED AND ON ANY THEORY OF LIABILITY, WHETHER IN CONTRACT, 
                                 ;      33   STRICT LIABILITY, OR TORT (INCLUDING NEGLIGENCE OR OTHERWISE) 
                                 ;      34   ARISING IN ANY WAY OUT OF THE USE OF THIS SOFTWARE, EVEN IF 
                                 ;      35   ADVISED OF THE POSSIBILITY OF SUCH DAMAGE.  
                                 ;      36   
                                 ;      37 
                                 ;      38 */
                                 ;      39 
                                 ;      40 #include "u8g.h"
                                 ;      41 #include <string.h>
                                 ;      42 
                                 ;      43 
                                 ;      44 void u8g_pb8v1_Init(u8g_pb_t *b, void *buf, u8g_uint_t width) U8G_NOINLINE;
                                 ;      45 void u8g_pb8v1_set_pixel(u8g_pb_t *b, u8g_uint_t x, u8g_uint_t y, uint8_t color_index) U8G_NOINLINE;
                                 ;      46 void u8g_pb8v1_SetPixel(u8g_pb_t *b, const u8g_dev_arg_pixel_t * const arg_pixel) U8G_NOINLINE ;
                                 ;      47 void u8g_pb8v1_Set8PixelStd(u8g_pb_t *b, u8g_dev_arg_pixel_t *arg_pixel) U8G_NOINLINE;
                                 ;      48 
                                 ;      49 /* Obsolete, usually set by the init of the structure */
                                 ;      50 void u8g_pb8v1_Init(u8g_pb_t *b, void *buf, u8g_uint_t width)
                                 		.LINE  "C:\Workspace\e2studio\git\MT01_master\src\Display\u8g_pb8v1.c",50
00000000 60C0                    		SUB #0CH, R0
00000002 A081                    		MOV.L R1, 08H[R0]
00000004 A00A                    		MOV.L R2, 04H[R0]
00000006 808B                    		MOV.B R3, 03H[R0]
                                 ;      51 {
                                 ;      52   b->buf = buf;
                                 		.LINE  "C:\Workspace\e2studio\git\MT01_master\src\Display\u8g_pb8v1.c",52
00000008 A809                    		MOV.L 04H[R0], R1
0000000A A882                    		MOV.L 08H[R0], R2
0000000C A0A1                    		MOV.L R1, 08H[R2]
0000000E                         L11:	; entry.split
                                 ;      53   b->width = width;
                                 		.LINE  "C:\Workspace\e2studio\git\MT01_master\src\Display\u8g_pb8v1.c",53
0000000E B089                    		MOVU.B 03H[R0], R1
00000010 A882                    		MOV.L 08H[R0], R2
00000012 8129                    		MOV.B R1, 05H[R2]
00000014                         L12:	; entry.split1
                                 ;      54   u8g_pb_Clear(b);
                                 		.LINE  "C:\Workspace\e2studio\git\MT01_master\src\Display\u8g_pb8v1.c",54
00000014 A881                    		MOV.L 08H[R0], R1
00000016 05rrrrrr             A  		BSR _u8g_pb_Clear
0000001A 6703                    		RTSD #0CH
0000001C                         _u8g_pb8v1_set_pixel:
                                 		.STACK	_u8g_pb8v1_set_pixel=20
                                 ;      55 }
                                 ;      56 
                                 ;      57 void u8g_pb8v1_set_pixel(u8g_pb_t *b, u8g_uint_t x, u8g_uint_t y, uint8_t color_index)
                                 		.LINE  "C:\Workspace\e2studio\git\MT01_master\src\Display\u8g_pb8v1.c",57
0000001C 7100F0                  		ADD #0FFFFFFF0H, R0
0000001F A089                    		MOV.L R1, 0CH[R0]
00000021 828A                    		MOV.B R2, 0BH[R0]
00000023 8283                    		MOV.B R3, 0AH[R0]
00000025 820C                    		MOV.B R4, 09H[R0]
                                 ;      58 {
                                 ;      59   register uint8_t mask;
                                 ;      60   uint8_t *ptr = b->buf;
                                 		.LINE  "C:\Workspace\e2studio\git\MT01_master\src\Display\u8g_pb8v1.c",60
00000027 A889                    		MOV.L 0CH[R0], R1
00000029 E5100201                		MOV.L 08H[R1], 04H[R0]
0000002D                         L14:	; entry.split
                                 ;      61   
                                 ;      62   y -= b->p.page_y0;
                                 		.LINE  "C:\Workspace\e2studio\git\MT01_master\src\Display\u8g_pb8v1.c",62
0000002D B281                    		MOVU.B 0AH[R0], R1
0000002F A88A                    		MOV.L 0CH[R0], R2
00000031 412102                  		SUB 02H[R2].UB, R1
00000034 8281                    		MOV.B R1, 0AH[R0]
00000036                         L15:	; entry.split1
                                 ;      63   mask = 1;
                                 		.LINE  "C:\Workspace\e2studio\git\MT01_master\src\Display\u8g_pb8v1.c",63
00000036 3C0301                  		MOV.B #01H, 03H[R0]
00000039                         L16:	; entry.split2
                                 ;      64   y &= 0x07;
                                 		.LINE  "C:\Workspace\e2studio\git\MT01_master\src\Display\u8g_pb8v1.c",64
00000039 B281                    		MOVU.B 0AH[R0], R1
0000003B 6471                    		AND #07H, R1
0000003D 8281                    		MOV.B R1, 0AH[R0]
0000003F                         L17:	; entry.split3
                                 ;      65   mask <<= y;
                                 		.LINE  "C:\Workspace\e2studio\git\MT01_master\src\Display\u8g_pb8v1.c",65
0000003F B089                    		MOVU.B 03H[R0], R1
00000041 B282                    		MOVU.B 0AH[R0], R2
00000043 FD6221                  		SHLL R2, R1
00000046 8089                    		MOV.B R1, 03H[R0]
00000048                         L18:	; entry.split4
                                 ;      66   ptr += x;
                                 		.LINE  "C:\Workspace\e2studio\git\MT01_master\src\Display\u8g_pb8v1.c",66
00000048 A809                    		MOV.L 04H[R0], R1
0000004A 49010B                  		ADD 0BH[R0].UB, R1
0000004D A009                    		MOV.L R1, 04H[R0]
0000004F                         L19:	; entry.split5
                                 ;      67   if ( color_index )
                                 		.LINE  "C:\Workspace\e2studio\git\MT01_master\src\Display\u8g_pb8v1.c",67
0000004F B209                    		MOVU.B 09H[R0], R1
00000051 6101                    		CMP #00H, R1
00000053 20rr                    		BEQ L21
00000055                         L20:	; bb32
                                 ;      68   {
                                 ;      69     *ptr |= mask;
                                 		.LINE  "C:\Workspace\e2studio\git\MT01_master\src\Display\u8g_pb8v1.c",69
00000055 A809                    		MOV.L 04H[R0], R1
00000057 581E                    		MOVU.B [R1], R14
00000059 550E03                  		OR 03H[R0].UB, R14
0000005C C31E                    		MOV.B R14, [R1]
0000005E 6704                    		RTSD #10H
00000060                         L21:	; bb40
                                 ;      70   }
                                 ;      71   else
                                 ;      72   {
                                 ;      73     mask ^=0xff;
                                 		.LINE  "C:\Workspace\e2studio\git\MT01_master\src\Display\u8g_pb8v1.c",73
00000060 B089                    		MOVU.B 03H[R0], R1
00000062 7E01                    		NOT R1
00000064 8089                    		MOV.B R1, 03H[R0]
00000066                         L22:	; bb40.split
                                 ;      74     *ptr &= mask;
                                 		.LINE  "C:\Workspace\e2studio\git\MT01_master\src\Display\u8g_pb8v1.c",74
00000066 A809                    		MOV.L 04H[R0], R1
00000068 581E                    		MOVU.B [R1], R14
0000006A 510E03                  		AND 03H[R0].UB, R14
0000006D C31E                    		MOV.B R14, [R1]
0000006F 6704                    		RTSD #10H
00000071                         _u8g_pb8v1_SetPixel:
                                 		.STACK	_u8g_pb8v1_SetPixel=12
                                 ;      75   }
                                 ;      76 }
                                 ;      77 
                                 ;      78 
                                 ;      79 void u8g_pb8v1_SetPixel(u8g_pb_t *b, const u8g_dev_arg_pixel_t * const arg_pixel)
                                 		.LINE  "C:\Workspace\e2studio\git\MT01_master\src\Display\u8g_pb8v1.c",79
00000071 6080                    		SUB #08H, R0
00000073 A009                    		MOV.L R1, 04H[R0]
00000075 E302                    		MOV.L R2, [R0]
                                 ;      80 {
                                 ;      81   if ( arg_pixel->y < b->p.page_y0 )
                                 		.LINE  "C:\Workspace\e2studio\git\MT01_master\src\Display\u8g_pb8v1.c",81
00000077 A809                    		MOV.L 04H[R0], R1
00000079 B02A                    		MOVU.B 01H[R2], R2
0000007B 451202                  		CMP 02H[R1].UB, R2
0000007E 29rr                    		BLT L27
00000080                         L24:	; bb16
                                 ;      82     return;
                                 ;      83   if ( arg_pixel->y > b->p.page_y1 )
                                 		.LINE  "C:\Workspace\e2studio\git\MT01_master\src\Display\u8g_pb8v1.c",83
00000080 EC01                    		MOV.L [R0], R1
00000082 B019                    		MOVU.B 01H[R1], R1
00000084 A80A                    		MOV.L 04H[R0], R2
00000086 452103                  		CMP 03H[R2].UB, R1
00000089 2Arr                    		BGT L27
0000008B                         L25:	; bb32
                                 ;      84     return;
                                 ;      85   if ( arg_pixel->x >= b->width )
                                 		.LINE  "C:\Workspace\e2studio\git\MT01_master\src\Display\u8g_pb8v1.c",85
0000008B EC01                    		MOV.L [R0], R1
0000008D 581E                    		MOVU.B [R1], R14
0000008F A809                    		MOV.L 04H[R0], R1
00000091 451E05                  		CMP 05H[R1].UB, R14
00000094 28rr                    		BGE L27
00000096                         L26:	; bb46
                                 ;      86     return;
                                 ;      87   u8g_pb8v1_set_pixel(b, arg_pixel->x, arg_pixel->y, arg_pixel->color);
                                 		.LINE  "C:\Workspace\e2studio\git\MT01_master\src\Display\u8g_pb8v1.c",87
00000096 EC01                    		MOV.L [R0], R1
00000098 B114                    		MOVU.B 04H[R1], R4
0000009A B01B                    		MOVU.B 01H[R1], R3
0000009C 5812                    		MOVU.B [R1], R2
0000009E A809                    		MOV.L 04H[R0], R1
000000A0 39rrrr               W  		BSR _u8g_pb8v1_set_pixel
000000A3 6702                    		RTSD #08H
000000A5                         L27:	; return
                                 ;      88 }
                                 		.LINE  "C:\Workspace\e2studio\git\MT01_master\src\Display\u8g_pb8v1.c",88
000000A5 6702                    		RTSD #08H
000000A7                         _u8g_pb8v1_Set8PixelStd:
                                 		.STACK	_u8g_pb8v1_Set8PixelStd=16
                                 ;      89 
                                 ;      90 void u8g_pb8v1_Set8PixelStd(u8g_pb_t *b, u8g_dev_arg_pixel_t *arg_pixel)
                                 		.LINE  "C:\Workspace\e2studio\git\MT01_master\src\Display\u8g_pb8v1.c",90
000000A7 60C0                    		SUB #0CH, R0
000000A9 A081                    		MOV.L R1, 08H[R0]
000000AB A00A                    		MOV.L R2, 04H[R0]
                                 ;      91 {
                                 ;      92   register uint8_t pixel = arg_pixel->pixel;
                                 		.LINE  "C:\Workspace\e2studio\git\MT01_master\src\Display\u8g_pb8v1.c",92
000000AD C5200203                		MOV.B 02H[R2], 03H[R0]
000000B1                         L29:	; bb6
                                 ;      93   do
                                 ;      94   {
                                 ;      95     if ( pixel & 128 )
                                 		.LINE  "C:\Workspace\e2studio\git\MT01_master\src\Display\u8g_pb8v1.c",95
000000B1 F50703                  		BTST #07H, 03H[R0].B
000000B4 10                   S  		BEQ L31
000000B5                         L30:	; bb7
                                 ;      96     {
                                 ;      97       u8g_pb8v1_SetPixel(b, arg_pixel);
                                 		.LINE  "C:\Workspace\e2studio\git\MT01_master\src\Display\u8g_pb8v1.c",97
000000B5 A80A                    		MOV.L 04H[R0], R2
000000B7 A881                    		MOV.L 08H[R0], R1
000000B9 39rrrr               W  		BSR _u8g_pb8v1_SetPixel
000000BC                         L31:	; bb15
                                 ;      98     }
                                 ;      99     switch( arg_pixel->dir )
                                 		.LINE  "C:\Workspace\e2studio\git\MT01_master\src\Display\u8g_pb8v1.c",99
000000BC A809                    		MOV.L 04H[R0], R1
000000BE B099                    		MOVU.B 03H[R1], R1
000000C0 6131                    		CMP #03H, R1
000000C2 20rr                    		BEQ L38
000000C4                         L32:	; bb15
000000C4 6111                    		CMP #01H, R1
000000C6 20rr                    		BEQ L36
000000C8                         L33:	; bb15
000000C8 6121                    		CMP #02H, R1
000000CA 20rr                    		BEQ L37
000000CC                         L34:	; bb15
000000CC 6101                    		CMP #00H, R1
000000CE 21rr                    		BNE L39
000000D0                         L35:	; bb20
                                 ;     100     {
                                 ;     101       case 0: arg_pixel->x++; break;
                                 		.LINE  "C:\Workspace\e2studio\git\MT01_master\src\Display\u8g_pb8v1.c",101
000000D0 A809                    		MOV.L 04H[R0], R1
000000D2 581E                    		MOVU.B [R1], R14
000000D4 621E                    		ADD #01H, R14
000000D6 C31E                    		MOV.B R14, [R1]
000000D8 2Err                 B  		BRA L39
000000DA                         L36:	; bb25
                                 ;     102       case 1: arg_pixel->y++; break;
                                 		.LINE  "C:\Workspace\e2studio\git\MT01_master\src\Display\u8g_pb8v1.c",102
000000DA A809                    		MOV.L 04H[R0], R1
000000DC B01A                    		MOVU.B 01H[R1], R2
000000DE 6212                    		ADD #01H, R2
000000E0 801A                    		MOV.B R2, 01H[R1]
000000E2 2Err                 B  		BRA L39
000000E4                         L37:	; bb30
                                 ;     103       case 2: arg_pixel->x--; break;
                                 		.LINE  "C:\Workspace\e2studio\git\MT01_master\src\Display\u8g_pb8v1.c",103
000000E4 A809                    		MOV.L 04H[R0], R1
000000E6 581E                    		MOVU.B [R1], R14
000000E8 601E                    		SUB #01H, R14
000000EA C31E                    		MOV.B R14, [R1]
000000EC 08                   S  		BRA L39
000000ED                         L38:	; bb35
                                 ;     104       case 3: arg_pixel->y--; break;
                                 		.LINE  "C:\Workspace\e2studio\git\MT01_master\src\Display\u8g_pb8v1.c",104
000000ED A809                    		MOV.L 04H[R0], R1
000000EF B01A                    		MOVU.B 01H[R1], R2
000000F1 6012                    		SUB #01H, R2
000000F3 801A                    		MOV.B R2, 01H[R1]
000000F5                         L39:	; bb40
                                 ;     105     }
                                 ;     106     pixel <<= 1;
                                 		.LINE  "C:\Workspace\e2studio\git\MT01_master\src\Display\u8g_pb8v1.c",106
000000F5 B089                    		MOVU.B 03H[R0], R1
000000F7 6C11                    		SHLL #01H, R1
000000F9 8089                    		MOV.B R1, 03H[R0]
000000FB                         L40:	; bb40.split
                                 		.LINE  "C:\Workspace\e2studio\git\MT01_master\src\Display\u8g_pb8v1.c",93
000000FB B089                    		MOVU.B 03H[R0], R1
000000FD 6101                    		CMP #00H, R1
000000FF 21rr                    		BNE L29
00000101                         L41:	; return
                                 ;     107   } while( pixel != 0  );
                                 ;     108 }
                                 		.LINE  "C:\Workspace\e2studio\git\MT01_master\src\Display\u8g_pb8v1.c",108
00000101 6703                    		RTSD #0CH
00000103                         _u8g_pb8v1_Set8PixelOpt2:
                                 		.STACK	_u8g_pb8v1_Set8PixelOpt2=16
                                 ;     109 
                                 ;     110 
                                 ;     111 void u8g_pb8v1_Set8PixelOpt2(u8g_pb_t *b, u8g_dev_arg_pixel_t *arg_pixel)
                                 		.LINE  "C:\Workspace\e2studio\git\MT01_master\src\Display\u8g_pb8v1.c",111
00000103 60C0                    		SUB #0CH, R0
00000105 A081                    		MOV.L R1, 08H[R0]
00000107 A00A                    		MOV.L R2, 04H[R0]
                                 ;     112 {
                                 ;     113   register uint8_t pixel = arg_pixel->pixel;
                                 		.LINE  "C:\Workspace\e2studio\git\MT01_master\src\Display\u8g_pb8v1.c",113
00000109 C5200201                		MOV.B 02H[R2], 01H[R0]
0000010D                         L43:	; entry.split
                                 ;     114   u8g_uint_t dx = 0;
                                 		.LINE  "C:\Workspace\e2studio\git\MT01_master\src\Display\u8g_pb8v1.c",114
0000010D 3C0200                  		MOV.B #00H, 02H[R0]
00000110                         L44:	; entry.split1
                                 ;     115   u8g_uint_t dy = 0;
                                 		.LINE  "C:\Workspace\e2studio\git\MT01_master\src\Display\u8g_pb8v1.c",115
00000110 3C0300                  		MOV.B #00H, 03H[R0]
00000113                         L45:	; entry.split2
                                 ;     116   
                                 ;     117   switch( arg_pixel->dir )
                                 		.LINE  "C:\Workspace\e2studio\git\MT01_master\src\Display\u8g_pb8v1.c",117
00000113 A809                    		MOV.L 04H[R0], R1
00000115 B099                    		MOVU.B 03H[R1], R1
00000117 6131                    		CMP #03H, R1
00000119 20rr                    		BEQ L52
0000011B                         L46:	; entry.split2
0000011B 6111                    		CMP #01H, R1
0000011D 20rr                    		BEQ L50
0000011F                         L47:	; entry.split2
0000011F 6121                    		CMP #02H, R1
00000121 20rr                    		BEQ L51
00000123                         L48:	; entry.split2
00000123 6101                    		CMP #00H, R1
00000125 21rr                    		BNE L53
00000127                         L49:	; bb
                                 ;     118   {
                                 ;     119     case 0: dx++; break;
                                 		.LINE  "C:\Workspace\e2studio\git\MT01_master\src\Display\u8g_pb8v1.c",119
00000127 B081                    		MOVU.B 02H[R0], R1
00000129 6211                    		ADD #01H, R1
0000012B 8081                    		MOV.B R1, 02H[R0]
0000012D 2Err                 B  		BRA L53
0000012F                         L50:	; bb14
                                 ;     120     case 1: dy++; break;
                                 		.LINE  "C:\Workspace\e2studio\git\MT01_master\src\Display\u8g_pb8v1.c",120
0000012F B089                    		MOVU.B 03H[R0], R1
00000131 6211                    		ADD #01H, R1
00000133 8089                    		MOV.B R1, 03H[R0]
00000135 2Err                 B  		BRA L53
00000137                         L51:	; bb17
                                 ;     121     case 2: dx--; break;
                                 		.LINE  "C:\Workspace\e2studio\git\MT01_master\src\Display\u8g_pb8v1.c",121
00000137 B081                    		MOVU.B 02H[R0], R1
00000139 6011                    		SUB #01H, R1
0000013B 8081                    		MOV.B R1, 02H[R0]
0000013D 08                   S  		BRA L53
0000013E                         L52:	; bb20
                                 ;     122     case 3: dy--; break;
                                 		.LINE  "C:\Workspace\e2studio\git\MT01_master\src\Display\u8g_pb8v1.c",122
0000013E B089                    		MOVU.B 03H[R0], R1
00000140 6011                    		SUB #01H, R1
00000142 8089                    		MOV.B R1, 03H[R0]
00000144                         L53:	; bb25
                                 ;     123   }
                                 ;     124   
                                 ;     125   do
                                 ;     126   {
                                 ;     127     if ( pixel & 128 )
                                 		.LINE  "C:\Workspace\e2studio\git\MT01_master\src\Display\u8g_pb8v1.c",127
00000144 F50701                  		BTST #07H, 01H[R0].B
00000147 10                   S  		BEQ L55
00000148                         L54:	; bb26
                                 ;     128       u8g_pb8v1_SetPixel(b, arg_pixel);
                                 		.LINE  "C:\Workspace\e2studio\git\MT01_master\src\Display\u8g_pb8v1.c",128
00000148 A80A                    		MOV.L 04H[R0], R2
0000014A A881                    		MOV.L 08H[R0], R1
0000014C 39rrrr               W  		BSR _u8g_pb8v1_SetPixel
0000014F                         L55:	; bb34
                                 ;     129     arg_pixel->x += dx;
                                 		.LINE  "C:\Workspace\e2studio\git\MT01_master\src\Display\u8g_pb8v1.c",129
0000014F A809                    		MOV.L 04H[R0], R1
00000151 581E                    		MOVU.B [R1], R14
00000153 490E02                  		ADD 02H[R0].UB, R14
00000156 C31E                    		MOV.B R14, [R1]
00000158                         L56:	; bb34.split
                                 ;     130     arg_pixel->y += dy;
                                 		.LINE  "C:\Workspace\e2studio\git\MT01_master\src\Display\u8g_pb8v1.c",130
00000158 A809                    		MOV.L 04H[R0], R1
0000015A B01A                    		MOVU.B 01H[R1], R2
0000015C 490203                  		ADD 03H[R0].UB, R2
0000015F 801A                    		MOV.B R2, 01H[R1]
00000161                         L57:	; bb34.split3
                                 ;     131     pixel <<= 1;
                                 		.LINE  "C:\Workspace\e2studio\git\MT01_master\src\Display\u8g_pb8v1.c",131
00000161 B009                    		MOVU.B 01H[R0], R1
00000163 6C11                    		SHLL #01H, R1
00000165 8009                    		MOV.B R1, 01H[R0]
00000167                         L58:	; bb34.split4
                                 		.LINE  "C:\Workspace\e2studio\git\MT01_master\src\Display\u8g_pb8v1.c",125
00000167 B009                    		MOVU.B 01H[R0], R1
00000169 6101                    		CMP #00H, R1
0000016B 21rr                    		BNE L53
0000016D                         L59:	; return
                                 ;     132   } while( pixel != 0  );
                                 ;     133   
                                 ;     134 }
                                 		.LINE  "C:\Workspace\e2studio\git\MT01_master\src\Display\u8g_pb8v1.c",134
0000016D 6703                    		RTSD #0CH
0000016F                         _u8g_dev_pb8v1_base_fn:
                                 		.STACK	_u8g_dev_pb8v1_base_fn=32
                                 ;     135 
                                 ;     136 uint8_t u8g_dev_pb8v1_base_fn(u8g_t *u8g, u8g_dev_t *dev, uint8_t msg, void *arg)
                                 		.LINE  "C:\Workspace\e2studio\git\MT01_master\src\Display\u8g_pb8v1.c",136
0000016F 7100E4                  		ADD #0FFFFFFE4H, R0
00000172 A181                    		MOV.L R1, 18H[R0]
00000174 A10A                    		MOV.L R2, 14H[R0]
00000176 848B                    		MOV.B R3, 13H[R0]
00000178 A08C                    		MOV.L R4, 0CH[R0]
                                 ;     137 {
                                 ;     138   u8g_pb_t *pb = (u8g_pb_t *)(dev->dev_mem);
                                 		.LINE  "C:\Workspace\e2studio\git\MT01_master\src\Display\u8g_pb8v1.c",138
0000017A A909                    		MOV.L 14H[R0], R1
0000017C E5100101                		MOV.L 04H[R1], 04H[R0]
00000180                         L61:	; entry.split
                                 ;     139   switch(msg)
                                 		.LINE  "C:\Workspace\e2studio\git\MT01_master\src\Display\u8g_pb8v1.c",139
00000180 B489                    		MOVU.B 13H[R0], R1
00000182 755114                  		CMP #14H, R1
00000185 20rr                    		BEQ L72
00000187                         L62:	; entry.split
00000187 755115                  		CMP #15H, R1
0000018A 20rr                    		BEQ L74
0000018C                         L63:	; entry.split
0000018C 755117                  		CMP #17H, R1
0000018F 20rr                    		BEQ L77
00000191                         L64:	; entry.split
00000191 755132                  		CMP #32H, R1
00000194 20rr                    		BEQ L71
00000196                         L65:	; entry.split
00000196 755148                  		CMP #48H, R1
00000199 20rr                    		BEQ L80
0000019B                         L66:	; entry.split
0000019B 755146                  		CMP #46H, R1
0000019E 20rr                    		BEQ L78
000001A0                         L67:	; entry.split
000001A0 755147                  		CMP #47H, R1
000001A3 20rr                    		BEQ L79
000001A5                         L68:	; entry.split
000001A5 75513B                  		CMP #3BH, R1
000001A8 21rr                    		BNE L81
000001AA                         L69:	; bb12
                                 ;     140   {
                                 ;     141     case U8G_DEV_MSG_SET_8PIXEL:
                                 ;     142       if ( u8g_pb_Is8PixelVisible(pb, (u8g_dev_arg_pixel_t *)arg) )
                                 		.LINE  "C:\Workspace\e2studio\git\MT01_master\src\Display\u8g_pb8v1.c",142
000001AA A88A                    		MOV.L 0CH[R0], R2
000001AC A809                    		MOV.L 04H[R0], R1
000001AE 05rrrrrr             A  		BSR _u8g_pb_Is8PixelVisible
000001B2 6101                    		CMP #00H, R1
000001B4 20rr                    		BEQ L81
000001B6                         L70:	; bb13
                                 ;     143         u8g_pb8v1_Set8PixelOpt2(pb, (u8g_dev_arg_pixel_t *)arg);
                                 		.LINE  "C:\Workspace\e2studio\git\MT01_master\src\Display\u8g_pb8v1.c",143
000001B6 A88A                    		MOV.L 0CH[R0], R2
000001B8 A809                    		MOV.L 04H[R0], R1
000001BA 39rrrr               W  		BSR _u8g_pb8v1_Set8PixelOpt2
000001BD 2Err                 B  		BRA L81
000001BF                         L71:	; bb25
                                 ;     144       break;
                                 ;     145     case U8G_DEV_MSG_SET_PIXEL:
                                 ;     146         u8g_pb8v1_SetPixel(pb, (u8g_dev_arg_pixel_t *)arg);
                                 		.LINE  "C:\Workspace\e2studio\git\MT01_master\src\Display\u8g_pb8v1.c",146
000001BF A88A                    		MOV.L 0CH[R0], R2
000001C1 A809                    		MOV.L 04H[R0], R1
000001C3 39rrrr               W  		BSR _u8g_pb8v1_SetPixel
000001C6 2Err                 B  		BRA L81
000001C8                         L72:	; bb31
                                 ;     147       break;
                                 ;     148     case U8G_DEV_MSG_INIT:
                                 ;     149       break;
                                 ;     150     case U8G_DEV_MSG_STOP:
                                 ;     151       break;
                                 ;     152     case U8G_DEV_MSG_PAGE_FIRST:
                                 ;     153       u8g_pb_Clear(pb);
                                 		.LINE  "C:\Workspace\e2studio\git\MT01_master\src\Display\u8g_pb8v1.c",153
000001C8 A809                    		MOV.L 04H[R0], R1
000001CA 05rrrrrr             A  		BSR _u8g_pb_Clear
000001CE                         L73:	; bb31.split
                                 ;     154       u8g_page_First(&(pb->p));
                                 		.LINE  "C:\Workspace\e2studio\git\MT01_master\src\Display\u8g_pb8v1.c",154
000001CE A809                    		MOV.L 04H[R0], R1
000001D0 05rrrrrr             A  		BSR _u8g_page_First
000001D4 2Err                 B  		BRA L81
000001D6                         L74:	; bb36
                                 ;     155       break;
                                 ;     156     case U8G_DEV_MSG_PAGE_NEXT:
                                 ;     157       if ( u8g_page_Next(&(pb->p)) == 0 )
                                 		.LINE  "C:\Workspace\e2studio\git\MT01_master\src\Display\u8g_pb8v1.c",157
000001D6 A809                    		MOV.L 04H[R0], R1
000001D8 05rrrrrr             A  		BSR _u8g_page_Next
000001DC 6101                    		CMP #00H, R1
000001DE 18                   S  		BNE L76
000001DF                         L75:	; bb37
                                 ;     158         return 0;
                                 		.LINE  "C:\Workspace\e2studio\git\MT01_master\src\Display\u8g_pb8v1.c",158
000001DF 3C0300                  		MOV.B #00H, 03H[R0]
000001E2 2Err                 B  		BRA L82
000001E4                         L76:	; bb46
                                 ;     159       u8g_pb_Clear(pb);
                                 		.LINE  "C:\Workspace\e2studio\git\MT01_master\src\Display\u8g_pb8v1.c",159
000001E4 A809                    		MOV.L 04H[R0], R1
000001E6 05rrrrrr             A  		BSR _u8g_pb_Clear
000001EA 2Err                 B  		BRA L81
000001EC                         L77:	; bb48
                                 ;     160       break;
                                 ;     161 #ifdef U8G_DEV_MSG_IS_BBX_INTERSECTION
                                 ;     162     case U8G_DEV_MSG_IS_BBX_INTERSECTION:
                                 ;     163       return u8g_pb_IsIntersection(pb, (u8g_dev_arg_bbx_t *)arg);
                                 ;     164 #endif
                                 ;     165     case U8G_DEV_MSG_GET_PAGE_BOX:
                                 ;     166       u8g_pb_GetPageBox(pb, (u8g_box_t *)arg);
                                 		.LINE  "C:\Workspace\e2studio\git\MT01_master\src\Display\u8g_pb8v1.c",166
000001EC A88A                    		MOV.L 0CH[R0], R2
000001EE A809                    		MOV.L 04H[R0], R1
000001F0 05rrrrrr             A  		BSR _u8g_pb_GetPageBox
000001F4 2Err                 B  		BRA L81
000001F6                         L78:	; bb52
                                 ;     167       break;
                                 ;     168     case U8G_DEV_MSG_GET_WIDTH:
                                 ;     169       *((u8g_uint_t *)arg) = pb->width;
                                 		.LINE  "C:\Workspace\e2studio\git\MT01_master\src\Display\u8g_pb8v1.c",169
000001F6 A809                    		MOV.L 04H[R0], R1
000001F8 A88A                    		MOV.L 0CH[R0], R2
000001FA C11205                  		MOV.B 05H[R1], [R2]
000001FD 2Err                 B  		BRA L81
000001FF                         L79:	; bb57
                                 ;     170       break;
                                 ;     171     case U8G_DEV_MSG_GET_HEIGHT:
                                 ;     172       *((u8g_uint_t *)arg) = pb->p.total_height;
                                 		.LINE  "C:\Workspace\e2studio\git\MT01_master\src\Display\u8g_pb8v1.c",172
000001FF A809                    		MOV.L 04H[R0], R1
00000201 A88A                    		MOV.L 0CH[R0], R2
00000203 C11201                  		MOV.B 01H[R1], [R2]
00000206 08                   S  		BRA L81
00000207                         L80:	; bb65
                                 ;     173       break;
                                 ;     174     case U8G_DEV_MSG_SET_COLOR_ENTRY:
                                 ;     175       break;
                                 ;     176     case U8G_DEV_MSG_SET_XY_CB:
                                 ;     177       break;
                                 ;     178     case U8G_DEV_MSG_GET_MODE:
                                 ;     179       return U8G_MODE_BW;
                                 		.LINE  "C:\Workspace\e2studio\git\MT01_master\src\Display\u8g_pb8v1.c",179
00000207 3C0301                  		MOV.B #01H, 03H[R0]
0000020A 08                   S  		BRA L82
0000020B                         L81:	; bb67
                                 ;     180   }
                                 ;     181   return 1;
                                 		.LINE  "C:\Workspace\e2studio\git\MT01_master\src\Display\u8g_pb8v1.c",181
0000020B 3C0301                  		MOV.B #01H, 03H[R0]
0000020E                         L82:	; bb69
0000020E C500030B                		MOV.B 03H[R0], 0BH[R0]
                                 ;     182 }
                                 		.LINE  "C:\Workspace\e2studio\git\MT01_master\src\Display\u8g_pb8v1.c",182
00000212 B289                    		MOVU.B 0BH[R0], R1
00000214 6707                    		RTSD #1CH
                                 ;     183  
                                 ;     184   
                                 		.END

Information List

TOTAL ERROR(S)    00000
TOTAL WARNING(S)  00000
TOTAL LINE(S)     00608   LINES

Section List

Attr         Size               Name
CODE     0000000534(00000216H)  P

Cpu Type

-ISA=RXV1 -FPU

Command Parameter

-subcommand=C:\Users\LAFONS~1\AppData\Local\Temp\$ccrx4DB7\$ccrx\u8g_pb8v1.src.cmd
    -nologo
    -isa=rxv1
    -fpu
    -show=conditionals,definitions,expansions
    -define=__RXV1=1
    -fint_register=0
    -debug
    -endian=little
-listfile=C:\Workspace\e2studio\git\MT01_master\CompactaXP_build\u8g_pb8v1.lst
-output=C:\Workspace\e2studio\git\MT01_master\CompactaXP_build\src\Display\u8g_pb8v1.obj
