* RX FAMILY ASSEMBLER V2.03.00.01 [24 Oct 2014] *  SOURCE LIST  Thu Mar 09 14:18:51 2017

LOC.     OBJ.              0XMDA SOURCE STATEMENT

                                 ;RX Family C/C++ Compiler (V2.03.00.03 [04 Dec 2014])  09-Mar-2017 14:18:51
                                 
                                 ;*** CPU TYPE ***
                                 
                                 ;-ISA=RXV1
                                 
                                 ;*** COMMAND PARAMETER ***
                                 
                                 ;-output=src=u8g_pb8h2.src
                                 ;-lang=c99
                                 ;-include=C:\PROGRA~2\Renesas\RX\2_3_0/include,C:\Workspace\e2studio\git\MT01_master\r_lvd_rx,C:\Workspace\e2studio\git\MT01_master\r_lvd_rx\src,C:/Workspace/e2studio/
                                 ;-debug
                                 ;-show=source,conditionals,definitions,expansions
                                 ;-listfile=u8g_pb8h2.lst
                                 ;-isa=rxv1
                                 ;-optimize=0
                                 ;-fpu
                                 ;-alias=noansi
                                 ;-nologo
                                 ;-nomessage
                                 ;-define=__RX,COMPACTAXP=1,EASYMAK=0,MOBILE=0,FREE_RTOS_PP
                                 ;u8g_pb8h2.c
                                 
                                 		.glb	_u8g_pb8h2_Init
                                 		.glb	_u8g_pb_Clear
                                 		.glb	_u8g_pb8h2_SetPixel
                                 		.glb	_u8g_pb8h2_Set8PixelStd
                                 		.glb	_u8g_dev_pb8h2_base_fn
                                 		.glb	_u8g_pb_Is8PixelVisible
                                 		.glb	_u8g_page_First
                                 		.glb	_u8g_page_Next
                                 		.glb	_u8g_pb_GetPageBox
                                 ;LineNo. C-SOURCE STATEMENT
                                 
                                 		.SECTION	P,CODE
00000000                         _u8g_pb8h2_Init:
                                 		.STACK	_u8g_pb8h2_Init=16
                                 ;       1 /*
                                 ;       2 
                                 ;       3   u8g_pb8h2.c
                                 ;       4   
                                 ;       5   8bit height 2 bit per pixel page buffer
                                 ;       6   byte has horizontal orientation
                                 ;       7 
                                 ;       8   Universal 8bit Graphics Library
                                 ;       9   
                                 ;      10   Copyright (c) 2011, olikraus@gmail.com
                                 ;      11   All rights reserved.
                                 ;      12 
                                 ;      13   Redistribution and use in source and binary forms, with or without modification, 
                                 ;      14   are permitted provided that the following conditions are met:
                                 ;      15 
                                 ;      16   * Redistributions of source code must retain the above copyright notice, this list 
                                 ;      17     of conditions and the following disclaimer.
                                 ;      18     
                                 ;      19   * Redistributions in binary form must reproduce the above copyright notice, this 
                                 ;      20     list of conditions and the following disclaimer in the documentation and/or other 
                                 ;      21     materials provided with the distribution.
                                 ;      22 
                                 ;      23   THIS SOFTWARE IS PROVIDED BY THE COPYRIGHT HOLDERS AND 
                                 ;      24   CONTRIBUTORS "AS IS" AND ANY EXPRESS OR IMPLIED WARRANTIES, 
                                 ;      25   INCLUDING, BUT NOT LIMITED TO, THE IMPLIED WARRANTIES OF 
                                 ;      26   MERCHANTABILITY AND FITNESS FOR A PARTICULAR PURPOSE ARE 
                                 ;      27   DISCLAIMED. IN NO EVENT SHALL THE COPYRIGHT HOLDER OR 
                                 ;      28   CONTRIBUTORS BE LIABLE FOR ANY DIRECT, INDIRECT, INCIDENTAL, 
                                 ;      29   SPECIAL, EXEMPLARY, OR CONSEQUENTIAL DAMAGES (INCLUDING, BUT 
                                 ;      30   NOT LIMITED TO, PROCUREMENT OF SUBSTITUTE GOODS OR SERVICES; 
                                 ;      31   LOSS OF USE, DATA, OR PROFITS; OR BUSINESS INTERRUPTION) HOWEVER 
                                 ;      32   CAUSED AND ON ANY THEORY OF LIABILITY, WHETHER IN CONTRACT, 
                                 ;      33   STRICT LIABILITY, OR TORT (INCLUDING NEGLIGENCE OR OTHERWISE) 
                                 ;      34   ARISING IN ANY WAY OUT OF THE USE OF THIS SOFTWARE, EVEN IF 
                                 ;      35   ADVISED OF THE POSSIBILITY OF SUCH DAMAGE.  
                                 ;      36   
                                 ;      37 
                                 ;      38 */
                                 ;      39 
                                 ;      40 #include "u8g.h"
                                 ;      41 #include <string.h>
                                 ;      42 
                                 ;      43 void u8g_pb8h2_Init(u8g_pb_t *b, void *buf, u8g_uint_t width)
                                 		.LINE  "C:\Workspace\e2studio\git\MT01_master\src\Display\u8g_pb8h2.c",43
00000000 60C0                    		SUB #0CH, R0
00000002 A081                    		MOV.L R1, 08H[R0]
00000004 A00A                    		MOV.L R2, 04H[R0]
00000006 808B                    		MOV.B R3, 03H[R0]
                                 ;      44 {
                                 ;      45   b->buf = buf;
                                 		.LINE  "C:\Workspace\e2studio\git\MT01_master\src\Display\u8g_pb8h2.c",45
00000008 A809                    		MOV.L 04H[R0], R1
0000000A A882                    		MOV.L 08H[R0], R2
0000000C A0A1                    		MOV.L R1, 08H[R2]
0000000E                         L11:	; entry.split
                                 ;      46   b->width = width;
                                 		.LINE  "C:\Workspace\e2studio\git\MT01_master\src\Display\u8g_pb8h2.c",46
0000000E B089                    		MOVU.B 03H[R0], R1
00000010 A882                    		MOV.L 08H[R0], R2
00000012 8129                    		MOV.B R1, 05H[R2]
00000014                         L12:	; entry.split1
                                 ;      47   u8g_pb_Clear(b);
                                 		.LINE  "C:\Workspace\e2studio\git\MT01_master\src\Display\u8g_pb8h2.c",47
00000014 A881                    		MOV.L 08H[R0], R1
00000016 05rrrrrr             A  		BSR _u8g_pb_Clear
0000001A 6703                    		RTSD #0CH
0000001C                         __$u8g_pb8h2_set_pixel:
                                 		.STACK	__$u8g_pb8h2_set_pixel=20
                                 ;      48 }
                                 ;      49 
                                 ;      50 static void u8g_pb8h2_set_pixel(u8g_pb_t *b, u8g_uint_t x, u8g_uint_t y, uint8_t color_index) U8G_NOINLINE;
                                 ;      51 static void u8g_pb8h2_set_pixel(u8g_pb_t *b, u8g_uint_t x, u8g_uint_t y, uint8_t color_index)
                                 		.LINE  "C:\Workspace\e2studio\git\MT01_master\src\Display\u8g_pb8h2.c",51
0000001C 7100F0                  		ADD #0FFFFFFF0H, R0
0000001F A089                    		MOV.L R1, 0CH[R0]
00000021 828A                    		MOV.B R2, 0BH[R0]
00000023 8283                    		MOV.B R3, 0AH[R0]
00000025 820C                    		MOV.B R4, 09H[R0]
                                 ;      52 {
                                 ;      53   register uint8_t mask;
                                 ;      54   register uint16_t tmp;
                                 ;      55   
                                 ;      56   uint8_t *ptr = b->buf;
                                 		.LINE  "C:\Workspace\e2studio\git\MT01_master\src\Display\u8g_pb8h2.c",56
00000027 A889                    		MOV.L 0CH[R0], R1
00000029 E5100201                		MOV.L 08H[R1], 04H[R0]
0000002D                         L14:	; entry.split
                                 ;      57   
                                 ;      58   y -= b->p.page_y0;
                                 		.LINE  "C:\Workspace\e2studio\git\MT01_master\src\Display\u8g_pb8h2.c",58
0000002D B281                    		MOVU.B 0AH[R0], R1
0000002F A88A                    		MOV.L 0CH[R0], R2
00000031 412102                  		SUB 02H[R2].UB, R1
00000034 8281                    		MOV.B R1, 0AH[R0]
00000036                         L15:	; entry.split1
                                 ;      59   
                                 ;      60   tmp = b->width;
                                 		.LINE  "C:\Workspace\e2studio\git\MT01_master\src\Display\u8g_pb8h2.c",60
00000036 A889                    		MOV.L 0CH[R0], R1
00000038 B119                    		MOVU.B 05H[R1], R1
0000003A 9009                    		MOV.W R1, 02H[R0]
0000003C                         L16:	; entry.split2
                                 ;      61   tmp >>= 2;
                                 		.LINE  "C:\Workspace\e2studio\git\MT01_master\src\Display\u8g_pb8h2.c",61
0000003C B809                    		MOVU.W 02H[R0], R1
0000003E 6821                    		SHLR #02H, R1
00000040 9009                    		MOV.W R1, 02H[R0]
00000042                         L17:	; entry.split3
                                 ;      62   tmp *= (uint8_t)y;
                                 		.LINE  "C:\Workspace\e2studio\git\MT01_master\src\Display\u8g_pb8h2.c",62
00000042 B809                    		MOVU.W 02H[R0], R1
00000044 4D010A                  		MUL 0AH[R0].UB, R1
00000047 9009                    		MOV.W R1, 02H[R0]
00000049                         L18:	; entry.split4
                                 ;      63   ptr += tmp;
                                 		.LINE  "C:\Workspace\e2studio\git\MT01_master\src\Display\u8g_pb8h2.c",63
00000049 A809                    		MOV.L 04H[R0], R1
0000004B 06C90101                		ADD 02H[R0].UW, R1
0000004F A009                    		MOV.L R1, 04H[R0]
00000051                         L19:	; entry.split5
                                 ;      64   
                                 ;      65   tmp = x;
                                 		.LINE  "C:\Workspace\e2studio\git\MT01_master\src\Display\u8g_pb8h2.c",65
00000051 B289                    		MOVU.B 0BH[R0], R1
00000053 9009                    		MOV.W R1, 02H[R0]
00000055                         L20:	; entry.split6
                                 ;      66   tmp >>= 2;
                                 		.LINE  "C:\Workspace\e2studio\git\MT01_master\src\Display\u8g_pb8h2.c",66
00000055 B809                    		MOVU.W 02H[R0], R1
00000057 6821                    		SHLR #02H, R1
00000059 9009                    		MOV.W R1, 02H[R0]
0000005B                         L21:	; entry.split7
                                 ;      67   ptr += tmp;
                                 		.LINE  "C:\Workspace\e2studio\git\MT01_master\src\Display\u8g_pb8h2.c",67
0000005B A809                    		MOV.L 04H[R0], R1
0000005D 06C90101                		ADD 02H[R0].UW, R1
00000061 A009                    		MOV.L R1, 04H[R0]
00000063                         L22:	; entry.split8
                                 ;      68   
                                 ;      69   tmp = x;
                                 		.LINE  "C:\Workspace\e2studio\git\MT01_master\src\Display\u8g_pb8h2.c",69
00000063 B289                    		MOVU.B 0BH[R0], R1
00000065 9009                    		MOV.W R1, 02H[R0]
00000067                         L23:	; entry.split9
                                 ;      70   tmp &= 3;
                                 		.LINE  "C:\Workspace\e2studio\git\MT01_master\src\Display\u8g_pb8h2.c",70
00000067 B809                    		MOVU.W 02H[R0], R1
00000069 6431                    		AND #03H, R1
0000006B 9009                    		MOV.W R1, 02H[R0]
0000006D                         L24:	; entry.split10
                                 ;      71   tmp <<= 1;
                                 		.LINE  "C:\Workspace\e2studio\git\MT01_master\src\Display\u8g_pb8h2.c",71
0000006D 9809                    		MOV.W 02H[R0], R1
0000006F 6C11                    		SHLL #01H, R1
00000071 9009                    		MOV.W R1, 02H[R0]
00000073                         L25:	; entry.split11
                                 ;      72   mask = 3;
                                 		.LINE  "C:\Workspace\e2studio\git\MT01_master\src\Display\u8g_pb8h2.c",72
00000073 3C0103                  		MOV.B #03H, 01H[R0]
00000076                         L26:	; entry.split12
                                 ;      73   mask <<= tmp;
                                 		.LINE  "C:\Workspace\e2studio\git\MT01_master\src\Display\u8g_pb8h2.c",73
00000076 B009                    		MOVU.B 01H[R0], R1
00000078 B80A                    		MOVU.W 02H[R0], R2
0000007A FD6221                  		SHLL R2, R1
0000007D 8009                    		MOV.B R1, 01H[R0]
0000007F                         L27:	; entry.split13
                                 ;      74   mask = ~mask;
                                 		.LINE  "C:\Workspace\e2studio\git\MT01_master\src\Display\u8g_pb8h2.c",74
0000007F B009                    		MOVU.B 01H[R0], R1
00000081 7E01                    		NOT R1
00000083 8009                    		MOV.B R1, 01H[R0]
00000085                         L28:	; entry.split14
                                 ;      75   color_index &= 3;
                                 		.LINE  "C:\Workspace\e2studio\git\MT01_master\src\Display\u8g_pb8h2.c",75
00000085 B209                    		MOVU.B 09H[R0], R1
00000087 6431                    		AND #03H, R1
00000089 8209                    		MOV.B R1, 09H[R0]
0000008B                         L29:	; entry.split15
                                 ;      76   color_index <<= tmp;
                                 		.LINE  "C:\Workspace\e2studio\git\MT01_master\src\Display\u8g_pb8h2.c",76
0000008B B209                    		MOVU.B 09H[R0], R1
0000008D B80A                    		MOVU.W 02H[R0], R2
0000008F FD6221                  		SHLL R2, R1
00000092 8209                    		MOV.B R1, 09H[R0]
00000094                         L30:	; entry.split16
                                 ;      77     
                                 ;      78   *ptr &= mask;
                                 		.LINE  "C:\Workspace\e2studio\git\MT01_master\src\Display\u8g_pb8h2.c",78
00000094 A809                    		MOV.L 04H[R0], R1
00000096 581E                    		MOVU.B [R1], R14
00000098 510E01                  		AND 01H[R0].UB, R14
0000009B C31E                    		MOV.B R14, [R1]
0000009D                         L31:	; entry.split17
                                 ;      79   *ptr |= color_index;
                                 		.LINE  "C:\Workspace\e2studio\git\MT01_master\src\Display\u8g_pb8h2.c",79
0000009D A809                    		MOV.L 04H[R0], R1
0000009F 581E                    		MOVU.B [R1], R14
000000A1 550E09                  		OR 09H[R0].UB, R14
000000A4 C31E                    		MOV.B R14, [R1]
000000A6 6704                    		RTSD #10H
000000A8                         _u8g_pb8h2_SetPixel:
                                 		.STACK	_u8g_pb8h2_SetPixel=12
                                 ;      80 }
                                 ;      81 
                                 ;      82 
                                 ;      83 void u8g_pb8h2_SetPixel(u8g_pb_t *b, const u8g_dev_arg_pixel_t * const arg_pixel)
                                 		.LINE  "C:\Workspace\e2studio\git\MT01_master\src\Display\u8g_pb8h2.c",83
000000A8 6080                    		SUB #08H, R0
000000AA A009                    		MOV.L R1, 04H[R0]
000000AC E302                    		MOV.L R2, [R0]
                                 ;      84 {
                                 ;      85   if ( arg_pixel->y < b->p.page_y0 )
                                 		.LINE  "C:\Workspace\e2studio\git\MT01_master\src\Display\u8g_pb8h2.c",85
000000AE A809                    		MOV.L 04H[R0], R1
000000B0 B02A                    		MOVU.B 01H[R2], R2
000000B2 451202                  		CMP 02H[R1].UB, R2
000000B5 29rr                    		BLT L36
000000B7                         L33:	; bb16
                                 ;      86     return;
                                 ;      87   if ( arg_pixel->y > b->p.page_y1 )
                                 		.LINE  "C:\Workspace\e2studio\git\MT01_master\src\Display\u8g_pb8h2.c",87
000000B7 EC01                    		MOV.L [R0], R1
000000B9 B019                    		MOVU.B 01H[R1], R1
000000BB A80A                    		MOV.L 04H[R0], R2
000000BD 452103                  		CMP 03H[R2].UB, R1
000000C0 2Arr                    		BGT L36
000000C2                         L34:	; bb32
                                 ;      88     return;
                                 ;      89   if ( arg_pixel->x >= b->width )
                                 		.LINE  "C:\Workspace\e2studio\git\MT01_master\src\Display\u8g_pb8h2.c",89
000000C2 EC01                    		MOV.L [R0], R1
000000C4 581E                    		MOVU.B [R1], R14
000000C6 A809                    		MOV.L 04H[R0], R1
000000C8 451E05                  		CMP 05H[R1].UB, R14
000000CB 28rr                    		BGE L36
000000CD                         L35:	; bb46
                                 ;      90     return;
                                 ;      91   u8g_pb8h2_set_pixel(b, arg_pixel->x, arg_pixel->y, arg_pixel->color);
                                 		.LINE  "C:\Workspace\e2studio\git\MT01_master\src\Display\u8g_pb8h2.c",91
000000CD EC01                    		MOV.L [R0], R1
000000CF B114                    		MOVU.B 04H[R1], R4
000000D1 B01B                    		MOVU.B 01H[R1], R3
000000D3 5812                    		MOVU.B [R1], R2
000000D5 A809                    		MOV.L 04H[R0], R1
000000D7 39rrrr               W  		BSR __$u8g_pb8h2_set_pixel
000000DA 6702                    		RTSD #08H
000000DC                         L36:	; return
                                 ;      92 }
                                 		.LINE  "C:\Workspace\e2studio\git\MT01_master\src\Display\u8g_pb8h2.c",92
000000DC 6702                    		RTSD #08H
000000DE                         _u8g_pb8h2_Set8PixelStd:
                                 		.STACK	_u8g_pb8h2_Set8PixelStd=16
                                 ;      93 
                                 ;      94 
                                 ;      95 void u8g_pb8h2_Set8PixelStd(u8g_pb_t *b, u8g_dev_arg_pixel_t *arg_pixel)
                                 		.LINE  "C:\Workspace\e2studio\git\MT01_master\src\Display\u8g_pb8h2.c",95
000000DE 60C0                    		SUB #0CH, R0
000000E0 A081                    		MOV.L R1, 08H[R0]
000000E2 A00A                    		MOV.L R2, 04H[R0]
                                 ;      96 {
                                 ;      97   register uint8_t pixel = arg_pixel->pixel;
                                 		.LINE  "C:\Workspace\e2studio\git\MT01_master\src\Display\u8g_pb8h2.c",97
000000E4 C5200203                		MOV.B 02H[R2], 03H[R0]
000000E8                         L38:	; bb6
                                 ;      98   do
                                 ;      99   {
                                 ;     100     if ( pixel & 128 )
                                 		.LINE  "C:\Workspace\e2studio\git\MT01_master\src\Display\u8g_pb8h2.c",100
000000E8 F50703                  		BTST #07H, 03H[R0].B
000000EB 10                   S  		BEQ L40
000000EC                         L39:	; bb7
                                 ;     101     {
                                 ;     102       u8g_pb8h2_SetPixel(b, arg_pixel);
                                 		.LINE  "C:\Workspace\e2studio\git\MT01_master\src\Display\u8g_pb8h2.c",102
000000EC A80A                    		MOV.L 04H[R0], R2
000000EE A881                    		MOV.L 08H[R0], R1
000000F0 39rrrr               W  		BSR _u8g_pb8h2_SetPixel
000000F3                         L40:	; bb15
                                 ;     103     }
                                 ;     104     switch( arg_pixel->dir )
                                 		.LINE  "C:\Workspace\e2studio\git\MT01_master\src\Display\u8g_pb8h2.c",104
000000F3 A809                    		MOV.L 04H[R0], R1
000000F5 B099                    		MOVU.B 03H[R1], R1
000000F7 6131                    		CMP #03H, R1
000000F9 20rr                    		BEQ L47
000000FB                         L41:	; bb15
000000FB 6111                    		CMP #01H, R1
000000FD 20rr                    		BEQ L45
000000FF                         L42:	; bb15
000000FF 6121                    		CMP #02H, R1
00000101 20rr                    		BEQ L46
00000103                         L43:	; bb15
00000103 6101                    		CMP #00H, R1
00000105 21rr                    		BNE L48
00000107                         L44:	; bb20
                                 ;     105     {
                                 ;     106       case 0: arg_pixel->x++; break;
                                 		.LINE  "C:\Workspace\e2studio\git\MT01_master\src\Display\u8g_pb8h2.c",106
00000107 A809                    		MOV.L 04H[R0], R1
00000109 581E                    		MOVU.B [R1], R14
0000010B 621E                    		ADD #01H, R14
0000010D C31E                    		MOV.B R14, [R1]
0000010F 2Err                 B  		BRA L48
00000111                         L45:	; bb25
                                 ;     107       case 1: arg_pixel->y++; break;
                                 		.LINE  "C:\Workspace\e2studio\git\MT01_master\src\Display\u8g_pb8h2.c",107
00000111 A809                    		MOV.L 04H[R0], R1
00000113 B01A                    		MOVU.B 01H[R1], R2
00000115 6212                    		ADD #01H, R2
00000117 801A                    		MOV.B R2, 01H[R1]
00000119 2Err                 B  		BRA L48
0000011B                         L46:	; bb30
                                 ;     108       case 2: arg_pixel->x--; break;
                                 		.LINE  "C:\Workspace\e2studio\git\MT01_master\src\Display\u8g_pb8h2.c",108
0000011B A809                    		MOV.L 04H[R0], R1
0000011D 581E                    		MOVU.B [R1], R14
0000011F 601E                    		SUB #01H, R14
00000121 C31E                    		MOV.B R14, [R1]
00000123 08                   S  		BRA L48
00000124                         L47:	; bb35
                                 ;     109       case 3: arg_pixel->y--; break;
                                 		.LINE  "C:\Workspace\e2studio\git\MT01_master\src\Display\u8g_pb8h2.c",109
00000124 A809                    		MOV.L 04H[R0], R1
00000126 B01A                    		MOVU.B 01H[R1], R2
00000128 6012                    		SUB #01H, R2
0000012A 801A                    		MOV.B R2, 01H[R1]
0000012C                         L48:	; bb40
                                 ;     110     }
                                 ;     111     pixel <<= 1;
                                 		.LINE  "C:\Workspace\e2studio\git\MT01_master\src\Display\u8g_pb8h2.c",111
0000012C B089                    		MOVU.B 03H[R0], R1
0000012E 6C11                    		SHLL #01H, R1
00000130 8089                    		MOV.B R1, 03H[R0]
00000132                         L49:	; bb40.split
                                 		.LINE  "C:\Workspace\e2studio\git\MT01_master\src\Display\u8g_pb8h2.c",98
00000132 B089                    		MOVU.B 03H[R0], R1
00000134 6101                    		CMP #00H, R1
00000136 21rr                    		BNE L38
00000138                         L50:	; return
                                 ;     112   } while( pixel != 0  );
                                 ;     113 }
                                 		.LINE  "C:\Workspace\e2studio\git\MT01_master\src\Display\u8g_pb8h2.c",113
00000138 6703                    		RTSD #0CH
0000013A                         _u8g_dev_pb8h2_base_fn:
                                 		.STACK	_u8g_dev_pb8h2_base_fn=32
                                 ;     114 
                                 ;     115 
                                 ;     116 
                                 ;     117 uint8_t u8g_dev_pb8h2_base_fn(u8g_t *u8g, u8g_dev_t *dev, uint8_t msg, void *arg)
                                 		.LINE  "C:\Workspace\e2studio\git\MT01_master\src\Display\u8g_pb8h2.c",117
0000013A 7100E4                  		ADD #0FFFFFFE4H, R0
0000013D A181                    		MOV.L R1, 18H[R0]
0000013F A10A                    		MOV.L R2, 14H[R0]
00000141 848B                    		MOV.B R3, 13H[R0]
00000143 A08C                    		MOV.L R4, 0CH[R0]
                                 ;     118 {
                                 ;     119   u8g_pb_t *pb = (u8g_pb_t *)(dev->dev_mem);
                                 		.LINE  "C:\Workspace\e2studio\git\MT01_master\src\Display\u8g_pb8h2.c",119
00000145 A909                    		MOV.L 14H[R0], R1
00000147 E5100101                		MOV.L 04H[R1], 04H[R0]
0000014B                         L52:	; entry.split
                                 ;     120   switch(msg)
                                 		.LINE  "C:\Workspace\e2studio\git\MT01_master\src\Display\u8g_pb8h2.c",120
0000014B B489                    		MOVU.B 13H[R0], R1
0000014D 755114                  		CMP #14H, R1
00000150 20rr                    		BEQ L63
00000152                         L53:	; entry.split
00000152 755115                  		CMP #15H, R1
00000155 20rr                    		BEQ L65
00000157                         L54:	; entry.split
00000157 755117                  		CMP #17H, R1
0000015A 20rr                    		BEQ L68
0000015C                         L55:	; entry.split
0000015C 755132                  		CMP #32H, R1
0000015F 20rr                    		BEQ L62
00000161                         L56:	; entry.split
00000161 755148                  		CMP #48H, R1
00000164 20rr                    		BEQ L71
00000166                         L57:	; entry.split
00000166 755146                  		CMP #46H, R1
00000169 20rr                    		BEQ L69
0000016B                         L58:	; entry.split
0000016B 755147                  		CMP #47H, R1
0000016E 20rr                    		BEQ L70
00000170                         L59:	; entry.split
00000170 75513B                  		CMP #3BH, R1
00000173 21rr                    		BNE L72
00000175                         L60:	; bb12
                                 ;     121   {
                                 ;     122     case U8G_DEV_MSG_SET_8PIXEL:
                                 ;     123       if ( u8g_pb_Is8PixelVisible(pb, (u8g_dev_arg_pixel_t *)arg) )
                                 		.LINE  "C:\Workspace\e2studio\git\MT01_master\src\Display\u8g_pb8h2.c",123
00000175 A88A                    		MOV.L 0CH[R0], R2
00000177 A809                    		MOV.L 04H[R0], R1
00000179 05rrrrrr             A  		BSR _u8g_pb_Is8PixelVisible
0000017D 6101                    		CMP #00H, R1
0000017F 20rr                    		BEQ L72
00000181                         L61:	; bb13
                                 ;     124       {
                                 ;     125         u8g_pb8h2_Set8PixelStd(pb, (u8g_dev_arg_pixel_t *)arg);
                                 		.LINE  "C:\Workspace\e2studio\git\MT01_master\src\Display\u8g_pb8h2.c",125
00000181 A88A                    		MOV.L 0CH[R0], R2
00000183 A809                    		MOV.L 04H[R0], R1
00000185 39rrrr               W  		BSR _u8g_pb8h2_Set8PixelStd
00000188 2Err                 B  		BRA L72
0000018A                         L62:	; bb25
                                 ;     126       }
                                 ;     127       break;
                                 ;     128     case U8G_DEV_MSG_SET_PIXEL:
                                 ;     129       u8g_pb8h2_SetPixel(pb, (u8g_dev_arg_pixel_t *)arg);
                                 		.LINE  "C:\Workspace\e2studio\git\MT01_master\src\Display\u8g_pb8h2.c",129
0000018A A88A                    		MOV.L 0CH[R0], R2
0000018C A809                    		MOV.L 04H[R0], R1
0000018E 39rrrr               W  		BSR _u8g_pb8h2_SetPixel
00000191 2Err                 B  		BRA L72
00000193                         L63:	; bb31
                                 ;     130       break;
                                 ;     131     case U8G_DEV_MSG_INIT:
                                 ;     132       break;
                                 ;     133     case U8G_DEV_MSG_STOP:
                                 ;     134       break;
                                 ;     135     case U8G_DEV_MSG_PAGE_FIRST:
                                 ;     136       u8g_pb_Clear(pb);
                                 		.LINE  "C:\Workspace\e2studio\git\MT01_master\src\Display\u8g_pb8h2.c",136
00000193 A809                    		MOV.L 04H[R0], R1
00000195 05rrrrrr             A  		BSR _u8g_pb_Clear
00000199                         L64:	; bb31.split
                                 ;     137       u8g_page_First(&(pb->p));
                                 		.LINE  "C:\Workspace\e2studio\git\MT01_master\src\Display\u8g_pb8h2.c",137
00000199 A809                    		MOV.L 04H[R0], R1
0000019B 05rrrrrr             A  		BSR _u8g_page_First
0000019F 2Err                 B  		BRA L72
000001A1                         L65:	; bb36
                                 ;     138       break;
                                 ;     139     case U8G_DEV_MSG_PAGE_NEXT:
                                 ;     140       if ( u8g_page_Next(&(pb->p)) == 0 )
                                 		.LINE  "C:\Workspace\e2studio\git\MT01_master\src\Display\u8g_pb8h2.c",140
000001A1 A809                    		MOV.L 04H[R0], R1
000001A3 05rrrrrr             A  		BSR _u8g_page_Next
000001A7 6101                    		CMP #00H, R1
000001A9 18                   S  		BNE L67
000001AA                         L66:	; bb37
                                 ;     141         return 0;
                                 		.LINE  "C:\Workspace\e2studio\git\MT01_master\src\Display\u8g_pb8h2.c",141
000001AA 3C0300                  		MOV.B #00H, 03H[R0]
000001AD 2Err                 B  		BRA L73
000001AF                         L67:	; bb46
                                 ;     142       u8g_pb_Clear(pb);
                                 		.LINE  "C:\Workspace\e2studio\git\MT01_master\src\Display\u8g_pb8h2.c",142
000001AF A809                    		MOV.L 04H[R0], R1
000001B1 05rrrrrr             A  		BSR _u8g_pb_Clear
000001B5 2Err                 B  		BRA L72
000001B7                         L68:	; bb48
                                 ;     143       break;
                                 ;     144 #ifdef U8G_DEV_MSG_IS_BBX_INTERSECTION
                                 ;     145     case U8G_DEV_MSG_IS_BBX_INTERSECTION:
                                 ;     146       return u8g_pb_IsIntersection(pb, (u8g_dev_arg_bbx_t *)arg);
                                 ;     147 #endif
                                 ;     148     case U8G_DEV_MSG_GET_PAGE_BOX:
                                 ;     149       u8g_pb_GetPageBox(pb, (u8g_box_t *)arg);
                                 		.LINE  "C:\Workspace\e2studio\git\MT01_master\src\Display\u8g_pb8h2.c",149
000001B7 A88A                    		MOV.L 0CH[R0], R2
000001B9 A809                    		MOV.L 04H[R0], R1
000001BB 05rrrrrr             A  		BSR _u8g_pb_GetPageBox
000001BF 2Err                 B  		BRA L72
000001C1                         L69:	; bb52
                                 ;     150       break;
                                 ;     151     case U8G_DEV_MSG_GET_WIDTH:
                                 ;     152       *((u8g_uint_t *)arg) = pb->width;
                                 		.LINE  "C:\Workspace\e2studio\git\MT01_master\src\Display\u8g_pb8h2.c",152
000001C1 A809                    		MOV.L 04H[R0], R1
000001C3 A88A                    		MOV.L 0CH[R0], R2
000001C5 C11205                  		MOV.B 05H[R1], [R2]
000001C8 2Err                 B  		BRA L72
000001CA                         L70:	; bb57
                                 ;     153       break;
                                 ;     154     case U8G_DEV_MSG_GET_HEIGHT:
                                 ;     155       *((u8g_uint_t *)arg) = pb->p.total_height;
                                 		.LINE  "C:\Workspace\e2studio\git\MT01_master\src\Display\u8g_pb8h2.c",155
000001CA A809                    		MOV.L 04H[R0], R1
000001CC A88A                    		MOV.L 0CH[R0], R2
000001CE C11201                  		MOV.B 01H[R1], [R2]
000001D1 08                   S  		BRA L72
000001D2                         L71:	; bb65
                                 ;     156       break;
                                 ;     157     case U8G_DEV_MSG_SET_COLOR_ENTRY:
                                 ;     158       break;
                                 ;     159     case U8G_DEV_MSG_SET_XY_CB:
                                 ;     160       break;
                                 ;     161     case U8G_DEV_MSG_GET_MODE:
                                 ;     162       return U8G_MODE_GRAY2BIT;
                                 		.LINE  "C:\Workspace\e2studio\git\MT01_master\src\Display\u8g_pb8h2.c",162
000001D2 3C0302                  		MOV.B #02H, 03H[R0]
000001D5 08                   S  		BRA L73
000001D6                         L72:	; bb67
                                 ;     163   }
                                 ;     164   return 1;
                                 		.LINE  "C:\Workspace\e2studio\git\MT01_master\src\Display\u8g_pb8h2.c",164
000001D6 3C0301                  		MOV.B #01H, 03H[R0]
000001D9                         L73:	; bb69
000001D9 C500030B                		MOV.B 03H[R0], 0BH[R0]
                                 ;     165 }
                                 		.LINE  "C:\Workspace\e2studio\git\MT01_master\src\Display\u8g_pb8h2.c",165
000001DD B289                    		MOVU.B 0BH[R0], R1
000001DF 6707                    		RTSD #1CH
                                 ;     166  
                                 ;     167   
                                 		.END

Information List

TOTAL ERROR(S)    00000
TOTAL WARNING(S)  00000
TOTAL LINE(S)     00546   LINES

Section List

Attr         Size               Name
CODE     0000000481(000001E1H)  P

Cpu Type

-ISA=RXV1 -FPU

Command Parameter

-subcommand=C:\Users\LAFONS~1\AppData\Local\Temp\$ccrx124\$ccrx\u8g_pb8h2.src.cmd
    -nologo
    -isa=rxv1
    -fpu
    -show=conditionals,definitions,expansions
    -define=__RXV1=1
    -fint_register=0
    -debug
    -endian=little
-listfile=C:\Workspace\e2studio\git\MT01_master\CompactaXP_build\u8g_pb8h2.lst
-output=C:\Workspace\e2studio\git\MT01_master\CompactaXP_build\src\Display\u8g_pb8h2.obj
