* RX FAMILY ASSEMBLER V2.03.00.01 [24 Oct 2014] *  SOURCE LIST  Thu Mar 09 14:18:54 2017

LOC.     OBJ.              0XMDA SOURCE STATEMENT

                                 ;RX Family C/C++ Compiler (V2.03.00.03 [04 Dec 2014])  09-Mar-2017 14:18:54
                                 
                                 ;*** CPU TYPE ***
                                 
                                 ;-ISA=RXV1
                                 
                                 ;*** COMMAND PARAMETER ***
                                 
                                 ;-output=src=u8g_font_m2icon_7.src
                                 ;-lang=c99
                                 ;-include=C:\PROGRA~2\Renesas\RX\2_3_0/include,C:\Workspace\e2studio\git\MT01_master\r_lvd_rx,C:\Workspace\e2studio\git\MT01_master\r_lvd_rx\src,C:/Workspace/e2studio/
                                 ;-debug
                                 ;-show=source,conditionals,definitions,expansions
                                 ;-listfile=u8g_font_m2icon_7.lst
                                 ;-isa=rxv1
                                 ;-optimize=0
                                 ;-fpu
                                 ;-alias=noansi
                                 ;-nologo
                                 ;-nomessage
                                 ;-define=__RX,COMPACTAXP=1,EASYMAK=0,MOBILE=0,FREE_RTOS_PP
                                 ;u8g_font_m2icon_7.c
                                 
                                 		.glb	_u8g_font_m2icon_7
                                 ;LineNo. C-SOURCE STATEMENT
                                 
                                 		.SECTION	C_1,ROMDATA
00000000                         _u8g_font_m2icon_7:
00000000 010C0800                		.byte	01H,0CH,08H,00H,0FFH,07H,00H,11H,00H,0D6H
         FF070011                
         00D6                    
0000000A 4168                    		.byte	"Ah"
0000000C FF07FF07                		.byte	0FFH,07H,0FFH,07H,0FFH,02H,97H,0AEH,0FH,00H,0FFH,80H,80H,80H,80H,80H
         FF0297AE                
         0F00FF80                
         80808080                
0000001C 80808080                		.byte	80H,80H,80H,80H,0FFH,80H,02H
         FF8002                  
00000023 57673868                		.byte	"Wg8h"
00000027 E8888888                		.byte	0E8H,88H,88H,88H,0F8H,03H
         F803                    
0000002D 5464                    		.byte	"Td"
0000002F D8                      		.byte	0D8H
00000030 7070                    		.byte	"pp"
00000032 D8028696                		.byte	0D8H,02H,86H,96H,03H,06H,0CH,0D8H
         03060CD8                
0000003A 7020                    		.byte	"p "
0000003C 02                      		.byte	02H
0000003D 6676                    		.byte	"fv"
0000003F FC848484                		.byte	0FCH,84H,84H,84H,84H,0FCH,02H
         84FC02                  
00000046 6676                    		.byte	"fv"
00000048 FC84B4B4                		.byte	0FCH,84H,0B4H,0B4H,84H,0FCH,02H
         84FC02                  
0000004F 6676                    		.byte	"fv"
00000051 FCFCFCFC                		.byte	0FCH,0FCH,0FCH,0FCH,0FCH,0FCH,02H
         FCFC02                  
00000058 77                      		.byte	"w"
00000059 97FE8282                		.byte	97H,0FEH,82H,82H,82H,82H,82H,0FEH,02H
         828282FE                
         02                      
00000062 77                      		.byte	"w"
00000063 97FE82BA                		.byte	97H,0FEH,82H,0BAH,0BAH,0BAH,82H,0FEH,02H
         BABA82FE                
         02                      
0000006C 77                      		.byte	"w"
0000006D 97FEFEFE                		.byte	97H,0FEH,0FEH,0FEH,0FEH,0FEH,0FEH,0FEH,02H
         FEFEFEFE                
         02                      
00000076 6676                    		.byte	"fv"
00000078 F88C8C8C                		.byte	0F8H,8CH,8CH,8CH,0FCH
         FC                      
0000007D 7C                      		.byte	"|"
0000007E 02                      		.byte	02H
0000007F 6676                    		.byte	"fv"
00000081 F88CAC8C                		.byte	0F8H,8CH,0ACH,8CH,0FCH
         FC                      
00000086 7C                      		.byte	"|"
00000087 02                      		.byte	02H
00000088 66                      		.byte	"f"
00000089 86F8FCFC                		.byte	86H,0F8H,0FCH,0FCH,0FCH,0FCH
         FCFC                    
0000008F 7C                      		.byte	"|"
00000090 02                      		.byte	02H
00000091 77                      		.byte	"w"
00000092 97FC8686                		.byte	97H,0FCH,86H,86H,86H,86H,0FEH
         8686FE                  
00000099 7E                      		.byte	"~"
0000009A 02                      		.byte	02H
0000009B 77                      		.byte	"w"
0000009C 97FC86B6                		.byte	97H,0FCH,86H,0B6H,0B6H,86H,0FEH
         B686FE                  
000000A3 7E                      		.byte	"~"
000000A4 02                      		.byte	02H
000000A5 77                      		.byte	"w"
000000A6 97FCFEFE                		.byte	97H,0FCH,0FEH,0FEH,0FEH,0FEH,0FEH
         FEFEFE                  
000000AD 7E                      		.byte	"~"
000000AE 02                      		.byte	02H
000000AF 667678                  		.byte	"fvx"
000000B2 CC8484CC                		.byte	0CCH,84H,84H,0CCH
000000B6 78                      		.byte	"x"
000000B7 02                      		.byte	02H
000000B8 667678                  		.byte	"fvx"
000000BB CCB4B4CC                		.byte	0CCH,0B4H,0B4H,0CCH
000000BF 78                      		.byte	"x"
000000C0 02                      		.byte	02H
000000C1 667678                  		.byte	"fvx"
000000C4 FCFCFCFC                		.byte	0FCH,0FCH,0FCH,0FCH
000000C8 78                      		.byte	"x"
000000C9 FFFFFFFF                		.byte	0FFH,0FFH,0FFH,0FFH,0FFH,0FFH,0FFH,0FFH,0FFH,0FFH,0FFH,0FFH,0FFH,02H,87H,97H
         FFFFFFFF                
         FFFFFFFF                
         FF028797                
000000D9 10                      		.byte	10H
000000DA 305F                    		.byte	"0_"
000000DC 81                      		.byte	81H
000000DD 5F30                    		.byte	"_0"
000000DF 1002                    		.byte	10H,02H
000000E1 77                      		.byte	"w"
000000E2 8710                    		.byte	87H,10H
000000E4 2844                    		.byte	"(D"
000000E6 EE                      		.byte	0EEH
000000E7 282838                  		.byte	"((8"
000000EA FFFFFF02                		.byte	0FFH,0FFH,0FFH,02H,0C7H,0DEH,0FH,00H,0FFH,80H,80H,80H,9FH,0F0H,0A0H
         C7DE0F00                
         FF808080                
         9FF0A0                  
000000F9 20                      		.byte	" "
000000FA C0                      		.byte	0C0H
000000FB 40                      		.byte	"@"
000000FC FF800118                		.byte	0FFH,80H,01H,18H
00000100 28                      		.byte	"("
00000101 80808080                		.byte	80H,80H,80H,80H,80H,80H,80H,80H,02H
         80808080                
         02                      
0000010A 77                      		.byte	"w"
0000010B C7100010                		.byte	0C7H,10H,00H,10H,0BAH,10H,00H,10H
         BA100010                
                                 		.END

Information List

TOTAL ERROR(S)    00000
TOTAL WARNING(S)  00000
TOTAL LINE(S)     00108   LINES

Section List

Attr         Size               Name
ROMDATA  0000000275(00000113H)  C_1

Cpu Type

-ISA=RXV1 -FPU

Command Parameter

-subcommand=C:\Users\LAFONS~1\AppData\Local\Temp\$ccrx124\$ccrx\u8g_font_m2icon_7.src.cmd
    -nologo
    -isa=rxv1
    -fpu
    -show=conditionals,definitions,expansions
    -define=__RXV1=1
    -fint_register=0
    -debug
    -endian=little
-listfile=C:\Workspace\e2studio\git\MT01_master\CompactaXP_build\u8g_font_m2icon_7.lst
-output=C:\Workspace\e2studio\git\MT01_master\CompactaXP_build\src\Display\font\u8g_font_m2icon_7.obj
