* RX FAMILY ASSEMBLER V2.03.00.01 [24 Oct 2014] *  SOURCE LIST  Tue Feb 28 14:07:22 2017

LOC.     OBJ.              0XMDA SOURCE STATEMENT

                                 ;RX Family C/C++ Compiler (V2.03.00.03 [04 Dec 2014])  28-Feb-2017 14:07:22
                                 
                                 ;*** CPU TYPE ***
                                 
                                 ;-ISA=RXV1
                                 
                                 ;*** COMMAND PARAMETER ***
                                 
                                 ;-output=src=u8g_font_6x10.src
                                 ;-lang=c99
                                 ;-include=C:\PROGRA~2\Renesas\RX\2_3_0/include,C:\Workspace\e2studio\git\MT01\r_lvd_rx,C:\Workspace\e2studio\git\MT01\r_lvd_rx\src,C:/Workspace/e2studio/git/MT01/r_tfa
                                 ;-debug
                                 ;-show=source,conditionals,definitions,expansions
                                 ;-listfile=u8g_font_6x10.lst
                                 ;-isa=rxv1
                                 ;-optimize=0
                                 ;-fpu
                                 ;-alias=noansi
                                 ;-nologo
                                 ;-nomessage
                                 ;-define=__RX,COMPACTAXP=1,EASYMAK=0,MOBILE=0,FREE_RTOS_PP
                                 ;u8g_font_6x10.c
                                 
                                 		.glb	_u8g_font_6x10
                                 ;LineNo. C-SOURCE STATEMENT
                                 
                                 		.SECTION	C_1,ROMDATA
00000000                         _u8g_font_6x10:
00000000 01060A00                		.byte	01H,06H,0AH,00H,0FEH,07H,01H
         FE0701                  
00000007 36                      		.byte	"6"
00000008 02                      		.byte	02H
00000009 6820                    		.byte	"h "
0000000B FFFE08FE                		.byte	0FFH,0FEH,08H,0FEH,07H,0FEH,0AH,00H
         07FE0A00                
00000013 60                      		.byte	"`"
00000014 2217                    		.byte	22H,17H
00000016 67                      		.byte	"g"
00000017 80808080                		.byte	80H,80H,80H,80H,80H,00H,80H,16H
         80008016                
0000001F 3363                    		.byte	"3c"
00000021 A0A0A002                		.byte	0A0H,0A0H,0A0H,02H
00000025 57675050                		.byte	"WgPP"
00000029 F8                      		.byte	0F8H
0000002A 50                      		.byte	"P"
0000002B F8                      		.byte	0F8H
0000002C 5050                    		.byte	"PP"
0000002E 02                      		.byte	02H
0000002F 57672070                		.byte	"Wg p"
00000033 A0                      		.byte	0A0H
00000034 70287020                		.byte	"p(p "
00000038 02                      		.byte	02H
00000039 576748                  		.byte	"WgH"
0000003C A8                      		.byte	0A8H
0000003D 502050                  		.byte	"P P"
00000040 A89002                  		.byte	0A8H,90H,02H
00000043 576740                  		.byte	"Wg@"
00000046 A0A0                    		.byte	0A0H,0A0H
00000048 40                      		.byte	"@"
00000049 A890                    		.byte	0A8H,90H
0000004B 6826                    		.byte	"h&"
0000004D 13                      		.byte	13H
0000004E 63                      		.byte	"c"
0000004F 80808012                		.byte	80H,80H,80H,12H
00000053 37672040                		.byte	"7g @"
00000057 808080                  		.byte	80H,80H,80H
0000005A 4020                    		.byte	"@ "
0000005C 12                      		.byte	12H
0000005D 3767                    		.byte	"7g"
0000005F 80                      		.byte	80H
00000060 40202020                		.byte	"@   @"
         40                      
00000065 8003                    		.byte	80H,03H
00000067 5565                    		.byte	"Ue"
00000069 88                      		.byte	88H
0000006A 50                      		.byte	"P"
0000006B F8                      		.byte	0F8H
0000006C 50                      		.byte	"P"
0000006D 8803                    		.byte	88H,03H
0000006F 55652020                		.byte	"Ue  "
00000073 F8                      		.byte	0F8H
00000074 2020                    		.byte	"  "
00000076 11                      		.byte	11H
00000077 33636040                		.byte	"3c`@"
0000007B 8005                    		.byte	80H,05H
0000007D 5161                    		.byte	"Qa"
0000007F F811                    		.byte	0F8H,11H
00000081 336340                  		.byte	"3c@"
00000084 E0                      		.byte	0E0H
00000085 40                      		.byte	"@"
00000086 02                      		.byte	02H
00000087 5767                    		.byte	"Wg"
00000089 080810                  		.byte	08H,08H,10H
0000008C 2040                    		.byte	" @"
0000008E 808002                  		.byte	80H,80H,02H
00000091 57672050                		.byte	"Wg P"
00000095 888888                  		.byte	88H,88H,88H
00000098 5020                    		.byte	"P "
0000009A 02                      		.byte	02H
0000009B 57672060                		.byte	"Wg `"
0000009F A0                      		.byte	0A0H
000000A0 202020                  		.byte	"   "
000000A3 F802                    		.byte	0F8H,02H
000000A5 576770                  		.byte	"Wgp"
000000A8 8808                    		.byte	88H,08H
000000AA 3040                    		.byte	"0@"
000000AC 80F802                  		.byte	80H,0F8H,02H
000000AF 5767                    		.byte	"Wg"
000000B1 F80810                  		.byte	0F8H,08H,10H
000000B4 30                      		.byte	"0"
000000B5 0888                    		.byte	08H,88H
000000B7 70                      		.byte	"p"
000000B8 02                      		.byte	02H
000000B9 5767                    		.byte	"Wg"
000000BB 10                      		.byte	10H
000000BC 3050                    		.byte	"0P"
000000BE 90F81010                		.byte	90H,0F8H,10H,10H,02H
         02                      
000000C3 5767                    		.byte	"Wg"
000000C5 F880B0C8                		.byte	0F8H,80H,0B0H,0C8H,08H,88H
         0888                    
000000CB 70                      		.byte	"p"
000000CC 02                      		.byte	02H
000000CD 57673040                		.byte	"Wg0@"
000000D1 80B0C888                		.byte	80H,0B0H,0C8H,88H
000000D5 70                      		.byte	"p"
000000D6 02                      		.byte	02H
000000D7 5767                    		.byte	"Wg"
000000D9 F8081010                		.byte	0F8H,08H,10H,10H
000000DD 204040                  		.byte	" @@"
000000E0 02                      		.byte	02H
000000E1 576770                  		.byte	"Wgp"
000000E4 8888                    		.byte	88H,88H
000000E6 70                      		.byte	"p"
000000E7 8888                    		.byte	88H,88H
000000E9 70                      		.byte	"p"
000000EA 02                      		.byte	02H
000000EB 576770                  		.byte	"Wgp"
000000EE 8898                    		.byte	88H,98H
000000F0 68                      		.byte	"h"
000000F1 0810                    		.byte	08H,10H
000000F3 60                      		.byte	"`"
000000F4 11                      		.byte	11H
000000F5 376740                  		.byte	"7g@"
000000F8 E0                      		.byte	0E0H
000000F9 40                      		.byte	"@"
000000FA 00                      		.byte	00H
000000FB 40                      		.byte	"@"
000000FC E0                      		.byte	0E0H
000000FD 40                      		.byte	"@"
000000FE 11                      		.byte	11H
000000FF 376740                  		.byte	"7g@"
00000102 E0                      		.byte	0E0H
00000103 40                      		.byte	"@"
00000104 00                      		.byte	00H
00000105 6040                    		.byte	"`@"
00000107 8012                    		.byte	80H,12H
00000109 4767                    		.byte	"Gg"
0000010B 10                      		.byte	10H
0000010C 2040                    		.byte	" @"
0000010E 80                      		.byte	80H
0000010F 4020                    		.byte	"@ "
00000111 1004                    		.byte	10H,04H
00000113 5363                    		.byte	"Sc"
00000115 F800F812                		.byte	0F8H,00H,0F8H,12H
00000119 4767                    		.byte	"Gg"
0000011B 80                      		.byte	80H
0000011C 4020                    		.byte	"@ "
0000011E 10                      		.byte	10H
0000011F 2040                    		.byte	" @"
00000121 8002                    		.byte	80H,02H
00000123 576770                  		.byte	"Wgp"
00000126 8810                    		.byte	88H,10H
00000128 2020                    		.byte	"  "
0000012A 00                      		.byte	00H
0000012B 20                      		.byte	" "
0000012C 02                      		.byte	02H
0000012D 576770                  		.byte	"Wgp"
00000130 8898A8B0                		.byte	88H,98H,0A8H,0B0H,80H
         80                      
00000135 70                      		.byte	"p"
00000136 02                      		.byte	02H
00000137 57672050                		.byte	"Wg P"
0000013B 8888F888                		.byte	88H,88H,0F8H,88H,88H,02H
         8802                    
00000141 5767                    		.byte	"Wg"
00000143 F0                      		.byte	0F0H
00000144 48487048                		.byte	"HHpHH"
         48                      
00000149 F002                    		.byte	0F0H,02H
0000014B 576770                  		.byte	"Wgp"
0000014E 88808080                		.byte	88H,80H,80H,80H,88H
         88                      
00000153 70                      		.byte	"p"
00000154 02                      		.byte	02H
00000155 5767                    		.byte	"Wg"
00000157 F0                      		.byte	0F0H
00000158 48484848                		.byte	"HHHHH"
         48                      
0000015D F002                    		.byte	0F0H,02H
0000015F 5767                    		.byte	"Wg"
00000161 F88080F0                		.byte	0F8H,80H,80H,0F0H,80H,80H,0F8H,02H
         8080F802                
00000169 5767                    		.byte	"Wg"
0000016B F88080F0                		.byte	0F8H,80H,80H,0F0H,80H,80H,80H,02H
         80808002                
00000173 576770                  		.byte	"Wgp"
00000176 88808098                		.byte	88H,80H,80H,98H,88H
         88                      
0000017B 70                      		.byte	"p"
0000017C 02                      		.byte	02H
0000017D 5767                    		.byte	"Wg"
0000017F 888888F8                		.byte	88H,88H,88H,0F8H,88H,88H,88H,12H
         88888812                
00000187 3767                    		.byte	"7g"
00000189 E0                      		.byte	0E0H
0000018A 40404040                		.byte	"@@@@@"
         40                      
0000018F E002                    		.byte	0E0H,02H
00000191 576738                  		.byte	"Wg8"
00000194 10101010                		.byte	10H,10H,10H,10H,90H
         90                      
00000199 60                      		.byte	"`"
0000019A 02                      		.byte	02H
0000019B 5767                    		.byte	"Wg"
0000019D 8890A0C0                		.byte	88H,90H,0A0H,0C0H,0A0H,90H,88H,02H
         A0908802                
000001A5 5767                    		.byte	"Wg"
000001A7 80808080                		.byte	80H,80H,80H,80H,80H,80H,0F8H,02H
         8080F802                
000001AF 5767                    		.byte	"Wg"
000001B1 8888D8A8                		.byte	88H,88H,0D8H,0A8H,88H,88H,88H,02H
         88888802                
000001B9 5767                    		.byte	"Wg"
000001BB 8888C8A8                		.byte	88H,88H,0C8H,0A8H,98H,88H,88H,02H
         98888802                
000001C3 576770                  		.byte	"Wgp"
000001C6 88888888                		.byte	88H,88H,88H,88H,88H
         88                      
000001CB 70                      		.byte	"p"
000001CC 02                      		.byte	02H
000001CD 5767                    		.byte	"Wg"
000001CF F08888F0                		.byte	0F0H,88H,88H,0F0H,80H,80H,80H,01H
         80808001                
000001D7 586870                  		.byte	"Xhp"
000001DA 88888888                		.byte	88H,88H,88H,88H,0A8H
         A8                      
000001DF 70                      		.byte	"p"
000001E0 0802                    		.byte	08H,02H
000001E2 5767                    		.byte	"Wg"
000001E4 F08888F0                		.byte	0F0H,88H,88H,0F0H,0A0H,90H,88H,02H
         A0908802                
000001EC 576770                  		.byte	"Wgp"
000001EF 8880                    		.byte	88H,80H
000001F1 70                      		.byte	"p"
000001F2 0888                    		.byte	08H,88H
000001F4 70                      		.byte	"p"
000001F5 02                      		.byte	02H
000001F6 5767                    		.byte	"Wg"
000001F8 F8                      		.byte	0F8H
000001F9 20202020                		.byte	"      "
         2020                    
000001FF 02                      		.byte	02H
00000200 5767                    		.byte	"Wg"
00000202 88888888                		.byte	88H,88H,88H,88H,88H,88H
         8888                    
00000208 70                      		.byte	"p"
00000209 02                      		.byte	02H
0000020A 5767                    		.byte	"Wg"
0000020C 888888                  		.byte	88H,88H,88H
0000020F 50505020                		.byte	"PPP "
00000213 02                      		.byte	02H
00000214 5767                    		.byte	"Wg"
00000216 888888A8                		.byte	88H,88H,88H,0A8H,0A8H,0D8H,88H,02H
         A8D88802                
0000021E 5767                    		.byte	"Wg"
00000220 8888                    		.byte	88H,88H
00000222 502050                  		.byte	"P P"
00000225 888802                  		.byte	88H,88H,02H
00000228 5767                    		.byte	"Wg"
0000022A 8888                    		.byte	88H,88H
0000022C 50202020                		.byte	"P    "
         20                      
00000231 02                      		.byte	02H
00000232 5767                    		.byte	"Wg"
00000234 F80810                  		.byte	0F8H,08H,10H
00000237 2040                    		.byte	" @"
00000239 80F812                  		.byte	80H,0F8H,12H
0000023C 3767                    		.byte	"7g"
0000023E E0808080                		.byte	0E0H,80H,80H,80H,80H,80H,0E0H,02H
         8080E002                
00000246 5767                    		.byte	"Wg"
00000248 8080                    		.byte	80H,80H
0000024A 4020                    		.byte	"@ "
0000024C 10080812                		.byte	10H,08H,08H,12H
00000250 3767                    		.byte	"7g"
00000252 E0                      		.byte	0E0H
00000253 20202020                		.byte	"     "
         20                      
00000258 E006                    		.byte	0E0H,06H
0000025A 53632050                		.byte	"Sc P"
0000025E 8801                    		.byte	88H,01H
00000260 5161                    		.byte	"Qa"
00000262 F8                      		.byte	0F8H
00000263 28                      		.byte	"("
00000264 22                      		.byte	22H
00000265 62                      		.byte	"b"
00000266 80                      		.byte	80H
00000267 40                      		.byte	"@"
00000268 02                      		.byte	02H
00000269 556570                  		.byte	"Uep"
0000026C 08                      		.byte	08H
0000026D 78                      		.byte	"x"
0000026E 88                      		.byte	88H
0000026F 78                      		.byte	"x"
00000270 02                      		.byte	02H
00000271 5767                    		.byte	"Wg"
00000273 8080B0C8                		.byte	80H,80H,0B0H,0C8H,88H,0C8H,0B0H,02H
         88C8B002                
0000027B 556570                  		.byte	"Uep"
0000027E 888088                  		.byte	88H,80H,88H
00000281 70                      		.byte	"p"
00000282 02                      		.byte	02H
00000283 5767                    		.byte	"Wg"
00000285 0808                    		.byte	08H,08H
00000287 68                      		.byte	"h"
00000288 988898                  		.byte	98H,88H,98H
0000028B 68                      		.byte	"h"
0000028C 02                      		.byte	02H
0000028D 556570                  		.byte	"Uep"
00000290 88F880                  		.byte	88H,0F8H,80H
00000293 70                      		.byte	"p"
00000294 02                      		.byte	02H
00000295 57673048                		.byte	"Wg0H@"
         40                      
0000029A F0                      		.byte	0F0H
0000029B 404040                  		.byte	"@@@"
0000029E 00                      		.byte	00H
0000029F 576778                  		.byte	"Wgx"
000002A2 8888                    		.byte	88H,88H
000002A4 78                      		.byte	"x"
000002A5 0888                    		.byte	08H,88H
000002A7 70                      		.byte	"p"
000002A8 02                      		.byte	02H
000002A9 5767                    		.byte	"Wg"
000002AB 8080B0C8                		.byte	80H,80H,0B0H,0C8H,88H,88H,88H,12H
         88888812                
000002B3 376740                  		.byte	"7g@"
000002B6 00C0                    		.byte	00H,0C0H
000002B8 404040                  		.byte	"@@@"
000002BB E010                    		.byte	0E0H,10H
000002BD 4969                    		.byte	"Ii"
000002BF 1000                    		.byte	10H,00H
000002C1 30                      		.byte	"0"
000002C2 10101090                		.byte	10H,10H,10H,90H,90H
         90                      
000002C7 60                      		.byte	"`"
000002C8 02                      		.byte	02H
000002C9 5767                    		.byte	"Wg"
000002CB 80808890                		.byte	80H,80H,88H,90H,0E0H,90H,88H,12H
         E0908812                
000002D3 3767                    		.byte	"7g"
000002D5 C0                      		.byte	0C0H
000002D6 40404040                		.byte	"@@@@@"
         40                      
000002DB E002                    		.byte	0E0H,02H
000002DD 5565                    		.byte	"Ue"
000002DF D0A8A8A8                		.byte	0D0H,0A8H,0A8H,0A8H,88H,02H
         8802                    
000002E5 5565                    		.byte	"Ue"
000002E7 B0C88888                		.byte	0B0H,0C8H,88H,88H,88H,02H
         8802                    
000002ED 556570                  		.byte	"Uep"
000002F0 888888                  		.byte	88H,88H,88H
000002F3 70                      		.byte	"p"
000002F4 00                      		.byte	00H
000002F5 5767                    		.byte	"Wg"
000002F7 B0C888C8                		.byte	0B0H,0C8H,88H,0C8H,0B0H,80H,80H,00H
         B0808000                
000002FF 576768                  		.byte	"Wgh"
00000302 988898                  		.byte	98H,88H,98H
00000305 68                      		.byte	"h"
00000306 080802                  		.byte	08H,08H,02H
00000309 5565                    		.byte	"Ue"
0000030B B0C88080                		.byte	0B0H,0C8H,80H,80H,80H,02H
         8002                    
00000311 556570                  		.byte	"Uep"
00000314 80                      		.byte	80H
00000315 70                      		.byte	"p"
00000316 08F002                  		.byte	08H,0F0H,02H
00000319 57674040                		.byte	"Wg@@"
0000031D F0                      		.byte	0F0H
0000031E 40404830                		.byte	"@@H0"
00000322 02                      		.byte	02H
00000323 5565                    		.byte	"Ue"
00000325 88888898                		.byte	88H,88H,88H,98H
00000329 68                      		.byte	"h"
0000032A 02                      		.byte	02H
0000032B 5565                    		.byte	"Ue"
0000032D 8888                    		.byte	88H,88H
0000032F 505020                  		.byte	"PP "
00000332 02                      		.byte	02H
00000333 5565                    		.byte	"Ue"
00000335 8888A8A8                		.byte	88H,88H,0A8H,0A8H
00000339 50                      		.byte	"P"
0000033A 02                      		.byte	02H
0000033B 5565                    		.byte	"Ue"
0000033D 88                      		.byte	88H
0000033E 502050                  		.byte	"P P"
00000341 8800                    		.byte	88H,00H
00000343 5767                    		.byte	"Wg"
00000345 888898                  		.byte	88H,88H,98H
00000348 68                      		.byte	"h"
00000349 0888                    		.byte	08H,88H
0000034B 70                      		.byte	"p"
0000034C 02                      		.byte	02H
0000034D 5565                    		.byte	"Ue"
0000034F F810                    		.byte	0F8H,10H
00000351 2040                    		.byte	" @"
00000353 F812                    		.byte	0F8H,12H
00000355 47673040                		.byte	"Gg0@ "
         20                      
0000035A C0                      		.byte	0C0H
0000035B 204030                  		.byte	" @0"
0000035E 2217                    		.byte	22H,17H
00000360 67                      		.byte	"g"
00000361 80808080                		.byte	80H,80H,80H,80H,80H,80H,80H,12H
         80808012                
00000369 4767                    		.byte	"Gg"
0000036B C0                      		.byte	0C0H
0000036C 20403040                		.byte	" @0@ "
         20                      
00000371 C006                    		.byte	0C0H,06H
00000373 536348                  		.byte	"ScH"
00000376 A890FFFF                		.byte	0A8H,90H,0FFH,0FFH,0FFH,0FFH,0FFH,0FFH,0FFH,0FFH,0FFH,0FFH,0FFH,0FFH,0FFH,0FFH
         FFFFFFFF                
         FFFFFFFF                
         FFFFFFFF                
00000386 FFFFFFFF                		.byte	0FFH,0FFH,0FFH,0FFH,0FFH,0FFH,0FFH,0FFH,0FFH,0FFH,0FFH,0FFH,0FFH,0FFH,0FFH,0FFH
         FFFFFFFF                
         FFFFFFFF                
         FFFFFFFF                
00000396 FFFFFF0A                		.byte	0FFH,0FFH,0FFH,0AH,00H
         00                      
0000039B 60                      		.byte	"`"
0000039C 2217                    		.byte	22H,17H
0000039E 67                      		.byte	"g"
0000039F 80008080                		.byte	80H,00H,80H,80H,80H,80H,80H,01H
         80808001                
000003A7 57672078                		.byte	"Wg x"
000003AB A0A0A0                  		.byte	0A0H,0A0H,0A0H
000003AE 7820                    		.byte	"x "
000003B0 02                      		.byte	02H
000003B1 57673048                		.byte	"Wg0H@"
         40                      
000003B6 E0                      		.byte	0E0H
000003B7 4048                    		.byte	"@H"
000003B9 B002                    		.byte	0B0H,02H
000003BB 5565                    		.byte	"Ue"
000003BD 88                      		.byte	88H
000003BE 705070                  		.byte	"pPp"
000003C1 8801                    		.byte	88H,01H
000003C3 5868                    		.byte	"Xh"
000003C5 8888                    		.byte	88H,88H
000003C7 5020                    		.byte	"P "
000003C9 F8                      		.byte	0F8H
000003CA 202020                  		.byte	"   "
000003CD 2217                    		.byte	22H,17H
000003CF 67                      		.byte	"g"
000003D0 80808000                		.byte	80H,80H,80H,00H,80H,80H,80H,01H
         80808001                
000003D8 586870                  		.byte	"Xhp"
000003DB 80E090                  		.byte	80H,0E0H,90H
000003DE 4838                    		.byte	"H8"
000003E0 08                      		.byte	08H
000003E1 70                      		.byte	"p"
000003E2 19                      		.byte	19H
000003E3 3161                    		.byte	"1a"
000003E5 A002                    		.byte	0A0H,02H
000003E7 576770                  		.byte	"Wgp"
000003EA 88A8C8A8                		.byte	88H,0A8H,0C8H,0A8H,88H
         88                      
000003EF 70                      		.byte	"p"
000003F0 13                      		.byte	13H
000003F1 466670                  		.byte	"Ffp"
000003F4 90B0                    		.byte	90H,0B0H
000003F6 50                      		.byte	"P"
000003F7 00F002                  		.byte	00H,0F0H,02H
000003FA 65652448                		.byte	"ee$H"
000003FE 90                      		.byte	90H
000003FF 4824                    		.byte	"H$"
00000401 14                      		.byte	14H
00000402 4262                    		.byte	"Bb"
00000404 F01015                  		.byte	0F0H,10H,15H
00000407 4161                    		.byte	"Aa"
00000409 F002                    		.byte	0F0H,02H
0000040B 576770                  		.byte	"Wgp"
0000040E 88E8C8C8                		.byte	88H,0E8H,0C8H,0C8H,88H
         88                      
00000413 70                      		.byte	"p"
00000414 09                      		.byte	09H
00000415 5161                    		.byte	"Qa"
00000417 F816                    		.byte	0F8H,16H
00000419 336340                  		.byte	"3c@"
0000041C A0                      		.byte	0A0H
0000041D 40                      		.byte	"@"
0000041E 02                      		.byte	02H
0000041F 56662020                		.byte	"Vf  "
00000423 F8                      		.byte	0F8H
00000424 2020                    		.byte	"  "
00000426 F815                    		.byte	0F8H,15H
00000428 456560                  		.byte	"Ee`"
0000042B 90                      		.byte	90H
0000042C 2040                    		.byte	" @"
0000042E F015                    		.byte	0F0H,15H
00000430 4565                    		.byte	"Ee"
00000432 E010                    		.byte	0E0H,10H
00000434 60                      		.byte	"`"
00000435 10E0                    		.byte	10H,0E0H
00000437 28                      		.byte	"("
00000438 22                      		.byte	22H
00000439 6240                    		.byte	"b@"
0000043B 8001                    		.byte	80H,01H
0000043D 5666                    		.byte	"Vf"
0000043F 888888C8                		.byte	88H,88H,88H,0C8H,0B0H,80H,02H
         B08002                  
00000446 576778                  		.byte	"Wgx"
00000449 E8E8                    		.byte	0E8H,0E8H
0000044B 68282828                		.byte	"h(((%"
         25                      
00000450 11                      		.byte	11H
00000451 61                      		.byte	"a"
00000452 80                      		.byte	80H
00000453 20                      		.byte	" "
00000454 22                      		.byte	22H
00000455 6240                    		.byte	"b@"
00000457 8015                    		.byte	80H,15H
00000459 356540                  		.byte	"5e@"
0000045C C0                      		.byte	0C0H
0000045D 4040                    		.byte	"@@"
0000045F E013                    		.byte	0E0H,13H
00000461 466660                  		.byte	"Ff`"
00000464 9090                    		.byte	90H,90H
00000466 60                      		.byte	"`"
00000467 00F002                  		.byte	00H,0F0H,02H
0000046A 6565                    		.byte	"ee"
0000046C 90                      		.byte	90H
0000046D 482448                  		.byte	"H$H"
00000470 9001                    		.byte	90H,01H
00000472 696940                  		.byte	"ii@"
00000475 C0                      		.byte	0C0H
00000476 4040                    		.byte	"@@"
00000478 E40C14                  		.byte	0E4H,0CH,14H
0000047B 3C                      		.byte	"<"
0000047C 0401                    		.byte	04H,01H
0000047E 696940                  		.byte	"ii@"
00000481 C0                      		.byte	0C0H
00000482 4040                    		.byte	"@@"
00000484 E8140408                		.byte	0E8H,14H,04H,08H,1CH,01H
         1C01                    
0000048A 5969                    		.byte	"Yi"
0000048C C0                      		.byte	0C0H
0000048D 204020                  		.byte	" @ "
00000490 C818                    		.byte	0C8H,18H
00000492 2878                    		.byte	"(x"
00000494 0802                    		.byte	08H,02H
00000496 576720                  		.byte	"Wg "
00000499 00                      		.byte	00H
0000049A 202040                  		.byte	"  @"
0000049D 88                      		.byte	88H
0000049E 70                      		.byte	"p"
0000049F 02                      		.byte	02H
000004A0 58684020                		.byte	"Xh@ p"
         70                      
000004A5 8888F888                		.byte	88H,88H,0F8H,88H,88H,02H
         8802                    
000004AB 5868                    		.byte	"Xh"
000004AD 10                      		.byte	10H
000004AE 2070                    		.byte	" p"
000004B0 8888F888                		.byte	88H,88H,0F8H,88H,88H,02H
         8802                    
000004B6 58682050                		.byte	"Xh Pp"
         70                      
000004BB 8888F888                		.byte	88H,88H,0F8H,88H,88H,02H
         8802                    
000004C1 586848                  		.byte	"XhH"
000004C4 B0                      		.byte	0B0H
000004C5 70                      		.byte	"p"
000004C6 8888F888                		.byte	88H,88H,0F8H,88H,88H,02H
         8802                    
000004CC 586850                  		.byte	"XhP"
000004CF 00                      		.byte	00H
000004D0 70                      		.byte	"p"
000004D1 8888F888                		.byte	88H,88H,0F8H,88H,88H,02H
         8802                    
000004D7 58682050                		.byte	"Xh Pp"
         70                      
000004DC 8888F888                		.byte	88H,88H,0F8H,88H,88H,02H
         8802                    
000004E2 67673C50                		.byte	"gg<P"
000004E6 909CF090                		.byte	90H,9CH,0F0H,90H,9CH,00H
         9C00                    
000004EC 596970                  		.byte	"Yip"
000004EF 88808080                		.byte	88H,80H,80H,80H,88H
         88                      
000004F4 702040                  		.byte	"p @"
000004F7 02                      		.byte	02H
000004F8 586840                  		.byte	"Xh@"
000004FB F88080F0                		.byte	0F8H,80H,80H,0F0H,80H,80H,0F8H,02H
         8080F802                
00000503 5868                    		.byte	"Xh"
00000505 10F88080                		.byte	10H,0F8H,80H,80H,0F0H,80H,80H,0F8H,02H
         F08080F8                
         02                      
0000050E 586820                  		.byte	"Xh "
00000511 F88080F0                		.byte	0F8H,80H,80H,0F0H,80H,80H,0F8H,02H
         8080F802                
00000519 586850                  		.byte	"XhP"
0000051C F88080F0                		.byte	0F8H,80H,80H,0F0H,80H,80H,0F8H,12H
         8080F812                
00000524 3868                    		.byte	"8h"
00000526 80                      		.byte	80H
00000527 40                      		.byte	"@"
00000528 E0                      		.byte	0E0H
00000529 40404040                		.byte	"@@@@"
0000052D E012                    		.byte	0E0H,12H
0000052F 38682040                		.byte	"8h @"
00000533 E0                      		.byte	0E0H
00000534 40404040                		.byte	"@@@@"
00000538 E012                    		.byte	0E0H,12H
0000053A 386840                  		.byte	"8h@"
0000053D A0E0                    		.byte	0A0H,0E0H
0000053F 40404040                		.byte	"@@@@"
00000543 E012                    		.byte	0E0H,12H
00000545 3868                    		.byte	"8h"
00000547 A000E0                  		.byte	0A0H,00H,0E0H
0000054A 40404040                		.byte	"@@@@"
0000054E E002                    		.byte	0E0H,02H
00000550 5767                    		.byte	"Wg"
00000552 F0                      		.byte	0F0H
00000553 4848                    		.byte	"HH"
00000555 E8                      		.byte	0E8H
00000556 4848                    		.byte	"HH"
00000558 F002                    		.byte	0F0H,02H
0000055A 58682850                		.byte	"Xh(P"
0000055E 88C8A898                		.byte	88H,0C8H,0A8H,98H,88H,88H,02H
         888802                  
00000565 58684020                		.byte	"Xh@ p"
         70                      
0000056A 88888888                		.byte	88H,88H,88H,88H
0000056E 70                      		.byte	"p"
0000056F 02                      		.byte	02H
00000570 5868                    		.byte	"Xh"
00000572 10                      		.byte	10H
00000573 2070                    		.byte	" p"
00000575 88888888                		.byte	88H,88H,88H,88H
00000579 70                      		.byte	"p"
0000057A 02                      		.byte	02H
0000057B 58682050                		.byte	"Xh Pp"
         70                      
00000580 88888888                		.byte	88H,88H,88H,88H
00000584 70                      		.byte	"p"
00000585 02                      		.byte	02H
00000586 58682850                		.byte	"Xh(Pp"
         70                      
0000058B 88888888                		.byte	88H,88H,88H,88H
0000058F 70                      		.byte	"p"
00000590 02                      		.byte	02H
00000591 586850                  		.byte	"XhP"
00000594 00                      		.byte	00H
00000595 70                      		.byte	"p"
00000596 88888888                		.byte	88H,88H,88H,88H
0000059A 70                      		.byte	"p"
0000059B 02                      		.byte	02H
0000059C 5565                    		.byte	"Ue"
0000059E 88                      		.byte	88H
0000059F 502050                  		.byte	"P P"
000005A2 8802                    		.byte	88H,02H
000005A4 576770                  		.byte	"Wgp"
000005A7 9898A8C8                		.byte	98H,98H,0A8H,0C8H,0C8H
         C8                      
000005AC 70                      		.byte	"p"
000005AD 02                      		.byte	02H
000005AE 58684020                		.byte	"Xh@ "
000005B2 88888888                		.byte	88H,88H,88H,88H,88H
         88                      
000005B7 70                      		.byte	"p"
000005B8 02                      		.byte	02H
000005B9 5868                    		.byte	"Xh"
000005BB 10                      		.byte	10H
000005BC 20                      		.byte	" "
000005BD 88888888                		.byte	88H,88H,88H,88H,88H
         88                      
000005C2 70                      		.byte	"p"
000005C3 02                      		.byte	02H
000005C4 58682050                		.byte	"Xh P"
000005C8 00888888                		.byte	00H,88H,88H,88H,88H
         88                      
000005CD 70                      		.byte	"p"
000005CE 02                      		.byte	02H
000005CF 586850                  		.byte	"XhP"
000005D2 00888888                		.byte	00H,88H,88H,88H,88H,88H
         8888                    
000005D8 70                      		.byte	"p"
000005D9 02                      		.byte	02H
000005DA 5868                    		.byte	"Xh"
000005DC 10                      		.byte	10H
000005DD 20                      		.byte	" "
000005DE 8888                    		.byte	88H,88H
000005E0 50202020                		.byte	"P   "
000005E4 02                      		.byte	02H
000005E5 5767                    		.byte	"Wg"
000005E7 80F088F0                		.byte	80H,0F0H,88H,0F0H,80H,80H,80H,02H
         80808002                
000005EF 576770                  		.byte	"Wgp"
000005F2 8890A090                		.byte	88H,90H,0A0H,90H,88H,0B0H,02H
         88B002                  
000005F9 58684020                		.byte	"Xh@ "
000005FD 00                      		.byte	00H
000005FE 70                      		.byte	"p"
000005FF 08                      		.byte	08H
00000600 78                      		.byte	"x"
00000601 88                      		.byte	88H
00000602 78                      		.byte	"x"
00000603 02                      		.byte	02H
00000604 5868                    		.byte	"Xh"
00000606 10                      		.byte	10H
00000607 20                      		.byte	" "
00000608 00                      		.byte	00H
00000609 70                      		.byte	"p"
0000060A 08                      		.byte	08H
0000060B 78                      		.byte	"x"
0000060C 88                      		.byte	88H
0000060D 78                      		.byte	"x"
0000060E 02                      		.byte	02H
0000060F 58682050                		.byte	"Xh P"
00000613 00                      		.byte	00H
00000614 70                      		.byte	"p"
00000615 08                      		.byte	08H
00000616 78                      		.byte	"x"
00000617 88                      		.byte	88H
00000618 78                      		.byte	"x"
00000619 02                      		.byte	02H
0000061A 58682850                		.byte	"Xh(P"
0000061E 00                      		.byte	00H
0000061F 70                      		.byte	"p"
00000620 08                      		.byte	08H
00000621 78                      		.byte	"x"
00000622 88                      		.byte	88H
00000623 78                      		.byte	"x"
00000624 02                      		.byte	02H
00000625 576750                  		.byte	"WgP"
00000628 00                      		.byte	00H
00000629 70                      		.byte	"p"
0000062A 08                      		.byte	08H
0000062B 78                      		.byte	"x"
0000062C 88                      		.byte	88H
0000062D 78                      		.byte	"x"
0000062E 02                      		.byte	02H
0000062F 58682050                		.byte	"Xh P p"
         2070                    
00000635 08                      		.byte	08H
00000636 78                      		.byte	"x"
00000637 88                      		.byte	88H
00000638 78                      		.byte	"x"
00000639 02                      		.byte	02H
0000063A 656578                  		.byte	"eex"
0000063D 14                      		.byte	14H
0000063E 7C                      		.byte	"|"
0000063F 90                      		.byte	90H
00000640 7C                      		.byte	"|"
00000641 00                      		.byte	00H
00000642 576770                  		.byte	"Wgp"
00000645 888088                  		.byte	88H,80H,88H
00000648 702040                  		.byte	"p @"
0000064B 02                      		.byte	02H
0000064C 58684020                		.byte	"Xh@ "
00000650 00                      		.byte	00H
00000651 70                      		.byte	"p"
00000652 88F880                  		.byte	88H,0F8H,80H
00000655 70                      		.byte	"p"
00000656 02                      		.byte	02H
00000657 5868                    		.byte	"Xh"
00000659 10                      		.byte	10H
0000065A 20                      		.byte	" "
0000065B 00                      		.byte	00H
0000065C 70                      		.byte	"p"
0000065D 88F880                  		.byte	88H,0F8H,80H
00000660 70                      		.byte	"p"
00000661 02                      		.byte	02H
00000662 58682050                		.byte	"Xh P"
00000666 00                      		.byte	00H
00000667 70                      		.byte	"p"
00000668 88F880                  		.byte	88H,0F8H,80H
0000066B 70                      		.byte	"p"
0000066C 02                      		.byte	02H
0000066D 576750                  		.byte	"WgP"
00000670 00                      		.byte	00H
00000671 70                      		.byte	"p"
00000672 88F880                  		.byte	88H,0F8H,80H
00000675 70                      		.byte	"p"
00000676 12                      		.byte	12H
00000677 3868                    		.byte	"8h"
00000679 80                      		.byte	80H
0000067A 40                      		.byte	"@"
0000067B 00C0                    		.byte	00H,0C0H
0000067D 404040                  		.byte	"@@@"
00000680 E012                    		.byte	0E0H,12H
00000682 386840                  		.byte	"8h@"
00000685 8000C0                  		.byte	80H,00H,0C0H
00000688 404040                  		.byte	"@@@"
0000068B E012                    		.byte	0E0H,12H
0000068D 386840                  		.byte	"8h@"
00000690 A000C0                  		.byte	0A0H,00H,0C0H
00000693 404040                  		.byte	"@@@"
00000696 E012                    		.byte	0E0H,12H
00000698 3767                    		.byte	"7g"
0000069A A000C0                  		.byte	0A0H,00H,0C0H
0000069D 404040                  		.byte	"@@@"
000006A0 E002                    		.byte	0E0H,02H
000006A2 5767                    		.byte	"Wg"
000006A4 C0                      		.byte	0C0H
000006A5 3070                    		.byte	"0p"
000006A7 888888                  		.byte	88H,88H,88H
000006AA 70                      		.byte	"p"
000006AB 02                      		.byte	02H
000006AC 58682850                		.byte	"Xh(P"
000006B0 00B0C888                		.byte	00H,0B0H,0C8H,88H,88H,88H,02H
         888802                  
000006B7 58684020                		.byte	"Xh@ "
000006BB 00                      		.byte	00H
000006BC 70                      		.byte	"p"
000006BD 888888                  		.byte	88H,88H,88H
000006C0 70                      		.byte	"p"
000006C1 02                      		.byte	02H
000006C2 5868                    		.byte	"Xh"
000006C4 10                      		.byte	10H
000006C5 20                      		.byte	" "
000006C6 00                      		.byte	00H
000006C7 70                      		.byte	"p"
000006C8 888888                  		.byte	88H,88H,88H
000006CB 70                      		.byte	"p"
000006CC 02                      		.byte	02H
000006CD 58682050                		.byte	"Xh P"
000006D1 00                      		.byte	00H
000006D2 70                      		.byte	"p"
000006D3 888888                  		.byte	88H,88H,88H
000006D6 70                      		.byte	"p"
000006D7 02                      		.byte	02H
000006D8 58682850                		.byte	"Xh(P"
000006DC 00                      		.byte	00H
000006DD 70                      		.byte	"p"
000006DE 888888                  		.byte	88H,88H,88H
000006E1 70                      		.byte	"p"
000006E2 02                      		.byte	02H
000006E3 576750                  		.byte	"WgP"
000006E6 00                      		.byte	00H
000006E7 70                      		.byte	"p"
000006E8 888888                  		.byte	88H,88H,88H
000006EB 70                      		.byte	"p"
000006EC 03                      		.byte	03H
000006ED 556520                  		.byte	"Ue "
000006F0 00F800                  		.byte	00H,0F8H,00H
000006F3 20                      		.byte	" "
000006F4 02                      		.byte	02H
000006F5 556578                  		.byte	"Uex"
000006F8 98A8C8F0                		.byte	98H,0A8H,0C8H,0F0H,02H
         02                      
000006FD 58684020                		.byte	"Xh@ "
00000701 00888888                		.byte	00H,88H,88H,88H,98H
         98                      
00000706 68                      		.byte	"h"
00000707 02                      		.byte	02H
00000708 5868                    		.byte	"Xh"
0000070A 10                      		.byte	10H
0000070B 20                      		.byte	" "
0000070C 00888888                		.byte	00H,88H,88H,88H,98H
         98                      
00000711 68                      		.byte	"h"
00000712 02                      		.byte	02H
00000713 58682050                		.byte	"Xh P"
00000717 00888888                		.byte	00H,88H,88H,88H,98H
         98                      
0000071C 68                      		.byte	"h"
0000071D 02                      		.byte	02H
0000071E 576750                  		.byte	"WgP"
00000721 00888888                		.byte	00H,88H,88H,88H,98H
         98                      
00000726 68                      		.byte	"h"
00000727 00                      		.byte	00H
00000728 5969                    		.byte	"Yi"
0000072A 10                      		.byte	10H
0000072B 20                      		.byte	" "
0000072C 888898                  		.byte	88H,88H,98H
0000072F 68                      		.byte	"h"
00000730 0888                    		.byte	08H,88H
00000732 70                      		.byte	"p"
00000733 00                      		.byte	00H
00000734 5868                    		.byte	"Xh"
00000736 80F08888                		.byte	80H,0F0H,88H,88H,88H,0F0H,80H,80H,00H
         88F08080                
         00                      
0000073F 596950                  		.byte	"YiP"
00000742 00888898                		.byte	00H,88H,88H,98H
00000746 68                      		.byte	"h"
00000747 0888                    		.byte	08H,88H
00000749 70                      		.byte	"p"
                                 		.END

Information List

TOTAL ERROR(S)    00000
TOTAL WARNING(S)  00000
TOTAL LINE(S)     00813   LINES

Section List

Attr         Size               Name
ROMDATA  0000001866(0000074AH)  C_1

Cpu Type

-ISA=RXV1 -FPU

Command Parameter

-subcommand=C:\Users\LAFONS~1\AppData\Local\Temp\$ccrx12DB\$ccrx\u8g_font_6x10.src.cmd
    -nologo
    -isa=rxv1
    -fpu
    -show=conditionals,definitions,expansions
    -define=__RXV1=1
    -fint_register=0
    -debug
    -endian=little
-listfile=C:\Workspace\e2studio\git\MT01\CompactaXP_build\u8g_font_6x10.lst
-output=C:\Workspace\e2studio\git\MT01\CompactaXP_build\src\Display\font\u8g_font_6x10.obj
