* RX FAMILY ASSEMBLER V2.03.00.01 [24 Oct 2014] *  SOURCE LIST  Thu Mar 09 14:18:30 2017

LOC.     OBJ.              0XMDA SOURCE STATEMENT

                                 ;RX Family C/C++ Compiler (V2.03.00.03 [04 Dec 2014])  09-Mar-2017 14:18:30
                                 
                                 ;*** CPU TYPE ***
                                 
                                 ;-ISA=RXV1
                                 
                                 ;*** COMMAND PARAMETER ***
                                 
                                 ;-output=src=ut_states_map.src
                                 ;-lang=c99
                                 ;-include=C:\PROGRA~2\Renesas\RX\2_3_0/include,C:\Workspace\e2studio\git\MT01_master\r_lvd_rx,C:\Workspace\e2studio\git\MT01_master\r_lvd_rx\src,C:/Workspace/e2studio/
                                 ;-debug
                                 ;-show=source,conditionals,definitions,expansions
                                 ;-listfile=ut_states_map.lst
                                 ;-isa=rxv1
                                 ;-optimize=0
                                 ;-fpu
                                 ;-alias=noansi
                                 ;-nologo
                                 ;-nomessage
                                 ;-define=__RX,COMPACTAXP=1,EASYMAK=0,MOBILE=0,FREE_RTOS_PP
                                 ;ut_states_map.c
                                 
                                 		.glb	_states_table
                                 		.glb	_ut_state_splash
                                 		.glb	_ut_state_warning
                                 		.glb	_ut_state_main_menu
                                 		.glb	_ut_state_choose_file
                                 		.glb	_ut_state_config_menu_ox
                                 		.glb	_ut_state_config_menu_pl
                                 		.glb	_ut_state_config_manual_menu
                                 		.glb	_ut_state_config_jog
                                 		.glb	_ut_state_config_auto_menu
                                 		.glb	_ut_state_config_maquina
                                 		.glb	_ut_state_config_par_maq
                                 		.glb	_ut_state_config_maq_thc
                                 		.glb	_ut_state_config_var
                                 		.glb	_ut_state_manual_mode
                                 		.glb	_ut_state_deslocaZero_mode
                                 		.glb	_ut_state_auto_mode
                                 		.glb	_ut_state_line_selection
                                 		.glb	_ut_state_config_maq_model
                                 ;LineNo. C-SOURCE STATEMENT
                                 
                                 		.SECTION	C,ROMDATA,ALIGN=4
00000000                         _states_table:
00000000 rrrrrrrr                		.lword	_ut_state_splash
00000004 rrrrrrrr                		.lword	_ut_state_warning
00000008 rrrrrrrr                		.lword	_ut_state_main_menu
0000000C rrrrrrrr                		.lword	_ut_state_choose_file
00000010 rrrrrrrr                		.lword	_ut_state_config_menu_ox
00000014 rrrrrrrr                		.lword	_ut_state_config_menu_pl
00000018 rrrrrrrr                		.lword	_ut_state_config_manual_menu
0000001C rrrrrrrr                		.lword	_ut_state_config_jog
00000020 rrrrrrrr                		.lword	_ut_state_config_auto_menu
00000024 rrrrrrrr                		.lword	_ut_state_config_maquina
00000028 rrrrrrrr                		.lword	_ut_state_config_par_maq
0000002C rrrrrrrr                		.lword	_ut_state_config_maq_thc
00000030 rrrrrrrr                		.lword	_ut_state_config_var
00000034 rrrrrrrr                		.lword	_ut_state_manual_mode
00000038 rrrrrrrr                		.lword	_ut_state_deslocaZero_mode
0000003C rrrrrrrr                		.lword	_ut_state_auto_mode
00000040 rrrrrrrr                		.lword	_ut_state_line_selection
00000044 rrrrrrrr                		.lword	_ut_state_config_maq_model
                                 		.END

Information List

TOTAL ERROR(S)    00000
TOTAL WARNING(S)  00000
TOTAL LINE(S)     00065   LINES

Section List

Attr         Size               Name
ROMDATA  0000000072(00000048H)  C

Cpu Type

-ISA=RXV1 -FPU

Command Parameter

-subcommand=C:\Users\LAFONS~1\AppData\Local\Temp\$ccrx305E\$ccrx\ut_states_map.src.cmd
    -nologo
    -isa=rxv1
    -fpu
    -show=conditionals,definitions,expansions
    -define=__RXV1=1
    -fint_register=0
    -debug
    -endian=little
-listfile=C:\Workspace\e2studio\git\MT01_master\CompactaXP_build\ut_states_map.lst
-output=C:\Workspace\e2studio\git\MT01_master\CompactaXP_build\src\states\ut_states_map.obj
