* RX FAMILY ASSEMBLER V2.03.00.01 [24 Oct 2014] *  SOURCE LIST  Mon Mar 20 17:11:27 2017

LOC.     OBJ.              0XMDA SOURCE STATEMENT

                                 ;RX Family C/C++ Compiler (V2.03.00.03 [04 Dec 2014])  20-Mar-2017 17:11:27
                                 
                                 ;*** CPU TYPE ***
                                 
                                 ;-ISA=RXV1
                                 
                                 ;*** COMMAND PARAMETER ***
                                 
                                 ;-output=src=config_par_maquina.src
                                 ;-lang=c99
                                 ;-include=C:\PROGRA~2\Renesas\RX\2_3_0/include,C:\Workspace\e2studio\git\MT01_master\r_lvd_rx,C:\Workspace\e2studio\git\MT01_master\r_lvd_rx\src,C:/Workspace/e2studio/
                                 ;-debug
                                 ;-show=source,conditionals,definitions,expansions
                                 ;-listfile=config_par_maquina.lst
                                 ;-isa=rxv1
                                 ;-optimize=0
                                 ;-fpu
                                 ;-alias=noansi
                                 ;-nologo
                                 ;-nomessage
                                 ;-define=__RX,COMPACTAXP=0,EASYMAK=1,MOBILE=0,FREE_RTOS_PP
                                 ;config_par_maquina.c
                                 
                                 		.glb	_configsParMaq
                                 		.glb	_reset_flag
                                 		.glb	_geNextStatePar
                                 		.glb	_pm_init_types
                                 		.glb	_pm_init_names
                                 		.glb	_pm_init_max
                                 		.glb	_pm_init_min
                                 		.glb	_pm_init_point
                                 		.glb	_pm_init_step
                                 		.glb	_pm_init_unit
                                 ;LineNo. C-SOURCE STATEMENT
                                 
                                 		.SECTION	C,ROMDATA,ALIGN=4
00000000                         _geNextStatePar:
00000000 0C000000                		.lword	0000000CH
00000004 0C000000                		.lword	0000000CH
00000008 0C000000                		.lword	0000000CH
0000000C 0C000000                		.lword	0000000CH
00000010 0C000000                		.lword	0000000CH
00000014 0C000000                		.lword	0000000CH
00000018 0C000000                		.lword	0000000CH
0000001C 0C000000                		.lword	0000000CH
00000020 0C000000                		.lword	0000000CH
00000024 0C000000                		.lword	0000000CH
00000028 0C000000                		.lword	0000000CH
0000002C 0C000000                		.lword	0000000CH
                                 		.SECTION	L,ROMDATA,ALIGN=4
00000000                         _L10:
00000000 20454958                		.byte	" EIXO X1"
         4F205831                
00000008 00                      		.byte	00H
00000009                         _L11:
00000009 20454958                		.byte	" EIXO X2"
         4F205832                
00000011 00                      		.byte	00H
00000012                         _L12:
00000012 20454958                		.byte	" EIXO Y"
         4F2059                  
00000019 00                      		.byte	00H
0000001A                         _L13:
0000001A 204A4552                		.byte	" JERK X"
         4B2058                  
00000021 00                      		.byte	00H
00000022                         _L14:
00000022 204A4552                		.byte	" JERK Y"
         4B2059                  
00000029 00                      		.byte	00H
0000002A                         _L15:
0000002A 2056454C                		.byte	" VEL. MAX X"
         2E204D41                
         582058                  
00000035 00                      		.byte	00H
00000036                         _L16:
00000036 2056454C                		.byte	" VEL. MAX Y"
         2E204D41                
         582059                  
00000041 00                      		.byte	00H
00000042                         _L17:
00000042 2056454C                		.byte	" VEL. MAX Z"
         2E204D41                
         58205A                  
0000004D 00                      		.byte	00H
0000004E                         _L18:
0000004E 20444553                		.byte	" DESVIO DE JUNTA"
         56494F20                
         4445204A                
         554E5441                
0000005E 00                      		.byte	00H
0000005F                         _L19:
0000005F 20414345                		.byte	" ACEL. DE JUNTA"
         4C2E2044                
         45204A55                
         4E5441                  
0000006E 00                      		.byte	00H
0000006F                         _L20:
0000006F 20544F4C                		.byte	" TOLER"
         4552                    
00000075 C2                      		.byte	0C2H
00000076 4E434941                		.byte	"NCIA DE ARCO"
         20444520                
         4152434F                
00000082 00                      		.byte	00H
00000083                         _L21:
00000083 20464F52                		.byte	" FORMATA MEM"
         4D415441                
         204D454D                
0000008F 00                      		.byte	00H
00000090                         _L22:
00000090 6D6D                    		.byte	"mm"
00000092 00                      		.byte	00H
00000093                         _L23:
00000093 6D6D2F6D                		.byte	"mm/min^3"
         696E5E33                
0000009B 00                      		.byte	00H
0000009C                         _L24:
0000009C 6D6D2F6D                		.byte	"mm/min"
         696E                    
000000A2 00                      		.byte	00H
                                 		.SECTION	D,ROMDATA,ALIGN=4
00000000                         _pm_init_types:
00000000 00000000                		.lword	00000000H
00000004 00000000                		.lword	00000000H
00000008 00000000                		.lword	00000000H
0000000C 00000000                		.lword	00000000H
00000010 00000000                		.lword	00000000H
00000014 00000000                		.lword	00000000H
00000018 00000000                		.lword	00000000H
0000001C 00000000                		.lword	00000000H
00000020 00000000                		.lword	00000000H
00000024 00000000                		.lword	00000000H
00000028 00000000                		.lword	00000000H
0000002C 01000000                		.lword	00000001H
00000030                         _pm_init_names:
00000030 rrrrrrrr                		.lword	_L10
00000034 rrrrrrrr                		.lword	_L11
00000038 rrrrrrrr                		.lword	_L12
0000003C rrrrrrrr                		.lword	_L13
00000040 rrrrrrrr                		.lword	_L14
00000044 rrrrrrrr                		.lword	_L15
00000048 rrrrrrrr                		.lword	_L16
0000004C rrrrrrrr                		.lword	_L17
00000050 rrrrrrrr                		.lword	_L18
00000054 rrrrrrrr                		.lword	_L19
00000058 rrrrrrrr                		.lword	_L20
0000005C rrrrrrrr                		.lword	_L21
00000060                         _pm_init_max:
00000060 00004843                		.lword	43480000H	; float 200
00000064 00004843                		.lword	43480000H	; float 200
00000068 00004843                		.lword	43480000H	; float 200
0000006C 00401C46                		.lword	461C4000H	; float 10000
00000070 00401C46                		.lword	461C4000H	; float 10000
00000074 00409C46                		.lword	469C4000H	; float 20000
00000078 00409C46                		.lword	469C4000H	; float 20000
0000007C 00409C46                		.lword	469C4000H	; float 20000
00000080 00002041                		.lword	41200000H	; float 10
00000084 0024F449                		.lword	49F42400H	; float 2E+006
00000088 00002041                		.lword	41200000H	; float 10
0000008C 0000803F                		.lword	3F800000H	; float 1
00000090                         _pm_init_min:
00000090 00                      		.byte	0
00000091 00                      		.byte	0
00000092 00                      		.byte	0
00000093 00                      		.byte	0
00000094 00                      		.byte	0
00000095 00                      		.byte	0
00000096 00                      		.byte	0
00000097 00                      		.byte	0
00000098 00                      		.byte	0
00000099 00                      		.byte	0
0000009A 00                      		.byte	0
0000009B 00                      		.byte	0
0000009C 00                      		.byte	0
0000009D 00                      		.byte	0
0000009E 00                      		.byte	0
0000009F 00                      		.byte	0
000000A0 00                      		.byte	0
000000A1 00                      		.byte	0
000000A2 00                      		.byte	0
000000A3 00                      		.byte	0
000000A4 00                      		.byte	0
000000A5 00                      		.byte	0
000000A6 00                      		.byte	0
000000A7 00                      		.byte	0
000000A8 00                      		.byte	0
000000A9 00                      		.byte	0
000000AA 00                      		.byte	0
000000AB 00                      		.byte	0
000000AC 00                      		.byte	0
000000AD 00                      		.byte	0
000000AE 00                      		.byte	0
000000AF 00                      		.byte	0
000000B0 00                      		.byte	0
000000B1 00                      		.byte	0
000000B2 00                      		.byte	0
000000B3 00                      		.byte	0
000000B4 00                      		.byte	0
000000B5 00                      		.byte	0
000000B6 00                      		.byte	0
000000B7 00                      		.byte	0
000000B8 00                      		.byte	0
000000B9 00                      		.byte	0
000000BA 00                      		.byte	0
000000BB 00                      		.byte	0
000000BC 00                      		.byte	0
000000BD 00                      		.byte	0
000000BE 00                      		.byte	0
000000BF 00                      		.byte	0
000000C0                         _pm_init_step:
000000C0 6F12833A                		.lword	3A83126FH	; float 0.001
000000C4 6F12833A                		.lword	3A83126FH	; float 0.001
000000C8 6F12833A                		.lword	3A83126FH	; float 0.001
000000CC 0000803F                		.lword	3F800000H	; float 1
000000D0 0000803F                		.lword	3F800000H	; float 1
000000D4 0000803F                		.lword	3F800000H	; float 1
000000D8 0000803F                		.lword	3F800000H	; float 1
000000DC 0000803F                		.lword	3F800000H	; float 1
000000E0 0AD7233C                		.lword	3C23D70AH	; float 0.01
000000E4 0000803F                		.lword	3F800000H	; float 1
000000E8 0AD7233C                		.lword	3C23D70AH	; float 0.01
000000EC 0000803F                		.lword	3F800000H	; float 1
000000F0                         _pm_init_unit:
000000F0 rrrrrrrr                		.lword	_L22
000000F4 rrrrrrrr                		.lword	_L22
000000F8 rrrrrrrr                		.lword	_L22
000000FC rrrrrrrr                		.lword	_L23
00000100 rrrrrrrr                		.lword	_L23
00000104 rrrrrrrr                		.lword	_L24
00000108 rrrrrrrr                		.lword	_L24
0000010C rrrrrrrr                		.lword	_L24
00000110 rrrrrrrr                		.lword	_L22
00000114 rrrrrrrr                		.lword	_L23
00000118 rrrrrrrr                		.lword	_L22
0000011C 00000000                		.lword	00000000H
                                 		.SECTION	D_1,ROMDATA
00000000                         _pm_init_point:
00000000 01010100                		.byte	01H,01H,01H,00H,00H,00H,00H,00H,00H,00H,00H,00H
         00000000                
         00000000                
                                 		.SECTION	B,DATA,ALIGN=4
00000000                         _configsParMaq:
00000000(00000210H)              		.blkl	132
                                 		.SECTION	B_1,DATA
00000000                         _reset_flag:
00000000(00000001H)              		.blkb	1
                                 		.END

Information List

TOTAL ERROR(S)    00000
TOTAL WARNING(S)  00000
TOTAL LINE(S)     00222   LINES

Section List

Attr         Size               Name
ROMDATA  0000000048(00000030H)  C
ROMDATA  0000000163(000000A3H)  L
ROMDATA  0000000288(00000120H)  D
ROMDATA  0000000012(0000000CH)  D_1
DATA     0000000528(00000210H)  B
DATA     0000000001(00000001H)  B_1

Cpu Type

-ISA=RXV1 -FPU

Command Parameter

-subcommand=C:\Users\LAFONS~1\AppData\Local\Temp\$ccrx4D06\$ccrx\config_par_maquina.src.cmd
    -nologo
    -isa=rxv1
    -fpu
    -show=conditionals,definitions,expansions
    -define=__RXV1=1
    -fint_register=0
    -debug
    -endian=little
-listfile=C:\Workspace\e2studio\git\MT01_master\MT01_build\config_par_maquina.lst
-output=C:\Workspace\e2studio\git\MT01_master\MT01_build\src\states\config_par_maquina.obj
