* RX FAMILY ASSEMBLER V2.03.00.01 [24 Oct 2014] *  SOURCE LIST  Tue Mar 14 17:28:16 2017

LOC.     OBJ.              0XMDA SOURCE STATEMENT

                                 ;RX Family C/C++ Compiler (V2.03.00.03 [04 Dec 2014])  14-Mar-2017 17:28:16
                                 
                                 ;*** CPU TYPE ***
                                 
                                 ;-ISA=RXV1
                                 
                                 ;*** COMMAND PARAMETER ***
                                 
                                 ;-output=src=config_menu_pl.src
                                 ;-lang=c99
                                 ;-include=C:\PROGRA~2\Renesas\RX\2_3_0/include,C:\Workspace\e2studio\git\MT01_master\r_lvd_rx,C:\Workspace\e2studio\git\MT01_master\r_lvd_rx\src,C:/Workspace/e2studio/
                                 ;-debug
                                 ;-show=source,conditionals,definitions,expansions
                                 ;-listfile=config_menu_pl.lst
                                 ;-isa=rxv1
                                 ;-optimize=0
                                 ;-fpu
                                 ;-alias=noansi
                                 ;-nologo
                                 ;-nomessage
                                 ;-define=__RX,COMPACTAXP=0,EASYMAK=1,MOBILE=0,FREE_RTOS_PP
                                 ;config_menu_pl.c
                                 
                                 		.glb	_configVarPl
                                 		.glb	_configsPl
                                 		.glb	_pl_init_types
                                 		.glb	_pl_init_names
                                 		.glb	_pl_init_max
                                 		.glb	_pl_init_min
                                 		.glb	_pl_init_step
                                 		.glb	_pl_init_point
                                 		.glb	_pl_init_unit
                                 		.glb	_initPl
                                 		.glb	_eepromReadConfig
                                 ;LineNo. C-SOURCE STATEMENT
                                 
                                 		.SECTION	P,CODE
00000000                         _initPl:
                                 		.STACK	_initPl=8
                                 ;       1 /*
                                 ;       2  * config_menu_pl.c
                                 ;       3  *
                                 ;       4  *  Created on: Jun 15, 2016
                                 ;       5  *      Author: LAfonso01
                                 ;       6  */
                                 ;       7 #include "ut_context.h"
                                 ;       8 #include "ut_state.h"
                                 ;       9 #include "config_menu_pl.h"
                                 ;      10 #include "eeprom.h"
                                 ;      11 
                                 ;      12 #include <stdlib.h>
                                 ;      13 #include <stdio.h>
                                 ;      14 #include <string.h>
                                 ;      15 
                                 ;      16 ut_config_var configsPl[PL_CONFIG_MAX];
                                 ;      17 /* Initial values for each config variable */
                                 ;      18 ut_config_type pl_init_types[PL_CONFIG_MAX] =
                                 ;      19 {
                                 ;      20 	UT_CONFIG_INT,                           //!< Altura de perfuração
                                 ;      21 	UT_CONFIG_INT,                           //!< Altura de corte
                                 ;      22 	UT_CONFIG_INT,                           //!< Velocidade de corte
                                 ;      23 	UT_CONFIG_INT,                           //!< Tempo de Perfuração
                                 ;      24 	UT_CONFIG_INT                            //!< Tensao do THC
                                 ;      25 };
                                 ;      26 
                                 ;      27 char* pl_init_names[PL_CONFIG_MAX] =
                                 ;      28 {
                                 ;      29 	" ALT. PERFURAÇÃO",                      //!< Altura de perfuração
                                 ;      30 	" ALTURA DE CORTE",                      //!< Altura de corte
                                 ;      31 	" VELOC. CORTE",                  		 //!< Velocidade de corte
                                 ;      32 	" TEMPO PERFURAÇÃO",                     //!< Tempo de Perfuração
                                 ;      33 	" TENSÃO THC"                            //!< Tensao do THC
                                 ;      34 };
                                 ;      35 
                                 ;      36 float pl_init_max[PL_CONFIG_MAX] =
                                 ;      37 {
                                 ;      38 	50,                                      //!< Altura de perfuração
                                 ;      39 	50,                                      //!< Altura de corte
                                 ;      40 	MOTOR_VMAX,                              //!< Velocidade de corte
                                 ;      41 	60,                              		 //!< Tempo de Perfuração
                                 ;      42 	THC_VMAX,                                //!< Tensao do THC
                                 ;      43 };
                                 ;      44 
                                 ;      45 float pl_init_min[PL_CONFIG_MAX] =
                                 ;      46 {
                                 ;      47 	1,                                       //!< Altura de perfuração
                                 ;      48 	1,                                       //!< Altura de corte
                                 ;      49 	MOTOR_VMIN,                              //!< Velocidade de corte
                                 ;      50 	0,                              		 //!< Tempo de Perfuração
                                 ;      51 	THC_VMIN                                 //!< Tensao do THC
                                 ;      52 };
                                 ;      53 
                                 ;      54 float pl_init_step[PL_CONFIG_MAX] =
                                 ;      55 {
                                 ;      56 	0.1,                                     //!< Altura de perfuração
                                 ;      57 	0.1,                                     //!< Altura de corte
                                 ;      58 	1,                                       //!< Velocidade de corte
                                 ;      59 	0.1,                                     //!< Tempo de Perfuração
                                 ;      60 	1                                        //!< Tensao do THC
                                 ;      61 };
                                 ;      62 
                                 ;      63 uint8_t pl_init_point[PL_CONFIG_MAX] =
                                 ;      64 {
                                 ;      65 	1,                                       //!< Altura de perfuração
                                 ;      66 	1,                                       //!< Altura de corte
                                 ;      67 	0,                                       //!< Velocidade de corte
                                 ;      68 	1,                                       //!< Tempo de Perfuração
                                 ;      69 	0                                        //!< Tensao do THC
                                 ;      70 };
                                 ;      71 
                                 ;      72 char* pl_init_unit[PL_CONFIG_MAX] =
                                 ;      73 {
                                 ;      74 	"mm",                                   //!< Altura de perfuração    //!< Altura de perfuração
                                 ;      75 	"mm",                                   //!< Altura de corte         //!< Altura de corte
                                 ;      76 	"mm/min",                               //!< Velocidade de corte     //!< Velocidade de corte
                                 ;      77 	"s",                                    //!< Tempo de Perfuração     //!< Tempo de Perfuração
                                 ;      78 	"V"                                     //!< Tensao do THC           //!< Tensao do THC
                                 ;      79 };
                                 ;      80 
                                 ;      81 void initPl(void)
                                 		.LINE  "C:\Workspace\e2studio\git\MT01_master\src\states\config_menu_pl.c",81
00000000 6040                    		SUB #04H, R0
00000002 7543DC                  		MOV.L #000000DCH, R3
00000005 6602                    		MOV.L #00000000H, R2
                                 ;      82 {
                                 ;      83 	uint8_t i;
                                 ;      84 
                                 ;      85 	/* Zero all values */
                                 ;      86 	memset(configsPl, 0, sizeof(configsPl));
                                 		.LINE  "C:\Workspace\e2studio\git\MT01_master\src\states\config_menu_pl.c",86
00000007 FB12rrrrrrrr            		MOV.L #_configsPl, R1
0000000D 7F88                    		SSTR.B
0000000F                         L20:	; entry.split
0000000F 6611                    		MOV.L #00000001H, R1
                                 ;      87 	eepromReadConfig(CONFIGVAR_PL);
                                 		.LINE  "C:\Workspace\e2studio\git\MT01_master\src\states\config_menu_pl.c",87
00000011 05rrrrrr             A  		BSR _eepromReadConfig
00000015                         L21:	; entry.split1
                                 ;      88 	/* Initialize all variables */
                                 ;      89 	for(i = 0; i < PL_CONFIG_MAX; i++)
                                 		.LINE  "C:\Workspace\e2studio\git\MT01_master\src\states\config_menu_pl.c",89
00000015 3C0300                  		MOV.B #00H, 03H[R0]
00000018 38rrrr               W  		BRA L32
0000001B                         L22:	; bb
                                 ;      90 	{
                                 ;      91 		configsPl[i].type = pl_init_types[i];
                                 		.LINE  "C:\Workspace\e2studio\git\MT01_master\src\states\config_menu_pl.c",91
0000001B B089                    		MOVU.B 03H[R0], R1
0000001D FBE2rrrrrrrr            		MOV.L #_pl_init_types, R14
00000023 FE61EE                  		MOV.L [R1,R14], R14
00000026 75112C                  		MUL #2CH, R1
00000029 FBF2rrrrrrrr            		MOV.L #_configsPl, R15
0000002F 4B1F                    		ADD R1, R15
00000031 E3FE                    		MOV.L R14, [R15]
00000033                         L23:	; bb.split
                                 ;      92 		configsPl[i].value = &configVarPl[i];
                                 		.LINE  "C:\Workspace\e2studio\git\MT01_master\src\states\config_menu_pl.c",92
00000033 B089                    		MOVU.B 03H[R0], R1
00000035 EF1E                    		MOV.L R1, R14
00000037 751E2C                  		MUL #2CH, R14
0000003A FB22rrrrrrrr            		MOV.L #_configsPl, R2
00000040 4BE2                    		ADD R14, R2
00000042 6C21                    		SHLL #02H, R1
00000044 FB32rrrrrrrr            		MOV.L #_configVarPl, R3
0000004A 4B13                    		ADD R1, R3
0000004C A02B                    		MOV.L R3, 04H[R2]
0000004E                         L24:	; bb.split2
                                 ;      93 		configsPl[i].valueMax = pl_init_max[i];
                                 		.LINE  "C:\Workspace\e2studio\git\MT01_master\src\states\config_menu_pl.c",93
0000004E B089                    		MOVU.B 03H[R0], R1
00000050 FBE2rrrrrrrr            		MOV.L #_pl_init_max, R14
00000056 FE61E2                  		MOV.L [R1,R14], R2
00000059 75112C                  		MUL #2CH, R1
0000005C FB32rrrrrrrr            		MOV.L #_configsPl, R3
00000062 4B13                    		ADD R1, R3
00000064 A0BA                    		MOV.L R2, 0CH[R3]
00000066                         L25:	; bb.split3
                                 ;      94 		configsPl[i].valueMin = pl_init_min[i];
                                 		.LINE  "C:\Workspace\e2studio\git\MT01_master\src\states\config_menu_pl.c",94
00000066 B089                    		MOVU.B 03H[R0], R1
00000068 FBE2rrrrrrrr            		MOV.L #_pl_init_min, R14
0000006E FE61E2                  		MOV.L [R1,R14], R2
00000071 75112C                  		MUL #2CH, R1
00000074 FB32rrrrrrrr            		MOV.L #_configsPl, R3
0000007A 4B13                    		ADD R1, R3
0000007C A0B2                    		MOV.L R2, 08H[R3]
0000007E                         L26:	; bb.split4
                                 ;      95 		configsPl[i].name = pl_init_names[i];
                                 		.LINE  "C:\Workspace\e2studio\git\MT01_master\src\states\config_menu_pl.c",95
0000007E B089                    		MOVU.B 03H[R0], R1
00000080 FBE2rrrrrrrr            		MOV.L #_pl_init_names, R14
00000086 FE61E2                  		MOV.L [R1,R14], R2
00000089 75112C                  		MUL #2CH, R1
0000008C FB32rrrrrrrr            		MOV.L #_configsPl, R3
00000092 4B13                    		ADD R1, R3
00000094 A1BA                    		MOV.L R2, 1CH[R3]
00000096                         L27:	; bb.split5
                                 ;      96 		configsPl[i].unit = pl_init_unit[i];
                                 		.LINE  "C:\Workspace\e2studio\git\MT01_master\src\states\config_menu_pl.c",96
00000096 B089                    		MOVU.B 03H[R0], R1
00000098 FBE2rrrrrrrr            		MOV.L #_pl_init_unit, R14
0000009E FE61E2                  		MOV.L [R1,R14], R2
000000A1 75112C                  		MUL #2CH, R1
000000A4 FB32rrrrrrrr            		MOV.L #_configsPl, R3
000000AA 4B13                    		ADD R1, R3
000000AC A1B2                    		MOV.L R2, 18H[R3]
000000AE                         L28:	; bb.split6
                                 ;      97 		configsPl[i].step = pl_init_step[i];
                                 		.LINE  "C:\Workspace\e2studio\git\MT01_master\src\states\config_menu_pl.c",97
000000AE B089                    		MOVU.B 03H[R0], R1
000000B0 FBE2rrrrrrrr            		MOV.L #_pl_init_step, R14
000000B6 FE61E2                  		MOV.L [R1,R14], R2
000000B9 75112C                  		MUL #2CH, R1
000000BC FB32rrrrrrrr            		MOV.L #_configsPl, R3
000000C2 4B13                    		ADD R1, R3
000000C4 A132                    		MOV.L R2, 10H[R3]
000000C6                         L29:	; bb.split7
                                 ;      98 		configsPl[i].point = pl_init_point[i];
                                 		.LINE  "C:\Workspace\e2studio\git\MT01_master\src\states\config_menu_pl.c",98
000000C6 B089                    		MOVU.B 03H[R0], R1
000000C8 FBE2rrrrrrrr            		MOV.L #_pl_init_point, R14
000000CE FECE12                  		MOVU.B [R14,R1], R2
000000D1 75112C                  		MUL #2CH, R1
000000D4 FB32rrrrrrrr            		MOV.L #_configsPl, R3
000000DA 4B13                    		ADD R1, R3
000000DC 8532                    		MOV.B R2, 14H[R3]
000000DE                         L30:	; bb.split8
                                 ;      99 		configsPl[i].currentState = STATE_CONFIG_MENU_PL;
                                 		.LINE  "C:\Workspace\e2studio\git\MT01_master\src\states\config_menu_pl.c",99
000000DE B089                    		MOVU.B 03H[R0], R1
000000E0 75112C                  		MUL #2CH, R1
000000E3 FB22rrrrrrrr            		MOV.L #_configsPl, R2
000000E9 4B12                    		ADD R1, R2
000000EB 3E2805                  		MOV.L #00000005H, 20H[R2]
000000EE                         L31:	; bb.split9
                                 ;     100 		configsPl[i].currentItem = i;
                                 		.LINE  "C:\Workspace\e2studio\git\MT01_master\src\states\config_menu_pl.c",100
000000EE B089                    		MOVU.B 03H[R0], R1
000000F0 EF1E                    		MOV.L R1, R14
000000F2 751E2C                  		MUL #2CH, R14
000000F5 FBF2rrrrrrrr            		MOV.L #_configsPl, R15
000000FB 4BEF                    		ADD R14, R15
000000FD C7F124                  		MOV.B R1, 24H[R15]
00000100 B089                    		MOVU.B 03H[R0], R1
00000102 6211                    		ADD #01H, R1
00000104 8089                    		MOV.B R1, 03H[R0]
00000106                         L32:	; bb77
                                 		.LINE  "C:\Workspace\e2studio\git\MT01_master\src\states\config_menu_pl.c",89
00000106 B089                    		MOVU.B 03H[R0], R1
00000108 6151                    		CMP #05H, R1
0000010A 28rr                  * 		BLT L22
         38rrrr                  
0000010F                         L33:	; return
                                 ;     101 	}
                                 ;     102 }
                                 		.LINE  "C:\Workspace\e2studio\git\MT01_master\src\states\config_menu_pl.c",102
0000010F 6701                    		RTSD #04H
                                 		.SECTION	L,ROMDATA,ALIGN=4
00000000                         _L10:
00000000 20414C54                		.byte	" ALT. PERFURA"
         2E205045                
         52465552                
         41                      
0000000D C7C3                    		.byte	0C7H,0C3H
0000000F 4F                      		.byte	"O"
00000010 00                      		.byte	00H
00000011                         _L11:
00000011 20414C54                		.byte	" ALTURA DE CORTE"
         55524120                
         44452043                
         4F525445                
00000021 00                      		.byte	00H
00000022                         _L12:
00000022 2056454C                		.byte	" VELOC. CORTE"
         4F432E20                
         434F5254                
         45                      
0000002F 00                      		.byte	00H
00000030                         _L13:
00000030 2054454D                		.byte	" TEMPO PERFURA"
         504F2050                
         45524655                
         5241                    
0000003E C7C3                    		.byte	0C7H,0C3H
00000040 4F                      		.byte	"O"
00000041 00                      		.byte	00H
00000042                         _L14:
00000042 2054454E                		.byte	" TENS"
         53                      
00000047 C3                      		.byte	0C3H
00000048 4F205448                		.byte	"O THC"
         43                      
0000004D 00                      		.byte	00H
0000004E                         _L15:
0000004E 6D6D                    		.byte	"mm"
00000050 00                      		.byte	00H
00000051                         _L16:
00000051 6D6D2F6D                		.byte	"mm/min"
         696E                    
00000057 00                      		.byte	00H
00000058                         _L17:
00000058 73                      		.byte	"s"
00000059 00                      		.byte	00H
0000005A                         _L18:
0000005A 56                      		.byte	"V"
0000005B 00                      		.byte	00H
                                 		.SECTION	D,ROMDATA,ALIGN=4
00000000                         _pl_init_types:
00000000 00                      		.byte	0
00000001 00                      		.byte	0
00000002 00                      		.byte	0
00000003 00                      		.byte	0
00000004 00                      		.byte	0
00000005 00                      		.byte	0
00000006 00                      		.byte	0
00000007 00                      		.byte	0
00000008 00                      		.byte	0
00000009 00                      		.byte	0
0000000A 00                      		.byte	0
0000000B 00                      		.byte	0
0000000C 00                      		.byte	0
0000000D 00                      		.byte	0
0000000E 00                      		.byte	0
0000000F 00                      		.byte	0
00000010 00                      		.byte	0
00000011 00                      		.byte	0
00000012 00                      		.byte	0
00000013 00                      		.byte	0
00000014                         _pl_init_names:
00000014 rrrrrrrr                		.lword	_L10
00000018 rrrrrrrr                		.lword	_L11
0000001C rrrrrrrr                		.lword	_L12
00000020 rrrrrrrr                		.lword	_L13
00000024 rrrrrrrr                		.lword	_L14
00000028                         _pl_init_max:
00000028 00004842                		.lword	42480000H	; float 50
0000002C 00004842                		.lword	42480000H	; float 50
00000030 00401C46                		.lword	461C4000H	; float 10000
00000034 00007042                		.lword	42700000H	; float 60
00000038 00009643                		.lword	43960000H	; float 300
0000003C                         _pl_init_min:
0000003C 0000803F                		.lword	3F800000H	; float 1
00000040 0000803F                		.lword	3F800000H	; float 1
00000044 00002041                		.lword	41200000H	; float 10
00000048 00000000                		.lword	00000000H
0000004C 0000A041                		.lword	41A00000H	; float 20
00000050                         _pl_init_step:
00000050 CDCCCC3D                		.lword	3DCCCCCDH	; float 0.1
00000054 CDCCCC3D                		.lword	3DCCCCCDH	; float 0.1
00000058 0000803F                		.lword	3F800000H	; float 1
0000005C CDCCCC3D                		.lword	3DCCCCCDH	; float 0.1
00000060 0000803F                		.lword	3F800000H	; float 1
00000064                         _pl_init_unit:
00000064 rrrrrrrr                		.lword	_L15
00000068 rrrrrrrr                		.lword	_L15
0000006C rrrrrrrr                		.lword	_L16
00000070 rrrrrrrr                		.lword	_L17
00000074 rrrrrrrr                		.lword	_L18
                                 		.SECTION	D_1,ROMDATA
00000000                         _pl_init_point:
00000000 01010001                		.byte	01H,01H,00H,01H,00H
         00                      
                                 		.SECTION	B,DATA,ALIGN=4
00000000                         _configsPl:
00000000(000000DCH)              		.blkl	55
                                 		.END

Information List

TOTAL ERROR(S)    00000
TOTAL WARNING(S)  00000
TOTAL LINE(S)     00349   LINES

Section List

Attr         Size               Name
CODE     0000000273(00000111H)  P
ROMDATA  0000000092(0000005CH)  L
ROMDATA  0000000120(00000078H)  D
ROMDATA  0000000005(00000005H)  D_1
DATA     0000000220(000000DCH)  B

Cpu Type

-ISA=RXV1 -FPU

Command Parameter

-subcommand=C:\Users\LAFONS~1\AppData\Local\Temp\$ccrx305E\$ccrx\config_menu_pl.src.cmd
    -nologo
    -isa=rxv1
    -fpu
    -show=conditionals,definitions,expansions
    -define=__RXV1=1
    -fint_register=0
    -debug
    -endian=little
-listfile=C:\Workspace\e2studio\git\MT01_master\MT01_build\config_menu_pl.lst
-output=C:\Workspace\e2studio\git\MT01_master\MT01_build\src\states\config_menu_pl.obj
