* RX FAMILY ASSEMBLER V2.03.00.01 [24 Oct 2014] *  SOURCE LIST  Tue Mar 14 17:28:24 2017

LOC.     OBJ.              0XMDA SOURCE STATEMENT

                                 ;RX Family C/C++ Compiler (V2.03.00.03 [04 Dec 2014])  14-Mar-2017 17:28:24
                                 
                                 ;*** CPU TYPE ***
                                 
                                 ;-ISA=RXV1
                                 
                                 ;*** COMMAND PARAMETER ***
                                 
                                 ;-output=src=interpreter_line_selection.src
                                 ;-lang=c99
                                 ;-include=C:\PROGRA~2\Renesas\RX\2_3_0/include,C:\Workspace\e2studio\git\MT01_master\r_lvd_rx,C:\Workspace\e2studio\git\MT01_master\r_lvd_rx\src,C:/Workspace/e2studio/
                                 ;-debug
                                 ;-show=source,conditionals,definitions,expansions
                                 ;-listfile=interpreter_line_selection.lst
                                 ;-isa=rxv1
                                 ;-optimize=0
                                 ;-fpu
                                 ;-alias=noansi
                                 ;-nologo
                                 ;-nomessage
                                 ;-define=__RX,COMPACTAXP=0,EASYMAK=1,MOBILE=0,FREE_RTOS_PP
                                 ;interpreter_line_selection.c
                                 
                                 		.glb	_iif_func_enter
                                 		.glb	_iif_func_esc
                                 		.glb	_iif_func_down
                                 		.glb	_iif_func_up
                                 		.glb	_iif_func_left
                                 		.glb	_iif_func_right
                                 		.glb	_iif_func_zdown
                                 		.glb	_iif_func_zup
                                 		.glb	_iif_func_released
                                 		.glb	_iif_func_cycleStop
                                 		.glb	_qKeyboard
                                 		.glb	_swTimers
                                 		.glb	_iif_bind_line_selection
                                 		.glb	_vTimerLineCallback
                                 		.glb	_xTimerCreate
                                 		.glb	_iif_idle
                                 		.glb	_xTimerGenericCommand
                                 		.glb	_xTaskGetTickCount
                                 		.glb	_vAssertCalled
                                 		.glb	_xQueueGenericSend
                                 ;LineNo. C-SOURCE STATEMENT
                                 
                                 		.SECTION	P,CODE
00000000                         _iif_bind_line_selection:
                                 		.STACK	_iif_bind_line_selection=8
                                 ;       1 /*
                                 ;       2  * interpreter_jog_if.c
                                 ;       3  *
                                 ;       4  *  Created on: 22/12/2015
                                 ;       5  *      Author: leocafonso
                                 ;       6  */
                                 ;       7 #include "tinyg.h"
                                 ;       8 #include "platform.h"
                                 ;       9 #include "planner.h"
                                 ;      10 #include "interpreter_if.h"
                                 ;      11 #include "controller.h"
                                 ;      12 #include "macros.h"
                                 ;      13 #include "keyboard.h"
                                 ;      14 #include "config_SwTimers.h"
                                 ;      15 
                                 ;      16 
                                 ;      17 #include <stdlib.h>
                                 ;      18 #include <stdio.h>
                                 ;      19 #include <string.h>
                                 ;      20 
                                 ;      21 enum{
                                 ;      22 	NONE = 0,
                                 ;      23 	DOWN,
                                 ;      24 	UP,
                                 ;      25 };
                                 ;      26 
                                 ;      27 static uint8_t timeNum = NONE;
                                 ;      28 static void iif_line_down(void);
                                 ;      29 static void iif_line_up(void);
                                 ;      30 static void iif_line_released(void);
                                 ;      31 void vTimerLineCallback( TimerHandle_t pxTimer );
                                 ;      32 
                                 ;      33 void iif_bind_line_selection(void)
                                 ;      34 {
                                 ;      35 	timeNum = NONE;
                                 		.LINE  "C:\Workspace\e2studio\git\MT01_master\src\config\interpreter_line_selection.c",35
00000000 FBE2rrrrrrrr            		MOV.L #__$timeNum, R14
00000006 F8E400                  		MOV.B #00H, [R14]
00000009                         L12:	; entry.split
                                 ;      36 	if(swTimers[LINE_SELECTION_TIMER] == NULL)
                                 		.LINE  "C:\Workspace\e2studio\git\MT01_master\src\config\interpreter_line_selection.c",36
00000009 FB12rrrrrrrr            		MOV.L #_swTimers, R1
0000000F AA19                    		MOV.L 24H[R1], R1
00000011 6101                    		CMP #00H, R1
00000013 21rr                    		BNE L14
00000015                         L13:	; bb1
00000015 6040                    		SUB #04H, R0
                                 ;      37 	{
                                 ;      38 		swTimers[LINE_SELECTION_TIMER] = xTimerCreate
                                 		.LINE  "C:\Workspace\e2studio\git\MT01_master\src\config\interpreter_line_selection.c",38
00000017 FBE2rrrrrrrr            		MOV.L #_vTimerLineCallback, R14
0000001D E30E                    		MOV.L R14, [R0]
0000001F 6694                    		MOV.L #00000009H, R4
00000021 6613                    		MOV.L #00000001H, R3
00000023 7542FA                  		MOV.L #000000FAH, R2
00000026 FB12rrrrrrrr            		MOV.L #_L10, R1
0000002C 05rrrrrr             A  		BSR _xTimerCreate
00000030 6240                    		ADD #04H, R0
00000032 FB22rrrrrrrr            		MOV.L #_swTimers, R2
00000038 A229                    		MOV.L R1, 24H[R2]
0000003A                         L14:	; bb5
                                 ;      39 						   ( "Timer 1",
                                 ;      40 							 ( 250 ),
                                 ;      41 							 pdTRUE,
                                 ;      42 							 ( void * ) LINE_SELECTION_TIMER,
                                 ;      43 							 vTimerLineCallback
                                 ;      44 						   );
                                 ;      45 	}
                                 ;      46 	iif_func_enter = &iif_idle;
                                 		.LINE  "C:\Workspace\e2studio\git\MT01_master\src\config\interpreter_line_selection.c",46
0000003A FBE2rrrrrrrr            		MOV.L #_iif_func_enter, R14
00000040 FBF2rrrrrrrr            		MOV.L #_iif_idle, R15
00000046 E3EF                    		MOV.L R15, [R14]
00000048                         L15:	; bb5.split
                                 ;      47 	iif_func_esc = &iif_line_released;
                                 		.LINE  "C:\Workspace\e2studio\git\MT01_master\src\config\interpreter_line_selection.c",47
00000048 FBE2rrrrrrrr            		MOV.L #_iif_func_esc, R14
0000004E FBF2rrrrrrrr            		MOV.L #__$iif_line_released, R15
00000054 E3EF                    		MOV.L R15, [R14]
00000056                         L16:	; bb5.split1
                                 ;      48 	iif_func_down = &iif_line_down;
                                 		.LINE  "C:\Workspace\e2studio\git\MT01_master\src\config\interpreter_line_selection.c",48
00000056 FBE2rrrrrrrr            		MOV.L #_iif_func_down, R14
0000005C FBF2rrrrrrrr            		MOV.L #__$iif_line_down, R15
00000062 E3EF                    		MOV.L R15, [R14]
00000064                         L17:	; bb5.split2
                                 ;      49 	iif_func_up = &iif_line_up;
                                 		.LINE  "C:\Workspace\e2studio\git\MT01_master\src\config\interpreter_line_selection.c",49
00000064 FBE2rrrrrrrr            		MOV.L #_iif_func_up, R14
0000006A FBF2rrrrrrrr            		MOV.L #__$iif_line_up, R15
00000070 E3EF                    		MOV.L R15, [R14]
00000072                         L18:	; bb5.split3
                                 ;      50 	iif_func_left = &iif_idle;
                                 		.LINE  "C:\Workspace\e2studio\git\MT01_master\src\config\interpreter_line_selection.c",50
00000072 FBE2rrrrrrrr            		MOV.L #_iif_func_left, R14
00000078 FBF2rrrrrrrr            		MOV.L #_iif_idle, R15
0000007E E3EF                    		MOV.L R15, [R14]
00000080                         L19:	; bb5.split4
                                 ;      51 	iif_func_right = &iif_idle;
                                 		.LINE  "C:\Workspace\e2studio\git\MT01_master\src\config\interpreter_line_selection.c",51
00000080 FBE2rrrrrrrr            		MOV.L #_iif_func_right, R14
00000086 FBF2rrrrrrrr            		MOV.L #_iif_idle, R15
0000008C E3EF                    		MOV.L R15, [R14]
0000008E                         L20:	; bb5.split5
                                 ;      52 	iif_func_zdown = &iif_idle;
                                 		.LINE  "C:\Workspace\e2studio\git\MT01_master\src\config\interpreter_line_selection.c",52
0000008E FBE2rrrrrrrr            		MOV.L #_iif_func_zdown, R14
00000094 FBF2rrrrrrrr            		MOV.L #_iif_idle, R15
0000009A E3EF                    		MOV.L R15, [R14]
0000009C                         L21:	; bb5.split6
                                 ;      53 	iif_func_zup = &iif_idle;
                                 		.LINE  "C:\Workspace\e2studio\git\MT01_master\src\config\interpreter_line_selection.c",53
0000009C FBE2rrrrrrrr            		MOV.L #_iif_func_zup, R14
000000A2 FBF2rrrrrrrr            		MOV.L #_iif_idle, R15
000000A8 E3EF                    		MOV.L R15, [R14]
000000AA                         L22:	; bb5.split7
                                 ;      54 	iif_func_released = &iif_line_released;
                                 		.LINE  "C:\Workspace\e2studio\git\MT01_master\src\config\interpreter_line_selection.c",54
000000AA FBE2rrrrrrrr            		MOV.L #_iif_func_released, R14
000000B0 FBF2rrrrrrrr            		MOV.L #__$iif_line_released, R15
000000B6 E3EF                    		MOV.L R15, [R14]
000000B8                         L23:	; bb5.split8
                                 ;      55 	iif_func_cycleStop = &iif_idle;
                                 		.LINE  "C:\Workspace\e2studio\git\MT01_master\src\config\interpreter_line_selection.c",55
000000B8 FBE2rrrrrrrr            		MOV.L #_iif_func_cycleStop, R14
000000BE FBF2rrrrrrrr            		MOV.L #_iif_idle, R15
000000C4 E3EF                    		MOV.L R15, [R14]
000000C6 02                      		RTS
000000C7                         __$iif_line_down:
                                 		.STACK	__$iif_line_down=12
                                 ;      56 }
                                 ;      57 
                                 ;      58 static void iif_line_down(void)
                                 		.LINE  "C:\Workspace\e2studio\git\MT01_master\src\config\interpreter_line_selection.c",58
000000C7 7EA6                    		PUSH.L R6
                                 ;      59 {
                                 ;      60 	  timeNum = DOWN;
                                 		.LINE  "C:\Workspace\e2studio\git\MT01_master\src\config\interpreter_line_selection.c",60
000000C9 FBE2rrrrrrrr            		MOV.L #__$timeNum, R14
000000CF F8E401                  		MOV.B #01H, [R14]
000000D2                         L25:	; entry.split
                                 ;      61 	  xTimerStart( swTimers[LINE_SELECTION_TIMER], 0 );
                                 		.LINE  "C:\Workspace\e2studio\git\MT01_master\src\config\interpreter_line_selection.c",61
000000D2 FB12rrrrrrrr            		MOV.L #_swTimers, R1
000000D8 AA1E                    		MOV.L 24H[R1], R6
000000DA 05rrrrrr             A  		BSR _xTaskGetTickCount
000000DE EF13                    		MOV.L R1, R3
000000E0 6040                    		SUB #04H, R0
000000E2 F80600                  		MOV.L #00000000H, [R0]
000000E5 6604                    		MOV.L #00000000H, R4
000000E7 6612                    		MOV.L #00000001H, R2
000000E9 EF61                    		MOV.L R6, R1
000000EB 05rrrrrr             A  		BSR _xTimerGenericCommand
000000EF 6240                    		ADD #04H, R0
000000F1 3F6601                  		RTSD #04H, R6-R6
000000F4                         __$iif_line_up:
                                 		.STACK	__$iif_line_up=12
                                 ;      62 }
                                 ;      63 
                                 ;      64 static void iif_line_up(void)
                                 		.LINE  "C:\Workspace\e2studio\git\MT01_master\src\config\interpreter_line_selection.c",64
000000F4 7EA6                    		PUSH.L R6
                                 ;      65 {
                                 ;      66 	  timeNum = UP;
                                 		.LINE  "C:\Workspace\e2studio\git\MT01_master\src\config\interpreter_line_selection.c",66
000000F6 FBE2rrrrrrrr            		MOV.L #__$timeNum, R14
000000FC F8E402                  		MOV.B #02H, [R14]
000000FF                         L27:	; entry.split
                                 ;      67 	  xTimerStart( swTimers[LINE_SELECTION_TIMER], 0 );
                                 		.LINE  "C:\Workspace\e2studio\git\MT01_master\src\config\interpreter_line_selection.c",67
000000FF FB12rrrrrrrr            		MOV.L #_swTimers, R1
00000105 AA1E                    		MOV.L 24H[R1], R6
00000107 05rrrrrr             A  		BSR _xTaskGetTickCount
0000010B EF13                    		MOV.L R1, R3
0000010D 6040                    		SUB #04H, R0
0000010F F80600                  		MOV.L #00000000H, [R0]
00000112 6604                    		MOV.L #00000000H, R4
00000114 6612                    		MOV.L #00000001H, R2
00000116 EF61                    		MOV.L R6, R1
00000118 05rrrrrr             A  		BSR _xTimerGenericCommand
0000011C 6240                    		ADD #04H, R0
0000011E 3F6601                  		RTSD #04H, R6-R6
00000121                         __$iif_line_released:
                                 		.STACK	__$iif_line_released=8
                                 ;      68 }
                                 ;      69 
                                 ;      70 static void iif_line_released(void)
                                 ;      71 {
                                 ;      72 	  timeNum = NONE;
                                 		.LINE  "C:\Workspace\e2studio\git\MT01_master\src\config\interpreter_line_selection.c",72
00000121 FBE2rrrrrrrr            		MOV.L #__$timeNum, R14
00000127 F8E400                  		MOV.B #00H, [R14]
0000012A                         L29:	; entry.split
                                 ;      73 	  xTimerStop( swTimers[LINE_SELECTION_TIMER], 0 );
                                 		.LINE  "C:\Workspace\e2studio\git\MT01_master\src\config\interpreter_line_selection.c",73
0000012A FB12rrrrrrrr            		MOV.L #_swTimers, R1
00000130 AA19                    		MOV.L 24H[R1], R1
00000132 6040                    		SUB #04H, R0
00000134 F80600                  		MOV.L #00000000H, [R0]
00000137 6603                    		MOV.L #00000000H, R3
00000139 6632                    		MOV.L #00000003H, R2
0000013B EF34                    		MOV.L R3, R4
0000013D 05rrrrrr             A  		BSR _xTimerGenericCommand
00000141 6240                    		ADD #04H, R0
00000143 02                      		RTS
00000144                         _vTimerLineCallback:
                                 		.STACK	_vTimerLineCallback=12
                                 ;      74 }
                                 ;      75 
                                 ;      76 void vTimerLineCallback( TimerHandle_t pxTimer )
                                 		.LINE  "C:\Workspace\e2studio\git\MT01_master\src\config\interpreter_line_selection.c",76
00000144 6080                    		SUB #08H, R0
00000146 A009                    		MOV.L R1, 04H[R0]
                                 ;      77 {
                                 ;      78 	uint32_t key = 0;
                                 		.LINE  "C:\Workspace\e2studio\git\MT01_master\src\config\interpreter_line_selection.c",78
00000148 F80600                  		MOV.L #00000000H, [R0]
0000014B                         L31:	; entry.split
                                 ;      79 	/* Optionally do something if the pxTimer parameter is NULL. */
                                 ;      80 	configASSERT( pxTimer );
                                 		.LINE  "C:\Workspace\e2studio\git\MT01_master\src\config\interpreter_line_selection.c",80
0000014B A809                    		MOV.L 04H[R0], R1
0000014D 6101                    		CMP #00H, R1
0000014F 18                   S  		BNE L33
00000150                         L32:	; bb3
00000150 05rrrrrr             A  		BSR _vAssertCalled
00000154                         L33:	; bb6
                                 ;      81 
                                 ;      82 	switch(timeNum)
                                 		.LINE  "C:\Workspace\e2studio\git\MT01_master\src\config\interpreter_line_selection.c",82
00000154 FBE2rrrrrrrr            		MOV.L #__$timeNum, R14
0000015A 58EE                    		MOVU.B [R14], R14
0000015C 612E                    		CMP #02H, R14
0000015E 20rr                    		BEQ L36
00000160                         L34:	; bb6
00000160 611E                    		CMP #01H, R14
00000162 21rr                    		BNE L37
00000164                         L35:	; bb9
                                 ;      83 	{
                                 ;      84 		case DOWN:	key = KEY_DOWN; xQueueSend( qKeyboard, &key, 0 ); break;
                                 		.LINE  "C:\Workspace\e2studio\git\MT01_master\src\config\interpreter_line_selection.c",84
00000164 F80A0004                		MOV.L #00000400H, [R0]
00000168 FBE2rrrrrrrr            		MOV.L #_qKeyboard, R14
0000016E ECE1                    		MOV.L [R14], R1
00000170 6603                    		MOV.L #00000000H, R3
00000172 EF02                    		MOV.L R0, R2
00000174 EF34                    		MOV.L R3, R4
00000176 05rrrrrr             A  		BSR _xQueueGenericSend
0000017A 6702                    		RTSD #08H
0000017C                         L36:	; bb13
                                 ;      85 		case UP:	key = KEY_UP; xQueueSend( qKeyboard, &key, 0 ); break;
                                 		.LINE  "C:\Workspace\e2studio\git\MT01_master\src\config\interpreter_line_selection.c",85
0000017C F80A0001                		MOV.L #00000100H, [R0]
00000180 FBE2rrrrrrrr            		MOV.L #_qKeyboard, R14
00000186 ECE1                    		MOV.L [R14], R1
00000188 6603                    		MOV.L #00000000H, R3
0000018A EF02                    		MOV.L R0, R2
0000018C EF34                    		MOV.L R3, R4
0000018E 05rrrrrr             A  		BSR _xQueueGenericSend
00000192 6702                    		RTSD #08H
00000194                         L37:	; return
                                 ;      86 	}
                                 ;      87 }
                                 		.LINE  "C:\Workspace\e2studio\git\MT01_master\src\config\interpreter_line_selection.c",87
00000194 6702                    		RTSD #08H
                                 		.SECTION	L,ROMDATA,ALIGN=4
00000000                         _L10:
00000000 54696D65                		.byte	"Timer 1"
         722031                  
00000007 00                      		.byte	00H
                                 		.SECTION	D_1,ROMDATA
00000000                         __$timeNum:
00000000 00                      		.byte	00H
                                 		.END

Information List

TOTAL ERROR(S)    00000
TOTAL WARNING(S)  00000
TOTAL LINE(S)     00321   LINES

Section List

Attr         Size               Name
CODE     0000000406(00000196H)  P
ROMDATA  0000000008(00000008H)  L
ROMDATA  0000000001(00000001H)  D_1

Cpu Type

-ISA=RXV1 -FPU

Command Parameter

-subcommand=C:\Users\LAFONS~1\AppData\Local\Temp\$ccrx305E\$ccrx\interpreter_line_selection.src.cmd
    -nologo
    -isa=rxv1
    -fpu
    -show=conditionals,definitions,expansions
    -define=__RXV1=1
    -fint_register=0
    -debug
    -endian=little
-listfile=C:\Workspace\e2studio\git\MT01_master\MT01_build\interpreter_line_selection.lst
-output=C:\Workspace\e2studio\git\MT01_master\MT01_build\src\config\interpreter_line_selection.obj
