* RX FAMILY ASSEMBLER V2.03.00.01 [24 Oct 2014] *  SOURCE LIST  Tue Mar 14 14:03:12 2017

LOC.     OBJ.              0XMDA SOURCE STATEMENT

                                 ;RX Family C/C++ Compiler (V2.03.00.03 [04 Dec 2014])  14-Mar-2017 14:03:12
                                 
                                 ;*** CPU TYPE ***
                                 
                                 ;-ISA=RXV1
                                 
                                 ;*** COMMAND PARAMETER ***
                                 
                                 ;-output=src=r_fl_app_header.src
                                 ;-lang=c99
                                 ;-include=C:\PROGRA~2\Renesas\RX\2_3_0/include,C:\Workspace\e2studio\git\MT01_master\r_lvd_rx,C:\Workspace\e2studio\git\MT01_master\r_lvd_rx\src,C:/Workspace/e2studio/
                                 ;-debug
                                 ;-show=source,conditionals,definitions,expansions
                                 ;-listfile=r_fl_app_header.lst
                                 ;-isa=rxv1
                                 ;-optimize=0
                                 ;-fpu
                                 ;-alias=noansi
                                 ;-nologo
                                 ;-nomessage
                                 ;-define=__RX,COMPACTAXP=0,EASYMAK=1,MOBILE=0,FREE_RTOS_PP
                                 ;r_fl_app_header.c
                                 
                                 		.glb	_g_fl_cur_app_header
                                 ;LineNo. C-SOURCE STATEMENT
                                 
                                 		.SECTION	APPHEADER_1,ROMDATA
00000000                         _g_fl_cur_app_header:
00000000 AA                      		.byte	0AAH
00000001 01                      		.byte	01H
00000002 05                      		.byte	05H
00000003 00                      		.byte	00H
00000004 00                      		.byte	00H
00000005 FFFF                    		.word	0FFFFH
                                 		.END

Information List

TOTAL ERROR(S)    00000
TOTAL WARNING(S)  00000
TOTAL LINE(S)     00035   LINES

Section List

Attr         Size               Name
ROMDATA  0000000007(00000007H)  APPHEADER_1

Cpu Type

-ISA=RXV1 -FPU

Command Parameter

-subcommand=C:\Users\LAFONS~1\AppData\Local\Temp\$ccrx4DB7\$ccrx\r_fl_app_header.src.cmd
    -nologo
    -isa=rxv1
    -fpu
    -show=conditionals,definitions,expansions
    -define=__RXV1=1
    -fint_register=0
    -debug
    -endian=little
-listfile=C:\Workspace\e2studio\git\MT01_master\MT01_build\r_fl_app_header.lst
-output=C:\Workspace\e2studio\git\MT01_master\MT01_build\r_flash_loader_rx\src\r_fl_app_header.obj
