* RX FAMILY ASSEMBLER V2.03.00.01 [24 Oct 2014] *  SOURCE LIST  Tue Mar 14 17:28:17 2017

LOC.     OBJ.              0XMDA SOURCE STATEMENT

                                 ;RX Family C/C++ Compiler (V2.03.00.03 [04 Dec 2014])  14-Mar-2017 17:28:17
                                 
                                 ;*** CPU TYPE ***
                                 
                                 ;-ISA=RXV1
                                 
                                 ;*** COMMAND PARAMETER ***
                                 
                                 ;-output=src=state_functions.src
                                 ;-lang=c99
                                 ;-include=C:\PROGRA~2\Renesas\RX\2_3_0/include,C:\Workspace\e2studio\git\MT01_master\r_lvd_rx,C:\Workspace\e2studio\git\MT01_master\r_lvd_rx\src,C:/Workspace/e2studio/
                                 ;-debug
                                 ;-show=source,conditionals,definitions,expansions
                                 ;-listfile=state_functions.lst
                                 ;-isa=rxv1
                                 ;-optimize=0
                                 ;-fpu
                                 ;-alias=noansi
                                 ;-nologo
                                 ;-nomessage
                                 ;-define=__RX,COMPACTAXP=0,EASYMAK=1,MOBILE=0,FREE_RTOS_PP
                                 ;state_functions.c
                                 
                                 		.glb	__Ctype
                                 		.glb	_configsVar
                                 		.glb	_zeroPiece
                                 		.glb	_macro_func_ptr
                                 		.glb	_Xcord
                                 		.glb	_Ycord
                                 		.glb	_cs
                                 		.glb	_uspiffs
                                 		.glb	_qKeyboard
                                 		.glb	_actualLine
                                 		.glb	_previousLine
                                 		.glb	_choosedLine
                                 		.glb	_choosedLinePosition
                                 		.glb	_xCncTaskHandle
                                 		.glb	_lineEntries
                                 		.glb	_LinePositionEntries
                                 		.glb	_selecionarLinhas
                                 		.glb	_LineM5
                                 		.glb	_currentLineSel
                                 		.glb	_pstrLinhas
                                 		.glb	_zeroPiecebuffer
                                 		.glb	_selecionarlinhasMax
                                 		.glb	_ut_lcd_output_warning
                                 		.glb	_parse_gcode_func_selection
                                 		.glb	_command_idle
                                 		.glb	_xio_close
                                 		.glb	_xio_open
                                 		.glb	_SPIFFS_lseek
                                 		.glb	_SPIFFS_read
                                 		.glb	_xio_gets
                                 		.glb	_gc_gcode_parser
                                 		.glb	_selecionarlinhas
                                 		.glb	_selecionarLinhatexto
                                 		.glb	_sprintf
                                 		.glb	_linhaSelecionada
                                 		.glb	_zerar_maquina
                                 		.glb	_eepromReadConfig
                                 		.glb	_xTaskGenericNotify
                                 		.glb	_ZerarMaquina_Macro
                                 		.glb	_zerar_peca
                                 		.glb	_mp_get_runtime_absolute_position
                                 		.glb	_eepromWriteConfig
                                 		.glb	_homming_eixos
                                 		.glb	_homming_Macro
                                 		.glb	_testar_peca
                                 		.glb	_vTaskDelay
                                 		.glb	__Stof
                                 		.glb	_limit_test
                                 		.glb	_delay_esc
                                 		.glb	_xQueueGenericReset
                                 		.glb	_xQueueGenericReceive
                                 		.glb	_delay_esc_enter
                                 		.glb	_mem_format
                                 		.glb	_eepromFormat
                                 		.glb	_eepromIntegrityCheck
                                 		.glb	_spiffs_format
                                 		.glb	_R_BSP_RegisterProtectDisable
                                 		.glb	_get_dec_digits
                                 		.glb	_get_decimal_digits
                                 		.glb	_idle
                                 ;LineNo. C-SOURCE STATEMENT
                                 
                                 		.SECTION	P,CODE
00000000                         _selecionarlinhasMax:
                                 		.STACK	_selecionarlinhasMax=24
                                 ;       1 /*
                                 ;       2  * state_functions.c
                                 ;       3  *
                                 ;       4  *  Created on: 30/04/2016
                                 ;       5  *      Author: leocafonso
                                 ;       6  */
                                 ;       7 #include "tinyg.h"			// #1
                                 ;       8 #include "config.h"			// #2
                                 ;       9 #include "gcode_parser.h"
                                 ;      10 #include "macros.h"
                                 ;      11 #include "planner.h"
                                 ;      12 
                                 ;      13 #include "FreeRTOS.h"
                                 ;      14 #include "task.h"
                                 ;      15 #include "ff.h"
                                 ;      16 
                                 ;      17 #include "ut_context.h"
                                 ;      18 #include "ut_state.h"
                                 ;      19 #include "ut_state_config_var.h"
                                 ;      20 #include "interpreter_if.h"
                                 ;      21 #include "state_functions.h"
                                 ;      22 #include "eeprom.h"
                                 ;      23 #include "spiffs_hw.h"
                                 ;      24 
                                 ;      25 #include "keyboard.h"
                                 ;      26 
                                 ;      27 #include "lcd_menu.h"
                                 ;      28 #include "lcd.h"
                                 ;      29 #include "util.h"
                                 ;      30 
                                 ;      31 #include <string.h>
                                 ;      32 #include <stdio.h>
                                 ;      33 #include <stdlib.h>
                                 ;      34 
                                 ;      35 extern uint32_t actualLine;
                                 ;      36 extern uint32_t previousLine;
                                 ;      37 extern uint32_t choosedLine;
                                 ;      38 extern uint32_t choosedLinePosition;
                                 ;      39 extern TaskHandle_t xCncTaskHandle;
                                 ;      40 
                                 ;      41 uint32_t lineEntries[2];
                                 ;      42 uint32_t LinePositionEntries[2];
                                 ;      43 float selecionarLinhas = 0;
                                 ;      44 uint32_t LineM5 = 0;
                                 ;      45 uint32_t currentLineSel = 0;
                                 ;      46 static char strLinhas[2][20];
                                 ;      47 char** pstrLinhas;
                                 ;      48 
                                 ;      49 float zeroPiecebuffer[3] = {0,0,0};
                                 ;      50 
                                 ;      51 uint32_t selecionarlinhasMax(void)
                                 		.LINE  "C:\Workspace\e2studio\git\MT01_master\src\states\state_functions.c",51
00000000 7100EC                  		ADD #0FFFFFFECH, R0
                                 ;      52 {
                                 ;      53 	stat_t status;
                                 ;      54 	s32_t res;
                                 ;      55 	s32_t i;
                                 ;      56 	char s;
                                 ;      57 	ut_lcd_output_warning("LENDO ARQUIVO\n");
                                 		.LINE  "C:\Workspace\e2studio\git\MT01_master\src\states\state_functions.c",57
00000003 FB12rrrrrrrr            		MOV.L #_L10, R1
00000009 05rrrrrr             A  		BSR _ut_lcd_output_warning
0000000D                         L19:	; entry.split
                                 ;      58 //	iif_bind_line_selection();
                                 ;      59 	choosedLinePosition = 0;
                                 		.LINE  "C:\Workspace\e2studio\git\MT01_master\src\states\state_functions.c",59
0000000D FBE2rrrrrrrr            		MOV.L #_choosedLinePosition, R14
00000013 F8E600                  		MOV.L #00000000H, [R14]
00000016                         L20:	; entry.split1
                                 ;      60 	choosedLine = 0;
                                 		.LINE  "C:\Workspace\e2studio\git\MT01_master\src\states\state_functions.c",60
00000016 FBE2rrrrrrrr            		MOV.L #_choosedLine, R14
0000001C F8E600                  		MOV.L #00000000H, [R14]
0000001F                         L21:	; entry.split2
                                 ;      61 	currentLineSel = 0;
                                 		.LINE  "C:\Workspace\e2studio\git\MT01_master\src\states\state_functions.c",61
0000001F FBE2rrrrrrrr            		MOV.L #_currentLineSel, R14
00000025 F8E600                  		MOV.L #00000000H, [R14]
00000028                         L22:	; entry.split3
                                 ;      62 	LineM5 = 0;
                                 		.LINE  "C:\Workspace\e2studio\git\MT01_master\src\states\state_functions.c",62
00000028 FBE2rrrrrrrr            		MOV.L #_LineM5, R14
0000002E F8E600                  		MOV.L #00000000H, [R14]
00000031                         L23:	; entry.split4
00000031 6611                    		MOV.L #00000001H, R1
                                 ;      63 	parse_gcode_func_selection(LINE_PARSER);
                                 		.LINE  "C:\Workspace\e2studio\git\MT01_master\src\states\state_functions.c",63
00000033 05rrrrrr             A  		BSR _parse_gcode_func_selection
00000037                         L24:	; entry.split5
                                 ;      64 	macro_func_ptr = command_idle;
                                 		.LINE  "C:\Workspace\e2studio\git\MT01_master\src\states\state_functions.c",64
00000037 FBE2rrrrrrrr            		MOV.L #_macro_func_ptr, R14
0000003D FBF2rrrrrrrr            		MOV.L #_command_idle, R15
00000043 E3EF                    		MOV.L R15, [R14]
00000045                         L25:	; entry.split6
                                 ;      65 	selecionarLinhas = 1000000;
                                 		.LINE  "C:\Workspace\e2studio\git\MT01_master\src\states\state_functions.c",65
00000045 FBE2rrrrrrrr            		MOV.L #_selecionarLinhas, R14
0000004B F8E200247449            		MOV.L #49742400H, [R14]
00000051                         L26:	; entry.split7
                                 ;      66 	xio_close(cs.primary_src);
                                 		.LINE  "C:\Workspace\e2studio\git\MT01_master\src\states\state_functions.c",66
00000051 FB12rrrrrrrr            		MOV.L #_cs, R1
00000057 B611                    		MOVU.B 18H[R1], R1
00000059 05rrrrrr             A  		BSR _xio_close
0000005D                         L27:	; entry.split8
                                 ;      67 	xio_open(cs.primary_src,0,0);
                                 		.LINE  "C:\Workspace\e2studio\git\MT01_master\src\states\state_functions.c",67
0000005D FB12rrrrrrrr            		MOV.L #_cs, R1
00000063 B611                    		MOVU.B 18H[R1], R1
00000065 6602                    		MOV.L #00000000H, R2
00000067 EF23                    		MOV.L R2, R3
00000069 05rrrrrr             A  		BSR _xio_open
0000006D                         L28:	; entry.split9
                                 ;      68 	i = 0;
                                 		.LINE  "C:\Workspace\e2studio\git\MT01_master\src\states\state_functions.c",68
0000006D 3E0200                  		MOV.L #00000000H, 08H[R0]
00000070 2Err                 B  		BRA L31
00000072                         L29:	; bb17
                                 ;      69 	while (true) {
                                 ;      70 		i++;
                                 ;      71 		res = SPIFFS_lseek(&uspiffs[0].gSPIFFS, uspiffs[0].f, -i, SPIFFS_SEEK_END);
                                 ;      72 		res = SPIFFS_read(&uspiffs[0].gSPIFFS, uspiffs[0].f, &s, 1);
                                 ;      73 		if (s == 'N')
                                 ;      74 		{	SPIFFS_read(&uspiffs[0].gSPIFFS, uspiffs[0].f, &s, 1);
                                 		.LINE  "C:\Workspace\e2studio\git\MT01_master\src\states\state_functions.c",74
00000072 FB12rrrrrrrr            		MOV.L #_uspiffs, R1
00000078 DD1232                  		MOV.W 64H[R1], R2
0000007B 6614                    		MOV.L #00000001H, R4
0000007D 71030F                  		ADD #0FH, R0, R3
00000080 05rrrrrr             A  		BSR _SPIFFS_read
00000084                         L30:	; bb17.split
                                 ;      75 			if(isdigit(s))
                                 		.LINE  "C:\Workspace\e2studio\git\MT01_master\src\states\state_functions.c",75
00000084 FBE2rrrrrrrr            		MOV.L #__Ctype, R14
0000008A ECEE                    		MOV.L [R14], R14
0000008C B389                    		MOVU.B 0FH[R0], R1
0000008E FED1EE                  		MOVU.W [R1,R14], R14
00000091 7C5E                    		BTST #05H, R14
00000093 21rr                    		BNE L35
00000095                         L31:	; bb39.split
                                 		.LINE  "C:\Workspace\e2studio\git\MT01_master\src\states\state_functions.c",70
00000095 A881                    		MOV.L 08H[R0], R1
00000097 6211                    		ADD #01H, R1
00000099 A081                    		MOV.L R1, 08H[R0]
0000009B                         L32:	; bb39.split10
0000009B 6603                    		MOV.L #00000000H, R3
                                 		.LINE  "C:\Workspace\e2studio\git\MT01_master\src\states\state_functions.c",71
0000009D 06810302                		SUB 08H[R0].L, R3
000000A1 FB12rrrrrrrr            		MOV.L #_uspiffs, R1
000000A7 DD1232                  		MOV.W 64H[R1], R2
000000AA 6624                    		MOV.L #00000002H, R4
000000AC 05rrrrrr             A  		BSR _SPIFFS_lseek
000000B0 A009                    		MOV.L R1, 04H[R0]
000000B2                         L33:	; bb39.split11
                                 		.LINE  "C:\Workspace\e2studio\git\MT01_master\src\states\state_functions.c",72
000000B2 FB12rrrrrrrr            		MOV.L #_uspiffs, R1
000000B8 DD1232                  		MOV.W 64H[R1], R2
000000BB 6614                    		MOV.L #00000001H, R4
000000BD 71030F                  		ADD #0FH, R0, R3
000000C0 05rrrrrr             A  		BSR _SPIFFS_read
000000C4 A009                    		MOV.L R1, 04H[R0]
000000C6                         L34:	; bb39.split12
                                 		.LINE  "C:\Workspace\e2studio\git\MT01_master\src\states\state_functions.c",73
000000C6 B389                    		MOVU.B 0FH[R0], R1
000000C8 75514E                  		CMP #4EH, R1
000000CB 20rr                    		BEQ L29
000000CD 2Err                 B  		BRA L31
000000CF                         L35:	; bb41.split
                                 ;      76 				break;
                                 ;      77 		}
                                 ;      78 
                                 ;      79 	}
                                 ;      80 	i+=2;
                                 		.LINE  "C:\Workspace\e2studio\git\MT01_master\src\states\state_functions.c",80
000000CF A881                    		MOV.L 08H[R0], R1
000000D1 6221                    		ADD #02H, R1
000000D3 A081                    		MOV.L R1, 08H[R0]
000000D5                         L36:	; bb41.split13
000000D5 6603                    		MOV.L #00000000H, R3
                                 ;      81 	res = SPIFFS_lseek(&uspiffs[0].gSPIFFS, uspiffs[0].f, -i, SPIFFS_SEEK_END);
                                 		.LINE  "C:\Workspace\e2studio\git\MT01_master\src\states\state_functions.c",81
000000D7 06810302                		SUB 08H[R0].L, R3
000000DB FB12rrrrrrrr            		MOV.L #_uspiffs, R1
000000E1 DD1232                  		MOV.W 64H[R1], R2
000000E4 6624                    		MOV.L #00000002H, R4
000000E6 05rrrrrr             A  		BSR _SPIFFS_lseek
000000EA A009                    		MOV.L R1, 04H[R0]
000000EC 2Err                 B  		BRA L44
000000EE                         L37:	; bb50
                                 ;      82 	while(true)
                                 ;      83 	{
                                 ;      84 		if ((status = xio_gets(cs.primary_src, cs.in_buf, sizeof(cs.in_buf))) == STAT_OK) {
                                 ;      85 			cs.bufp = cs.in_buf;
                                 		.LINE  "C:\Workspace\e2studio\git\MT01_master\src\states\state_functions.c",85
000000EE FB12rrrrrrrr            		MOV.L #_cs, R1
000000F4 711244                  		ADD #44H, R1, R2
000000F7 A412                    		MOV.L R2, 40H[R1]
000000F9                         L38:	; bb60
                                 ;      86 		}
                                 ;      87 
                                 ;      88 		if (status == STAT_EOF) {						// EOF can come from file devices only
                                 		.LINE  "C:\Workspace\e2studio\git\MT01_master\src\states\state_functions.c",88
000000F9 B089                    		MOVU.B 03H[R0], R1
000000FB 6181                    		CMP #08H, R1
000000FD 21rr                    		BNE L43
000000FF                         L39:	; bb61
                                 ;      89 			xio_close(cs.primary_src);
                                 		.LINE  "C:\Workspace\e2studio\git\MT01_master\src\states\state_functions.c",89
000000FF FB12rrrrrrrr            		MOV.L #_cs, R1
00000105 B611                    		MOVU.B 18H[R1], R1
00000107 05rrrrrr             A  		BSR _xio_close
0000010B                         L40:	; bb61.split14
                                 ;      90 			break;
                                 ;      91 		}
                                 ;      92 
                                 ;      93 		gc_gcode_parser(cs.bufp);
                                 ;      94 	}
                                 ;      95 
                                 ;      96 	selecionarLinhas = 0;
                                 		.LINE  "C:\Workspace\e2studio\git\MT01_master\src\states\state_functions.c",96
0000010B FBE2rrrrrrrr            		MOV.L #_selecionarLinhas, R14
00000111 F8E600                  		MOV.L #00000000H, [R14]
00000114                         L41:	; bb61.split15
                                 ;      97 	return currentLineSel;
                                 		.LINE  "C:\Workspace\e2studio\git\MT01_master\src\states\state_functions.c",97
00000114 FBE2rrrrrrrr            		MOV.L #_currentLineSel, R14
0000011A ECE1                    		MOV.L [R14], R1
0000011C A101                    		MOV.L R1, 10H[R0]
0000011E                         L42:	; bb61.split16
                                 ;      98 }
                                 		.LINE  "C:\Workspace\e2studio\git\MT01_master\src\states\state_functions.c",98
0000011E 6705                    		RTSD #14H
00000120                         L43:	; bb69
                                 		.LINE  "C:\Workspace\e2studio\git\MT01_master\src\states\state_functions.c",93
00000120 FB12rrrrrrrr            		MOV.L #_cs, R1
00000126 AC11                    		MOV.L 40H[R1], R1
00000128 05rrrrrr             A  		BSR _gc_gcode_parser
0000012C                         L44:	; bb72.split
                                 		.LINE  "C:\Workspace\e2studio\git\MT01_master\src\states\state_functions.c",84
0000012C FB22rrrrrrrr            		MOV.L #_cs, R2
00000132 B621                    		MOVU.B 18H[R2], R1
00000134 712244                  		ADD #44H, R2
00000137 7543FF                  		MOV.L #000000FFH, R3
0000013A 05rrrrrr             A  		BSR _xio_gets
0000013E 8089                    		MOV.B R1, 03H[R0]
00000140 5B1E                    		MOVU.B R1, R14
00000142 610E                    		CMP #00H, R14
00000144 20rr                    		BEQ L37
00000146 2Err                 B  		BRA L38
00000148                         _selecionarlinhas:
                                 		.STACK	_selecionarlinhas=8
                                 ;      99 
                                 ;     100 void selecionarlinhas(void)
                                 		.LINE  "C:\Workspace\e2studio\git\MT01_master\src\states\state_functions.c",100
00000148 6040                    		SUB #04H, R0
                                 ;     101 {
                                 ;     102 	stat_t status;
                                 ;     103 	ut_lcd_output_warning("LENDO ARQUIVO\n");
                                 		.LINE  "C:\Workspace\e2studio\git\MT01_master\src\states\state_functions.c",103
0000014A FB12rrrrrrrr            		MOV.L #_L10, R1
00000150 05rrrrrr             A  		BSR _ut_lcd_output_warning
00000154                         L46:	; entry.split
                                 ;     104 //	iif_bind_line_selection();
                                 ;     105 	choosedLinePosition = 0;
                                 		.LINE  "C:\Workspace\e2studio\git\MT01_master\src\states\state_functions.c",105
00000154 FBE2rrrrrrrr            		MOV.L #_choosedLinePosition, R14
0000015A F8E600                  		MOV.L #00000000H, [R14]
0000015D                         L47:	; entry.split1
                                 ;     106 	choosedLine = 0;
                                 		.LINE  "C:\Workspace\e2studio\git\MT01_master\src\states\state_functions.c",106
0000015D FBE2rrrrrrrr            		MOV.L #_choosedLine, R14
00000163 F8E600                  		MOV.L #00000000H, [R14]
00000166                         L48:	; entry.split2
                                 ;     107 	LineM5 = 0;
                                 		.LINE  "C:\Workspace\e2studio\git\MT01_master\src\states\state_functions.c",107
00000166 FBE2rrrrrrrr            		MOV.L #_LineM5, R14
0000016C F8E600                  		MOV.L #00000000H, [R14]
0000016F                         L49:	; entry.split3
0000016F 6611                    		MOV.L #00000001H, R1
                                 ;     108 	parse_gcode_func_selection(LINE_PARSER);
                                 		.LINE  "C:\Workspace\e2studio\git\MT01_master\src\states\state_functions.c",108
00000171 05rrrrrr             A  		BSR _parse_gcode_func_selection
00000175                         L50:	; entry.split4
                                 ;     109 	macro_func_ptr = command_idle;
                                 		.LINE  "C:\Workspace\e2studio\git\MT01_master\src\states\state_functions.c",109
00000175 FBE2rrrrrrrr            		MOV.L #_macro_func_ptr, R14
0000017B FBF2rrrrrrrr            		MOV.L #_command_idle, R15
00000181 E3EF                    		MOV.L R15, [R14]
00000183                         L51:	; entry.split5
                                 ;     110 	xio_close(cs.primary_src);
                                 		.LINE  "C:\Workspace\e2studio\git\MT01_master\src\states\state_functions.c",110
00000183 FB12rrrrrrrr            		MOV.L #_cs, R1
00000189 B611                    		MOVU.B 18H[R1], R1
0000018B 05rrrrrr             A  		BSR _xio_close
0000018F                         L52:	; entry.split6
                                 ;     111 	xio_open(cs.primary_src,0,0);
                                 		.LINE  "C:\Workspace\e2studio\git\MT01_master\src\states\state_functions.c",111
0000018F FB12rrrrrrrr            		MOV.L #_cs, R1
00000195 B611                    		MOVU.B 18H[R1], R1
00000197 6602                    		MOV.L #00000000H, R2
00000199 EF23                    		MOV.L R2, R3
0000019B 05rrrrrr             A  		BSR _xio_open
0000019F 38rrrr               W  		BRA L66
000001A2                         L53:	; bb5
                                 ;     112 	while (true) {
                                 ;     113 		if ((status = xio_gets(cs.primary_src, cs.in_buf, sizeof(cs.in_buf))) == STAT_OK) {
                                 ;     114 			cs.bufp = cs.in_buf;
                                 		.LINE  "C:\Workspace\e2studio\git\MT01_master\src\states\state_functions.c",114
000001A2 FB12rrrrrrrr            		MOV.L #_cs, R1
000001A8 711244                  		ADD #44H, R1, R2
000001AB A412                    		MOV.L R2, 40H[R1]
000001AD                         L54:	; bb14
                                 ;     115 
                                 ;     116 		}
                                 ;     117 		// handle end-of-file from file devices
                                 ;     118 		if (status == STAT_EOF) {						// EOF can come from file devices only
                                 		.LINE  "C:\Workspace\e2studio\git\MT01_master\src\states\state_functions.c",118
000001AD B089                    		MOVU.B 03H[R0], R1
000001AF 6181                    		CMP #08H, R1
000001B1 21rr                    		BNE L57
000001B3                         L55:	; bb15
                                 ;     119 			xio_close(cs.primary_src);
                                 		.LINE  "C:\Workspace\e2studio\git\MT01_master\src\states\state_functions.c",119
000001B3 FB12rrrrrrrr            		MOV.L #_cs, R1
000001B9 B611                    		MOVU.B 18H[R1], R1
000001BB 05rrrrrr             A  		BSR _xio_close
000001BF                         L56:	; bb15.split
                                 ;     120 			break;
                                 		.LINE  "C:\Workspace\e2studio\git\MT01_master\src\states\state_functions.c",120
000001BF 6701                    		RTSD #04H
000001C1                         L57:	; bb24
                                 ;     121 		}
                                 ;     122 		if (gc_gcode_parser(cs.bufp) == STAT_COMPLETE)
                                 		.LINE  "C:\Workspace\e2studio\git\MT01_master\src\states\state_functions.c",122
000001C1 FB12rrrrrrrr            		MOV.L #_cs, R1
000001C7 AC11                    		MOV.L 40H[R1], R1
000001C9 05rrrrrr             A  		BSR _gc_gcode_parser
000001CD 6141                    		CMP #04H, R1
000001CF 21rr                    		BNE L63
000001D1                         L58:	; bb25
                                 ;     123 		{
                                 ;     124 			lineEntries[1] = LineM5;
                                 		.LINE  "C:\Workspace\e2studio\git\MT01_master\src\states\state_functions.c",124
000001D1 FBE2rrrrrrrr            		MOV.L #_lineEntries, R14
000001D7 FBF2rrrrrrrr            		MOV.L #_LineM5, R15
000001DD E4FE01                  		MOV.L [R15], 04H[R14]
000001E0                         L59:	; bb25.split
                                 ;     125 			LinePositionEntries[1] = actualLine - (actualLine - previousLine);
                                 		.LINE  "C:\Workspace\e2studio\git\MT01_master\src\states\state_functions.c",125
000001E0 FBE2rrrrrrrr            		MOV.L #_actualLine, R14
000001E6 ECE1                    		MOV.L [R14], R1
000001E8 FBE2rrrrrrrr            		MOV.L #_previousLine, R14
000001EE EF1F                    		MOV.L R1, R15
000001F0 0680EF                  		SUB [R14].L, R15
000001F3 43F1                    		SUB R15, R1
000001F5 FB22rrrrrrrr            		MOV.L #_LinePositionEntries, R2
000001FB A029                    		MOV.L R1, 04H[R2]
000001FD                         L60:	; bb25.split7
                                 ;     126 			configsVar->type = UT_CONFIG_BOOL;
                                 		.LINE  "C:\Workspace\e2studio\git\MT01_master\src\states\state_functions.c",126
000001FD FBE2rrrrrrrr            		MOV.L #_configsVar, R14
00000203 ECEE                    		MOV.L [R14], R14
00000205 F8E601                  		MOV.L #00000001H, [R14]
00000208                         L61:	; bb25.split8
                                 ;     127 			xio_close(cs.primary_src);
                                 		.LINE  "C:\Workspace\e2studio\git\MT01_master\src\states\state_functions.c",127
00000208 FB12rrrrrrrr            		MOV.L #_cs, R1
0000020E B611                    		MOVU.B 18H[R1], R1
00000210 05rrrrrr             A  		BSR _xio_close
00000214                         L62:	; bb25.split9
                                 ;     128 			break;
                                 		.LINE  "C:\Workspace\e2studio\git\MT01_master\src\states\state_functions.c",128
00000214 6701                    		RTSD #04H
00000216                         L63:	; bb43
                                 ;     129 		}
                                 ;     130 		if (gc_gcode_parser(cs.bufp) == STAT_OK)
                                 		.LINE  "C:\Workspace\e2studio\git\MT01_master\src\states\state_functions.c",130
00000216 FB12rrrrrrrr            		MOV.L #_cs, R1
0000021C AC11                    		MOV.L 40H[R1], R1
0000021E 05rrrrrr             A  		BSR _gc_gcode_parser
00000222 6101                    		CMP #00H, R1
00000224 21rr                    		BNE L66
00000226                         L64:	; bb44
                                 ;     131 		{
                                 ;     132 			lineEntries[0] = LineM5;
                                 		.LINE  "C:\Workspace\e2studio\git\MT01_master\src\states\state_functions.c",132
00000226 FBE2rrrrrrrr            		MOV.L #_lineEntries, R14
0000022C FBF2rrrrrrrr            		MOV.L #_LineM5, R15
00000232 E0FE                    		MOV.L [R15], [R14]
00000234                         L65:	; bb44.split
                                 ;     133 			LinePositionEntries[0] = actualLine - (actualLine - previousLine);
                                 		.LINE  "C:\Workspace\e2studio\git\MT01_master\src\states\state_functions.c",133
00000234 FBE2rrrrrrrr            		MOV.L #_actualLine, R14
0000023A ECEE                    		MOV.L [R14], R14
0000023C FBF2rrrrrrrr            		MOV.L #_previousLine, R15
00000242 EFE5                    		MOV.L R14, R5
00000244 0680F5                  		SUB [R15].L, R5
00000247 435E                    		SUB R5, R14
00000249 FBF2rrrrrrrr            		MOV.L #_LinePositionEntries, R15
0000024F E3FE                    		MOV.L R14, [R15]
00000251                         L66:	; bb58.split
                                 		.LINE  "C:\Workspace\e2studio\git\MT01_master\src\states\state_functions.c",113
00000251 FB22rrrrrrrr            		MOV.L #_cs, R2
00000257 B621                    		MOVU.B 18H[R2], R1
00000259 712244                  		ADD #44H, R2
0000025C 7543FF                  		MOV.L #000000FFH, R3
0000025F 05rrrrrr             A  		BSR _xio_gets
00000263 8089                    		MOV.B R1, 03H[R0]
00000265 5B1E                    		MOVU.B R1, R14
00000267 610E                    		CMP #00H, R14
00000269 3Arrrr               W  		BEQ L53
0000026C 38rrrr               W  		BRA L54
0000026F                         _selecionarLinhatexto:
                                 		.STACK	_selecionarLinhatexto=16
                                 ;     134 		}
                                 ;     135 	}
                                 ;     136 
                                 ;     137 }
                                 ;     138 
                                 ;     139 char** selecionarLinhatexto(void)
                                 		.LINE  "C:\Workspace\e2studio\git\MT01_master\src\states\state_functions.c",139
0000026F 6040                    		SUB #04H, R0
                                 ;     140 {
                                 ;     141 	sprintf(strLinhas[0], "ENTRADA LINHA %d", lineEntries[0]);
                                 		.LINE  "C:\Workspace\e2studio\git\MT01_master\src\states\state_functions.c",141
00000271 FBE2rrrrrrrr            		MOV.L #_lineEntries, R14
00000277 6080                    		SUB #08H, R0
00000279 E4E001                  		MOV.L [R14], 04H[R0]
0000027C FBE2rrrrrrrr            		MOV.L #_L11, R14
00000282 E30E                    		MOV.L R14, [R0]
00000284 FB12rrrrrrrr            		MOV.L #__$strLinhas, R1
0000028A 05rrrrrr             A  		BSR _sprintf
0000028E 6280                    		ADD #08H, R0
00000290                         L68:	; entry.split
                                 ;     142 	sprintf(strLinhas[1], "ENTRADA LINHA %d", lineEntries[1]);
                                 		.LINE  "C:\Workspace\e2studio\git\MT01_master\src\states\state_functions.c",142
00000290 FBE2rrrrrrrr            		MOV.L #_lineEntries, R14
00000296 6080                    		SUB #08H, R0
00000298 E5E00101                		MOV.L 04H[R14], 04H[R0]
0000029C FBE2rrrrrrrr            		MOV.L #_L11, R14
000002A2 E30E                    		MOV.L R14, [R0]
000002A4 FB12rrrrrrrr            		MOV.L #__$strLinhas, R1
000002AA 711114                  		ADD #14H, R1
000002AD 05rrrrrr             A  		BSR _sprintf
000002B1 6280                    		ADD #08H, R0
000002B3                         L69:	; entry.split1
                                 ;     143 	pstrLinhas[0] = strLinhas[0];
                                 		.LINE  "C:\Workspace\e2studio\git\MT01_master\src\states\state_functions.c",143
000002B3 FBE2rrrrrrrr            		MOV.L #_pstrLinhas, R14
000002B9 ECEE                    		MOV.L [R14], R14
000002BB FBF2rrrrrrrr            		MOV.L #__$strLinhas, R15
000002C1 E3EF                    		MOV.L R15, [R14]
000002C3                         L70:	; entry.split2
                                 ;     144 	pstrLinhas[1] = strLinhas[1];
                                 		.LINE  "C:\Workspace\e2studio\git\MT01_master\src\states\state_functions.c",144
000002C3 FBE2rrrrrrrr            		MOV.L #_pstrLinhas, R14
000002C9 ECE1                    		MOV.L [R14], R1
000002CB FB22rrrrrrrr            		MOV.L #__$strLinhas, R2
000002D1 712214                  		ADD #14H, R2
000002D4 A01A                    		MOV.L R2, 04H[R1]
000002D6                         L71:	; entry.split3
                                 ;     145 	return pstrLinhas;
                                 		.LINE  "C:\Workspace\e2studio\git\MT01_master\src\states\state_functions.c",145
000002D6 FBE2rrrrrrrr            		MOV.L #_pstrLinhas, R14
000002DC ECE1                    		MOV.L [R14], R1
000002DE E301                    		MOV.L R1, [R0]
000002E0                         L72:	; entry.split4
                                 ;     146 }
                                 		.LINE  "C:\Workspace\e2studio\git\MT01_master\src\states\state_functions.c",146
000002E0 6701                    		RTSD #04H
000002E2                         _linhaSelecionada:
                                 		.STACK	_linhaSelecionada=8
                                 ;     147 
                                 ;     148 void linhaSelecionada(uint32_t flag)
                                 		.LINE  "C:\Workspace\e2studio\git\MT01_master\src\states\state_functions.c",148
000002E2 6040                    		SUB #04H, R0
000002E4 E301                    		MOV.L R1, [R0]
                                 ;     149 {
                                 ;     150 	if(flag == 1)
                                 		.LINE  "C:\Workspace\e2studio\git\MT01_master\src\states\state_functions.c",150
000002E6 6111                    		CMP #01H, R1
000002E8 21rr                    		BNE L76
000002EA                         L74:	; bb2
                                 ;     151 	{
                                 ;     152 		choosedLine = lineEntries[1];
                                 		.LINE  "C:\Workspace\e2studio\git\MT01_master\src\states\state_functions.c",152
000002EA FBE2rrrrrrrr            		MOV.L #_choosedLine, R14
000002F0 FBF2rrrrrrrr            		MOV.L #_lineEntries, R15
000002F6 E1FE01                  		MOV.L 04H[R15], [R14]
000002F9                         L75:	; bb2.split
                                 ;     153 		choosedLinePosition = LinePositionEntries[1];
                                 		.LINE  "C:\Workspace\e2studio\git\MT01_master\src\states\state_functions.c",153
000002F9 FBE2rrrrrrrr            		MOV.L #_choosedLinePosition, R14
000002FF FBF2rrrrrrrr            		MOV.L #_LinePositionEntries, R15
00000305 E1FE01                  		MOV.L 04H[R15], [R14]
00000308 6701                    		RTSD #04H
0000030A                         L76:	; bb5
                                 ;     154 	}
                                 ;     155 	else if(flag == 0)
                                 		.LINE  "C:\Workspace\e2studio\git\MT01_master\src\states\state_functions.c",155
0000030A EC01                    		MOV.L [R0], R1
0000030C 6101                    		CMP #00H, R1
0000030E 21rr                    		BNE L79
00000310                         L77:	; bb6
                                 ;     156 	{
                                 ;     157 		choosedLine = lineEntries[0];
                                 		.LINE  "C:\Workspace\e2studio\git\MT01_master\src\states\state_functions.c",157
00000310 FBE2rrrrrrrr            		MOV.L #_choosedLine, R14
00000316 FBF2rrrrrrrr            		MOV.L #_lineEntries, R15
0000031C E0FE                    		MOV.L [R15], [R14]
0000031E                         L78:	; bb6.split
                                 ;     158 		choosedLinePosition = LinePositionEntries[0];
                                 		.LINE  "C:\Workspace\e2studio\git\MT01_master\src\states\state_functions.c",158
0000031E FBE2rrrrrrrr            		MOV.L #_choosedLinePosition, R14
00000324 FBF2rrrrrrrr            		MOV.L #_LinePositionEntries, R15
0000032A E0FE                    		MOV.L [R15], [R14]
0000032C 6701                    		RTSD #04H
0000032E                         L79:	; return
                                 ;     159 	}
                                 ;     160 }
                                 		.LINE  "C:\Workspace\e2studio\git\MT01_master\src\states\state_functions.c",160
0000032E 6701                    		RTSD #04H
00000330                         _zerar_maquina:
                                 		.STACK	_zerar_maquina=16
                                 ;     161 
                                 ;     162 void zerar_maquina(void *var)
                                 		.LINE  "C:\Workspace\e2studio\git\MT01_master\src\states\state_functions.c",162
00000330 60C0                    		SUB #0CH, R0
00000332 A081                    		MOV.L R1, 08H[R0]
                                 ;     163 {
                                 ;     164 	ut_config_var *lvar = var;
                                 		.LINE  "C:\Workspace\e2studio\git\MT01_master\src\states\state_functions.c",164
00000334 E301                    		MOV.L R1, [R0]
00000336                         L81:	; entry.split
                                 ;     165 	uint32_t *value = lvar->value;
                                 		.LINE  "C:\Workspace\e2studio\git\MT01_master\src\states\state_functions.c",165
00000336 EC01                    		MOV.L [R0], R1
00000338 E5100101                		MOV.L 04H[R1], 04H[R0]
0000033C                         L82:	; entry.split1
                                 ;     166 	if(*value)
                                 		.LINE  "C:\Workspace\e2studio\git\MT01_master\src\states\state_functions.c",166
0000033C A809                    		MOV.L 04H[R0], R1
0000033E EC1E                    		MOV.L [R1], R14
00000340 610E                    		CMP #00H, R14
00000342 20rr                    		BEQ L89
00000344                         L83:	; bb9
                                 ;     167 	{
                                 ;     168 		zeroPiecebuffer[AXIS_X] = 0;
                                 		.LINE  "C:\Workspace\e2studio\git\MT01_master\src\states\state_functions.c",168
00000344 FBE2rrrrrrrr            		MOV.L #_zeroPiecebuffer, R14
0000034A F8E600                  		MOV.L #00000000H, [R14]
0000034D                         L84:	; bb9.split
                                 ;     169 		zeroPiecebuffer[AXIS_Y] = 0;
                                 		.LINE  "C:\Workspace\e2studio\git\MT01_master\src\states\state_functions.c",169
0000034D FB12rrrrrrrr            		MOV.L #_zeroPiecebuffer, R1
00000353 3E1100                  		MOV.L #00000000H, 04H[R1]
00000356                         L85:	; bb9.split2
                                 ;     170 		zeroPiecebuffer[AXIS_Z] = 0;
                                 		.LINE  "C:\Workspace\e2studio\git\MT01_master\src\states\state_functions.c",170
00000356 FB12rrrrrrrr            		MOV.L #_zeroPiecebuffer, R1
0000035C 3E1200                  		MOV.L #00000000H, 08H[R1]
0000035F                         L86:	; bb9.split3
0000035F 6641                    		MOV.L #00000004H, R1
                                 ;     171 		eepromReadConfig(ZEROPIECE);
                                 		.LINE  "C:\Workspace\e2studio\git\MT01_master\src\states\state_functions.c",171
00000361 05rrrrrr             A  		BSR _eepromReadConfig
00000365                         L87:	; bb9.split4
                                 ;     172 		xTaskNotifyGive(xCncTaskHandle);
                                 		.LINE  "C:\Workspace\e2studio\git\MT01_master\src\states\state_functions.c",172
00000365 FBE2rrrrrrrr            		MOV.L #_xCncTaskHandle, R14
0000036B ECE1                    		MOV.L [R14], R1
0000036D 6623                    		MOV.L #00000002H, R3
0000036F 6602                    		MOV.L #00000000H, R2
00000371 EF24                    		MOV.L R2, R4
00000373 05rrrrrr             A  		BSR _xTaskGenericNotify
00000377                         L88:	; bb9.split5
                                 ;     173 		macro_func_ptr = ZerarMaquina_Macro;
                                 		.LINE  "C:\Workspace\e2studio\git\MT01_master\src\states\state_functions.c",173
00000377 FBE2rrrrrrrr            		MOV.L #_macro_func_ptr, R14
0000037D FBF2rrrrrrrr            		MOV.L #_ZerarMaquina_Macro, R15
00000383 E3EF                    		MOV.L R15, [R14]
00000385 6703                    		RTSD #0CH
00000387                         L89:	; return
                                 ;     174 	}
                                 ;     175 }
                                 		.LINE  "C:\Workspace\e2studio\git\MT01_master\src\states\state_functions.c",175
00000387 6703                    		RTSD #0CH
00000389                         _zerar_peca:
                                 		.STACK	_zerar_peca=16
                                 ;     176 
                                 ;     177 void zerar_peca(void *var)
                                 		.LINE  "C:\Workspace\e2studio\git\MT01_master\src\states\state_functions.c",177
00000389 60C0                    		SUB #0CH, R0
0000038B A081                    		MOV.L R1, 08H[R0]
                                 ;     178 {
                                 ;     179 	ut_config_var *lvar = var;
                                 		.LINE  "C:\Workspace\e2studio\git\MT01_master\src\states\state_functions.c",179
0000038D E301                    		MOV.L R1, [R0]
0000038F                         L91:	; entry.split
                                 ;     180 	uint32_t *value = lvar->value;
                                 		.LINE  "C:\Workspace\e2studio\git\MT01_master\src\states\state_functions.c",180
0000038F EC01                    		MOV.L [R0], R1
00000391 E5100101                		MOV.L 04H[R1], 04H[R0]
00000395                         L92:	; entry.split1
                                 ;     181 	if(*value)
                                 		.LINE  "C:\Workspace\e2studio\git\MT01_master\src\states\state_functions.c",181
00000395 A809                    		MOV.L 04H[R0], R1
00000397 EC1E                    		MOV.L [R1], R14
00000399 610E                    		CMP #00H, R14
0000039B 3Arrrr               W  		BEQ L105
0000039E                         L93:	; bb9
0000039E 6601                    		MOV.L #00000000H, R1
                                 ;     182 	{
                                 ;     183 		zeroPiecebuffer[AXIS_X] += mp_get_runtime_absolute_position(AXIS_X);
                                 		.LINE  "C:\Workspace\e2studio\git\MT01_master\src\states\state_functions.c",183
000003A0 05rrrrrr             A  		BSR _mp_get_runtime_absolute_position
000003A4 FBE2rrrrrrrr            		MOV.L #_zeroPiecebuffer, R14
000003AA FC88E1                  		FADD [R14].L, R1
000003AD E3E1                    		MOV.L R1, [R14]
000003AF                         L94:	; bb9.split
000003AF 6611                    		MOV.L #00000001H, R1
                                 ;     184 		zeroPiecebuffer[AXIS_Y] += mp_get_runtime_absolute_position(AXIS_Y);
                                 		.LINE  "C:\Workspace\e2studio\git\MT01_master\src\states\state_functions.c",184
000003B1 05rrrrrr             A  		BSR _mp_get_runtime_absolute_position
000003B5 FB22rrrrrrrr            		MOV.L #_zeroPiecebuffer, R2
000003BB FC892101                		FADD 04H[R2].L, R1
000003BF A029                    		MOV.L R1, 04H[R2]
000003C1                         L95:	; bb9.split2
                                 ;     185 		zeroPiecebuffer[AXIS_Z] = 0;
                                 		.LINE  "C:\Workspace\e2studio\git\MT01_master\src\states\state_functions.c",185
000003C1 FB12rrrrrrrr            		MOV.L #_zeroPiecebuffer, R1
000003C7 3E1200                  		MOV.L #00000000H, 08H[R1]
000003CA                         L96:	; bb9.split3
                                 ;     186 
                                 ;     187 		zeroPiece[AXIS_X] = zeroPiecebuffer[AXIS_X];
                                 		.LINE  "C:\Workspace\e2studio\git\MT01_master\src\states\state_functions.c",187
000003CA FBE2rrrrrrrr            		MOV.L #_zeroPiece, R14
000003D0 FBF2rrrrrrrr            		MOV.L #_zeroPiecebuffer, R15
000003D6 E0FE                    		MOV.L [R15], [R14]
000003D8                         L97:	; bb9.split4
                                 ;     188 		zeroPiece[AXIS_Y] = zeroPiecebuffer[AXIS_Y];
                                 		.LINE  "C:\Workspace\e2studio\git\MT01_master\src\states\state_functions.c",188
000003D8 FBE2rrrrrrrr            		MOV.L #_zeroPiece, R14
000003DE FBF2rrrrrrrr            		MOV.L #_zeroPiecebuffer, R15
000003E4 E5FE0101                		MOV.L 04H[R15], 04H[R14]
000003E8                         L98:	; bb9.split5
                                 ;     189 		zeroPiece[AXIS_Z] = 0;
                                 		.LINE  "C:\Workspace\e2studio\git\MT01_master\src\states\state_functions.c",189
000003E8 FB12rrrrrrrr            		MOV.L #_zeroPiece, R1
000003EE 3E1200                  		MOV.L #00000000H, 08H[R1]
000003F1                         L99:	; bb9.split6
000003F1 6641                    		MOV.L #00000004H, R1
                                 ;     190 		eepromWriteConfig(ZEROPIECE);
                                 		.LINE  "C:\Workspace\e2studio\git\MT01_master\src\states\state_functions.c",190
000003F3 05rrrrrr             A  		BSR _eepromWriteConfig
000003F7                         L100:	; bb9.split7
                                 ;     191 		xTaskNotifyGive(xCncTaskHandle);
                                 		.LINE  "C:\Workspace\e2studio\git\MT01_master\src\states\state_functions.c",191
000003F7 FBE2rrrrrrrr            		MOV.L #_xCncTaskHandle, R14
000003FD ECE1                    		MOV.L [R14], R1
000003FF 6623                    		MOV.L #00000002H, R3
00000401 6602                    		MOV.L #00000000H, R2
00000403 EF24                    		MOV.L R2, R4
00000405 05rrrrrr             A  		BSR _xTaskGenericNotify
00000409                         L101:	; bb9.split8
                                 ;     192 		macro_func_ptr = ZerarMaquina_Macro;
                                 		.LINE  "C:\Workspace\e2studio\git\MT01_master\src\states\state_functions.c",192
00000409 FBE2rrrrrrrr            		MOV.L #_macro_func_ptr, R14
0000040F FBF2rrrrrrrr            		MOV.L #_ZerarMaquina_Macro, R15
00000415 E3EF                    		MOV.L R15, [R14]
00000417                         L102:	; bb9.split9
                                 ;     193 		zeroPiece[AXIS_X] = 0;
                                 		.LINE  "C:\Workspace\e2studio\git\MT01_master\src\states\state_functions.c",193
00000417 FBE2rrrrrrrr            		MOV.L #_zeroPiece, R14
0000041D F8E600                  		MOV.L #00000000H, [R14]
00000420                         L103:	; bb9.split10
                                 ;     194 		zeroPiece[AXIS_Y] = 0;
                                 		.LINE  "C:\Workspace\e2studio\git\MT01_master\src\states\state_functions.c",194
00000420 FB12rrrrrrrr            		MOV.L #_zeroPiece, R1
00000426 3E1100                  		MOV.L #00000000H, 04H[R1]
00000429                         L104:	; bb9.split11
                                 ;     195 		zeroPiece[AXIS_Z] = 0;
                                 		.LINE  "C:\Workspace\e2studio\git\MT01_master\src\states\state_functions.c",195
00000429 FB12rrrrrrrr            		MOV.L #_zeroPiece, R1
0000042F 3E1200                  		MOV.L #00000000H, 08H[R1]
00000432 6703                    		RTSD #0CH
00000434                         L105:	; return
                                 ;     196 	}
                                 ;     197 }
                                 		.LINE  "C:\Workspace\e2studio\git\MT01_master\src\states\state_functions.c",197
00000434 6703                    		RTSD #0CH
00000436                         _homming_eixos:
                                 		.STACK	_homming_eixos=16
                                 ;     198 
                                 ;     199 void homming_eixos(void *var)
                                 		.LINE  "C:\Workspace\e2studio\git\MT01_master\src\states\state_functions.c",199
00000436 60C0                    		SUB #0CH, R0
00000438 A081                    		MOV.L R1, 08H[R0]
                                 ;     200 {
                                 ;     201 	ut_config_var *lvar = var;
                                 		.LINE  "C:\Workspace\e2studio\git\MT01_master\src\states\state_functions.c",201
0000043A E301                    		MOV.L R1, [R0]
0000043C                         L107:	; entry.split
                                 ;     202 	uint32_t *value = lvar->value;
                                 		.LINE  "C:\Workspace\e2studio\git\MT01_master\src\states\state_functions.c",202
0000043C EC01                    		MOV.L [R0], R1
0000043E E5100101                		MOV.L 04H[R1], 04H[R0]
00000442                         L108:	; entry.split1
                                 ;     203 	if(*value)
                                 		.LINE  "C:\Workspace\e2studio\git\MT01_master\src\states\state_functions.c",203
00000442 A809                    		MOV.L 04H[R0], R1
00000444 EC1E                    		MOV.L [R1], R14
00000446 610E                    		CMP #00H, R14
00000448 20rr                    		BEQ L110
0000044A                         L109:	; bb9
                                 ;     204 	{
                                 ;     205 		macro_func_ptr = homming_Macro;
                                 		.LINE  "C:\Workspace\e2studio\git\MT01_master\src\states\state_functions.c",205
0000044A FBE2rrrrrrrr            		MOV.L #_macro_func_ptr, R14
00000450 FBF2rrrrrrrr            		MOV.L #_homming_Macro, R15
00000456 E3EF                    		MOV.L R15, [R14]
00000458 6703                    		RTSD #0CH
0000045A                         L110:	; return
                                 ;     206 	}
                                 ;     207 }
                                 		.LINE  "C:\Workspace\e2studio\git\MT01_master\src\states\state_functions.c",207
0000045A 6703                    		RTSD #0CH
0000045C                         _testar_peca:
                                 		.STACK	_testar_peca=80
                                 ;     208 
                                 ;     209 void testar_peca(void *var)
                                 		.LINE  "C:\Workspace\e2studio\git\MT01_master\src\states\state_functions.c",209
0000045C 7100B4                  		ADD #0FFFFFFB4H, R0
0000045F A481                    		MOV.L R1, 48H[R0]
                                 ;     210 {
                                 ;     211 	uint16_t i = 0;
                                 		.LINE  "C:\Workspace\e2studio\git\MT01_master\src\states\state_functions.c",211
00000461 F80500                  		MOV.W #0000H, [R0]
00000464                         L112:	; entry.split
                                 ;     212 	char s;
                                 ;     213 	char *str;
                                 ;     214 	char num[50];
                                 ;     215 	float numf;
                                 ;     216 
                                 ;     217 	ut_config_var *lvar = var;
                                 		.LINE  "C:\Workspace\e2studio\git\MT01_master\src\states\state_functions.c",217
00000464 E5001210                		MOV.L 48H[R0], 40H[R0]
00000468                         L113:	; entry.split1
                                 ;     218 	bool *value = lvar->value;
                                 		.LINE  "C:\Workspace\e2studio\git\MT01_master\src\states\state_functions.c",218
00000468 AC01                    		MOV.L 40H[R0], R1
0000046A E5100111                		MOV.L 04H[R1], 44H[R0]
0000046E                         L114:	; entry.split2
                                 ;     219 	if(*value)
                                 		.LINE  "C:\Workspace\e2studio\git\MT01_master\src\states\state_functions.c",219
0000046E AC09                    		MOV.L 44H[R0], R1
00000470 581E                    		MOVU.B [R1], R14
00000472 610E                    		CMP #00H, R14
00000474 3Arrrr               W  		BEQ L138
00000477                         L115:	; bb13
                                 ;     220 	{
                                 ;     221 		macro_func_ptr = command_idle;
                                 		.LINE  "C:\Workspace\e2studio\git\MT01_master\src\states\state_functions.c",221
00000477 FBE2rrrrrrrr            		MOV.L #_macro_func_ptr, R14
0000047D FBF2rrrrrrrr            		MOV.L #_command_idle, R15
00000483 E3EF                    		MOV.L R15, [R14]
00000485                         L116:	; bb13.split
                                 ;     222 		xio_close(cs.primary_src);
                                 		.LINE  "C:\Workspace\e2studio\git\MT01_master\src\states\state_functions.c",222
00000485 FB12rrrrrrrr            		MOV.L #_cs, R1
0000048B B611                    		MOVU.B 18H[R1], R1
0000048D 05rrrrrr             A  		BSR _xio_close
00000491                         L117:	; bb13.split3
                                 ;     223 		xio_open(cs.primary_src,0,0);
                                 		.LINE  "C:\Workspace\e2studio\git\MT01_master\src\states\state_functions.c",223
00000491 FB12rrrrrrrr            		MOV.L #_cs, R1
00000497 B611                    		MOVU.B 18H[R1], R1
00000499 6602                    		MOV.L #00000000H, R2
0000049B EF23                    		MOV.L R2, R3
0000049D 05rrrrrr             A  		BSR _xio_open
000004A1 2Err                 B  		BRA L127
000004A3                         L118:	; bb23
                                 ;     224 		while (true) {
                                 ;     225 			SPIFFS_read(&uspiffs[0].gSPIFFS, uspiffs[0].f, &s, 1);
                                 ;     226 			i++;
                                 ;     227 			if (i > 1000)
                                 ;     228 			{
                                 ;     229 				xio_close(cs.primary_src);
                                 		.LINE  "C:\Workspace\e2studio\git\MT01_master\src\states\state_functions.c",229
000004A3 FB12rrrrrrrr            		MOV.L #_cs, R1
000004A9 B611                    		MOVU.B 18H[R1], R1
000004AB 05rrrrrr             A  		BSR _xio_close
000004AF                         L119:	; bb23.split
                                 ;     230 				ut_lcd_output_warning("ARQUIVO\nSEM INFO\nDE LIMITES\n");
                                 		.LINE  "C:\Workspace\e2studio\git\MT01_master\src\states\state_functions.c",230
000004AF FB12rrrrrrrr            		MOV.L #_L12, R1
000004B5 05rrrrrr             A  		BSR _ut_lcd_output_warning
000004B9                         L120:	; bb23.split4
000004B9 FB1AD007                		MOV.L #000007D0H, R1
                                 ;     231 				vTaskDelay(2000 / portTICK_PERIOD_MS);
                                 		.LINE  "C:\Workspace\e2studio\git\MT01_master\src\states\state_functions.c",231
000004BD 05rrrrrr             A  		BSR _vTaskDelay
000004C1                         L121:	; bb23.split5
                                 ;     232 				*value = false;
                                 		.LINE  "C:\Workspace\e2studio\git\MT01_master\src\states\state_functions.c",232
000004C1 AC09                    		MOV.L 44H[R0], R1
000004C3 F81400                  		MOV.B #00H, [R1]
000004C6                         L122:	; bb23.split6
                                 ;     233 				return;
                                 		.LINE  "C:\Workspace\e2studio\git\MT01_master\src\states\state_functions.c",233
000004C6 6713                    		RTSD #4CH
000004C8                         L123:	; bb32
                                 ;     234 			}
                                 ;     235 			if (s == 'M')
                                 		.LINE  "C:\Workspace\e2studio\git\MT01_master\src\states\state_functions.c",235
000004C8 B089                    		MOVU.B 03H[R0], R1
000004CA 75514D                  		CMP #4DH, R1
000004CD 21rr                    		BNE L127
000004CF                         L124:	; bb33
                                 ;     236 			{
                                 ;     237 				SPIFFS_read(&uspiffs[0].gSPIFFS, uspiffs[0].f, num, 2);
                                 		.LINE  "C:\Workspace\e2studio\git\MT01_master\src\states\state_functions.c",237
000004CF FB12rrrrrrrr            		MOV.L #_uspiffs, R1
000004D5 DD1232                  		MOV.W 64H[R1], R2
000004D8 6624                    		MOV.L #00000002H, R4
000004DA 71030A                  		ADD #0AH, R0, R3
000004DD 05rrrrrr             A  		BSR _SPIFFS_read
000004E1                         L125:	; bb33.split
000004E1 6603                    		MOV.L #00000000H, R3
000004E3 710204                  		ADD #04H, R0, R2
000004E6 71010A                  		ADD #0AH, R0, R1
                                 ;     238 				numf = strtof(num,&str);
                                 		.LINE  "C:\Workspace\e2studio\git\MT01_master\src\states\state_functions.c",238
000004E9 05rrrrrr             A  		BSR __Stof
000004ED A389                    		MOV.L R1, 3CH[R0]
000004EF                         L126:	; bb33.split7
                                 ;     239 				if (numf == 98.0f)
                                 		.LINE  "C:\Workspace\e2studio\git\MT01_master\src\states\state_functions.c",239
000004EF AB89                    		MOV.L 3CH[R0], R1
000004F1 FD72110000C442          		FCMP #42C40000H, R1
000004F8 20rr                    		BEQ L136
000004FA                         L127:	; bb53.split
                                 		.LINE  "C:\Workspace\e2studio\git\MT01_master\src\states\state_functions.c",225
000004FA FB12rrrrrrrr            		MOV.L #_uspiffs, R1
00000500 DD1232                  		MOV.W 64H[R1], R2
00000503 6614                    		MOV.L #00000001H, R4
00000505 710303                  		ADD #03H, R0, R3
00000508 05rrrrrr             A  		BSR _SPIFFS_read
0000050C                         L128:	; bb53.split8
                                 		.LINE  "C:\Workspace\e2studio\git\MT01_master\src\states\state_functions.c",226
0000050C DC01                    		MOV.W [R0], R1
0000050E 6211                    		ADD #01H, R1
00000510 D301                    		MOV.W R1, [R0]
00000512                         L129:	; bb53.split9
                                 		.LINE  "C:\Workspace\e2studio\git\MT01_master\src\states\state_functions.c",227
00000512 5C01                    		MOVU.W [R0], R1
00000514 7601E803                		CMP #03E8H, R1
00000518 2Arr                    		BGT L118
0000051A 2Err                 B  		BRA L123
0000051C                         L130:	; bb60
                                 ;     240 				{
                                 ;     241 					break;
                                 ;     242 				}
                                 ;     243 			}
                                 ;     244 		}
                                 ;     245 		while (true) {
                                 ;     246 			SPIFFS_read(&uspiffs[0].gSPIFFS, uspiffs[0].f, &s, 1);
                                 ;     247 			if (s == '(')
                                 ;     248 			{
                                 ;     249 				SPIFFS_read(&uspiffs[0].gSPIFFS, uspiffs[0].f, num, 50);
                                 		.LINE  "C:\Workspace\e2studio\git\MT01_master\src\states\state_functions.c",249
0000051C FB12rrrrrrrr            		MOV.L #_uspiffs, R1
00000522 DD1232                  		MOV.W 64H[R1], R2
00000525 754432                  		MOV.L #00000032H, R4
00000528 71030A                  		ADD #0AH, R0, R3
0000052B 05rrrrrr             A  		BSR _SPIFFS_read
0000052F                         L131:	; bb60.split
0000052F 6603                    		MOV.L #00000000H, R3
00000531 710204                  		ADD #04H, R0, R2
00000534 71010A                  		ADD #0AH, R0, R1
                                 ;     250 				Xcord = strtof(num,&str);
                                 		.LINE  "C:\Workspace\e2studio\git\MT01_master\src\states\state_functions.c",250
00000537 05rrrrrr             A  		BSR __Stof
0000053B FBE2rrrrrrrr            		MOV.L #_Xcord, R14
00000541 E3E1                    		MOV.L R1, [R14]
00000543                         L132:	; bb60.split10
                                 ;     251 				Ycord = strtof(++str,NULL);
                                 		.LINE  "C:\Workspace\e2studio\git\MT01_master\src\states\state_functions.c",251
00000543 A809                    		MOV.L 04H[R0], R1
00000545 6211                    		ADD #01H, R1
00000547 A009                    		MOV.L R1, 04H[R0]
00000549 6602                    		MOV.L #00000000H, R2
0000054B EF23                    		MOV.L R2, R3
0000054D 05rrrrrr             A  		BSR __Stof
00000551 FBE2rrrrrrrr            		MOV.L #_Ycord, R14
00000557 E3E1                    		MOV.L R1, [R14]
00000559                         L133:	; bb60.split11
                                 ;     252 				xio_close(cs.primary_src);
                                 		.LINE  "C:\Workspace\e2studio\git\MT01_master\src\states\state_functions.c",252
00000559 FB12rrrrrrrr            		MOV.L #_cs, R1
0000055F B611                    		MOVU.B 18H[R1], R1
00000561 05rrrrrr             A  		BSR _xio_close
00000565                         L134:	; bb60.split12
                                 ;     253 				//xTaskNotifyGive(xCncTaskHandle);
                                 ;     254 				macro_func_ptr = limit_test;
                                 		.LINE  "C:\Workspace\e2studio\git\MT01_master\src\states\state_functions.c",254
00000565 FBE2rrrrrrrr            		MOV.L #_macro_func_ptr, R14
0000056B FBF2rrrrrrrr            		MOV.L #_limit_test, R15
00000571 E3EF                    		MOV.L R15, [R14]
00000573                         L135:	; bb60.split13
                                 ;     255 				break;
                                 		.LINE  "C:\Workspace\e2studio\git\MT01_master\src\states\state_functions.c",255
00000573 6713                    		RTSD #4CH
00000575                         L136:	; bb78.split
                                 		.LINE  "C:\Workspace\e2studio\git\MT01_master\src\states\state_functions.c",246
00000575 FB12rrrrrrrr            		MOV.L #_uspiffs, R1
0000057B DD1232                  		MOV.W 64H[R1], R2
0000057E 6614                    		MOV.L #00000001H, R4
00000580 710303                  		ADD #03H, R0, R3
00000583 05rrrrrr             A  		BSR _SPIFFS_read
00000587                         L137:	; bb78.split14
                                 		.LINE  "C:\Workspace\e2studio\git\MT01_master\src\states\state_functions.c",247
00000587 B089                    		MOVU.B 03H[R0], R1
00000589 755128                  		CMP #28H, R1
0000058C 20rr                    		BEQ L130
0000058E 2Err                 B  		BRA L136
00000590                         L138:	; return
                                 ;     256 			}
                                 ;     257 		}
                                 ;     258 	}
                                 ;     259 }
                                 		.LINE  "C:\Workspace\e2studio\git\MT01_master\src\states\state_functions.c",259
00000590 6713                    		RTSD #4CH
00000592                         _delay_esc:
                                 		.STACK	_delay_esc=28
                                 ;     260 
                                 ;     261 uint32_t delay_esc(uint32_t timems)
                                 		.LINE  "C:\Workspace\e2studio\git\MT01_master\src\states\state_functions.c",261
00000592 7100E8                  		ADD #0FFFFFFE8H, R0
00000595 A109                    		MOV.L R1, 14H[R0]
                                 ;     262 {
                                 ;     263 	uint32_t lret;
                                 ;     264 	uint32_t i;
                                 ;     265 	uint32_t keyEntry = 0xFFFFFFFF;
                                 		.LINE  "C:\Workspace\e2studio\git\MT01_master\src\states\state_functions.c",265
00000597 F90603FF                		MOV.L #0FFFFFFFFH, 0CH[R0]
0000059B                         L140:	; entry.split
                                 ;     266 	i = 0;
                                 		.LINE  "C:\Workspace\e2studio\git\MT01_master\src\states\state_functions.c",266
0000059B 3E0200                  		MOV.L #00000000H, 08H[R0]
0000059E                         L141:	; entry.split1
                                 ;     267 	xQueueReset(qKeyboard);
                                 		.LINE  "C:\Workspace\e2studio\git\MT01_master\src\states\state_functions.c",267
0000059E FBE2rrrrrrrr            		MOV.L #_qKeyboard, R14
000005A4 ECE1                    		MOV.L [R14], R1
000005A6 6602                    		MOV.L #00000000H, R2
000005A8 05rrrrrr             A  		BSR _xQueueGenericReset
000005AC                         L142:	; bb
                                 ;     268 	do{
                                 ;     269 
                                 ;     270 		lret = xQueueReceive( qKeyboard, &keyEntry, 1 / portTICK_PERIOD_MS );
                                 		.LINE  "C:\Workspace\e2studio\git\MT01_master\src\states\state_functions.c",270
000005AC FBE2rrrrrrrr            		MOV.L #_qKeyboard, R14
000005B2 ECE1                    		MOV.L [R14], R1
000005B4 6604                    		MOV.L #00000000H, R4
000005B6 6613                    		MOV.L #00000001H, R3
000005B8 71020C                  		ADD #0CH, R0, R2
000005BB 05rrrrrr             A  		BSR _xQueueGenericReceive
000005BF A009                    		MOV.L R1, 04H[R0]
000005C1                         L143:	; bb.split
                                 ;     271 		if(lret == pdFAIL)
                                 		.LINE  "C:\Workspace\e2studio\git\MT01_master\src\states\state_functions.c",271
000005C1 A809                    		MOV.L 04H[R0], R1
000005C3 6101                    		CMP #00H, R1
000005C5 18                   S  		BNE L145
000005C6                         L144:	; bb11
                                 ;     272 		{
                                 ;     273 			i++;
                                 		.LINE  "C:\Workspace\e2studio\git\MT01_master\src\states\state_functions.c",273
000005C6 A881                    		MOV.L 08H[R0], R1
000005C8 6211                    		ADD #01H, R1
000005CA A081                    		MOV.L R1, 08H[R0]
000005CC                         L145:	; bb17
                                 		.LINE  "C:\Workspace\e2studio\git\MT01_master\src\states\state_functions.c",268
000005CC A881                    		MOV.L 08H[R0], R1
000005CE 06850105                		CMP 14H[R0].L, R1
000005D2 22rr                    		BGEU L148
000005D4                         L146:	; bb22
000005D4 A889                    		MOV.L 0CH[R0], R1
000005D6 6111                    		CMP #01H, R1
000005D8 10                   S  		BEQ L148
000005D9                         L147:	; bb26
000005D9 F80601                  		MOV.L #00000001H, [R0]
000005DC 08                   S  		BRA L149
000005DD                         L148:	; bb27
000005DD F80600                  		MOV.L #00000000H, [R0]
000005E0                         L149:	; bb28
000005E0 EC01                    		MOV.L [R0], R1
000005E2 6101                    		CMP #00H, R1
000005E4 21rr                    		BNE L142
000005E6                         L150:	; bb33
                                 ;     274 		}
                                 ;     275 	}while(i < timems && keyEntry != KEY_ESC);
                                 ;     276 	return keyEntry;
                                 		.LINE  "C:\Workspace\e2studio\git\MT01_master\src\states\state_functions.c",276
000005E6 A889                    		MOV.L 0CH[R0], R1
000005E8 A101                    		MOV.L R1, 10H[R0]
000005EA                         L151:	; bb33.split
                                 ;     277 }
                                 		.LINE  "C:\Workspace\e2studio\git\MT01_master\src\states\state_functions.c",277
000005EA 6706                    		RTSD #18H
000005EC                         _delay_esc_enter:
                                 		.STACK	_delay_esc_enter=28
                                 ;     278 
                                 ;     279 uint32_t delay_esc_enter(uint32_t timems)
                                 		.LINE  "C:\Workspace\e2studio\git\MT01_master\src\states\state_functions.c",279
000005EC 7100E8                  		ADD #0FFFFFFE8H, R0
000005EF A109                    		MOV.L R1, 14H[R0]
                                 ;     280 {
                                 ;     281 	uint32_t lret;
                                 ;     282 	uint32_t i;
                                 ;     283 	uint32_t keyEntry = 0xFFFFFFFF;
                                 		.LINE  "C:\Workspace\e2studio\git\MT01_master\src\states\state_functions.c",283
000005F1 F90603FF                		MOV.L #0FFFFFFFFH, 0CH[R0]
000005F5                         L153:	; entry.split
                                 ;     284 	i = 0;
                                 		.LINE  "C:\Workspace\e2studio\git\MT01_master\src\states\state_functions.c",284
000005F5 3E0200                  		MOV.L #00000000H, 08H[R0]
000005F8                         L154:	; entry.split1
                                 ;     285 	xQueueReset(qKeyboard);
                                 		.LINE  "C:\Workspace\e2studio\git\MT01_master\src\states\state_functions.c",285
000005F8 FBE2rrrrrrrr            		MOV.L #_qKeyboard, R14
000005FE ECE1                    		MOV.L [R14], R1
00000600 6602                    		MOV.L #00000000H, R2
00000602 05rrrrrr             A  		BSR _xQueueGenericReset
00000606                         L155:	; bb
                                 ;     286 	do{
                                 ;     287 
                                 ;     288 		lret = xQueueReceive( qKeyboard, &keyEntry, 1 / portTICK_PERIOD_MS );
                                 		.LINE  "C:\Workspace\e2studio\git\MT01_master\src\states\state_functions.c",288
00000606 FBE2rrrrrrrr            		MOV.L #_qKeyboard, R14
0000060C ECE1                    		MOV.L [R14], R1
0000060E 6604                    		MOV.L #00000000H, R4
00000610 6613                    		MOV.L #00000001H, R3
00000612 71020C                  		ADD #0CH, R0, R2
00000615 05rrrrrr             A  		BSR _xQueueGenericReceive
00000619 A009                    		MOV.L R1, 04H[R0]
0000061B                         L156:	; bb.split
                                 ;     289 		if(lret == pdFAIL)
                                 		.LINE  "C:\Workspace\e2studio\git\MT01_master\src\states\state_functions.c",289
0000061B A809                    		MOV.L 04H[R0], R1
0000061D 6101                    		CMP #00H, R1
0000061F 18                   S  		BNE L158
00000620                         L157:	; bb11
                                 ;     290 		{
                                 ;     291 			i++;
                                 		.LINE  "C:\Workspace\e2studio\git\MT01_master\src\states\state_functions.c",291
00000620 A881                    		MOV.L 08H[R0], R1
00000622 6211                    		ADD #01H, R1
00000624 A081                    		MOV.L R1, 08H[R0]
00000626                         L158:	; bb17
                                 		.LINE  "C:\Workspace\e2studio\git\MT01_master\src\states\state_functions.c",286
00000626 A881                    		MOV.L 08H[R0], R1
00000628 06850105                		CMP 14H[R0].L, R1
0000062C 22rr                    		BGEU L161
0000062E                         L159:	; bb22
0000062E A889                    		MOV.L 0CH[R0], R1
00000630 6111                    		CMP #01H, R1
00000632 10                   S  		BEQ L161
00000633                         L160:	; bb26
00000633 F80601                  		MOV.L #00000001H, [R0]
00000636 08                   S  		BRA L162
00000637                         L161:	; bb27
00000637 F80600                  		MOV.L #00000000H, [R0]
0000063A                         L162:	; bb28
0000063A EC01                    		MOV.L [R0], R1
0000063C 6101                    		CMP #00H, R1
0000063E 10                   S  		BEQ L165
0000063F                         L163:	; bb32
0000063F A889                    		MOV.L 0CH[R0], R1
00000641 6141                    		CMP #04H, R1
00000643 10                   S  		BEQ L165
00000644                         L164:	; bb36
00000644 F80601                  		MOV.L #00000001H, [R0]
00000647 08                   S  		BRA L166
00000648                         L165:	; bb37
00000648 F80600                  		MOV.L #00000000H, [R0]
0000064B                         L166:	; bb38
0000064B EC01                    		MOV.L [R0], R1
0000064D 6101                    		CMP #00H, R1
0000064F 21rr                    		BNE L155
00000651                         L167:	; bb43
                                 ;     292 		}
                                 ;     293 	}while(i < timems && keyEntry != KEY_ESC && keyEntry != KEY_ENTER );
                                 ;     294 	return keyEntry;
                                 		.LINE  "C:\Workspace\e2studio\git\MT01_master\src\states\state_functions.c",294
00000651 A889                    		MOV.L 0CH[R0], R1
00000653 A101                    		MOV.L R1, 10H[R0]
00000655                         L168:	; bb43.split
                                 ;     295 }
                                 		.LINE  "C:\Workspace\e2studio\git\MT01_master\src\states\state_functions.c",295
00000655 6706                    		RTSD #18H
00000657                         _mem_format:
                                 		.STACK	_mem_format=24
                                 ;     296 
                                 ;     297 void mem_format(void *var)
                                 		.LINE  "C:\Workspace\e2studio\git\MT01_master\src\states\state_functions.c",297
00000657 7100EC                  		ADD #0FFFFFFECH, R0
0000065A A101                    		MOV.L R1, 10H[R0]
                                 ;     298 {
                                 ;     299 	ut_config_var *lvar = var;
                                 		.LINE  "C:\Workspace\e2studio\git\MT01_master\src\states\state_functions.c",299
0000065C E301                    		MOV.L R1, [R0]
0000065E                         L170:	; entry.split
                                 ;     300 	uint32_t *value = lvar->value;
                                 		.LINE  "C:\Workspace\e2studio\git\MT01_master\src\states\state_functions.c",300
0000065E EC01                    		MOV.L [R0], R1
00000660 E5100101                		MOV.L 04H[R1], 04H[R0]
00000664                         L171:	; entry.split1
                                 ;     301 	mem_check mem_ret;
                                 ;     302 	s32_t res_ext = 0;
                                 		.LINE  "C:\Workspace\e2studio\git\MT01_master\src\states\state_functions.c",302
00000664 3E0300                  		MOV.L #00000000H, 0CH[R0]
00000667                         L172:	; entry.split2
                                 ;     303 	if(*value)
                                 		.LINE  "C:\Workspace\e2studio\git\MT01_master\src\states\state_functions.c",303
00000667 A809                    		MOV.L 04H[R0], R1
00000669 EC1E                    		MOV.L [R1], R14
0000066B 610E                    		CMP #00H, R14
0000066D 3Arrrr               W  		BEQ L189
00000670                         L173:	; bb11
                                 ;     304 	{
                                 ;     305 		eepromFormat();
                                 		.LINE  "C:\Workspace\e2studio\git\MT01_master\src\states\state_functions.c",305
00000670 05rrrrrr             A  		BSR _eepromFormat
00000674                         L174:	; bb11.split
                                 ;     306 		mem_ret = eepromIntegrityCheck();
                                 		.LINE  "C:\Workspace\e2studio\git\MT01_master\src\states\state_functions.c",306
00000674 05rrrrrr             A  		BSR _eepromIntegrityCheck
00000678 A081                    		MOV.L R1, 08H[R0]
0000067A                         L175:	; bb11.split3
                                 ;     307 		if(mem_ret == MEM_FAIL)
                                 		.LINE  "C:\Workspace\e2studio\git\MT01_master\src\states\state_functions.c",307
0000067A A881                    		MOV.L 08H[R0], R1
0000067C 6111                    		CMP #01H, R1
0000067E 21rr                    		BNE L178
00000680                         L176:	; bb14
                                 ;     308 		{
                                 ;     309 			ut_lcd_output_warning("ERRO 001\n");
                                 		.LINE  "C:\Workspace\e2studio\git\MT01_master\src\states\state_functions.c",309
00000680 FB12rrrrrrrr            		MOV.L #_L13, R1
00000686 05rrrrrr             A  		BSR _ut_lcd_output_warning
0000068A                         L177:	; bb14.split
0000068A FB1AA00F                		MOV.L #00000FA0H, R1
                                 ;     310 			vTaskDelay(4000 / portTICK_PERIOD_MS);
                                 		.LINE  "C:\Workspace\e2studio\git\MT01_master\src\states\state_functions.c",310
0000068E 05rrrrrr             A  		BSR _vTaskDelay
00000692 2Err                 B  		BRA L180
00000694                         L178:	; bb15
                                 ;     311 		}
                                 ;     312 		else
                                 ;     313 		{
                                 ;     314 			ut_lcd_output_warning("MEMORIA INTERNA\nINTEGRA\n");
                                 		.LINE  "C:\Workspace\e2studio\git\MT01_master\src\states\state_functions.c",314
00000694 FB12rrrrrrrr            		MOV.L #_L14, R1
0000069A 05rrrrrr             A  		BSR _ut_lcd_output_warning
0000069E                         L179:	; bb15.split
0000069E FB1AA00F                		MOV.L #00000FA0H, R1
                                 ;     315 			vTaskDelay(4000 / portTICK_PERIOD_MS);
                                 		.LINE  "C:\Workspace\e2studio\git\MT01_master\src\states\state_functions.c",315
000006A2 05rrrrrr             A  		BSR _vTaskDelay
000006A6                         L180:	; bb19
                                 ;     316 		}
                                 ;     317 		ut_lcd_output_warning("FORMATANDO\nMEMRIA EXTERNA...\n");
                                 		.LINE  "C:\Workspace\e2studio\git\MT01_master\src\states\state_functions.c",317
000006A6 FB12rrrrrrrr            		MOV.L #_L15, R1
000006AC 05rrrrrr             A  		BSR _ut_lcd_output_warning
000006B0                         L181:	; bb19.split
                                 ;     318 		res_ext = spiffs_format();
                                 		.LINE  "C:\Workspace\e2studio\git\MT01_master\src\states\state_functions.c",318
000006B0 05rrrrrr             A  		BSR _spiffs_format
000006B4 A089                    		MOV.L R1, 0CH[R0]
000006B6                         L182:	; bb19.split4
                                 ;     319 		if (res_ext != SPIFFS_OK)
                                 		.LINE  "C:\Workspace\e2studio\git\MT01_master\src\states\state_functions.c",319
000006B6 A889                    		MOV.L 0CH[R0], R1
000006B8 6101                    		CMP #00H, R1
000006BA 20rr                    		BEQ L185
000006BC                         L183:	; bb22
                                 ;     320 		{
                                 ;     321 			ut_lcd_output_warning("ERRO 002\n");
                                 		.LINE  "C:\Workspace\e2studio\git\MT01_master\src\states\state_functions.c",321
000006BC FB12rrrrrrrr            		MOV.L #_L16, R1
000006C2 05rrrrrr             A  		BSR _ut_lcd_output_warning
000006C6                         L184:	; bb22.split
000006C6 FB1AA00F                		MOV.L #00000FA0H, R1
                                 ;     322 			vTaskDelay(4000 / portTICK_PERIOD_MS);
                                 		.LINE  "C:\Workspace\e2studio\git\MT01_master\src\states\state_functions.c",322
000006CA 05rrrrrr             A  		BSR _vTaskDelay
000006CE 2Err                 B  		BRA L187
000006D0                         L185:	; bb23
                                 ;     323 		}
                                 ;     324 		else
                                 ;     325 		{
                                 ;     326 			ut_lcd_output_warning("MEMORIA EXTERNA\nINTEGRA\n");
                                 		.LINE  "C:\Workspace\e2studio\git\MT01_master\src\states\state_functions.c",326
000006D0 FB12rrrrrrrr            		MOV.L #_L17, R1
000006D6 05rrrrrr             A  		BSR _ut_lcd_output_warning
000006DA                         L186:	; bb23.split
000006DA FB1AA00F                		MOV.L #00000FA0H, R1
                                 ;     327 			vTaskDelay(4000 / portTICK_PERIOD_MS);
                                 		.LINE  "C:\Workspace\e2studio\git\MT01_master\src\states\state_functions.c",327
000006DE 05rrrrrr             A  		BSR _vTaskDelay
000006E2                         L187:	; bb28
000006E2 6611                    		MOV.L #00000001H, R1
                                 ;     328 		}
                                 ;     329 		RESET
                                 		.LINE  "C:\Workspace\e2studio\git\MT01_master\src\states\state_functions.c",329
000006E4 05rrrrrr             A  		BSR _R_BSP_RegisterProtectDisable
000006E8                         L188:	; bb28.split
000006E8 FBEEC20008              		MOV.L #000800C2H, R14
000006ED F8E901A5                		MOV.W #0A501H, [R14]
000006F1 6705                    		RTSD #14H
000006F3                         L189:	; return
                                 ;     330 	}
                                 ;     331 }
                                 		.LINE  "C:\Workspace\e2studio\git\MT01_master\src\states\state_functions.c",331
000006F3 6705                    		RTSD #14H
000006F5                         _get_dec_digits:
                                 		.STACK	_get_dec_digits=12
                                 ;     332 
                                 ;     333 uint8_t get_dec_digits(float fnum)
                                 		.LINE  "C:\Workspace\e2studio\git\MT01_master\src\states\state_functions.c",333
000006F5 6080                    		SUB #08H, R0
000006F7 A009                    		MOV.L R1, 04H[R0]
                                 ;     334 {
                                 ;     335 	uint8_t decDigits = 0;
                                 		.LINE  "C:\Workspace\e2studio\git\MT01_master\src\states\state_functions.c",335
000006F9 3C0200                  		MOV.B #00H, 02H[R0]
000006FC 2Err                 B  		BRA L195
000006FE                         L191:	; bb
                                 ;     336 	while (fnum > 1)
                                 ;     337 	{
                                 ;     338 		fnum = fnum/10;
                                 		.LINE  "C:\Workspace\e2studio\git\MT01_master\src\states\state_functions.c",338
000006FE A809                    		MOV.L 04H[R0], R1
00000700 FD724100002041          		FDIV #41200000H, R1
00000707 A009                    		MOV.L R1, 04H[R0]
00000709                         L192:	; bb.split
                                 ;     339 		if (fp_EQ(fnum,1))
                                 		.LINE  "C:\Workspace\e2studio\git\MT01_master\src\states\state_functions.c",339
00000709 A809                    		MOV.L 04H[R0], R1
0000070B FD7221000080BF          		FADD #0BF800000H, R1
00000712 7BF1                    		BCLR #1FH, R1
00000714 FD7211BD378635          		FCMP #358637BDH, R1
0000071B 26rr                    		BPZ L194
0000071D                         L193:	; bb6
                                 ;     340 			fnum = 1;
                                 		.LINE  "C:\Workspace\e2studio\git\MT01_master\src\states\state_functions.c",340
0000071D F902010000803F          		MOV.L #3F800000H, 04H[R0]
00000724                         L194:	; bb12
                                 ;     341 		decDigits++;
                                 		.LINE  "C:\Workspace\e2studio\git\MT01_master\src\states\state_functions.c",341
00000724 B081                    		MOVU.B 02H[R0], R1
00000726 6211                    		ADD #01H, R1
00000728 8081                    		MOV.B R1, 02H[R0]
0000072A                         L195:	; bb15
0000072A FBE20000803F            		MOV.L #3F800000H, R14
                                 		.LINE  "C:\Workspace\e2studio\git\MT01_master\src\states\state_functions.c",336
00000730 FC850E01                		FCMP 04H[R0].L, R14
00000734 27rr                    		BN L191
00000736                         L196:	; bb20
                                 ;     342 	}
                                 ;     343 	return decDigits;
                                 		.LINE  "C:\Workspace\e2studio\git\MT01_master\src\states\state_functions.c",343
00000736 C5000203                		MOV.B 02H[R0], 03H[R0]
0000073A B089                    		MOVU.B 03H[R0], R1
0000073C                         L197:	; bb20.split
                                 ;     344 }
                                 		.LINE  "C:\Workspace\e2studio\git\MT01_master\src\states\state_functions.c",344
0000073C 5B11                    		MOVU.B R1, R1
0000073E 6702                    		RTSD #08H
00000740                         _get_decimal_digits:
                                 		.STACK	_get_decimal_digits=12
                                 ;     345 
                                 ;     346 uint8_t get_decimal_digits(float fnum)
                                 		.LINE  "C:\Workspace\e2studio\git\MT01_master\src\states\state_functions.c",346
00000740 6080                    		SUB #08H, R0
00000742 A009                    		MOV.L R1, 04H[R0]
                                 ;     347 {
                                 ;     348 	uint8_t decimalDigits = 0;
                                 		.LINE  "C:\Workspace\e2studio\git\MT01_master\src\states\state_functions.c",348
00000744 3C0200                  		MOV.B #00H, 02H[R0]
00000747 2Err                 B  		BRA L203
00000749                         L199:	; bb
                                 ;     349 	while (fnum < 1)
                                 ;     350 	{
                                 ;     351 		fnum = fnum*10;
                                 		.LINE  "C:\Workspace\e2studio\git\MT01_master\src\states\state_functions.c",351
00000749 A809                    		MOV.L 04H[R0], R1
0000074B FD723100002041          		FMUL #41200000H, R1
00000752 A009                    		MOV.L R1, 04H[R0]
00000754                         L200:	; bb.split
                                 ;     352 		if (fp_EQ(fnum,1))
                                 		.LINE  "C:\Workspace\e2studio\git\MT01_master\src\states\state_functions.c",352
00000754 A809                    		MOV.L 04H[R0], R1
00000756 FD7221000080BF          		FADD #0BF800000H, R1
0000075D 7BF1                    		BCLR #1FH, R1
0000075F FD7211BD378635          		FCMP #358637BDH, R1
00000766 26rr                    		BPZ L202
00000768                         L201:	; bb6
                                 ;     353 			fnum = 1;
                                 		.LINE  "C:\Workspace\e2studio\git\MT01_master\src\states\state_functions.c",353
00000768 F902010000803F          		MOV.L #3F800000H, 04H[R0]
0000076F                         L202:	; bb12
                                 ;     354 		decimalDigits++;
                                 		.LINE  "C:\Workspace\e2studio\git\MT01_master\src\states\state_functions.c",354
0000076F B081                    		MOVU.B 02H[R0], R1
00000771 6211                    		ADD #01H, R1
00000773 8081                    		MOV.B R1, 02H[R0]
00000775                         L203:	; bb15
                                 		.LINE  "C:\Workspace\e2studio\git\MT01_master\src\states\state_functions.c",349
00000775 A809                    		MOV.L 04H[R0], R1
00000777 FD72110000803F          		FCMP #3F800000H, R1
0000077E 27rr                    		BN L199
00000780                         L204:	; bb20
                                 ;     355 	}
                                 ;     356 	return decimalDigits;
                                 		.LINE  "C:\Workspace\e2studio\git\MT01_master\src\states\state_functions.c",356
00000780 C5000203                		MOV.B 02H[R0], 03H[R0]
00000784 B089                    		MOVU.B 03H[R0], R1
00000786                         L205:	; bb20.split
                                 ;     357 }
                                 		.LINE  "C:\Workspace\e2studio\git\MT01_master\src\states\state_functions.c",357
00000786 5B11                    		MOVU.B R1, R1
00000788 6702                    		RTSD #08H
0000078A                         _idle:
                                 		.STACK	_idle=8
                                 ;     358 
                                 ;     359 void idle(void *var)
                                 		.LINE  "C:\Workspace\e2studio\git\MT01_master\src\states\state_functions.c",359
0000078A 6040                    		SUB #04H, R0
0000078C E301                    		MOV.L R1, [R0]
                                 		.LINE  "C:\Workspace\e2studio\git\MT01_master\src\states\state_functions.c",362
0000078E 6701                    		RTSD #04H
                                 ;     360 {
                                 ;     361 
                                 ;     362 }
                                 ;     363 
                                 		.SECTION	L,ROMDATA,ALIGN=4
00000000                         _L10:
00000000 4C454E44                		.byte	"LENDO ARQUIVO"
         4F204152                
         51554956                
         4F                      
0000000D 0A00                    		.byte	0AH,00H
0000000F                         _L11:
0000000F 454E5452                		.byte	"ENTRADA LINHA %d"
         41444120                
         4C494E48                
         41202564                
0000001F 00                      		.byte	00H
00000020                         _L12:
00000020 41525155                		.byte	"ARQUIVO"
         49564F                  
00000027 0A                      		.byte	0AH
00000028 53454D20                		.byte	"SEM INFO"
         494E464F                
00000030 0A                      		.byte	0AH
00000031 4445204C                		.byte	"DE LIMITES"
         494D4954                
         4553                    
0000003B 0A00                    		.byte	0AH,00H
0000003D                         _L13:
0000003D 4552524F                		.byte	"ERRO 001"
         20303031                
00000045 0A00                    		.byte	0AH,00H
00000047                         _L14:
00000047 4D454D4F                		.byte	"MEMORIA INTERNA"
         52494120                
         494E5445                
         524E41                  
00000056 0A                      		.byte	0AH
00000057 494E5445                		.byte	"INTEGRA"
         475241                  
0000005E 0A00                    		.byte	0AH,00H
00000060                         _L15:
00000060 464F524D                		.byte	"FORMATANDO"
         4154414E                
         444F                    
0000006A 0A                      		.byte	0AH
0000006B 4D454D                  		.byte	"MEM"
0000006E D3                      		.byte	0D3H
0000006F 52494120                		.byte	"RIA EXTERNA..."
         45585445                
         524E412E                
         2E2E                    
0000007D 0A00                    		.byte	0AH,00H
0000007F                         _L16:
0000007F 4552524F                		.byte	"ERRO 002"
         20303032                
00000087 0A00                    		.byte	0AH,00H
00000089                         _L17:
00000089 4D454D4F                		.byte	"MEMORIA EXTERNA"
         52494120                
         45585445                
         524E41                  
00000098 0A                      		.byte	0AH
00000099 494E5445                		.byte	"INTEGRA"
         475241                  
000000A0 0A00                    		.byte	0AH,00H
                                 		.SECTION	D,ROMDATA,ALIGN=4
00000000                         _selecionarLinhas:
00000000 00000000                		.lword	00000000H
00000004                         _LineM5:
00000004 00000000                		.lword	00000000H
00000008                         _currentLineSel:
00000008 00000000                		.lword	00000000H
0000000C                         _zeroPiecebuffer:
0000000C 00                      		.byte	0
0000000D 00                      		.byte	0
0000000E 00                      		.byte	0
0000000F 00                      		.byte	0
00000010 00                      		.byte	0
00000011 00                      		.byte	0
00000012 00                      		.byte	0
00000013 00                      		.byte	0
00000014 00                      		.byte	0
00000015 00                      		.byte	0
00000016 00                      		.byte	0
00000017 00                      		.byte	0
                                 		.SECTION	B,DATA,ALIGN=4
00000000                         _lineEntries:
00000000(00000008H)              		.blkl	2
00000008                         _LinePositionEntries:
00000008(00000008H)              		.blkl	2
00000010                         _pstrLinhas:
00000010(00000004H)              		.blkl	1
                                 		.SECTION	B_1,DATA
00000000                         __$strLinhas:
00000000(00000028H)              		.blkb	40
                                 		.END

Information List

TOTAL ERROR(S)    00000
TOTAL WARNING(S)  00000
TOTAL LINE(S)     01506   LINES

Section List

Attr         Size               Name
CODE     0000001936(00000790H)  P
ROMDATA  0000000162(000000A2H)  L
ROMDATA  0000000024(00000018H)  D
DATA     0000000020(00000014H)  B
DATA     0000000040(00000028H)  B_1

Cpu Type

-ISA=RXV1 -FPU

Command Parameter

-subcommand=C:\Users\LAFONS~1\AppData\Local\Temp\$ccrx305E\$ccrx\state_functions.src.cmd
    -nologo
    -isa=rxv1
    -fpu
    -show=conditionals,definitions,expansions
    -define=__RXV1=1
    -fint_register=0
    -debug
    -endian=little
-listfile=C:\Workspace\e2studio\git\MT01_master\MT01_build\state_functions.lst
-output=C:\Workspace\e2studio\git\MT01_master\MT01_build\src\states\state_functions.obj
