* RX FAMILY ASSEMBLER V2.03.00.01 [24 Oct 2014] *  SOURCE LIST  Mon Mar 20 17:11:45 2017

LOC.     OBJ.              0XMDA SOURCE STATEMENT

                                 ;RX Family C/C++ Compiler (V2.03.00.03 [04 Dec 2014])  20-Mar-2017 17:11:45
                                 
                                 ;*** CPU TYPE ***
                                 
                                 ;-ISA=RXV1
                                 
                                 ;*** COMMAND PARAMETER ***
                                 
                                 ;-output=src=system.src
                                 ;-lang=c99
                                 ;-include=C:\PROGRA~2\Renesas\RX\2_3_0/include,C:\Workspace\e2studio\git\MT01_master\r_lvd_rx,C:\Workspace\e2studio\git\MT01_master\r_lvd_rx\src,C:/Workspace/e2studio/
                                 ;-debug
                                 ;-show=source,conditionals,definitions,expansions
                                 ;-listfile=system.lst
                                 ;-isa=rxv1
                                 ;-optimize=0
                                 ;-fpu
                                 ;-alias=noansi
                                 ;-nologo
                                 ;-nomessage
                                 ;-define=__RX,COMPACTAXP=0,EASYMAK=1,MOBILE=0,FREE_RTOS_PP
                                 ;system.c
                                 
                                 		.glb	_sys_init
                                 		.glb	_sys_port_bindings
                                 		.glb	_sys_read_calibration_byte
                                 		.glb	_sys_get_id
                                 ;LineNo. C-SOURCE STATEMENT
                                 
                                 		.SECTION	P,CODE
00000000                         _sys_init:
                                 		.STACK	_sys_init=4
                                 ;       1 /*
                                 ;       2  * system.c - general hardware support functions
                                 ;       3  * Part of TinyG project
                                 ;       4  *
                                 ;       5  * Copyright (c) 2011 - 2012 Alden S. Hart Jr.
                                 ;       6  *
                                 ;       7  * This file ("the software") is free software: you can redistribute it and/or modify
                                 ;       8  * it under the terms of the GNU General Public License, version 2 as published by the
                                 ;       9  * Free Software Foundation. You should have received a copy of the GNU General Public
                                 ;      10  * License, version 2 along with the software.  If not, see <http://www.gnu.org/licenses/>.
                                 ;      11  *
                                 ;      12  * As a special exception, you may use this file as part of a software library without
                                 ;      13  * restriction. Specifically, if other files instantiate templates or use macros or
                                 ;      14  * inline functions from this file, or you compile this file and link it with  other
                                 ;      15  * files to produce an executable, this file does not by itself cause the resulting
                                 ;      16  * executable to be covered by the GNU General Public License. This exception does not
                                 ;      17  * however invalidate any other reasons why the executable file might be covered by the
                                 ;      18  * GNU General Public License.
                                 ;      19  *
                                 ;      20  * THE SOFTWARE IS DISTRIBUTED IN THE HOPE THAT IT WILL BE USEFUL, BUT WITHOUT ANY
                                 ;      21  * WARRANTY OF ANY KIND, EXPRESS OR IMPLIED, INCLUDING BUT NOT LIMITED TO THE WARRANTIES
                                 ;      22  * OF MERCHANTABILITY, FITNESS FOR A PARTICULAR PURPOSE AND NONINFRINGEMENT. IN NO EVENT
                                 ;      23  * SHALL THE AUTHORS OR COPYRIGHT HOLDERS BE LIABLE FOR ANY CLAIM, DAMAGES OR OTHER
                                 ;      24  * LIABILITY, WHETHER IN AN ACTION OF CONTRACT, TORT OR OTHERWISE, ARISING FROM, OUT OF
                                 ;      25  * OR IN CONNECTION WITH THE SOFTWARE OR THE USE OR OTHER DEALINGS IN THE SOFTWARE.
                                 ;      26  *
                                 ;      27  * ------
                                 ;      28  * Notes:
                                 ;      29  *	- add full interrupt tables and dummy interrupt routine (maybe)
                                 ;      30  *	- add crystal oscillator failover
                                 ;      31  *	- add watchdog timer functions
                                 ;      32  *
                                 ;      33  */
                                 ;      34 
                                 ;      35 #include <stdio.h>
                                 ;      36 #include <stddef.h> 
                                 ;      37 
                                 ;      38 
                                 ;      39 #include "tinyg.h"
                                 ;      40 #include "system.h"
                                 ;      41 
                                 ;      42 
                                 ;      43 /*
                                 ;      44  * sys_init() - lowest level hardware init
                                 ;      45  */
                                 ;      46 
                                 ;      47 void sys_init() 
                                 		.LINE  "C:\Workspace\e2studio\git\MT01_master\src\cnc\system.c",47
00000000 02                      		RTS
00000001                         _sys_port_bindings:
                                 		.STACK	_sys_port_bindings=8
                                 ;      48 {
                                 ;      49 
                                 ;      50 }
                                 ;      51 
                                 ;      52 void sys_port_bindings(float hw_version)
                                 		.LINE  "C:\Workspace\e2studio\git\MT01_master\src\cnc\system.c",52
00000001 6040                    		SUB #04H, R0
00000003 E301                    		MOV.L R1, [R0]
                                 		.LINE  "C:\Workspace\e2studio\git\MT01_master\src\cnc\system.c",55
00000005 6701                    		RTSD #04H
00000007                         _sys_read_calibration_byte:
                                 		.STACK	_sys_read_calibration_byte=8
                                 ;      53 {
                                 ;      54 
                                 ;      55 }
                                 ;      56 
                                 ;      57 uint8_t sys_read_calibration_byte(uint8_t index)
                                 		.LINE  "C:\Workspace\e2studio\git\MT01_master\src\cnc\system.c",57
00000007 6040                    		SUB #04H, R0
00000009 8089                    		MOV.B R1, 03H[R0]
                                 ;      58 { 
                                 ;      59 	return 0;
                                 		.LINE  "C:\Workspace\e2studio\git\MT01_master\src\cnc\system.c",59
0000000B 3C0200                  		MOV.B #00H, 02H[R0]
0000000E B081                    		MOVU.B 02H[R0], R1
00000010                         L13:	; entry.split
                                 ;      60 }
                                 		.LINE  "C:\Workspace\e2studio\git\MT01_master\src\cnc\system.c",60
00000010 5B11                    		MOVU.B R1, R1
00000012 6701                    		RTSD #04H
00000014                         _sys_get_id:
                                 		.STACK	_sys_get_id=8
                                 ;      61 
                                 ;      62 /*
                                 ;      63  * sys_get_id() - get a human readable signature
                                 ;      64  *
                                 ;      65  *	Produces a unique deviceID based on the factory calibration data. Format is:
                                 ;      66  *		123456-ABC
                                 ;      67  *
                                 ;      68  *	The number part is a direct readout of the 6 digit lot number
                                 ;      69  *	The alpha is the lo 5 bits of wafer number and XY coords in printable ASCII
                                 ;      70  *	Refer to NVM_PROD_SIGNATURES_t in iox192a3.h for details.
                                 ;      71  */
                                 ;      72 enum { 
                                 ;      73 	LOTNUM0=8,  // Lot Number Byte 0, ASCII 
                                 ;      74 	LOTNUM1,    // Lot Number Byte 1, ASCII 
                                 ;      75 	LOTNUM2,    // Lot Number Byte 2, ASCII 
                                 ;      76 	LOTNUM3,    // Lot Number Byte 3, ASCII 
                                 ;      77 	LOTNUM4,    // Lot Number Byte 4, ASCII 
                                 ;      78 	LOTNUM5,    // Lot Number Byte 5, ASCII 
                                 ;      79 	WAFNUM =16, // Wafer Number 
                                 ;      80 	COORDX0=18, // Wafer Coordinate X Byte 0 
                                 ;      81 	COORDX1,    // Wafer Coordinate X Byte 1 
                                 ;      82 	COORDY0,    // Wafer Coordinate Y Byte 0 
                                 ;      83 	COORDY1,    // Wafer Coordinate Y Byte 1 
                                 ;      84 }; 
                                 ;      85 
                                 ;      86 void sys_get_id(char *id)
                                 		.LINE  "C:\Workspace\e2studio\git\MT01_master\src\cnc\system.c",86
00000014 6040                    		SUB #04H, R0
00000016 E301                    		MOV.L R1, [R0]
                                 		.LINE  "C:\Workspace\e2studio\git\MT01_master\src\cnc\system.c",89
00000018 6701                    		RTSD #04H
                                 ;      87 {
                                 ;      88 
                                 ;      89 }
                                 		.END

Information List

TOTAL ERROR(S)    00000
TOTAL WARNING(S)  00000
TOTAL LINE(S)     00150   LINES

Section List

Attr         Size               Name
CODE     0000000026(0000001AH)  P

Cpu Type

-ISA=RXV1 -FPU

Command Parameter

-subcommand=C:\Users\LAFONS~1\AppData\Local\Temp\$ccrx305E\$ccrx\system.src.cmd
    -nologo
    -isa=rxv1
    -fpu
    -show=conditionals,definitions,expansions
    -define=__RXV1=1
    -fint_register=0
    -debug
    -endian=little
-listfile=C:\Workspace\e2studio\git\MT01_master\MT01_build\system.lst
-output=C:\Workspace\e2studio\git\MT01_master\MT01_build\src\cnc\system.obj
