* RX FAMILY ASSEMBLER V2.03.00.01 [24 Oct 2014] *  SOURCE LIST  Tue Mar 14 14:02:51 2017

LOC.     OBJ.              0XMDA SOURCE STATEMENT

                                 ;RX Family C/C++ Compiler (V2.03.00.03 [04 Dec 2014])  14-Mar-2017 14:02:51
                                 
                                 ;*** CPU TYPE ***
                                 
                                 ;-ISA=RXV1
                                 
                                 ;*** COMMAND PARAMETER ***
                                 
                                 ;-output=src=u8g_rect.src
                                 ;-lang=c99
                                 ;-include=C:\PROGRA~2\Renesas\RX\2_3_0/include,C:\Workspace\e2studio\git\MT01_master\r_lvd_rx,C:\Workspace\e2studio\git\MT01_master\r_lvd_rx\src,C:/Workspace/e2studio/
                                 ;-debug
                                 ;-show=source,conditionals,definitions,expansions
                                 ;-listfile=u8g_rect.lst
                                 ;-isa=rxv1
                                 ;-optimize=0
                                 ;-fpu
                                 ;-alias=noansi
                                 ;-nologo
                                 ;-nomessage
                                 ;-define=__RX,COMPACTAXP=0,EASYMAK=1,MOBILE=0,FREE_RTOS_PP
                                 ;u8g_rect.c
                                 
                                 		.glb	_u8g_draw_hline
                                 		.glb	_u8g_Draw8Pixel
                                 		.glb	_u8g_draw_vline
                                 		.glb	_u8g_DrawHLine
                                 		.glb	_u8g_IsBBXIntersection
                                 		.glb	_u8g_DrawVLine
                                 		.glb	_u8g_DrawFrame
                                 		.glb	_u8g_draw_box
                                 		.glb	_u8g_DrawBox
                                 		.glb	_u8g_DrawRFrame
                                 		.glb	_u8g_draw_circle
                                 		.glb	_u8g_DrawRBox
                                 		.glb	_u8g_draw_disc
                                 ;LineNo. C-SOURCE STATEMENT
                                 
                                 		.SECTION	P,CODE
00000000                         _u8g_draw_hline:
                                 		.STACK	_u8g_draw_hline=16
                                 ;       1 /*
                                 ;       2 
                                 ;       3   u8g_rect.c
                                 ;       4   
                                 ;       5   U8G high level interface for horizontal and vertical things
                                 ;       6 
                                 ;       7   Universal 8bit Graphics Library
                                 ;       8   
                                 ;       9   Copyright (c) 2011, olikraus@gmail.com
                                 ;      10   All rights reserved.
                                 ;      11 
                                 ;      12   Redistribution and use in source and binary forms, with or without modification, 
                                 ;      13   are permitted provided that the following conditions are met:
                                 ;      14 
                                 ;      15   * Redistributions of source code must retain the above copyright notice, this list 
                                 ;      16     of conditions and the following disclaimer.
                                 ;      17     
                                 ;      18   * Redistributions in binary form must reproduce the above copyright notice, this 
                                 ;      19     list of conditions and the following disclaimer in the documentation and/or other 
                                 ;      20     materials provided with the distribution.
                                 ;      21 
                                 ;      22   THIS SOFTWARE IS PROVIDED BY THE COPYRIGHT HOLDERS AND 
                                 ;      23   CONTRIBUTORS "AS IS" AND ANY EXPRESS OR IMPLIED WARRANTIES, 
                                 ;      24   INCLUDING, BUT NOT LIMITED TO, THE IMPLIED WARRANTIES OF 
                                 ;      25   MERCHANTABILITY AND FITNESS FOR A PARTICULAR PURPOSE ARE 
                                 ;      26   DISCLAIMED. IN NO EVENT SHALL THE COPYRIGHT HOLDER OR 
                                 ;      27   CONTRIBUTORS BE LIABLE FOR ANY DIRECT, INDIRECT, INCIDENTAL, 
                                 ;      28   SPECIAL, EXEMPLARY, OR CONSEQUENTIAL DAMAGES (INCLUDING, BUT 
                                 ;      29   NOT LIMITED TO, PROCUREMENT OF SUBSTITUTE GOODS OR SERVICES; 
                                 ;      30   LOSS OF USE, DATA, OR PROFITS; OR BUSINESS INTERRUPTION) HOWEVER 
                                 ;      31   CAUSED AND ON ANY THEORY OF LIABILITY, WHETHER IN CONTRACT, 
                                 ;      32   STRICT LIABILITY, OR TORT (INCLUDING NEGLIGENCE OR OTHERWISE) 
                                 ;      33   ARISING IN ANY WAY OUT OF THE USE OF THIS SOFTWARE, EVEN IF 
                                 ;      34   ADVISED OF THE POSSIBILITY OF SUCH DAMAGE.  
                                 ;      35   
                                 ;      36   
                                 ;      37 */
                                 ;      38 
                                 ;      39 #include "u8g.h"
                                 ;      40 
                                 ;      41 void u8g_draw_hline(u8g_t *u8g, u8g_uint_t x, u8g_uint_t y, u8g_uint_t w)
                                 		.LINE  "C:\Workspace\e2studio\git\MT01_master\src\Display\u8g_rect.c",41
00000000 6080                    		SUB #08H, R0
00000002 A009                    		MOV.L R1, 04H[R0]
00000004 808A                    		MOV.B R2, 03H[R0]
00000006 8083                    		MOV.B R3, 02H[R0]
00000008 800C                    		MOV.B R4, 01H[R0]
                                 ;      42 {
                                 ;      43   uint8_t pixel = 0x0ff;
                                 		.LINE  "C:\Workspace\e2studio\git\MT01_master\src\Display\u8g_rect.c",43
0000000A F804FF                  		MOV.B #0FFH, [R0]
0000000D 2Err                 B  		BRA L14
0000000F                         L11:	; bb
                                 ;      44   while( w >= 8 )
                                 ;      45   {
                                 ;      46     u8g_Draw8Pixel(u8g, x, y, 0, pixel);
                                 		.LINE  "C:\Workspace\e2studio\git\MT01_master\src\Display\u8g_rect.c",46
0000000F 5804                    		MOVU.B [R0], R4
00000011 B083                    		MOVU.B 02H[R0], R3
00000013 B08A                    		MOVU.B 03H[R0], R2
00000015 A809                    		MOV.L 04H[R0], R1
00000017 6040                    		SUB #04H, R0
00000019 C304                    		MOV.B R4, [R0]
0000001B 6604                    		MOV.L #00000000H, R4
0000001D 05rrrrrr             A  		BSR _u8g_Draw8Pixel
00000021 6240                    		ADD #04H, R0
00000023                         L12:	; bb.split
                                 ;      47     w-=8;
                                 		.LINE  "C:\Workspace\e2studio\git\MT01_master\src\Display\u8g_rect.c",47
00000023 B009                    		MOVU.B 01H[R0], R1
00000025 6081                    		SUB #08H, R1
00000027 8009                    		MOV.B R1, 01H[R0]
00000029                         L13:	; bb.split1
                                 ;      48     x+=8;
                                 		.LINE  "C:\Workspace\e2studio\git\MT01_master\src\Display\u8g_rect.c",48
00000029 B089                    		MOVU.B 03H[R0], R1
0000002B 6281                    		ADD #08H, R1
0000002D 8089                    		MOV.B R1, 03H[R0]
0000002F                         L14:	; bb17
                                 		.LINE  "C:\Workspace\e2studio\git\MT01_master\src\Display\u8g_rect.c",44
0000002F B009                    		MOVU.B 01H[R0], R1
00000031 6171                    		CMP #07H, R1
00000033 2Arr                    		BGT L11
00000035                         L15:	; bb23
                                 ;      49   }
                                 ;      50   if ( w != 0 )
                                 		.LINE  "C:\Workspace\e2studio\git\MT01_master\src\Display\u8g_rect.c",50
00000035 B009                    		MOVU.B 01H[R0], R1
00000037 6101                    		CMP #00H, R1
00000039 20rr                    		BEQ L20
0000003B                         L16:	; bb24
0000003B 6671                    		MOV.L #00000007H, R1
                                 ;      51   {
                                 ;      52     w ^=7;
                                 		.LINE  "C:\Workspace\e2studio\git\MT01_master\src\Display\u8g_rect.c",52
0000003D FC350101                		XOR 01H[R0].UB, R1
00000041 8009                    		MOV.B R1, 01H[R0]
00000043                         L17:	; bb24.split
                                 ;      53     w++;
                                 		.LINE  "C:\Workspace\e2studio\git\MT01_master\src\Display\u8g_rect.c",53
00000043 B009                    		MOVU.B 01H[R0], R1
00000045 6211                    		ADD #01H, R1
00000047 8009                    		MOV.B R1, 01H[R0]
00000049                         L18:	; bb24.split2
                                 ;      54     pixel <<= w&7;
                                 		.LINE  "C:\Workspace\e2studio\git\MT01_master\src\Display\u8g_rect.c",54
00000049 B009                    		MOVU.B 01H[R0], R1
0000004B 6471                    		AND #07H, R1
0000004D 5802                    		MOVU.B [R0], R2
0000004F FD6212                  		SHLL R1, R2
00000052 C302                    		MOV.B R2, [R0]
00000054                         L19:	; bb24.split3
                                 ;      55     u8g_Draw8Pixel(u8g, x, y, 0, pixel);
                                 		.LINE  "C:\Workspace\e2studio\git\MT01_master\src\Display\u8g_rect.c",55
00000054 5804                    		MOVU.B [R0], R4
00000056 B083                    		MOVU.B 02H[R0], R3
00000058 B08A                    		MOVU.B 03H[R0], R2
0000005A A809                    		MOV.L 04H[R0], R1
0000005C 6040                    		SUB #04H, R0
0000005E C304                    		MOV.B R4, [R0]
00000060 6604                    		MOV.L #00000000H, R4
00000062 05rrrrrr             A  		BSR _u8g_Draw8Pixel
00000066 6240                    		ADD #04H, R0
00000068 6702                    		RTSD #08H
0000006A                         L20:	; return
                                 ;      56   }
                                 ;      57 }
                                 		.LINE  "C:\Workspace\e2studio\git\MT01_master\src\Display\u8g_rect.c",57
0000006A 6702                    		RTSD #08H
0000006C                         _u8g_draw_vline:
                                 		.STACK	_u8g_draw_vline=16
                                 ;      58 
                                 ;      59 void u8g_draw_vline(u8g_t *u8g, u8g_uint_t x, u8g_uint_t y, u8g_uint_t h)
                                 		.LINE  "C:\Workspace\e2studio\git\MT01_master\src\Display\u8g_rect.c",59
0000006C 6080                    		SUB #08H, R0
0000006E A009                    		MOV.L R1, 04H[R0]
00000070 808A                    		MOV.B R2, 03H[R0]
00000072 8083                    		MOV.B R3, 02H[R0]
00000074 800C                    		MOV.B R4, 01H[R0]
                                 ;      60 {
                                 ;      61   uint8_t pixel = 0x0ff;
                                 		.LINE  "C:\Workspace\e2studio\git\MT01_master\src\Display\u8g_rect.c",61
00000076 F804FF                  		MOV.B #0FFH, [R0]
00000079 2Err                 B  		BRA L25
0000007B                         L22:	; bb
                                 ;      62   while( h >= 8 )
                                 ;      63   {
                                 ;      64     u8g_Draw8Pixel(u8g, x, y, 1, pixel);
                                 		.LINE  "C:\Workspace\e2studio\git\MT01_master\src\Display\u8g_rect.c",64
0000007B 5804                    		MOVU.B [R0], R4
0000007D B083                    		MOVU.B 02H[R0], R3
0000007F B08A                    		MOVU.B 03H[R0], R2
00000081 A809                    		MOV.L 04H[R0], R1
00000083 6040                    		SUB #04H, R0
00000085 C304                    		MOV.B R4, [R0]
00000087 6614                    		MOV.L #00000001H, R4
00000089 05rrrrrr             A  		BSR _u8g_Draw8Pixel
0000008D 6240                    		ADD #04H, R0
0000008F                         L23:	; bb.split
                                 ;      65     h-=8;
                                 		.LINE  "C:\Workspace\e2studio\git\MT01_master\src\Display\u8g_rect.c",65
0000008F B009                    		MOVU.B 01H[R0], R1
00000091 6081                    		SUB #08H, R1
00000093 8009                    		MOV.B R1, 01H[R0]
00000095                         L24:	; bb.split1
                                 ;      66     y+=8;
                                 		.LINE  "C:\Workspace\e2studio\git\MT01_master\src\Display\u8g_rect.c",66
00000095 B081                    		MOVU.B 02H[R0], R1
00000097 6281                    		ADD #08H, R1
00000099 8081                    		MOV.B R1, 02H[R0]
0000009B                         L25:	; bb17
                                 		.LINE  "C:\Workspace\e2studio\git\MT01_master\src\Display\u8g_rect.c",62
0000009B B009                    		MOVU.B 01H[R0], R1
0000009D 6171                    		CMP #07H, R1
0000009F 2Arr                    		BGT L22
000000A1                         L26:	; bb23
                                 ;      67   }
                                 ;      68   if ( h != 0 )
                                 		.LINE  "C:\Workspace\e2studio\git\MT01_master\src\Display\u8g_rect.c",68
000000A1 B009                    		MOVU.B 01H[R0], R1
000000A3 6101                    		CMP #00H, R1
000000A5 20rr                    		BEQ L31
000000A7                         L27:	; bb24
000000A7 6671                    		MOV.L #00000007H, R1
                                 ;      69   {
                                 ;      70     h ^=7;
                                 		.LINE  "C:\Workspace\e2studio\git\MT01_master\src\Display\u8g_rect.c",70
000000A9 FC350101                		XOR 01H[R0].UB, R1
000000AD 8009                    		MOV.B R1, 01H[R0]
000000AF                         L28:	; bb24.split
                                 ;      71     h++;
                                 		.LINE  "C:\Workspace\e2studio\git\MT01_master\src\Display\u8g_rect.c",71
000000AF B009                    		MOVU.B 01H[R0], R1
000000B1 6211                    		ADD #01H, R1
000000B3 8009                    		MOV.B R1, 01H[R0]
000000B5                         L29:	; bb24.split2
                                 ;      72     pixel <<= h&7;
                                 		.LINE  "C:\Workspace\e2studio\git\MT01_master\src\Display\u8g_rect.c",72
000000B5 B009                    		MOVU.B 01H[R0], R1
000000B7 6471                    		AND #07H, R1
000000B9 5802                    		MOVU.B [R0], R2
000000BB FD6212                  		SHLL R1, R2
000000BE C302                    		MOV.B R2, [R0]
000000C0                         L30:	; bb24.split3
                                 ;      73     u8g_Draw8Pixel(u8g, x, y, 1, pixel);
                                 		.LINE  "C:\Workspace\e2studio\git\MT01_master\src\Display\u8g_rect.c",73
000000C0 5804                    		MOVU.B [R0], R4
000000C2 B083                    		MOVU.B 02H[R0], R3
000000C4 B08A                    		MOVU.B 03H[R0], R2
000000C6 A809                    		MOV.L 04H[R0], R1
000000C8 6040                    		SUB #04H, R0
000000CA C304                    		MOV.B R4, [R0]
000000CC 6614                    		MOV.L #00000001H, R4
000000CE 05rrrrrr             A  		BSR _u8g_Draw8Pixel
000000D2 6240                    		ADD #04H, R0
000000D4 6702                    		RTSD #08H
000000D6                         L31:	; return
                                 ;      74   }
                                 ;      75 }
                                 		.LINE  "C:\Workspace\e2studio\git\MT01_master\src\Display\u8g_rect.c",75
000000D6 6702                    		RTSD #08H
000000D8                         _u8g_DrawHLine:
                                 		.STACK	_u8g_DrawHLine=16
                                 ;      76 
                                 ;      77 void u8g_DrawHLine(u8g_t *u8g, u8g_uint_t x, u8g_uint_t y, u8g_uint_t w)
                                 		.LINE  "C:\Workspace\e2studio\git\MT01_master\src\Display\u8g_rect.c",77
000000D8 6080                    		SUB #08H, R0
000000DA A009                    		MOV.L R1, 04H[R0]
000000DC 808A                    		MOV.B R2, 03H[R0]
000000DE 8083                    		MOV.B R3, 02H[R0]
000000E0 800C                    		MOV.B R4, 01H[R0]
                                 ;      78 {
                                 ;      79   if ( u8g_IsBBXIntersection(u8g, x, y, w, 1) == 0 )
                                 		.LINE  "C:\Workspace\e2studio\git\MT01_master\src\Display\u8g_rect.c",79
000000E2 B00C                    		MOVU.B 01H[R0], R4
000000E4 B083                    		MOVU.B 02H[R0], R3
000000E6 B08A                    		MOVU.B 03H[R0], R2
000000E8 A809                    		MOV.L 04H[R0], R1
000000EA 6040                    		SUB #04H, R0
000000EC F80401                  		MOV.B #01H, [R0]
000000EF 05rrrrrr             A  		BSR _u8g_IsBBXIntersection
000000F3 6240                    		ADD #04H, R0
000000F5 6101                    		CMP #00H, R1
000000F7 20rr                    		BEQ L34
000000F9                         L33:	; bb14
                                 ;      80     return;
                                 ;      81   u8g_draw_hline(u8g, x, y, w);
                                 		.LINE  "C:\Workspace\e2studio\git\MT01_master\src\Display\u8g_rect.c",81
000000F9 B00C                    		MOVU.B 01H[R0], R4
000000FB B083                    		MOVU.B 02H[R0], R3
000000FD B08A                    		MOVU.B 03H[R0], R2
000000FF A809                    		MOV.L 04H[R0], R1
00000101 39rrrr               W  		BSR _u8g_draw_hline
00000104 6702                    		RTSD #08H
00000106                         L34:	; return
                                 ;      82 }
                                 		.LINE  "C:\Workspace\e2studio\git\MT01_master\src\Display\u8g_rect.c",82
00000106 6702                    		RTSD #08H
00000108                         _u8g_DrawVLine:
                                 		.STACK	_u8g_DrawVLine=16
                                 ;      83 
                                 ;      84 void u8g_DrawVLine(u8g_t *u8g, u8g_uint_t x, u8g_uint_t y, u8g_uint_t w)
                                 		.LINE  "C:\Workspace\e2studio\git\MT01_master\src\Display\u8g_rect.c",84
00000108 6080                    		SUB #08H, R0
0000010A A009                    		MOV.L R1, 04H[R0]
0000010C 808A                    		MOV.B R2, 03H[R0]
0000010E 8083                    		MOV.B R3, 02H[R0]
00000110 800C                    		MOV.B R4, 01H[R0]
                                 ;      85 {
                                 ;      86   if ( u8g_IsBBXIntersection(u8g, x, y, 1, w) == 0 )
                                 		.LINE  "C:\Workspace\e2studio\git\MT01_master\src\Display\u8g_rect.c",86
00000112 B083                    		MOVU.B 02H[R0], R3
00000114 B08A                    		MOVU.B 03H[R0], R2
00000116 A809                    		MOV.L 04H[R0], R1
00000118 6040                    		SUB #04H, R0
0000011A C304                    		MOV.B R4, [R0]
0000011C 6614                    		MOV.L #00000001H, R4
0000011E 05rrrrrr             A  		BSR _u8g_IsBBXIntersection
00000122 6240                    		ADD #04H, R0
00000124 6101                    		CMP #00H, R1
00000126 20rr                    		BEQ L37
00000128                         L36:	; bb14
                                 ;      87     return;
                                 ;      88   u8g_draw_vline(u8g, x, y, w);
                                 		.LINE  "C:\Workspace\e2studio\git\MT01_master\src\Display\u8g_rect.c",88
00000128 B00C                    		MOVU.B 01H[R0], R4
0000012A B083                    		MOVU.B 02H[R0], R3
0000012C B08A                    		MOVU.B 03H[R0], R2
0000012E A809                    		MOV.L 04H[R0], R1
00000130 39rrrr               W  		BSR _u8g_draw_vline
00000133 6702                    		RTSD #08H
00000135                         L37:	; return
                                 ;      89 }
                                 		.LINE  "C:\Workspace\e2studio\git\MT01_master\src\Display\u8g_rect.c",89
00000135 6702                    		RTSD #08H
00000137                         _u8g_DrawFrame:
                                 		.STACK	_u8g_DrawFrame=20
                                 ;      90 
                                 ;      91 /* restrictions: w > 0 && h > 0 */
                                 ;      92 void u8g_DrawFrame(u8g_t *u8g, u8g_uint_t x, u8g_uint_t y, u8g_uint_t w, u8g_uint_t h)
                                 		.LINE  "C:\Workspace\e2studio\git\MT01_master\src\Display\u8g_rect.c",92
00000137 60C0                    		SUB #0CH, R0
00000139 A081                    		MOV.L R1, 08H[R0]
0000013B 818A                    		MOV.B R2, 07H[R0]
0000013D 8183                    		MOV.B R3, 06H[R0]
0000013F 810C                    		MOV.B R4, 05H[R0]
00000141 C5001004                		MOV.B 10H[R0], 04H[R0]
                                 ;      93 {
                                 ;      94   u8g_uint_t xtmp = x;
                                 		.LINE  "C:\Workspace\e2studio\git\MT01_master\src\Display\u8g_rect.c",94
00000145 C5000703                		MOV.B 07H[R0], 03H[R0]
00000149                         L39:	; entry.split
                                 ;      95   
                                 ;      96   if ( u8g_IsBBXIntersection(u8g, x, y, w, h) == 0 )
                                 		.LINE  "C:\Workspace\e2studio\git\MT01_master\src\Display\u8g_rect.c",96
00000149 B105                    		MOVU.B 04H[R0], R5
0000014B B10C                    		MOVU.B 05H[R0], R4
0000014D B183                    		MOVU.B 06H[R0], R3
0000014F B18A                    		MOVU.B 07H[R0], R2
00000151 A881                    		MOV.L 08H[R0], R1
00000153 6040                    		SUB #04H, R0
00000155 C305                    		MOV.B R5, [R0]
00000157 05rrrrrr             A  		BSR _u8g_IsBBXIntersection
0000015B 6240                    		ADD #04H, R0
0000015D 6101                    		CMP #00H, R1
0000015F 20rr                    		BEQ L48
00000161                         L40:	; bb18
                                 ;      97     return;
                                 ;      98 
                                 ;      99   
                                 ;     100   u8g_draw_hline(u8g, x, y, w);
                                 		.LINE  "C:\Workspace\e2studio\git\MT01_master\src\Display\u8g_rect.c",100
00000161 B10C                    		MOVU.B 05H[R0], R4
00000163 B183                    		MOVU.B 06H[R0], R3
00000165 B18A                    		MOVU.B 07H[R0], R2
00000167 A881                    		MOV.L 08H[R0], R1
00000169 39rrrr               W  		BSR _u8g_draw_hline
0000016C                         L41:	; bb18.split
                                 ;     101   u8g_draw_vline(u8g, x, y, h);
                                 		.LINE  "C:\Workspace\e2studio\git\MT01_master\src\Display\u8g_rect.c",101
0000016C B104                    		MOVU.B 04H[R0], R4
0000016E B183                    		MOVU.B 06H[R0], R3
00000170 B18A                    		MOVU.B 07H[R0], R2
00000172 A881                    		MOV.L 08H[R0], R1
00000174 39rrrr               W  		BSR _u8g_draw_vline
00000177                         L42:	; bb18.split1
                                 ;     102   x+=w;
                                 		.LINE  "C:\Workspace\e2studio\git\MT01_master\src\Display\u8g_rect.c",102
00000177 B189                    		MOVU.B 07H[R0], R1
00000179 490105                  		ADD 05H[R0].UB, R1
0000017C 8189                    		MOV.B R1, 07H[R0]
0000017E                         L43:	; bb18.split2
                                 ;     103   x--;
                                 		.LINE  "C:\Workspace\e2studio\git\MT01_master\src\Display\u8g_rect.c",103
0000017E B189                    		MOVU.B 07H[R0], R1
00000180 6011                    		SUB #01H, R1
00000182 8189                    		MOV.B R1, 07H[R0]
00000184                         L44:	; bb18.split3
                                 ;     104   u8g_draw_vline(u8g, x, y, h);
                                 		.LINE  "C:\Workspace\e2studio\git\MT01_master\src\Display\u8g_rect.c",104
00000184 B104                    		MOVU.B 04H[R0], R4
00000186 B183                    		MOVU.B 06H[R0], R3
00000188 B18A                    		MOVU.B 07H[R0], R2
0000018A A881                    		MOV.L 08H[R0], R1
0000018C 39rrrr               W  		BSR _u8g_draw_vline
0000018F                         L45:	; bb18.split4
                                 ;     105   y+=h;
                                 		.LINE  "C:\Workspace\e2studio\git\MT01_master\src\Display\u8g_rect.c",105
0000018F B181                    		MOVU.B 06H[R0], R1
00000191 490104                  		ADD 04H[R0].UB, R1
00000194 8181                    		MOV.B R1, 06H[R0]
00000196                         L46:	; bb18.split5
                                 ;     106   y--;
                                 		.LINE  "C:\Workspace\e2studio\git\MT01_master\src\Display\u8g_rect.c",106
00000196 B181                    		MOVU.B 06H[R0], R1
00000198 6011                    		SUB #01H, R1
0000019A 8181                    		MOV.B R1, 06H[R0]
0000019C                         L47:	; bb18.split6
                                 ;     107   u8g_draw_hline(u8g, xtmp, y, w);
                                 		.LINE  "C:\Workspace\e2studio\git\MT01_master\src\Display\u8g_rect.c",107
0000019C B10C                    		MOVU.B 05H[R0], R4
0000019E B183                    		MOVU.B 06H[R0], R3
000001A0 B08A                    		MOVU.B 03H[R0], R2
000001A2 A881                    		MOV.L 08H[R0], R1
000001A4 39rrrr               W  		BSR _u8g_draw_hline
000001A7 6703                    		RTSD #0CH
000001A9                         L48:	; return
                                 ;     108 }
                                 		.LINE  "C:\Workspace\e2studio\git\MT01_master\src\Display\u8g_rect.c",108
000001A9 6703                    		RTSD #0CH
000001AB                         _u8g_draw_box:
                                 		.STACK	_u8g_draw_box=12
                                 ;     109 
                                 ;     110 void u8g_draw_box(u8g_t *u8g, u8g_uint_t x, u8g_uint_t y, u8g_uint_t w, u8g_uint_t h)
                                 		.LINE  "C:\Workspace\e2studio\git\MT01_master\src\Display\u8g_rect.c",110
000001AB 6080                    		SUB #08H, R0
000001AD A009                    		MOV.L R1, 04H[R0]
000001AF 808A                    		MOV.B R2, 03H[R0]
000001B1 8083                    		MOV.B R3, 02H[R0]
000001B3 800C                    		MOV.B R4, 01H[R0]
000001B5 C1000C                  		MOV.B 0CH[R0], [R0]
000001B8                         L50:	; bb
                                 ;     111 {
                                 ;     112   do
                                 ;     113   { 
                                 ;     114     u8g_draw_hline(u8g, x, y, w);
                                 		.LINE  "C:\Workspace\e2studio\git\MT01_master\src\Display\u8g_rect.c",114
000001B8 B00C                    		MOVU.B 01H[R0], R4
000001BA B083                    		MOVU.B 02H[R0], R3
000001BC B08A                    		MOVU.B 03H[R0], R2
000001BE A809                    		MOV.L 04H[R0], R1
000001C0 39rrrr               W  		BSR _u8g_draw_hline
000001C3                         L51:	; bb.split
                                 ;     115     y++;    
                                 		.LINE  "C:\Workspace\e2studio\git\MT01_master\src\Display\u8g_rect.c",115
000001C3 B081                    		MOVU.B 02H[R0], R1
000001C5 6211                    		ADD #01H, R1
000001C7 8081                    		MOV.B R1, 02H[R0]
000001C9                         L52:	; bb.split1
                                 ;     116     h--;
                                 		.LINE  "C:\Workspace\e2studio\git\MT01_master\src\Display\u8g_rect.c",116
000001C9 5801                    		MOVU.B [R0], R1
000001CB 6011                    		SUB #01H, R1
000001CD C301                    		MOV.B R1, [R0]
000001CF                         L53:	; bb.split2
                                 		.LINE  "C:\Workspace\e2studio\git\MT01_master\src\Display\u8g_rect.c",112
000001CF 5801                    		MOVU.B [R0], R1
000001D1 6101                    		CMP #00H, R1
000001D3 21rr                    		BNE L50
000001D5                         L54:	; return
                                 ;     117   } while( h != 0 );
                                 ;     118 }
                                 		.LINE  "C:\Workspace\e2studio\git\MT01_master\src\Display\u8g_rect.c",118
000001D5 6702                    		RTSD #08H
000001D7                         _u8g_DrawBox:
                                 		.STACK	_u8g_DrawBox=16
                                 ;     119 
                                 ;     120 /* restrictions: h > 0 */
                                 ;     121 void u8g_DrawBox(u8g_t *u8g, u8g_uint_t x, u8g_uint_t y, u8g_uint_t w, u8g_uint_t h)
                                 		.LINE  "C:\Workspace\e2studio\git\MT01_master\src\Display\u8g_rect.c",121
000001D7 6080                    		SUB #08H, R0
000001D9 A009                    		MOV.L R1, 04H[R0]
000001DB 808A                    		MOV.B R2, 03H[R0]
000001DD 8083                    		MOV.B R3, 02H[R0]
000001DF 800C                    		MOV.B R4, 01H[R0]
000001E1 B305                    		MOVU.B 0CH[R0], R5
000001E3 C305                    		MOV.B R5, [R0]
                                 ;     122 {
                                 ;     123   if ( u8g_IsBBXIntersection(u8g, x, y, w, h) == 0 )
                                 		.LINE  "C:\Workspace\e2studio\git\MT01_master\src\Display\u8g_rect.c",123
000001E5 B00C                    		MOVU.B 01H[R0], R4
000001E7 B083                    		MOVU.B 02H[R0], R3
000001E9 B08A                    		MOVU.B 03H[R0], R2
000001EB A809                    		MOV.L 04H[R0], R1
000001ED 6040                    		SUB #04H, R0
000001EF C305                    		MOV.B R5, [R0]
000001F1 05rrrrrr             A  		BSR _u8g_IsBBXIntersection
000001F5 6240                    		ADD #04H, R0
000001F7 6101                    		CMP #00H, R1
000001F9 20rr                    		BEQ L57
000001FB                         L56:	; bb16
                                 ;     124     return;
                                 ;     125   u8g_draw_box(u8g, x, y, w, h);
                                 		.LINE  "C:\Workspace\e2studio\git\MT01_master\src\Display\u8g_rect.c",125
000001FB 5805                    		MOVU.B [R0], R5
000001FD B00C                    		MOVU.B 01H[R0], R4
000001FF B083                    		MOVU.B 02H[R0], R3
00000201 B08A                    		MOVU.B 03H[R0], R2
00000203 A809                    		MOV.L 04H[R0], R1
00000205 6040                    		SUB #04H, R0
00000207 C305                    		MOV.B R5, [R0]
00000209 39rrrr               W  		BSR _u8g_draw_box
0000020C 6240                    		ADD #04H, R0
0000020E 6702                    		RTSD #08H
00000210                         L57:	; return
                                 ;     126 }
                                 		.LINE  "C:\Workspace\e2studio\git\MT01_master\src\Display\u8g_rect.c",126
00000210 6702                    		RTSD #08H
00000212                         _u8g_DrawRFrame:
                                 		.STACK	_u8g_DrawRFrame=24
                                 ;     127 
                                 ;     128 
                                 ;     129 void u8g_DrawRFrame(u8g_t *u8g, u8g_uint_t x, u8g_uint_t y, u8g_uint_t w, u8g_uint_t h, u8g_uint_t r)
                                 		.LINE  "C:\Workspace\e2studio\git\MT01_master\src\Display\u8g_rect.c",129
00000212 7100F0                  		ADD #0FFFFFFF0H, R0
00000215 A089                    		MOV.L R1, 0CH[R0]
00000217 828A                    		MOV.B R2, 0BH[R0]
00000219 8283                    		MOV.B R3, 0AH[R0]
0000021B 820C                    		MOV.B R4, 09H[R0]
0000021D C5001408                		MOV.B 14H[R0], 08H[R0]
00000221 C5001507                		MOV.B 15H[R0], 07H[R0]
                                 ;     130 {
                                 ;     131   u8g_uint_t xl, yu;
                                 ;     132 
                                 ;     133   if ( u8g_IsBBXIntersection(u8g, x, y, w, h) == 0 )
                                 		.LINE  "C:\Workspace\e2studio\git\MT01_master\src\Display\u8g_rect.c",133
00000225 B205                    		MOVU.B 08H[R0], R5
00000227 B20C                    		MOVU.B 09H[R0], R4
00000229 B283                    		MOVU.B 0AH[R0], R3
0000022B B28A                    		MOVU.B 0BH[R0], R2
0000022D A889                    		MOV.L 0CH[R0], R1
0000022F 6040                    		SUB #04H, R0
00000231 C305                    		MOV.B R5, [R0]
00000233 05rrrrrr             A  		BSR _u8g_IsBBXIntersection
00000237 6240                    		ADD #04H, R0
00000239 6101                    		CMP #00H, R1
0000023B 3Arrrr               W  		BEQ L91
0000023E                         L59:	; bb23
                                 ;     134     return;
                                 ;     135 
                                 ;     136   xl = x;
                                 		.LINE  "C:\Workspace\e2studio\git\MT01_master\src\Display\u8g_rect.c",136
0000023E C5000B01                		MOV.B 0BH[R0], 01H[R0]
00000242                         L60:	; bb23.split
                                 ;     137   xl += r;
                                 		.LINE  "C:\Workspace\e2studio\git\MT01_master\src\Display\u8g_rect.c",137
00000242 B009                    		MOVU.B 01H[R0], R1
00000244 490107                  		ADD 07H[R0].UB, R1
00000247 8009                    		MOV.B R1, 01H[R0]
00000249                         L61:	; bb23.split1
                                 ;     138   yu = y;
                                 		.LINE  "C:\Workspace\e2studio\git\MT01_master\src\Display\u8g_rect.c",138
00000249 C5000A02                		MOV.B 0AH[R0], 02H[R0]
0000024D                         L62:	; bb23.split2
                                 ;     139   yu += r;
                                 		.LINE  "C:\Workspace\e2studio\git\MT01_master\src\Display\u8g_rect.c",139
0000024D B081                    		MOVU.B 02H[R0], R1
0000024F 490107                  		ADD 07H[R0].UB, R1
00000252 8081                    		MOV.B R1, 02H[R0]
00000254                         L63:	; bb23.split3
                                 ;     140  
                                 ;     141   {
                                 ;     142     u8g_uint_t yl, xr;
                                 ;     143       
                                 ;     144     xr = x;
                                 		.LINE  "C:\Workspace\e2studio\git\MT01_master\src\Display\u8g_rect.c",144
00000254 C5000B04                		MOV.B 0BH[R0], 04H[R0]
00000258                         L64:	; bb23.split4
                                 ;     145     xr += w;
                                 		.LINE  "C:\Workspace\e2studio\git\MT01_master\src\Display\u8g_rect.c",145
00000258 B101                    		MOVU.B 04H[R0], R1
0000025A 490109                  		ADD 09H[R0].UB, R1
0000025D 8101                    		MOV.B R1, 04H[R0]
0000025F                         L65:	; bb23.split5
                                 ;     146     xr -= r;
                                 		.LINE  "C:\Workspace\e2studio\git\MT01_master\src\Display\u8g_rect.c",146
0000025F B101                    		MOVU.B 04H[R0], R1
00000261 410107                  		SUB 07H[R0].UB, R1
00000264 8101                    		MOV.B R1, 04H[R0]
00000266                         L66:	; bb23.split6
                                 ;     147     xr -= 1;
                                 		.LINE  "C:\Workspace\e2studio\git\MT01_master\src\Display\u8g_rect.c",147
00000266 B101                    		MOVU.B 04H[R0], R1
00000268 6011                    		SUB #01H, R1
0000026A 8101                    		MOV.B R1, 04H[R0]
0000026C                         L67:	; bb23.split7
                                 ;     148     
                                 ;     149     yl = y;
                                 		.LINE  "C:\Workspace\e2studio\git\MT01_master\src\Display\u8g_rect.c",149
0000026C C5000A03                		MOV.B 0AH[R0], 03H[R0]
00000270                         L68:	; bb23.split8
                                 ;     150     yl += h;
                                 		.LINE  "C:\Workspace\e2studio\git\MT01_master\src\Display\u8g_rect.c",150
00000270 B089                    		MOVU.B 03H[R0], R1
00000272 490108                  		ADD 08H[R0].UB, R1
00000275 8089                    		MOV.B R1, 03H[R0]
00000277                         L69:	; bb23.split9
                                 ;     151     yl -= r; 
                                 		.LINE  "C:\Workspace\e2studio\git\MT01_master\src\Display\u8g_rect.c",151
00000277 B089                    		MOVU.B 03H[R0], R1
00000279 410107                  		SUB 07H[R0].UB, R1
0000027C 8089                    		MOV.B R1, 03H[R0]
0000027E                         L70:	; bb23.split10
                                 ;     152     yl -= 1;
                                 		.LINE  "C:\Workspace\e2studio\git\MT01_master\src\Display\u8g_rect.c",152
0000027E B089                    		MOVU.B 03H[R0], R1
00000280 6011                    		SUB #01H, R1
00000282 8089                    		MOV.B R1, 03H[R0]
00000284                         L71:	; bb23.split11
                                 ;     153 
                                 ;     154     u8g_draw_circle(u8g, xl, yu, r, U8G_DRAW_UPPER_LEFT);
                                 		.LINE  "C:\Workspace\e2studio\git\MT01_master\src\Display\u8g_rect.c",154
00000284 B18C                    		MOVU.B 07H[R0], R4
00000286 B083                    		MOVU.B 02H[R0], R3
00000288 B00A                    		MOVU.B 01H[R0], R2
0000028A A889                    		MOV.L 0CH[R0], R1
0000028C 6040                    		SUB #04H, R0
0000028E F80402                  		MOV.B #02H, [R0]
00000291 05rrrrrr             A  		BSR _u8g_draw_circle
00000295 6240                    		ADD #04H, R0
00000297                         L72:	; bb23.split12
                                 ;     155     u8g_draw_circle(u8g, xr, yu, r, U8G_DRAW_UPPER_RIGHT);
                                 		.LINE  "C:\Workspace\e2studio\git\MT01_master\src\Display\u8g_rect.c",155
00000297 B18C                    		MOVU.B 07H[R0], R4
00000299 B083                    		MOVU.B 02H[R0], R3
0000029B B102                    		MOVU.B 04H[R0], R2
0000029D A889                    		MOV.L 0CH[R0], R1
0000029F 6040                    		SUB #04H, R0
000002A1 F80401                  		MOV.B #01H, [R0]
000002A4 05rrrrrr             A  		BSR _u8g_draw_circle
000002A8 6240                    		ADD #04H, R0
000002AA                         L73:	; bb23.split13
                                 ;     156     u8g_draw_circle(u8g, xl, yl, r, U8G_DRAW_LOWER_LEFT);
                                 		.LINE  "C:\Workspace\e2studio\git\MT01_master\src\Display\u8g_rect.c",156
000002AA B18C                    		MOVU.B 07H[R0], R4
000002AC B08B                    		MOVU.B 03H[R0], R3
000002AE B00A                    		MOVU.B 01H[R0], R2
000002B0 A889                    		MOV.L 0CH[R0], R1
000002B2 6040                    		SUB #04H, R0
000002B4 F80404                  		MOV.B #04H, [R0]
000002B7 05rrrrrr             A  		BSR _u8g_draw_circle
000002BB 6240                    		ADD #04H, R0
000002BD                         L74:	; bb23.split14
                                 ;     157     u8g_draw_circle(u8g, xr, yl, r, U8G_DRAW_LOWER_RIGHT);
                                 		.LINE  "C:\Workspace\e2studio\git\MT01_master\src\Display\u8g_rect.c",157
000002BD B18C                    		MOVU.B 07H[R0], R4
000002BF B08B                    		MOVU.B 03H[R0], R3
000002C1 B102                    		MOVU.B 04H[R0], R2
000002C3 A889                    		MOV.L 0CH[R0], R1
000002C5 6040                    		SUB #04H, R0
000002C7 F80408                  		MOV.B #08H, [R0]
000002CA 05rrrrrr             A  		BSR _u8g_draw_circle
000002CE 6240                    		ADD #04H, R0
000002D0                         L75:	; bb23.split15
                                 ;     158   }
                                 ;     159 
                                 ;     160   {
                                 ;     161     u8g_uint_t ww, hh;
                                 ;     162 
                                 ;     163     ww = w;
                                 		.LINE  "C:\Workspace\e2studio\git\MT01_master\src\Display\u8g_rect.c",163
000002D0 C5000905                		MOV.B 09H[R0], 05H[R0]
000002D4                         L76:	; bb23.split16
                                 ;     164     ww -= r;
                                 		.LINE  "C:\Workspace\e2studio\git\MT01_master\src\Display\u8g_rect.c",164
000002D4 B109                    		MOVU.B 05H[R0], R1
000002D6 410107                  		SUB 07H[R0].UB, R1
000002D9 8109                    		MOV.B R1, 05H[R0]
000002DB                         L77:	; bb23.split17
                                 ;     165     ww -= r;
                                 		.LINE  "C:\Workspace\e2studio\git\MT01_master\src\Display\u8g_rect.c",165
000002DB B109                    		MOVU.B 05H[R0], R1
000002DD 410107                  		SUB 07H[R0].UB, R1
000002E0 8109                    		MOV.B R1, 05H[R0]
000002E2                         L78:	; bb23.split18
                                 ;     166     ww -= 2;
                                 		.LINE  "C:\Workspace\e2studio\git\MT01_master\src\Display\u8g_rect.c",166
000002E2 B109                    		MOVU.B 05H[R0], R1
000002E4 6021                    		SUB #02H, R1
000002E6 8109                    		MOV.B R1, 05H[R0]
000002E8                         L79:	; bb23.split19
                                 ;     167     hh = h;
                                 		.LINE  "C:\Workspace\e2studio\git\MT01_master\src\Display\u8g_rect.c",167
000002E8 C5000806                		MOV.B 08H[R0], 06H[R0]
000002EC                         L80:	; bb23.split20
                                 ;     168     hh -= r;
                                 		.LINE  "C:\Workspace\e2studio\git\MT01_master\src\Display\u8g_rect.c",168
000002EC B181                    		MOVU.B 06H[R0], R1
000002EE 410107                  		SUB 07H[R0].UB, R1
000002F1 8181                    		MOV.B R1, 06H[R0]
000002F3                         L81:	; bb23.split21
                                 ;     169     hh -= r;
                                 		.LINE  "C:\Workspace\e2studio\git\MT01_master\src\Display\u8g_rect.c",169
000002F3 B181                    		MOVU.B 06H[R0], R1
000002F5 410107                  		SUB 07H[R0].UB, R1
000002F8 8181                    		MOV.B R1, 06H[R0]
000002FA                         L82:	; bb23.split22
                                 ;     170     hh -= 2;
                                 		.LINE  "C:\Workspace\e2studio\git\MT01_master\src\Display\u8g_rect.c",170
000002FA B181                    		MOVU.B 06H[R0], R1
000002FC 6021                    		SUB #02H, R1
000002FE 8181                    		MOV.B R1, 06H[R0]
00000300                         L83:	; bb23.split23
                                 ;     171     
                                 ;     172     xl++;
                                 		.LINE  "C:\Workspace\e2studio\git\MT01_master\src\Display\u8g_rect.c",172
00000300 B009                    		MOVU.B 01H[R0], R1
00000302 6211                    		ADD #01H, R1
00000304 8009                    		MOV.B R1, 01H[R0]
00000306                         L84:	; bb23.split24
                                 ;     173     yu++;
                                 		.LINE  "C:\Workspace\e2studio\git\MT01_master\src\Display\u8g_rect.c",173
00000306 B081                    		MOVU.B 02H[R0], R1
00000308 6211                    		ADD #01H, R1
0000030A 8081                    		MOV.B R1, 02H[R0]
0000030C                         L85:	; bb23.split25
                                 ;     174     h--;
                                 		.LINE  "C:\Workspace\e2studio\git\MT01_master\src\Display\u8g_rect.c",174
0000030C B201                    		MOVU.B 08H[R0], R1
0000030E 6011                    		SUB #01H, R1
00000310 8201                    		MOV.B R1, 08H[R0]
00000312                         L86:	; bb23.split26
                                 ;     175     w--;
                                 		.LINE  "C:\Workspace\e2studio\git\MT01_master\src\Display\u8g_rect.c",175
00000312 B209                    		MOVU.B 09H[R0], R1
00000314 6011                    		SUB #01H, R1
00000316 8209                    		MOV.B R1, 09H[R0]
00000318                         L87:	; bb23.split27
                                 ;     176     u8g_draw_hline(u8g, xl, y, ww);
                                 		.LINE  "C:\Workspace\e2studio\git\MT01_master\src\Display\u8g_rect.c",176
00000318 B10C                    		MOVU.B 05H[R0], R4
0000031A B283                    		MOVU.B 0AH[R0], R3
0000031C B00A                    		MOVU.B 01H[R0], R2
0000031E A889                    		MOV.L 0CH[R0], R1
00000320 39rrrr               W  		BSR _u8g_draw_hline
00000323                         L88:	; bb23.split28
                                 ;     177     u8g_draw_hline(u8g, xl, y+h, ww);
                                 		.LINE  "C:\Workspace\e2studio\git\MT01_master\src\Display\u8g_rect.c",177
00000323 B283                    		MOVU.B 0AH[R0], R3
00000325 490308                  		ADD 08H[R0].UB, R3
00000328 B10C                    		MOVU.B 05H[R0], R4
0000032A B00A                    		MOVU.B 01H[R0], R2
0000032C A889                    		MOV.L 0CH[R0], R1
0000032E 5B33                    		MOVU.B R3, R3
00000330 39rrrr               W  		BSR _u8g_draw_hline
00000333                         L89:	; bb23.split29
                                 ;     178     u8g_draw_vline(u8g, x,         yu, hh);
                                 		.LINE  "C:\Workspace\e2studio\git\MT01_master\src\Display\u8g_rect.c",178
00000333 B184                    		MOVU.B 06H[R0], R4
00000335 B083                    		MOVU.B 02H[R0], R3
00000337 B28A                    		MOVU.B 0BH[R0], R2
00000339 A889                    		MOV.L 0CH[R0], R1
0000033B 39rrrr               W  		BSR _u8g_draw_vline
0000033E                         L90:	; bb23.split30
                                 ;     179     u8g_draw_vline(u8g, x+w, yu, hh);
                                 		.LINE  "C:\Workspace\e2studio\git\MT01_master\src\Display\u8g_rect.c",179
0000033E B28A                    		MOVU.B 0BH[R0], R2
00000340 490209                  		ADD 09H[R0].UB, R2
00000343 B184                    		MOVU.B 06H[R0], R4
00000345 B083                    		MOVU.B 02H[R0], R3
00000347 A889                    		MOV.L 0CH[R0], R1
00000349 5B22                    		MOVU.B R2, R2
0000034B 39rrrr               W  		BSR _u8g_draw_vline
0000034E 6704                    		RTSD #10H
00000350                         L91:	; return
                                 ;     180   }
                                 ;     181 }
                                 		.LINE  "C:\Workspace\e2studio\git\MT01_master\src\Display\u8g_rect.c",181
00000350 6704                    		RTSD #10H
00000352                         _u8g_DrawRBox:
                                 		.STACK	_u8g_DrawRBox=24
                                 ;     182 
                                 ;     183 void u8g_DrawRBox(u8g_t *u8g, u8g_uint_t x, u8g_uint_t y, u8g_uint_t w, u8g_uint_t h, u8g_uint_t r)
                                 		.LINE  "C:\Workspace\e2studio\git\MT01_master\src\Display\u8g_rect.c",183
00000352 7100F0                  		ADD #0FFFFFFF0H, R0
00000355 A089                    		MOV.L R1, 0CH[R0]
00000357 828A                    		MOV.B R2, 0BH[R0]
00000359 8283                    		MOV.B R3, 0AH[R0]
0000035B 820C                    		MOV.B R4, 09H[R0]
0000035D C5001408                		MOV.B 14H[R0], 08H[R0]
00000361 C5001507                		MOV.B 15H[R0], 07H[R0]
                                 ;     184 {
                                 ;     185   u8g_uint_t xl, yu;
                                 ;     186     u8g_uint_t yl, xr;
                                 ;     187 
                                 ;     188   if ( u8g_IsBBXIntersection(u8g, x, y, w, h) == 0 )
                                 		.LINE  "C:\Workspace\e2studio\git\MT01_master\src\Display\u8g_rect.c",188
00000365 B205                    		MOVU.B 08H[R0], R5
00000367 B20C                    		MOVU.B 09H[R0], R4
00000369 B283                    		MOVU.B 0AH[R0], R3
0000036B B28A                    		MOVU.B 0BH[R0], R2
0000036D A889                    		MOV.L 0CH[R0], R1
0000036F 6040                    		SUB #04H, R0
00000371 C305                    		MOV.B R5, [R0]
00000373 05rrrrrr             A  		BSR _u8g_IsBBXIntersection
00000377 6240                    		ADD #04H, R0
00000379 6101                    		CMP #00H, R1
0000037B 3Arrrr               W  		BEQ L123
0000037E                         L93:	; bb23
                                 ;     189     return;
                                 ;     190 
                                 ;     191   xl = x;
                                 		.LINE  "C:\Workspace\e2studio\git\MT01_master\src\Display\u8g_rect.c",191
0000037E C5000B01                		MOV.B 0BH[R0], 01H[R0]
00000382                         L94:	; bb23.split
                                 ;     192   xl += r;
                                 		.LINE  "C:\Workspace\e2studio\git\MT01_master\src\Display\u8g_rect.c",192
00000382 B009                    		MOVU.B 01H[R0], R1
00000384 490107                  		ADD 07H[R0].UB, R1
00000387 8009                    		MOV.B R1, 01H[R0]
00000389                         L95:	; bb23.split1
                                 ;     193   yu = y;
                                 		.LINE  "C:\Workspace\e2studio\git\MT01_master\src\Display\u8g_rect.c",193
00000389 C5000A02                		MOV.B 0AH[R0], 02H[R0]
0000038D                         L96:	; bb23.split2
                                 ;     194   yu += r;
                                 		.LINE  "C:\Workspace\e2studio\git\MT01_master\src\Display\u8g_rect.c",194
0000038D B081                    		MOVU.B 02H[R0], R1
0000038F 490107                  		ADD 07H[R0].UB, R1
00000392 8081                    		MOV.B R1, 02H[R0]
00000394                         L97:	; bb23.split3
                                 ;     195  
                                 ;     196   xr = x;
                                 		.LINE  "C:\Workspace\e2studio\git\MT01_master\src\Display\u8g_rect.c",196
00000394 C5000B04                		MOV.B 0BH[R0], 04H[R0]
00000398                         L98:	; bb23.split4
                                 ;     197   xr += w;
                                 		.LINE  "C:\Workspace\e2studio\git\MT01_master\src\Display\u8g_rect.c",197
00000398 B101                    		MOVU.B 04H[R0], R1
0000039A 490109                  		ADD 09H[R0].UB, R1
0000039D 8101                    		MOV.B R1, 04H[R0]
0000039F                         L99:	; bb23.split5
                                 ;     198   xr -= r;
                                 		.LINE  "C:\Workspace\e2studio\git\MT01_master\src\Display\u8g_rect.c",198
0000039F B101                    		MOVU.B 04H[R0], R1
000003A1 410107                  		SUB 07H[R0].UB, R1
000003A4 8101                    		MOV.B R1, 04H[R0]
000003A6                         L100:	; bb23.split6
                                 ;     199   xr -= 1;
                                 		.LINE  "C:\Workspace\e2studio\git\MT01_master\src\Display\u8g_rect.c",199
000003A6 B101                    		MOVU.B 04H[R0], R1
000003A8 6011                    		SUB #01H, R1
000003AA 8101                    		MOV.B R1, 04H[R0]
000003AC                         L101:	; bb23.split7
                                 ;     200   
                                 ;     201   yl = y;
                                 		.LINE  "C:\Workspace\e2studio\git\MT01_master\src\Display\u8g_rect.c",201
000003AC C5000A03                		MOV.B 0AH[R0], 03H[R0]
000003B0                         L102:	; bb23.split8
                                 ;     202   yl += h;
                                 		.LINE  "C:\Workspace\e2studio\git\MT01_master\src\Display\u8g_rect.c",202
000003B0 B089                    		MOVU.B 03H[R0], R1
000003B2 490108                  		ADD 08H[R0].UB, R1
000003B5 8089                    		MOV.B R1, 03H[R0]
000003B7                         L103:	; bb23.split9
                                 ;     203   yl -= r; 
                                 		.LINE  "C:\Workspace\e2studio\git\MT01_master\src\Display\u8g_rect.c",203
000003B7 B089                    		MOVU.B 03H[R0], R1
000003B9 410107                  		SUB 07H[R0].UB, R1
000003BC 8089                    		MOV.B R1, 03H[R0]
000003BE                         L104:	; bb23.split10
                                 ;     204   yl -= 1;
                                 		.LINE  "C:\Workspace\e2studio\git\MT01_master\src\Display\u8g_rect.c",204
000003BE B089                    		MOVU.B 03H[R0], R1
000003C0 6011                    		SUB #01H, R1
000003C2 8089                    		MOV.B R1, 03H[R0]
000003C4                         L105:	; bb23.split11
                                 ;     205 
                                 ;     206   u8g_draw_disc(u8g, xl, yu, r, U8G_DRAW_UPPER_LEFT);
                                 		.LINE  "C:\Workspace\e2studio\git\MT01_master\src\Display\u8g_rect.c",206
000003C4 B18C                    		MOVU.B 07H[R0], R4
000003C6 B083                    		MOVU.B 02H[R0], R3
000003C8 B00A                    		MOVU.B 01H[R0], R2
000003CA A889                    		MOV.L 0CH[R0], R1
000003CC 6040                    		SUB #04H, R0
000003CE F80402                  		MOV.B #02H, [R0]
000003D1 05rrrrrr             A  		BSR _u8g_draw_disc
000003D5 6240                    		ADD #04H, R0
000003D7                         L106:	; bb23.split12
                                 ;     207   u8g_draw_disc(u8g, xr, yu, r, U8G_DRAW_UPPER_RIGHT);
                                 		.LINE  "C:\Workspace\e2studio\git\MT01_master\src\Display\u8g_rect.c",207
000003D7 B18C                    		MOVU.B 07H[R0], R4
000003D9 B083                    		MOVU.B 02H[R0], R3
000003DB B102                    		MOVU.B 04H[R0], R2
000003DD A889                    		MOV.L 0CH[R0], R1
000003DF 6040                    		SUB #04H, R0
000003E1 F80401                  		MOV.B #01H, [R0]
000003E4 05rrrrrr             A  		BSR _u8g_draw_disc
000003E8 6240                    		ADD #04H, R0
000003EA                         L107:	; bb23.split13
                                 ;     208   u8g_draw_disc(u8g, xl, yl, r, U8G_DRAW_LOWER_LEFT);
                                 		.LINE  "C:\Workspace\e2studio\git\MT01_master\src\Display\u8g_rect.c",208
000003EA B18C                    		MOVU.B 07H[R0], R4
000003EC B08B                    		MOVU.B 03H[R0], R3
000003EE B00A                    		MOVU.B 01H[R0], R2
000003F0 A889                    		MOV.L 0CH[R0], R1
000003F2 6040                    		SUB #04H, R0
000003F4 F80404                  		MOV.B #04H, [R0]
000003F7 05rrrrrr             A  		BSR _u8g_draw_disc
000003FB 6240                    		ADD #04H, R0
000003FD                         L108:	; bb23.split14
                                 ;     209   u8g_draw_disc(u8g, xr, yl, r, U8G_DRAW_LOWER_RIGHT);
                                 		.LINE  "C:\Workspace\e2studio\git\MT01_master\src\Display\u8g_rect.c",209
000003FD B18C                    		MOVU.B 07H[R0], R4
000003FF B08B                    		MOVU.B 03H[R0], R3
00000401 B102                    		MOVU.B 04H[R0], R2
00000403 A889                    		MOV.L 0CH[R0], R1
00000405 6040                    		SUB #04H, R0
00000407 F80408                  		MOV.B #08H, [R0]
0000040A 05rrrrrr             A  		BSR _u8g_draw_disc
0000040E 6240                    		ADD #04H, R0
00000410                         L109:	; bb23.split15
                                 ;     210 
                                 ;     211   {
                                 ;     212     u8g_uint_t ww, hh;
                                 ;     213 
                                 ;     214     ww = w;
                                 		.LINE  "C:\Workspace\e2studio\git\MT01_master\src\Display\u8g_rect.c",214
00000410 C5000905                		MOV.B 09H[R0], 05H[R0]
00000414                         L110:	; bb23.split16
                                 ;     215     ww -= r;
                                 		.LINE  "C:\Workspace\e2studio\git\MT01_master\src\Display\u8g_rect.c",215
00000414 B109                    		MOVU.B 05H[R0], R1
00000416 410107                  		SUB 07H[R0].UB, R1
00000419 8109                    		MOV.B R1, 05H[R0]
0000041B                         L111:	; bb23.split17
                                 ;     216     ww -= r;
                                 		.LINE  "C:\Workspace\e2studio\git\MT01_master\src\Display\u8g_rect.c",216
0000041B B109                    		MOVU.B 05H[R0], R1
0000041D 410107                  		SUB 07H[R0].UB, R1
00000420 8109                    		MOV.B R1, 05H[R0]
00000422                         L112:	; bb23.split18
                                 ;     217     ww -= 2;
                                 		.LINE  "C:\Workspace\e2studio\git\MT01_master\src\Display\u8g_rect.c",217
00000422 B109                    		MOVU.B 05H[R0], R1
00000424 6021                    		SUB #02H, R1
00000426 8109                    		MOV.B R1, 05H[R0]
00000428                         L113:	; bb23.split19
                                 ;     218     hh = h;
                                 		.LINE  "C:\Workspace\e2studio\git\MT01_master\src\Display\u8g_rect.c",218
00000428 C5000806                		MOV.B 08H[R0], 06H[R0]
0000042C                         L114:	; bb23.split20
                                 ;     219     hh -= r;
                                 		.LINE  "C:\Workspace\e2studio\git\MT01_master\src\Display\u8g_rect.c",219
0000042C B181                    		MOVU.B 06H[R0], R1
0000042E 410107                  		SUB 07H[R0].UB, R1
00000431 8181                    		MOV.B R1, 06H[R0]
00000433                         L115:	; bb23.split21
                                 ;     220     hh -= r;
                                 		.LINE  "C:\Workspace\e2studio\git\MT01_master\src\Display\u8g_rect.c",220
00000433 B181                    		MOVU.B 06H[R0], R1
00000435 410107                  		SUB 07H[R0].UB, R1
00000438 8181                    		MOV.B R1, 06H[R0]
0000043A                         L116:	; bb23.split22
                                 ;     221     hh -= 2;
                                 		.LINE  "C:\Workspace\e2studio\git\MT01_master\src\Display\u8g_rect.c",221
0000043A B181                    		MOVU.B 06H[R0], R1
0000043C 6021                    		SUB #02H, R1
0000043E 8181                    		MOV.B R1, 06H[R0]
00000440                         L117:	; bb23.split23
                                 ;     222     
                                 ;     223     xl++;
                                 		.LINE  "C:\Workspace\e2studio\git\MT01_master\src\Display\u8g_rect.c",223
00000440 B009                    		MOVU.B 01H[R0], R1
00000442 6211                    		ADD #01H, R1
00000444 8009                    		MOV.B R1, 01H[R0]
00000446                         L118:	; bb23.split24
                                 ;     224     yu++;
                                 		.LINE  "C:\Workspace\e2studio\git\MT01_master\src\Display\u8g_rect.c",224
00000446 B081                    		MOVU.B 02H[R0], R1
00000448 6211                    		ADD #01H, R1
0000044A 8081                    		MOV.B R1, 02H[R0]
0000044C                         L119:	; bb23.split25
                                 ;     225     h--;
                                 		.LINE  "C:\Workspace\e2studio\git\MT01_master\src\Display\u8g_rect.c",225
0000044C B201                    		MOVU.B 08H[R0], R1
0000044E 6011                    		SUB #01H, R1
00000450 8201                    		MOV.B R1, 08H[R0]
00000452                         L120:	; bb23.split26
                                 ;     226     u8g_draw_box(u8g, xl, y, ww, r+1);
                                 		.LINE  "C:\Workspace\e2studio\git\MT01_master\src\Display\u8g_rect.c",226
00000452 B18D                    		MOVU.B 07H[R0], R5
00000454 B10C                    		MOVU.B 05H[R0], R4
00000456 B283                    		MOVU.B 0AH[R0], R3
00000458 B00A                    		MOVU.B 01H[R0], R2
0000045A A889                    		MOV.L 0CH[R0], R1
0000045C 6040                    		SUB #04H, R0
0000045E 6215                    		ADD #01H, R5
00000460 C305                    		MOV.B R5, [R0]
00000462 39rrrr               W  		BSR _u8g_draw_box
00000465 6240                    		ADD #04H, R0
00000467                         L121:	; bb23.split27
                                 ;     227     u8g_draw_box(u8g, xl, yl, ww, r+1);
                                 		.LINE  "C:\Workspace\e2studio\git\MT01_master\src\Display\u8g_rect.c",227
00000467 B18D                    		MOVU.B 07H[R0], R5
00000469 B10C                    		MOVU.B 05H[R0], R4
0000046B B08B                    		MOVU.B 03H[R0], R3
0000046D B00A                    		MOVU.B 01H[R0], R2
0000046F A889                    		MOV.L 0CH[R0], R1
00000471 6040                    		SUB #04H, R0
00000473 6215                    		ADD #01H, R5
00000475 C305                    		MOV.B R5, [R0]
00000477 39rrrr               W  		BSR _u8g_draw_box
0000047A 6240                    		ADD #04H, R0
0000047C                         L122:	; bb23.split28
                                 ;     228     //u8g_draw_hline(u8g, xl, y+h, ww);
                                 ;     229     u8g_draw_box(u8g, x, yu, w, hh);
                                 		.LINE  "C:\Workspace\e2studio\git\MT01_master\src\Display\u8g_rect.c",229
0000047C B185                    		MOVU.B 06H[R0], R5
0000047E B20C                    		MOVU.B 09H[R0], R4
00000480 B083                    		MOVU.B 02H[R0], R3
00000482 B28A                    		MOVU.B 0BH[R0], R2
00000484 A889                    		MOV.L 0CH[R0], R1
00000486 6040                    		SUB #04H, R0
00000488 C305                    		MOV.B R5, [R0]
0000048A 39rrrr               W  		BSR _u8g_draw_box
0000048D 6240                    		ADD #04H, R0
0000048F 6704                    		RTSD #10H
00000491                         L123:	; return
                                 ;     230     //u8g_draw_vline(u8g, x+w, yu, hh);
                                 ;     231   }
                                 ;     232 }
                                 		.LINE  "C:\Workspace\e2studio\git\MT01_master\src\Display\u8g_rect.c",232
00000491 6704                    		RTSD #10H
                                 		.END

Information List

TOTAL ERROR(S)    00000
TOTAL WARNING(S)  00000
TOTAL LINE(S)     01036   LINES

Section List

Attr         Size               Name
CODE     0000001171(00000493H)  P

Cpu Type

-ISA=RXV1 -FPU

Command Parameter

-subcommand=C:\Users\LAFONS~1\AppData\Local\Temp\$ccrx4DB7\$ccrx\u8g_rect.src.cmd
    -nologo
    -isa=rxv1
    -fpu
    -show=conditionals,definitions,expansions
    -define=__RXV1=1
    -fint_register=0
    -debug
    -endian=little
-listfile=C:\Workspace\e2studio\git\MT01_master\MT01_build\u8g_rect.lst
-output=C:\Workspace\e2studio\git\MT01_master\MT01_build\src\Display\u8g_rect.obj
