* RX FAMILY ASSEMBLER V2.03.00.01 [24 Oct 2014] *  SOURCE LIST  Tue Mar 14 17:28:40 2017

LOC.     OBJ.              0XMDA SOURCE STATEMENT

                                 ;RX Family C/C++ Compiler (V2.03.00.03 [04 Dec 2014])  14-Mar-2017 17:28:40
                                 
                                 ;*** CPU TYPE ***
                                 
                                 ;-ISA=RXV1
                                 
                                 ;*** COMMAND PARAMETER ***
                                 
                                 ;-output=src=u8g_pbxh16.src
                                 ;-lang=c99
                                 ;-include=C:\PROGRA~2\Renesas\RX\2_3_0/include,C:\Workspace\e2studio\git\MT01_master\r_lvd_rx,C:\Workspace\e2studio\git\MT01_master\r_lvd_rx\src,C:/Workspace/e2studio/
                                 ;-debug
                                 ;-show=source,conditionals,definitions,expansions
                                 ;-listfile=u8g_pbxh16.lst
                                 ;-isa=rxv1
                                 ;-optimize=0
                                 ;-fpu
                                 ;-alias=noansi
                                 ;-nologo
                                 ;-nomessage
                                 ;-define=__RX,COMPACTAXP=0,EASYMAK=1,MOBILE=0,FREE_RTOS_PP
                                 ;u8g_pbxh16.c
                                 
                                 		.glb	_u8g_pbxh16_Clear
                                 		.glb	_u8g_pbxh16_Init
                                 		.glb	_u8g_pbxh16_SetPixel
                                 		.glb	_u8g_pbxh16_Set8Pixel
                                 		.glb	_u8g_dev_pbxh16_base_fn
                                 		.glb	_u8g_pb_Is8PixelVisible
                                 		.glb	_u8g_page_First
                                 		.glb	_u8g_page_Next
                                 		.glb	_u8g_pb_GetPageBox
                                 ;LineNo. C-SOURCE STATEMENT
                                 
                                 		.SECTION	P,CODE
00000000                         _u8g_pbxh16_Clear:
                                 		.STACK	_u8g_pbxh16_Clear=20
                                 ;       1 /*
                                 ;       2 
                                 ;       3   u8g_pbxh16.c
                                 ;       4   
                                 ;       5   x lines per page, horizontal, 16 bits per pixel (hi color modes)
                                 ;       6   
                                 ;       7   Universal 8bit Graphics Library
                                 ;       8   
                                 ;       9   Copyright (c) 2013, olikraus@gmail.com
                                 ;      10   All rights reserved.
                                 ;      11 
                                 ;      12   Redistribution and use in source and binary forms, with or without modification, 
                                 ;      13   are permitted provided that the following conditions are met:
                                 ;      14 
                                 ;      15   * Redistributions of source code must retain the above copyright notice, this list 
                                 ;      16     of conditions and the following disclaimer.
                                 ;      17     
                                 ;      18   * Redistributions in binary form must reproduce the above copyright notice, this 
                                 ;      19     list of conditions and the following disclaimer in the documentation and/or other 
                                 ;      20     materials provided with the distribution.
                                 ;      21 
                                 ;      22   THIS SOFTWARE IS PROVIDED BY THE COPYRIGHT HOLDERS AND 
                                 ;      23   CONTRIBUTORS "AS IS" AND ANY EXPRESS OR IMPLIED WARRANTIES, 
                                 ;      24   INCLUDING, BUT NOT LIMITED TO, THE IMPLIED WARRANTIES OF 
                                 ;      25   MERCHANTABILITY AND FITNESS FOR A PARTICULAR PURPOSE ARE 
                                 ;      26   DISCLAIMED. IN NO EVENT SHALL THE COPYRIGHT HOLDER OR 
                                 ;      27   CONTRIBUTORS BE LIABLE FOR ANY DIRECT, INDIRECT, INCIDENTAL, 
                                 ;      28   SPECIAL, EXEMPLARY, OR CONSEQUENTIAL DAMAGES (INCLUDING, BUT 
                                 ;      29   NOT LIMITED TO, PROCUREMENT OF SUBSTITUTE GOODS OR SERVICES; 
                                 ;      30   LOSS OF USE, DATA, OR PROFITS; OR BUSINESS INTERRUPTION) HOWEVER 
                                 ;      31   CAUSED AND ON ANY THEORY OF LIABILITY, WHETHER IN CONTRACT, 
                                 ;      32   STRICT LIABILITY, OR TORT (INCLUDING NEGLIGENCE OR OTHERWISE) 
                                 ;      33   ARISING IN ANY WAY OUT OF THE USE OF THIS SOFTWARE, EVEN IF 
                                 ;      34   ADVISED OF THE POSSIBILITY OF SUCH DAMAGE.  
                                 ;      35 
                                 ;      36 
                                 ;      37 struct _u8g_pb_t
                                 ;      38 {
                                 ;      39   u8g_page_t p;
                                 ;      40   u8g_uint_t width;
                                 ;      41   void *buf;
                                 ;      42 };
                                 ;      43 typedef struct _u8g_pb_t u8g_pb_t;
                                 ;      44 
                                 ;      45 
                                 ;      46 uint8_t u8g_index_color_xh16_buf[2*WIDTH*PAGE_HEIGHT] U8G_NOCOMMON ; 
                                 ;      47 u8g_pb_t u8g_index_color_xh16_pb = { {PAGE_HEIGHT, HEIGHT, 0, 0, 0},  WIDTH, u8g_index_color_xh16_buf}; 
                                 ;      48 u8g_dev_t name = { dev_fn, &u8g_index_color_xh16_pb , com_fn }
                                 ;      49 
                                 ;      50 */
                                 ;      51 
                                 ;      52 #include "u8g.h"
                                 ;      53 
                                 ;      54 /*
                                 ;      55 #define WIDTH_BITS 7
                                 ;      56 #define WIDTH (1<<WIDTH_BITS)
                                 ;      57 #define PAGE_HEIGHT_BITS 3
                                 ;      58 #define PAGE_HEIGHT (1<<PAGE_HEIGHT_BITS)
                                 ;      59 */
                                 ;      60 
                                 ;      61 void u8g_pbxh16_Clear(u8g_pb_t *b)
                                 		.LINE  "C:\Workspace\e2studio\git\MT01_master\src\Display\u8g_pbxh16.c",61
00000000 7100F0                  		ADD #0FFFFFFF0H, R0
00000003 A089                    		MOV.L R1, 0CH[R0]
                                 ;      62 {
                                 ;      63   uint8_t *ptr = (uint8_t *)b->buf;
                                 		.LINE  "C:\Workspace\e2studio\git\MT01_master\src\Display\u8g_pbxh16.c",63
00000005 E11002                  		MOV.L 08H[R1], [R0]
00000008                         L11:	; entry.split
                                 ;      64   uint8_t *end_ptr = ptr;
                                 		.LINE  "C:\Workspace\e2studio\git\MT01_master\src\Display\u8g_pbxh16.c",64
00000008 E40001                  		MOV.L [R0], 04H[R0]
0000000B                         L12:	; entry.split1
                                 ;      65   uint8_t cnt = b->p.page_height;
                                 		.LINE  "C:\Workspace\e2studio\git\MT01_master\src\Display\u8g_pbxh16.c",65
0000000B A889                    		MOV.L 0CH[R0], R1
0000000D C4100B                  		MOV.B [R1], 0BH[R0]
00000010                         L13:	; bb
                                 ;      66   do
                                 ;      67   {
                                 ;      68     end_ptr += b->width*2;
                                 		.LINE  "C:\Workspace\e2studio\git\MT01_master\src\Display\u8g_pbxh16.c",68
00000010 A889                    		MOV.L 0CH[R0], R1
00000012 B119                    		MOVU.B 05H[R1], R1
00000014 6C11                    		SHLL #01H, R1
00000016 06890101                		ADD 04H[R0].L, R1
0000001A A009                    		MOV.L R1, 04H[R0]
0000001C                         L14:	; bb.split
                                 ;      69     cnt--;
                                 		.LINE  "C:\Workspace\e2studio\git\MT01_master\src\Display\u8g_pbxh16.c",69
0000001C B289                    		MOVU.B 0BH[R0], R1
0000001E 6011                    		SUB #01H, R1
00000020 8289                    		MOV.B R1, 0BH[R0]
00000022                         L15:	; bb.split2
                                 		.LINE  "C:\Workspace\e2studio\git\MT01_master\src\Display\u8g_pbxh16.c",66
00000022 B289                    		MOVU.B 0BH[R0], R1
00000024 6101                    		CMP #00H, R1
00000026 2Arr                    		BGT L13
00000028                         L16:	; bb26
                                 ;      70   } while( cnt > 0 );
                                 ;      71   do
                                 ;      72   {
                                 ;      73     *ptr++ = 0;
                                 		.LINE  "C:\Workspace\e2studio\git\MT01_master\src\Display\u8g_pbxh16.c",73
00000028 EC01                    		MOV.L [R0], R1
0000002A F81400                  		MOV.B #00H, [R1]
0000002D EC01                    		MOV.L [R0], R1
0000002F 6211                    		ADD #01H, R1
00000031 E301                    		MOV.L R1, [R0]
00000033                         L17:	; bb26.split
                                 		.LINE  "C:\Workspace\e2studio\git\MT01_master\src\Display\u8g_pbxh16.c",71
00000033 EC01                    		MOV.L [R0], R1
00000035 06850101                		CMP 04H[R0].L, R1
00000039 21rr                    		BNE L16
0000003B                         L18:	; return
                                 ;      74   } while( ptr != end_ptr );
                                 ;      75 }
                                 		.LINE  "C:\Workspace\e2studio\git\MT01_master\src\Display\u8g_pbxh16.c",75
0000003B 6704                    		RTSD #10H
0000003D                         _u8g_pbxh16_Init:
                                 		.STACK	_u8g_pbxh16_Init=16
                                 ;      76 
                                 ;      77 
                                 ;      78 void u8g_pbxh16_Init(u8g_pb_t *b, void *buf, u8g_uint_t width)
                                 		.LINE  "C:\Workspace\e2studio\git\MT01_master\src\Display\u8g_pbxh16.c",78
0000003D 60C0                    		SUB #0CH, R0
0000003F A081                    		MOV.L R1, 08H[R0]
00000041 A00A                    		MOV.L R2, 04H[R0]
00000043 808B                    		MOV.B R3, 03H[R0]
                                 ;      79 {
                                 ;      80   b->buf = buf;
                                 		.LINE  "C:\Workspace\e2studio\git\MT01_master\src\Display\u8g_pbxh16.c",80
00000045 A809                    		MOV.L 04H[R0], R1
00000047 A882                    		MOV.L 08H[R0], R2
00000049 A0A1                    		MOV.L R1, 08H[R2]
0000004B                         L20:	; entry.split
                                 ;      81   b->width = width;
                                 		.LINE  "C:\Workspace\e2studio\git\MT01_master\src\Display\u8g_pbxh16.c",81
0000004B B089                    		MOVU.B 03H[R0], R1
0000004D A882                    		MOV.L 08H[R0], R2
0000004F 8129                    		MOV.B R1, 05H[R2]
00000051                         L21:	; entry.split1
                                 ;      82   u8g_pbxh16_Clear(b);
                                 		.LINE  "C:\Workspace\e2studio\git\MT01_master\src\Display\u8g_pbxh16.c",82
00000051 A881                    		MOV.L 08H[R0], R1
00000053 39rrrr               W  		BSR _u8g_pbxh16_Clear
00000056 6703                    		RTSD #0CH
00000058                         __$u8g_pbxh16_set_pixel:
                                 		.STACK	__$u8g_pbxh16_set_pixel=20
                                 ;      83 }
                                 ;      84 
                                 ;      85 static void u8g_pbxh16_set_pixel(u8g_pb_t *b, u8g_uint_t x, u8g_uint_t y, uint8_t low, uint8_t high)
                                 		.LINE  "C:\Workspace\e2studio\git\MT01_master\src\Display\u8g_pbxh16.c",85
00000058 7100F0                  		ADD #0FFFFFFF0H, R0
0000005B A089                    		MOV.L R1, 0CH[R0]
0000005D 828A                    		MOV.B R2, 0BH[R0]
0000005F 8283                    		MOV.B R3, 0AH[R0]
00000061 820C                    		MOV.B R4, 09H[R0]
00000063 C5001408                		MOV.B 14H[R0], 08H[R0]
                                 ;      86 {
                                 ;      87   uint16_t tmp;
                                 ;      88   uint8_t *ptr = b->buf;
                                 		.LINE  "C:\Workspace\e2studio\git\MT01_master\src\Display\u8g_pbxh16.c",88
00000067 A889                    		MOV.L 0CH[R0], R1
00000069 E5100201                		MOV.L 08H[R1], 04H[R0]
0000006D                         L23:	; entry.split
                                 ;      89   y -= b->p.page_y0;
                                 		.LINE  "C:\Workspace\e2studio\git\MT01_master\src\Display\u8g_pbxh16.c",89
0000006D B281                    		MOVU.B 0AH[R0], R1
0000006F A88A                    		MOV.L 0CH[R0], R2
00000071 412102                  		SUB 02H[R2].UB, R1
00000074 8281                    		MOV.B R1, 0AH[R0]
00000076                         L24:	; entry.split1
                                 ;      90   tmp = y;
                                 		.LINE  "C:\Workspace\e2studio\git\MT01_master\src\Display\u8g_pbxh16.c",90
00000076 B281                    		MOVU.B 0AH[R0], R1
00000078 9009                    		MOV.W R1, 02H[R0]
0000007A                         L25:	; entry.split2
                                 ;      91   tmp *= b->width;
                                 		.LINE  "C:\Workspace\e2studio\git\MT01_master\src\Display\u8g_pbxh16.c",91
0000007A A889                    		MOV.L 0CH[R0], R1
0000007C B119                    		MOVU.B 05H[R1], R1
0000007E 06CD0101                		MUL 02H[R0].UW, R1
00000082 9009                    		MOV.W R1, 02H[R0]
00000084                         L26:	; entry.split3
                                 ;      92   tmp += x;
                                 		.LINE  "C:\Workspace\e2studio\git\MT01_master\src\Display\u8g_pbxh16.c",92
00000084 B809                    		MOVU.W 02H[R0], R1
00000086 49010B                  		ADD 0BH[R0].UB, R1
00000089 9009                    		MOV.W R1, 02H[R0]
0000008B                         L27:	; entry.split4
                                 ;      93   tmp <<= 1;
                                 		.LINE  "C:\Workspace\e2studio\git\MT01_master\src\Display\u8g_pbxh16.c",93
0000008B 9809                    		MOV.W 02H[R0], R1
0000008D 6C11                    		SHLL #01H, R1
0000008F 9009                    		MOV.W R1, 02H[R0]
00000091                         L28:	; entry.split5
                                 ;      94   ptr += tmp;
                                 		.LINE  "C:\Workspace\e2studio\git\MT01_master\src\Display\u8g_pbxh16.c",94
00000091 A809                    		MOV.L 04H[R0], R1
00000093 06C90101                		ADD 02H[R0].UW, R1
00000097 A009                    		MOV.L R1, 04H[R0]
00000099                         L29:	; entry.split6
                                 ;      95   *ptr = low;
                                 		.LINE  "C:\Workspace\e2studio\git\MT01_master\src\Display\u8g_pbxh16.c",95
00000099 B209                    		MOVU.B 09H[R0], R1
0000009B A80A                    		MOV.L 04H[R0], R2
0000009D C321                    		MOV.B R1, [R2]
0000009F                         L30:	; entry.split7
                                 ;      96   ptr++;
                                 		.LINE  "C:\Workspace\e2studio\git\MT01_master\src\Display\u8g_pbxh16.c",96
0000009F A809                    		MOV.L 04H[R0], R1
000000A1 6211                    		ADD #01H, R1
000000A3 A009                    		MOV.L R1, 04H[R0]
000000A5                         L31:	; entry.split8
                                 ;      97   *ptr = high;
                                 		.LINE  "C:\Workspace\e2studio\git\MT01_master\src\Display\u8g_pbxh16.c",97
000000A5 B201                    		MOVU.B 08H[R0], R1
000000A7 A80A                    		MOV.L 04H[R0], R2
000000A9 C321                    		MOV.B R1, [R2]
000000AB 6704                    		RTSD #10H
000000AD                         _u8g_pbxh16_SetPixel:
                                 		.STACK	_u8g_pbxh16_SetPixel=16
                                 ;      98 }
                                 ;      99 
                                 ;     100 void u8g_pbxh16_SetPixel(u8g_pb_t *b, const u8g_dev_arg_pixel_t * const arg_pixel)
                                 		.LINE  "C:\Workspace\e2studio\git\MT01_master\src\Display\u8g_pbxh16.c",100
000000AD 6080                    		SUB #08H, R0
000000AF A009                    		MOV.L R1, 04H[R0]
000000B1 E302                    		MOV.L R2, [R0]
                                 ;     101 {
                                 ;     102   if ( arg_pixel->y < b->p.page_y0 )
                                 		.LINE  "C:\Workspace\e2studio\git\MT01_master\src\Display\u8g_pbxh16.c",102
000000B3 A809                    		MOV.L 04H[R0], R1
000000B5 B02A                    		MOVU.B 01H[R2], R2
000000B7 451202                  		CMP 02H[R1].UB, R2
000000BA 29rr                    		BLT L36
000000BC                         L33:	; bb16
                                 ;     103     return;
                                 ;     104   if ( arg_pixel->y > b->p.page_y1 )
                                 		.LINE  "C:\Workspace\e2studio\git\MT01_master\src\Display\u8g_pbxh16.c",104
000000BC EC01                    		MOV.L [R0], R1
000000BE B019                    		MOVU.B 01H[R1], R1
000000C0 A80A                    		MOV.L 04H[R0], R2
000000C2 452103                  		CMP 03H[R2].UB, R1
000000C5 2Arr                    		BGT L36
000000C7                         L34:	; bb32
                                 ;     105     return;
                                 ;     106   if ( arg_pixel->x >= b->width )
                                 		.LINE  "C:\Workspace\e2studio\git\MT01_master\src\Display\u8g_pbxh16.c",106
000000C7 EC01                    		MOV.L [R0], R1
000000C9 581E                    		MOVU.B [R1], R14
000000CB A809                    		MOV.L 04H[R0], R1
000000CD 451E05                  		CMP 05H[R1].UB, R14
000000D0 28rr                    		BGE L36
000000D2                         L35:	; bb46
                                 ;     107     return;
                                 ;     108   u8g_pbxh16_set_pixel(b, arg_pixel->x, arg_pixel->y, arg_pixel->color, arg_pixel->hi_color);
                                 		.LINE  "C:\Workspace\e2studio\git\MT01_master\src\Display\u8g_pbxh16.c",108
000000D2 EC05                    		MOV.L [R0], R5
000000D4 B154                    		MOVU.B 04H[R5], R4
000000D6 B05B                    		MOVU.B 01H[R5], R3
000000D8 5852                    		MOVU.B [R5], R2
000000DA A809                    		MOV.L 04H[R0], R1
000000DC 6040                    		SUB #04H, R0
000000DE C15005                  		MOV.B 05H[R5], [R0]
000000E1 39rrrr               W  		BSR __$u8g_pbxh16_set_pixel
000000E4 6240                    		ADD #04H, R0
000000E6 6702                    		RTSD #08H
000000E8                         L36:	; return
                                 ;     109 }
                                 		.LINE  "C:\Workspace\e2studio\git\MT01_master\src\Display\u8g_pbxh16.c",109
000000E8 6702                    		RTSD #08H
000000EA                         _u8g_pbxh16_Set8Pixel:
                                 		.STACK	_u8g_pbxh16_Set8Pixel=16
                                 ;     110 
                                 ;     111 
                                 ;     112 void u8g_pbxh16_Set8Pixel(u8g_pb_t *b, u8g_dev_arg_pixel_t *arg_pixel)
                                 		.LINE  "C:\Workspace\e2studio\git\MT01_master\src\Display\u8g_pbxh16.c",112
000000EA 60C0                    		SUB #0CH, R0
000000EC A081                    		MOV.L R1, 08H[R0]
000000EE A00A                    		MOV.L R2, 04H[R0]
                                 ;     113 {
                                 ;     114   register uint8_t pixel = arg_pixel->pixel;
                                 		.LINE  "C:\Workspace\e2studio\git\MT01_master\src\Display\u8g_pbxh16.c",114
000000F0 C5200201                		MOV.B 02H[R2], 01H[R0]
000000F4                         L38:	; entry.split
                                 ;     115   u8g_uint_t dx = 0;
                                 		.LINE  "C:\Workspace\e2studio\git\MT01_master\src\Display\u8g_pbxh16.c",115
000000F4 3C0200                  		MOV.B #00H, 02H[R0]
000000F7                         L39:	; entry.split1
                                 ;     116   u8g_uint_t dy = 0;
                                 		.LINE  "C:\Workspace\e2studio\git\MT01_master\src\Display\u8g_pbxh16.c",116
000000F7 3C0300                  		MOV.B #00H, 03H[R0]
000000FA                         L40:	; entry.split2
                                 ;     117   
                                 ;     118   switch( arg_pixel->dir )
                                 		.LINE  "C:\Workspace\e2studio\git\MT01_master\src\Display\u8g_pbxh16.c",118
000000FA A809                    		MOV.L 04H[R0], R1
000000FC B099                    		MOVU.B 03H[R1], R1
000000FE 6131                    		CMP #03H, R1
00000100 20rr                    		BEQ L47
00000102                         L41:	; entry.split2
00000102 6111                    		CMP #01H, R1
00000104 20rr                    		BEQ L45
00000106                         L42:	; entry.split2
00000106 6121                    		CMP #02H, R1
00000108 20rr                    		BEQ L46
0000010A                         L43:	; entry.split2
0000010A 6101                    		CMP #00H, R1
0000010C 21rr                    		BNE L48
0000010E                         L44:	; bb
                                 ;     119   {
                                 ;     120     case 0: dx++; break;
                                 		.LINE  "C:\Workspace\e2studio\git\MT01_master\src\Display\u8g_pbxh16.c",120
0000010E B081                    		MOVU.B 02H[R0], R1
00000110 6211                    		ADD #01H, R1
00000112 8081                    		MOV.B R1, 02H[R0]
00000114 2Err                 B  		BRA L48
00000116                         L45:	; bb14
                                 ;     121     case 1: dy++; break;
                                 		.LINE  "C:\Workspace\e2studio\git\MT01_master\src\Display\u8g_pbxh16.c",121
00000116 B089                    		MOVU.B 03H[R0], R1
00000118 6211                    		ADD #01H, R1
0000011A 8089                    		MOV.B R1, 03H[R0]
0000011C 2Err                 B  		BRA L48
0000011E                         L46:	; bb17
                                 ;     122     case 2: dx--; break;
                                 		.LINE  "C:\Workspace\e2studio\git\MT01_master\src\Display\u8g_pbxh16.c",122
0000011E B081                    		MOVU.B 02H[R0], R1
00000120 6011                    		SUB #01H, R1
00000122 8081                    		MOV.B R1, 02H[R0]
00000124 08                   S  		BRA L48
00000125                         L47:	; bb20
                                 ;     123     case 3: dy--; break;
                                 		.LINE  "C:\Workspace\e2studio\git\MT01_master\src\Display\u8g_pbxh16.c",123
00000125 B089                    		MOVU.B 03H[R0], R1
00000127 6011                    		SUB #01H, R1
00000129 8089                    		MOV.B R1, 03H[R0]
0000012B                         L48:	; bb25
                                 ;     124   }
                                 ;     125   
                                 ;     126   do
                                 ;     127   {
                                 ;     128     if ( pixel & 128 )
                                 		.LINE  "C:\Workspace\e2studio\git\MT01_master\src\Display\u8g_pbxh16.c",128
0000012B F50701                  		BTST #07H, 01H[R0].B
0000012E 10                   S  		BEQ L50
0000012F                         L49:	; bb26
                                 ;     129       u8g_pbxh16_SetPixel(b, arg_pixel);
                                 		.LINE  "C:\Workspace\e2studio\git\MT01_master\src\Display\u8g_pbxh16.c",129
0000012F A80A                    		MOV.L 04H[R0], R2
00000131 A881                    		MOV.L 08H[R0], R1
00000133 39rrrr               W  		BSR _u8g_pbxh16_SetPixel
00000136                         L50:	; bb34
                                 ;     130     arg_pixel->x += dx;
                                 		.LINE  "C:\Workspace\e2studio\git\MT01_master\src\Display\u8g_pbxh16.c",130
00000136 A809                    		MOV.L 04H[R0], R1
00000138 581E                    		MOVU.B [R1], R14
0000013A 490E02                  		ADD 02H[R0].UB, R14
0000013D C31E                    		MOV.B R14, [R1]
0000013F                         L51:	; bb34.split
                                 ;     131     arg_pixel->y += dy;
                                 		.LINE  "C:\Workspace\e2studio\git\MT01_master\src\Display\u8g_pbxh16.c",131
0000013F A809                    		MOV.L 04H[R0], R1
00000141 B01A                    		MOVU.B 01H[R1], R2
00000143 490203                  		ADD 03H[R0].UB, R2
00000146 801A                    		MOV.B R2, 01H[R1]
00000148                         L52:	; bb34.split3
                                 ;     132     pixel <<= 1;
                                 		.LINE  "C:\Workspace\e2studio\git\MT01_master\src\Display\u8g_pbxh16.c",132
00000148 B009                    		MOVU.B 01H[R0], R1
0000014A 6C11                    		SHLL #01H, R1
0000014C 8009                    		MOV.B R1, 01H[R0]
0000014E                         L53:	; bb34.split4
                                 		.LINE  "C:\Workspace\e2studio\git\MT01_master\src\Display\u8g_pbxh16.c",126
0000014E B009                    		MOVU.B 01H[R0], R1
00000150 6101                    		CMP #00H, R1
00000152 21rr                    		BNE L48
00000154                         L54:	; return
                                 ;     133   } while( pixel != 0  );  
                                 ;     134 }
                                 		.LINE  "C:\Workspace\e2studio\git\MT01_master\src\Display\u8g_pbxh16.c",134
00000154 6703                    		RTSD #0CH
00000156                         _u8g_dev_pbxh16_base_fn:
                                 		.STACK	_u8g_dev_pbxh16_base_fn=32
                                 ;     135 
                                 ;     136 
                                 ;     137 uint8_t u8g_dev_pbxh16_base_fn(u8g_t *u8g, u8g_dev_t *dev, uint8_t msg, void *arg)
                                 		.LINE  "C:\Workspace\e2studio\git\MT01_master\src\Display\u8g_pbxh16.c",137
00000156 7100E4                  		ADD #0FFFFFFE4H, R0
00000159 A181                    		MOV.L R1, 18H[R0]
0000015B A10A                    		MOV.L R2, 14H[R0]
0000015D 848B                    		MOV.B R3, 13H[R0]
0000015F A08C                    		MOV.L R4, 0CH[R0]
                                 ;     138 {
                                 ;     139   u8g_pb_t *pb = (u8g_pb_t *)(dev->dev_mem);
                                 		.LINE  "C:\Workspace\e2studio\git\MT01_master\src\Display\u8g_pbxh16.c",139
00000161 A909                    		MOV.L 14H[R0], R1
00000163 E5100101                		MOV.L 04H[R1], 04H[R0]
00000167                         L56:	; entry.split
                                 ;     140   switch(msg)
                                 		.LINE  "C:\Workspace\e2studio\git\MT01_master\src\Display\u8g_pbxh16.c",140
00000167 B489                    		MOVU.B 13H[R0], R1
00000169 755114                  		CMP #14H, R1
0000016C 20rr                    		BEQ L67
0000016E                         L57:	; entry.split
0000016E 755115                  		CMP #15H, R1
00000171 20rr                    		BEQ L69
00000173                         L58:	; entry.split
00000173 755117                  		CMP #17H, R1
00000176 20rr                    		BEQ L72
00000178                         L59:	; entry.split
00000178 755132                  		CMP #32H, R1
0000017B 20rr                    		BEQ L66
0000017D                         L60:	; entry.split
0000017D 755148                  		CMP #48H, R1
00000180 20rr                    		BEQ L75
00000182                         L61:	; entry.split
00000182 755146                  		CMP #46H, R1
00000185 20rr                    		BEQ L73
00000187                         L62:	; entry.split
00000187 755147                  		CMP #47H, R1
0000018A 20rr                    		BEQ L74
0000018C                         L63:	; entry.split
0000018C 75513B                  		CMP #3BH, R1
0000018F 21rr                    		BNE L76
00000191                         L64:	; bb12
                                 ;     141   {
                                 ;     142     case U8G_DEV_MSG_SET_8PIXEL:
                                 ;     143       if ( u8g_pb_Is8PixelVisible(pb, (u8g_dev_arg_pixel_t *)arg) )
                                 		.LINE  "C:\Workspace\e2studio\git\MT01_master\src\Display\u8g_pbxh16.c",143
00000191 A88A                    		MOV.L 0CH[R0], R2
00000193 A809                    		MOV.L 04H[R0], R1
00000195 05rrrrrr             A  		BSR _u8g_pb_Is8PixelVisible
00000199 6101                    		CMP #00H, R1
0000019B 20rr                    		BEQ L76
0000019D                         L65:	; bb13
                                 ;     144         u8g_pbxh16_Set8Pixel(pb, (u8g_dev_arg_pixel_t *)arg);
                                 		.LINE  "C:\Workspace\e2studio\git\MT01_master\src\Display\u8g_pbxh16.c",144
0000019D A88A                    		MOV.L 0CH[R0], R2
0000019F A809                    		MOV.L 04H[R0], R1
000001A1 39rrrr               W  		BSR _u8g_pbxh16_Set8Pixel
000001A4 2Err                 B  		BRA L76
000001A6                         L66:	; bb25
                                 ;     145       break;
                                 ;     146     case U8G_DEV_MSG_SET_PIXEL:
                                 ;     147       u8g_pbxh16_SetPixel(pb, (u8g_dev_arg_pixel_t *)arg);
                                 		.LINE  "C:\Workspace\e2studio\git\MT01_master\src\Display\u8g_pbxh16.c",147
000001A6 A88A                    		MOV.L 0CH[R0], R2
000001A8 A809                    		MOV.L 04H[R0], R1
000001AA 39rrrr               W  		BSR _u8g_pbxh16_SetPixel
000001AD 2Err                 B  		BRA L76
000001AF                         L67:	; bb31
                                 ;     148       break;
                                 ;     149     case U8G_DEV_MSG_INIT:
                                 ;     150       break;
                                 ;     151     case U8G_DEV_MSG_STOP:
                                 ;     152       break;
                                 ;     153     case U8G_DEV_MSG_PAGE_FIRST:
                                 ;     154       u8g_pbxh16_Clear(pb);
                                 		.LINE  "C:\Workspace\e2studio\git\MT01_master\src\Display\u8g_pbxh16.c",154
000001AF A809                    		MOV.L 04H[R0], R1
000001B1 39rrrr               W  		BSR _u8g_pbxh16_Clear
000001B4                         L68:	; bb31.split
                                 ;     155       u8g_page_First(&(pb->p));
                                 		.LINE  "C:\Workspace\e2studio\git\MT01_master\src\Display\u8g_pbxh16.c",155
000001B4 A809                    		MOV.L 04H[R0], R1
000001B6 05rrrrrr             A  		BSR _u8g_page_First
000001BA 2Err                 B  		BRA L76
000001BC                         L69:	; bb36
                                 ;     156       break;
                                 ;     157     case U8G_DEV_MSG_PAGE_NEXT:
                                 ;     158       if ( u8g_page_Next(&(pb->p)) == 0 )
                                 		.LINE  "C:\Workspace\e2studio\git\MT01_master\src\Display\u8g_pbxh16.c",158
000001BC A809                    		MOV.L 04H[R0], R1
000001BE 05rrrrrr             A  		BSR _u8g_page_Next
000001C2 6101                    		CMP #00H, R1
000001C4 18                   S  		BNE L71
000001C5                         L70:	; bb37
                                 ;     159         return 0;
                                 		.LINE  "C:\Workspace\e2studio\git\MT01_master\src\Display\u8g_pbxh16.c",159
000001C5 3C0300                  		MOV.B #00H, 03H[R0]
000001C8 2Err                 B  		BRA L77
000001CA                         L71:	; bb46
                                 ;     160       u8g_pbxh16_Clear(pb);
                                 		.LINE  "C:\Workspace\e2studio\git\MT01_master\src\Display\u8g_pbxh16.c",160
000001CA A809                    		MOV.L 04H[R0], R1
000001CC 39rrrr               W  		BSR _u8g_pbxh16_Clear
000001CF 2Err                 B  		BRA L76
000001D1                         L72:	; bb48
                                 ;     161       break;
                                 ;     162 #ifdef U8G_DEV_MSG_IS_BBX_INTERSECTION
                                 ;     163     case U8G_DEV_MSG_IS_BBX_INTERSECTION:
                                 ;     164       return u8g_pb_IsIntersection(pb, (u8g_dev_arg_bbx_t *)arg);
                                 ;     165 #endif
                                 ;     166     case U8G_DEV_MSG_GET_PAGE_BOX:
                                 ;     167       u8g_pb_GetPageBox(pb, (u8g_box_t *)arg);
                                 		.LINE  "C:\Workspace\e2studio\git\MT01_master\src\Display\u8g_pbxh16.c",167
000001D1 A88A                    		MOV.L 0CH[R0], R2
000001D3 A809                    		MOV.L 04H[R0], R1
000001D5 05rrrrrr             A  		BSR _u8g_pb_GetPageBox
000001D9 2Err                 B  		BRA L76
000001DB                         L73:	; bb52
                                 ;     168       break;
                                 ;     169     case U8G_DEV_MSG_GET_WIDTH:
                                 ;     170       *((u8g_uint_t *)arg) = pb->width;
                                 		.LINE  "C:\Workspace\e2studio\git\MT01_master\src\Display\u8g_pbxh16.c",170
000001DB A809                    		MOV.L 04H[R0], R1
000001DD A88A                    		MOV.L 0CH[R0], R2
000001DF C11205                  		MOV.B 05H[R1], [R2]
000001E2 2Err                 B  		BRA L76
000001E4                         L74:	; bb57
                                 ;     171       break;
                                 ;     172     case U8G_DEV_MSG_GET_HEIGHT:
                                 ;     173       *((u8g_uint_t *)arg) = pb->p.total_height;
                                 		.LINE  "C:\Workspace\e2studio\git\MT01_master\src\Display\u8g_pbxh16.c",173
000001E4 A809                    		MOV.L 04H[R0], R1
000001E6 A88A                    		MOV.L 0CH[R0], R2
000001E8 C11201                  		MOV.B 01H[R1], [R2]
000001EB 08                   S  		BRA L76
000001EC                         L75:	; bb65
                                 ;     174       break;
                                 ;     175     case U8G_DEV_MSG_SET_COLOR_ENTRY:
                                 ;     176       break;
                                 ;     177     case U8G_DEV_MSG_SET_XY_CB:
                                 ;     178       break;
                                 ;     179     case U8G_DEV_MSG_GET_MODE:
                                 ;     180       return U8G_MODE_HICOLOR;
                                 		.LINE  "C:\Workspace\e2studio\git\MT01_master\src\Display\u8g_pbxh16.c",180
000001EC 3C0330                  		MOV.B #30H, 03H[R0]
000001EF 08                   S  		BRA L77
000001F0                         L76:	; bb67
                                 ;     181   }
                                 ;     182   return 1;
                                 		.LINE  "C:\Workspace\e2studio\git\MT01_master\src\Display\u8g_pbxh16.c",182
000001F0 3C0301                  		MOV.B #01H, 03H[R0]
000001F3                         L77:	; bb69
000001F3 C500030B                		MOV.B 03H[R0], 0BH[R0]
                                 ;     183 }
                                 		.LINE  "C:\Workspace\e2studio\git\MT01_master\src\Display\u8g_pbxh16.c",183
000001F7 B289                    		MOVU.B 0BH[R0], R1
000001F9 6707                    		RTSD #1CH
                                 ;     184 
                                 		.END

Information List

TOTAL ERROR(S)    00000
TOTAL WARNING(S)  00000
TOTAL LINE(S)     00582   LINES

Section List

Attr         Size               Name
CODE     0000000507(000001FBH)  P

Cpu Type

-ISA=RXV1 -FPU

Command Parameter

-subcommand=C:\Users\LAFONS~1\AppData\Local\Temp\$ccrx4DB7\$ccrx\u8g_pbxh16.src.cmd
    -nologo
    -isa=rxv1
    -fpu
    -show=conditionals,definitions,expansions
    -define=__RXV1=1
    -fint_register=0
    -debug
    -endian=little
-listfile=C:\Workspace\e2studio\git\MT01_master\MT01_build\u8g_pbxh16.lst
-output=C:\Workspace\e2studio\git\MT01_master\MT01_build\src\Display\u8g_pbxh16.obj
