* RX FAMILY ASSEMBLER V2.03.00.01 [24 Oct 2014] *  SOURCE LIST  Mon Mar 20 17:54:17 2017

LOC.     OBJ.              0XMDA SOURCE STATEMENT

                                 ;RX Family C/C++ Compiler (V2.03.00.03 [04 Dec 2014])  20-Mar-2017 17:54:17
                                 
                                 ;*** CPU TYPE ***
                                 
                                 ;-ISA=RXV1
                                 
                                 ;*** COMMAND PARAMETER ***
                                 
                                 ;-output=src=u8g_pb16h1.src
                                 ;-lang=c99
                                 ;-include=C:\PROGRA~2\Renesas\RX\2_3_0/include,C:\Workspace\e2studio\git\MT01_master\r_lvd_rx,C:\Workspace\e2studio\git\MT01_master\r_lvd_rx\src,C:/Workspace/e2studio/
                                 ;-debug
                                 ;-show=source,conditionals,definitions,expansions
                                 ;-listfile=u8g_pb16h1.lst
                                 ;-isa=rxv1
                                 ;-optimize=0
                                 ;-fpu
                                 ;-alias=noansi
                                 ;-nologo
                                 ;-nomessage
                                 ;-define=__RX,COMPACTAXP=0,EASYMAK=1,MOBILE=0,FREE_RTOS_PP
                                 ;u8g_pb16h1.c
                                 
                                 		.glb	_u8g_pb16h1_Clear
                                 		.glb	_u8g_pb16h1_Init
                                 		.glb	_u8g_pb16h1_set_pixel
                                 		.glb	_u8g_pb16h1_SetPixel
                                 		.glb	_u8g_pb16h1_Set8PixelStd
                                 		.glb	_u8g_pb16h1_Set8PixelOpt2
                                 		.glb	_u8g_dev_pb16h1_base_fn
                                 		.glb	_u8g_pb_Is8PixelVisible
                                 		.glb	_u8g_page_First
                                 		.glb	_u8g_page_Next
                                 		.glb	_u8g_pb_GetPageBox
                                 ;LineNo. C-SOURCE STATEMENT
                                 
                                 		.SECTION	P,CODE
00000000                         _u8g_pb16h1_Clear:
                                 		.STACK	_u8g_pb16h1_Clear=16
                                 ;       1 /*
                                 ;       2 
                                 ;       3   u8g_pb16h1.c
                                 ;       4   
                                 ;       5   2x 8bit height monochrom (1 bit) page buffer
                                 ;       6   byte has horizontal orientation
                                 ;       7 
                                 ;       8   Universal 8bit Graphics Library
                                 ;       9   
                                 ;      10   Copyright (c) 2012, olikraus@gmail.com
                                 ;      11   All rights reserved.
                                 ;      12 
                                 ;      13   Redistribution and use in source and binary forms, with or without modification, 
                                 ;      14   are permitted provided that the following conditions are met:
                                 ;      15 
                                 ;      16   * Redistributions of source code must retain the above copyright notice, this list 
                                 ;      17     of conditions and the following disclaimer.
                                 ;      18     
                                 ;      19   * Redistributions in binary form must reproduce the above copyright notice, this 
                                 ;      20     list of conditions and the following disclaimer in the documentation and/or other 
                                 ;      21     materials provided with the distribution.
                                 ;      22 
                                 ;      23   THIS SOFTWARE IS PROVIDED BY THE COPYRIGHT HOLDERS AND 
                                 ;      24   CONTRIBUTORS "AS IS" AND ANY EXPRESS OR IMPLIED WARRANTIES, 
                                 ;      25   INCLUDING, BUT NOT LIMITED TO, THE IMPLIED WARRANTIES OF 
                                 ;      26   MERCHANTABILITY AND FITNESS FOR A PARTICULAR PURPOSE ARE 
                                 ;      27   DISCLAIMED. IN NO EVENT SHALL THE COPYRIGHT HOLDER OR 
                                 ;      28   CONTRIBUTORS BE LIABLE FOR ANY DIRECT, INDIRECT, INCIDENTAL, 
                                 ;      29   SPECIAL, EXEMPLARY, OR CONSEQUENTIAL DAMAGES (INCLUDING, BUT 
                                 ;      30   NOT LIMITED TO, PROCUREMENT OF SUBSTITUTE GOODS OR SERVICES; 
                                 ;      31   LOSS OF USE, DATA, OR PROFITS; OR BUSINESS INTERRUPTION) HOWEVER 
                                 ;      32   CAUSED AND ON ANY THEORY OF LIABILITY, WHETHER IN CONTRACT, 
                                 ;      33   STRICT LIABILITY, OR TORT (INCLUDING NEGLIGENCE OR OTHERWISE) 
                                 ;      34   ARISING IN ANY WAY OUT OF THE USE OF THIS SOFTWARE, EVEN IF 
                                 ;      35   ADVISED OF THE POSSIBILITY OF SUCH DAMAGE.  
                                 ;      36 
                                 ;      37 
                                 ;      38   total buffer size is limited to 2*256 bytes because of the calculation inside the set pixel procedure
                                 ;      39 
                                 ;      40 
                                 ;      41 */
                                 ;      42 
                                 ;      43 #include "u8g.h"
                                 ;      44 #include <string.h>
                                 ;      45 
                                 ;      46 
                                 ;      47 void u8g_pb16h1_Init(u8g_pb_t *b, void *buf, u8g_uint_t width) U8G_NOINLINE;
                                 ;      48 void u8g_pb16h1_set_pixel(u8g_pb_t *b, u8g_uint_t x, u8g_uint_t y, uint8_t color_index) U8G_NOINLINE;
                                 ;      49 void u8g_pb16h1_SetPixel(u8g_pb_t *b, const u8g_dev_arg_pixel_t * const arg_pixel) U8G_NOINLINE ;
                                 ;      50 void u8g_pb16h1_Set8PixelStd(u8g_pb_t *b, u8g_dev_arg_pixel_t *arg_pixel) U8G_NOINLINE;
                                 ;      51 uint8_t u8g_dev_pb8h1_base_fn(u8g_t *u8g, u8g_dev_t *dev, uint8_t msg, void *arg);
                                 ;      52 
                                 ;      53 void u8g_pb16h1_Clear(u8g_pb_t *b)
                                 		.LINE  "C:\Workspace\e2studio\git\MT01_master\src\Display\u8g_pb16h1.c",53
00000000 60C0                    		SUB #0CH, R0
00000002 A081                    		MOV.L R1, 08H[R0]
                                 ;      54 {
                                 ;      55   uint8_t *ptr = (uint8_t *)b->buf;
                                 		.LINE  "C:\Workspace\e2studio\git\MT01_master\src\Display\u8g_pb16h1.c",55
00000004 E11002                  		MOV.L 08H[R1], [R0]
00000007                         L11:	; entry.split
                                 ;      56   uint8_t *end_ptr = ptr;
                                 		.LINE  "C:\Workspace\e2studio\git\MT01_master\src\Display\u8g_pb16h1.c",56
00000007 E40001                  		MOV.L [R0], 04H[R0]
0000000A                         L12:	; entry.split1
                                 ;      57   end_ptr += b->width*2;
                                 		.LINE  "C:\Workspace\e2studio\git\MT01_master\src\Display\u8g_pb16h1.c",57
0000000A A881                    		MOV.L 08H[R0], R1
0000000C B119                    		MOVU.B 05H[R1], R1
0000000E 6C11                    		SHLL #01H, R1
00000010 06890101                		ADD 04H[R0].L, R1
00000014 A009                    		MOV.L R1, 04H[R0]
00000016                         L13:	; bb
                                 ;      58   do
                                 ;      59   {
                                 ;      60     *ptr++ = 0;
                                 		.LINE  "C:\Workspace\e2studio\git\MT01_master\src\Display\u8g_pb16h1.c",60
00000016 EC01                    		MOV.L [R0], R1
00000018 F81400                  		MOV.B #00H, [R1]
0000001B EC01                    		MOV.L [R0], R1
0000001D 6211                    		ADD #01H, R1
0000001F E301                    		MOV.L R1, [R0]
00000021                         L14:	; bb.split
                                 		.LINE  "C:\Workspace\e2studio\git\MT01_master\src\Display\u8g_pb16h1.c",58
00000021 EC01                    		MOV.L [R0], R1
00000023 06850101                		CMP 04H[R0].L, R1
00000027 21rr                    		BNE L13
00000029                         L15:	; return
                                 ;      61   } while( ptr != end_ptr );
                                 ;      62 }
                                 		.LINE  "C:\Workspace\e2studio\git\MT01_master\src\Display\u8g_pb16h1.c",62
00000029 6703                    		RTSD #0CH
0000002B                         _u8g_pb16h1_Init:
                                 		.STACK	_u8g_pb16h1_Init=16
                                 ;      63 
                                 ;      64 
                                 ;      65 
                                 ;      66 void u8g_pb16h1_Init(u8g_pb_t *b, void *buf, u8g_uint_t width)
                                 		.LINE  "C:\Workspace\e2studio\git\MT01_master\src\Display\u8g_pb16h1.c",66
0000002B 60C0                    		SUB #0CH, R0
0000002D A081                    		MOV.L R1, 08H[R0]
0000002F A00A                    		MOV.L R2, 04H[R0]
00000031 808B                    		MOV.B R3, 03H[R0]
                                 ;      67 {
                                 ;      68   b->buf = buf;
                                 		.LINE  "C:\Workspace\e2studio\git\MT01_master\src\Display\u8g_pb16h1.c",68
00000033 A809                    		MOV.L 04H[R0], R1
00000035 A882                    		MOV.L 08H[R0], R2
00000037 A0A1                    		MOV.L R1, 08H[R2]
00000039                         L17:	; entry.split
                                 ;      69   b->width = width;
                                 		.LINE  "C:\Workspace\e2studio\git\MT01_master\src\Display\u8g_pb16h1.c",69
00000039 B089                    		MOVU.B 03H[R0], R1
0000003B A882                    		MOV.L 08H[R0], R2
0000003D 8129                    		MOV.B R1, 05H[R2]
0000003F                         L18:	; entry.split1
                                 ;      70   u8g_pb16h1_Clear(b);
                                 		.LINE  "C:\Workspace\e2studio\git\MT01_master\src\Display\u8g_pb16h1.c",70
0000003F A881                    		MOV.L 08H[R0], R1
00000041 39rrrr               W  		BSR _u8g_pb16h1_Clear
00000044 6703                    		RTSD #0CH
00000046                         _u8g_pb16h1_set_pixel:
                                 		.STACK	_u8g_pb16h1_set_pixel=20
                                 ;      71 }
                                 ;      72 
                                 ;      73 
                                 ;      74 /* limitation: total buffer must not exceed 2*256 bytes */
                                 ;      75 void u8g_pb16h1_set_pixel(u8g_pb_t *b, u8g_uint_t x, u8g_uint_t y, uint8_t color_index)
                                 		.LINE  "C:\Workspace\e2studio\git\MT01_master\src\Display\u8g_pb16h1.c",75
00000046 7100F0                  		ADD #0FFFFFFF0H, R0
00000049 A089                    		MOV.L R1, 0CH[R0]
0000004B 828A                    		MOV.B R2, 0BH[R0]
0000004D 8283                    		MOV.B R3, 0AH[R0]
0000004F 820C                    		MOV.B R4, 09H[R0]
                                 ;      76 {
                                 ;      77   register uint8_t mask;
                                 ;      78   u8g_uint_t tmp;
                                 ;      79   uint8_t *ptr = b->buf;
                                 		.LINE  "C:\Workspace\e2studio\git\MT01_master\src\Display\u8g_pb16h1.c",79
00000051 A889                    		MOV.L 0CH[R0], R1
00000053 E5100201                		MOV.L 08H[R1], 04H[R0]
00000057                         L20:	; entry.split
                                 ;      80   
                                 ;      81   y -= b->p.page_y0;
                                 		.LINE  "C:\Workspace\e2studio\git\MT01_master\src\Display\u8g_pb16h1.c",81
00000057 B281                    		MOVU.B 0AH[R0], R1
00000059 A88A                    		MOV.L 0CH[R0], R2
0000005B 412102                  		SUB 02H[R2].UB, R1
0000005E 8281                    		MOV.B R1, 0AH[R0]
00000060                         L21:	; entry.split1
                                 ;      82   if ( y >= 8 )
                                 		.LINE  "C:\Workspace\e2studio\git\MT01_master\src\Display\u8g_pb16h1.c",82
00000060 B281                    		MOVU.B 0AH[R0], R1
00000062 6181                    		CMP #08H, R1
00000064 29rr                    		BLT L24
00000066                         L22:	; bb20
                                 ;      83   {
                                 ;      84     ptr += b->width;
                                 		.LINE  "C:\Workspace\e2studio\git\MT01_master\src\Display\u8g_pb16h1.c",84
00000066 A889                    		MOV.L 0CH[R0], R1
00000068 B119                    		MOVU.B 05H[R1], R1
0000006A 06890101                		ADD 04H[R0].L, R1
0000006E A009                    		MOV.L R1, 04H[R0]
00000070                         L23:	; bb20.split
                                 ;      85     y &= 0x07;
                                 		.LINE  "C:\Workspace\e2studio\git\MT01_master\src\Display\u8g_pb16h1.c",85
00000070 B281                    		MOVU.B 0AH[R0], R1
00000072 6471                    		AND #07H, R1
00000074 8281                    		MOV.B R1, 0AH[R0]
00000076                         L24:	; bb35
                                 ;      86   }
                                 ;      87   tmp = b->width;
                                 		.LINE  "C:\Workspace\e2studio\git\MT01_master\src\Display\u8g_pb16h1.c",87
00000076 A889                    		MOV.L 0CH[R0], R1
00000078 C5100503                		MOV.B 05H[R1], 03H[R0]
0000007C                         L25:	; bb35.split
                                 ;      88   tmp >>= 3;
                                 		.LINE  "C:\Workspace\e2studio\git\MT01_master\src\Display\u8g_pb16h1.c",88
0000007C B089                    		MOVU.B 03H[R0], R1
0000007E 6831                    		SHLR #03H, R1
00000080 8089                    		MOV.B R1, 03H[R0]
00000082                         L26:	; bb35.split2
                                 ;      89   tmp *= (uint8_t)y;
                                 		.LINE  "C:\Workspace\e2studio\git\MT01_master\src\Display\u8g_pb16h1.c",89
00000082 B089                    		MOVU.B 03H[R0], R1
00000084 4D010A                  		MUL 0AH[R0].UB, R1
00000087 8089                    		MOV.B R1, 03H[R0]
00000089                         L27:	; bb35.split3
                                 ;      90   ptr += tmp;
                                 		.LINE  "C:\Workspace\e2studio\git\MT01_master\src\Display\u8g_pb16h1.c",90
00000089 A809                    		MOV.L 04H[R0], R1
0000008B 490103                  		ADD 03H[R0].UB, R1
0000008E A009                    		MOV.L R1, 04H[R0]
00000090                         L28:	; bb35.split4
                                 ;      91   
                                 ;      92   mask = 0x080;
                                 		.LINE  "C:\Workspace\e2studio\git\MT01_master\src\Display\u8g_pb16h1.c",92
00000090 3C0280                  		MOV.B #80H, 02H[R0]
00000093                         L29:	; bb35.split5
                                 ;      93   mask >>= x & 7;
                                 		.LINE  "C:\Workspace\e2studio\git\MT01_master\src\Display\u8g_pb16h1.c",93
00000093 B289                    		MOVU.B 0BH[R0], R1
00000095 6471                    		AND #07H, R1
00000097 B082                    		MOVU.B 02H[R0], R2
00000099 FD6012                  		SHLR R1, R2
0000009C 8082                    		MOV.B R2, 02H[R0]
0000009E                         L30:	; bb35.split6
                                 ;      94   x >>= 3;
                                 		.LINE  "C:\Workspace\e2studio\git\MT01_master\src\Display\u8g_pb16h1.c",94
0000009E B289                    		MOVU.B 0BH[R0], R1
000000A0 6831                    		SHLR #03H, R1
000000A2 8289                    		MOV.B R1, 0BH[R0]
000000A4                         L31:	; bb35.split7
                                 ;      95   ptr += x;
                                 		.LINE  "C:\Workspace\e2studio\git\MT01_master\src\Display\u8g_pb16h1.c",95
000000A4 A809                    		MOV.L 04H[R0], R1
000000A6 49010B                  		ADD 0BH[R0].UB, R1
000000A9 A009                    		MOV.L R1, 04H[R0]
000000AB                         L32:	; bb35.split8
                                 ;      96   if ( color_index )
                                 		.LINE  "C:\Workspace\e2studio\git\MT01_master\src\Display\u8g_pb16h1.c",96
000000AB B209                    		MOVU.B 09H[R0], R1
000000AD 6101                    		CMP #00H, R1
000000AF 20rr                    		BEQ L34
000000B1                         L33:	; bb69
                                 ;      97   {
                                 ;      98     *ptr |= mask;
                                 		.LINE  "C:\Workspace\e2studio\git\MT01_master\src\Display\u8g_pb16h1.c",98
000000B1 A809                    		MOV.L 04H[R0], R1
000000B3 581E                    		MOVU.B [R1], R14
000000B5 550E02                  		OR 02H[R0].UB, R14
000000B8 C31E                    		MOV.B R14, [R1]
000000BA 6704                    		RTSD #10H
000000BC                         L34:	; bb77
                                 ;      99   }
                                 ;     100   else
                                 ;     101   {
                                 ;     102     mask ^=0xff;
                                 		.LINE  "C:\Workspace\e2studio\git\MT01_master\src\Display\u8g_pb16h1.c",102
000000BC B081                    		MOVU.B 02H[R0], R1
000000BE 7E01                    		NOT R1
000000C0 8081                    		MOV.B R1, 02H[R0]
000000C2                         L35:	; bb77.split
                                 ;     103     *ptr &= mask;
                                 		.LINE  "C:\Workspace\e2studio\git\MT01_master\src\Display\u8g_pb16h1.c",103
000000C2 A809                    		MOV.L 04H[R0], R1
000000C4 581E                    		MOVU.B [R1], R14
000000C6 510E02                  		AND 02H[R0].UB, R14
000000C9 C31E                    		MOV.B R14, [R1]
000000CB 6704                    		RTSD #10H
000000CD                         _u8g_pb16h1_SetPixel:
                                 		.STACK	_u8g_pb16h1_SetPixel=12
                                 ;     104   }
                                 ;     105   
                                 ;     106 }
                                 ;     107 
                                 ;     108 
                                 ;     109 void u8g_pb16h1_SetPixel(u8g_pb_t *b, const u8g_dev_arg_pixel_t * const arg_pixel)
                                 		.LINE  "C:\Workspace\e2studio\git\MT01_master\src\Display\u8g_pb16h1.c",109
000000CD 6080                    		SUB #08H, R0
000000CF A009                    		MOV.L R1, 04H[R0]
000000D1 E302                    		MOV.L R2, [R0]
                                 ;     110 {
                                 ;     111   if ( arg_pixel->y < b->p.page_y0 )
                                 		.LINE  "C:\Workspace\e2studio\git\MT01_master\src\Display\u8g_pb16h1.c",111
000000D3 A809                    		MOV.L 04H[R0], R1
000000D5 B02A                    		MOVU.B 01H[R2], R2
000000D7 451202                  		CMP 02H[R1].UB, R2
000000DA 29rr                    		BLT L40
000000DC                         L37:	; bb16
                                 ;     112     return;
                                 ;     113   if ( arg_pixel->y > b->p.page_y1 )
                                 		.LINE  "C:\Workspace\e2studio\git\MT01_master\src\Display\u8g_pb16h1.c",113
000000DC EC01                    		MOV.L [R0], R1
000000DE B019                    		MOVU.B 01H[R1], R1
000000E0 A80A                    		MOV.L 04H[R0], R2
000000E2 452103                  		CMP 03H[R2].UB, R1
000000E5 2Arr                    		BGT L40
000000E7                         L38:	; bb32
                                 ;     114     return;
                                 ;     115   if ( arg_pixel->x >= b->width )
                                 		.LINE  "C:\Workspace\e2studio\git\MT01_master\src\Display\u8g_pb16h1.c",115
000000E7 EC01                    		MOV.L [R0], R1
000000E9 581E                    		MOVU.B [R1], R14
000000EB A809                    		MOV.L 04H[R0], R1
000000ED 451E05                  		CMP 05H[R1].UB, R14
000000F0 28rr                    		BGE L40
000000F2                         L39:	; bb46
                                 ;     116     return;
                                 ;     117   u8g_pb16h1_set_pixel(b, arg_pixel->x, arg_pixel->y, arg_pixel->color);
                                 		.LINE  "C:\Workspace\e2studio\git\MT01_master\src\Display\u8g_pb16h1.c",117
000000F2 EC01                    		MOV.L [R0], R1
000000F4 B114                    		MOVU.B 04H[R1], R4
000000F6 B01B                    		MOVU.B 01H[R1], R3
000000F8 5812                    		MOVU.B [R1], R2
000000FA A809                    		MOV.L 04H[R0], R1
000000FC 39rrrr               W  		BSR _u8g_pb16h1_set_pixel
000000FF 6702                    		RTSD #08H
00000101                         L40:	; return
                                 ;     118 }
                                 		.LINE  "C:\Workspace\e2studio\git\MT01_master\src\Display\u8g_pb16h1.c",118
00000101 6702                    		RTSD #08H
00000103                         _u8g_pb16h1_Set8PixelStd:
                                 		.STACK	_u8g_pb16h1_Set8PixelStd=16
                                 ;     119 
                                 ;     120 void u8g_pb16h1_Set8PixelStd(u8g_pb_t *b, u8g_dev_arg_pixel_t *arg_pixel)
                                 		.LINE  "C:\Workspace\e2studio\git\MT01_master\src\Display\u8g_pb16h1.c",120
00000103 60C0                    		SUB #0CH, R0
00000105 A081                    		MOV.L R1, 08H[R0]
00000107 A00A                    		MOV.L R2, 04H[R0]
                                 ;     121 {
                                 ;     122   register uint8_t pixel = arg_pixel->pixel;
                                 		.LINE  "C:\Workspace\e2studio\git\MT01_master\src\Display\u8g_pb16h1.c",122
00000109 C5200203                		MOV.B 02H[R2], 03H[R0]
0000010D                         L42:	; bb6
                                 ;     123   do
                                 ;     124   {
                                 ;     125     if ( pixel & 128 )
                                 		.LINE  "C:\Workspace\e2studio\git\MT01_master\src\Display\u8g_pb16h1.c",125
0000010D F50703                  		BTST #07H, 03H[R0].B
00000110 10                   S  		BEQ L44
00000111                         L43:	; bb7
                                 ;     126     {
                                 ;     127       u8g_pb16h1_SetPixel(b, arg_pixel);
                                 		.LINE  "C:\Workspace\e2studio\git\MT01_master\src\Display\u8g_pb16h1.c",127
00000111 A80A                    		MOV.L 04H[R0], R2
00000113 A881                    		MOV.L 08H[R0], R1
00000115 39rrrr               W  		BSR _u8g_pb16h1_SetPixel
00000118                         L44:	; bb15
                                 ;     128     }
                                 ;     129     switch( arg_pixel->dir )
                                 		.LINE  "C:\Workspace\e2studio\git\MT01_master\src\Display\u8g_pb16h1.c",129
00000118 A809                    		MOV.L 04H[R0], R1
0000011A B099                    		MOVU.B 03H[R1], R1
0000011C 6131                    		CMP #03H, R1
0000011E 20rr                    		BEQ L51
00000120                         L45:	; bb15
00000120 6111                    		CMP #01H, R1
00000122 20rr                    		BEQ L49
00000124                         L46:	; bb15
00000124 6121                    		CMP #02H, R1
00000126 20rr                    		BEQ L50
00000128                         L47:	; bb15
00000128 6101                    		CMP #00H, R1
0000012A 21rr                    		BNE L52
0000012C                         L48:	; bb20
                                 ;     130     {
                                 ;     131       case 0: arg_pixel->x++; break;
                                 		.LINE  "C:\Workspace\e2studio\git\MT01_master\src\Display\u8g_pb16h1.c",131
0000012C A809                    		MOV.L 04H[R0], R1
0000012E 581E                    		MOVU.B [R1], R14
00000130 621E                    		ADD #01H, R14
00000132 C31E                    		MOV.B R14, [R1]
00000134 2Err                 B  		BRA L52
00000136                         L49:	; bb25
                                 ;     132       case 1: arg_pixel->y++; break;
                                 		.LINE  "C:\Workspace\e2studio\git\MT01_master\src\Display\u8g_pb16h1.c",132
00000136 A809                    		MOV.L 04H[R0], R1
00000138 B01A                    		MOVU.B 01H[R1], R2
0000013A 6212                    		ADD #01H, R2
0000013C 801A                    		MOV.B R2, 01H[R1]
0000013E 2Err                 B  		BRA L52
00000140                         L50:	; bb30
                                 ;     133       case 2: arg_pixel->x--; break;
                                 		.LINE  "C:\Workspace\e2studio\git\MT01_master\src\Display\u8g_pb16h1.c",133
00000140 A809                    		MOV.L 04H[R0], R1
00000142 581E                    		MOVU.B [R1], R14
00000144 601E                    		SUB #01H, R14
00000146 C31E                    		MOV.B R14, [R1]
00000148 08                   S  		BRA L52
00000149                         L51:	; bb35
                                 ;     134       case 3: arg_pixel->y--; break;
                                 		.LINE  "C:\Workspace\e2studio\git\MT01_master\src\Display\u8g_pb16h1.c",134
00000149 A809                    		MOV.L 04H[R0], R1
0000014B B01A                    		MOVU.B 01H[R1], R2
0000014D 6012                    		SUB #01H, R2
0000014F 801A                    		MOV.B R2, 01H[R1]
00000151                         L52:	; bb40
                                 ;     135     }
                                 ;     136     pixel <<= 1;
                                 		.LINE  "C:\Workspace\e2studio\git\MT01_master\src\Display\u8g_pb16h1.c",136
00000151 B089                    		MOVU.B 03H[R0], R1
00000153 6C11                    		SHLL #01H, R1
00000155 8089                    		MOV.B R1, 03H[R0]
00000157                         L53:	; bb40.split
                                 		.LINE  "C:\Workspace\e2studio\git\MT01_master\src\Display\u8g_pb16h1.c",123
00000157 B089                    		MOVU.B 03H[R0], R1
00000159 6101                    		CMP #00H, R1
0000015B 21rr                    		BNE L42
0000015D                         L54:	; return
                                 ;     137   } while( pixel != 0  );
                                 ;     138 }
                                 		.LINE  "C:\Workspace\e2studio\git\MT01_master\src\Display\u8g_pb16h1.c",138
0000015D 6703                    		RTSD #0CH
0000015F                         _u8g_pb16h1_Set8PixelOpt2:
                                 		.STACK	_u8g_pb16h1_Set8PixelOpt2=16
                                 ;     139 
                                 ;     140 void u8g_pb16h1_Set8PixelOpt2(u8g_pb_t *b, u8g_dev_arg_pixel_t *arg_pixel)
                                 		.LINE  "C:\Workspace\e2studio\git\MT01_master\src\Display\u8g_pb16h1.c",140
0000015F 60C0                    		SUB #0CH, R0
00000161 A081                    		MOV.L R1, 08H[R0]
00000163 A00A                    		MOV.L R2, 04H[R0]
                                 ;     141 {
                                 ;     142   register uint8_t pixel = arg_pixel->pixel;
                                 		.LINE  "C:\Workspace\e2studio\git\MT01_master\src\Display\u8g_pb16h1.c",142
00000165 C5200201                		MOV.B 02H[R2], 01H[R0]
00000169                         L56:	; entry.split
                                 ;     143   u8g_uint_t dx = 0;
                                 		.LINE  "C:\Workspace\e2studio\git\MT01_master\src\Display\u8g_pb16h1.c",143
00000169 3C0200                  		MOV.B #00H, 02H[R0]
0000016C                         L57:	; entry.split1
                                 ;     144   u8g_uint_t dy = 0;
                                 		.LINE  "C:\Workspace\e2studio\git\MT01_master\src\Display\u8g_pb16h1.c",144
0000016C 3C0300                  		MOV.B #00H, 03H[R0]
0000016F                         L58:	; entry.split2
                                 ;     145   
                                 ;     146   switch( arg_pixel->dir )
                                 		.LINE  "C:\Workspace\e2studio\git\MT01_master\src\Display\u8g_pb16h1.c",146
0000016F A809                    		MOV.L 04H[R0], R1
00000171 B099                    		MOVU.B 03H[R1], R1
00000173 6131                    		CMP #03H, R1
00000175 20rr                    		BEQ L65
00000177                         L59:	; entry.split2
00000177 6111                    		CMP #01H, R1
00000179 20rr                    		BEQ L63
0000017B                         L60:	; entry.split2
0000017B 6121                    		CMP #02H, R1
0000017D 20rr                    		BEQ L64
0000017F                         L61:	; entry.split2
0000017F 6101                    		CMP #00H, R1
00000181 21rr                    		BNE L66
00000183                         L62:	; bb
                                 ;     147   {
                                 ;     148     case 0: dx++; break;
                                 		.LINE  "C:\Workspace\e2studio\git\MT01_master\src\Display\u8g_pb16h1.c",148
00000183 B081                    		MOVU.B 02H[R0], R1
00000185 6211                    		ADD #01H, R1
00000187 8081                    		MOV.B R1, 02H[R0]
00000189 2Err                 B  		BRA L66
0000018B                         L63:	; bb14
                                 ;     149     case 1: dy++; break;
                                 		.LINE  "C:\Workspace\e2studio\git\MT01_master\src\Display\u8g_pb16h1.c",149
0000018B B089                    		MOVU.B 03H[R0], R1
0000018D 6211                    		ADD #01H, R1
0000018F 8089                    		MOV.B R1, 03H[R0]
00000191 2Err                 B  		BRA L66
00000193                         L64:	; bb17
                                 ;     150     case 2: dx--; break;
                                 		.LINE  "C:\Workspace\e2studio\git\MT01_master\src\Display\u8g_pb16h1.c",150
00000193 B081                    		MOVU.B 02H[R0], R1
00000195 6011                    		SUB #01H, R1
00000197 8081                    		MOV.B R1, 02H[R0]
00000199 08                   S  		BRA L66
0000019A                         L65:	; bb20
                                 ;     151     case 3: dy--; break;
                                 		.LINE  "C:\Workspace\e2studio\git\MT01_master\src\Display\u8g_pb16h1.c",151
0000019A B089                    		MOVU.B 03H[R0], R1
0000019C 6011                    		SUB #01H, R1
0000019E 8089                    		MOV.B R1, 03H[R0]
000001A0                         L66:	; bb25
                                 ;     152   }
                                 ;     153   
                                 ;     154   do
                                 ;     155   {
                                 ;     156     if ( pixel & 128 )
                                 		.LINE  "C:\Workspace\e2studio\git\MT01_master\src\Display\u8g_pb16h1.c",156
000001A0 F50701                  		BTST #07H, 01H[R0].B
000001A3 10                   S  		BEQ L68
000001A4                         L67:	; bb26
                                 ;     157       u8g_pb16h1_SetPixel(b, arg_pixel);
                                 		.LINE  "C:\Workspace\e2studio\git\MT01_master\src\Display\u8g_pb16h1.c",157
000001A4 A80A                    		MOV.L 04H[R0], R2
000001A6 A881                    		MOV.L 08H[R0], R1
000001A8 39rrrr               W  		BSR _u8g_pb16h1_SetPixel
000001AB                         L68:	; bb34
                                 ;     158     arg_pixel->x += dx;
                                 		.LINE  "C:\Workspace\e2studio\git\MT01_master\src\Display\u8g_pb16h1.c",158
000001AB A809                    		MOV.L 04H[R0], R1
000001AD 581E                    		MOVU.B [R1], R14
000001AF 490E02                  		ADD 02H[R0].UB, R14
000001B2 C31E                    		MOV.B R14, [R1]
000001B4                         L69:	; bb34.split
                                 ;     159     arg_pixel->y += dy;
                                 		.LINE  "C:\Workspace\e2studio\git\MT01_master\src\Display\u8g_pb16h1.c",159
000001B4 A809                    		MOV.L 04H[R0], R1
000001B6 B01A                    		MOVU.B 01H[R1], R2
000001B8 490203                  		ADD 03H[R0].UB, R2
000001BB 801A                    		MOV.B R2, 01H[R1]
000001BD                         L70:	; bb34.split3
                                 ;     160     pixel <<= 1;
                                 		.LINE  "C:\Workspace\e2studio\git\MT01_master\src\Display\u8g_pb16h1.c",160
000001BD B009                    		MOVU.B 01H[R0], R1
000001BF 6C11                    		SHLL #01H, R1
000001C1 8009                    		MOV.B R1, 01H[R0]
000001C3                         L71:	; bb34.split4
                                 		.LINE  "C:\Workspace\e2studio\git\MT01_master\src\Display\u8g_pb16h1.c",154
000001C3 B009                    		MOVU.B 01H[R0], R1
000001C5 6101                    		CMP #00H, R1
000001C7 21rr                    		BNE L66
000001C9                         L72:	; return
                                 ;     161   } while( pixel != 0  );  
                                 ;     162 }
                                 		.LINE  "C:\Workspace\e2studio\git\MT01_master\src\Display\u8g_pb16h1.c",162
000001C9 6703                    		RTSD #0CH
000001CB                         _u8g_dev_pb16h1_base_fn:
                                 		.STACK	_u8g_dev_pb16h1_base_fn=32
                                 ;     163 
                                 ;     164 
                                 ;     165 uint8_t u8g_dev_pb16h1_base_fn(u8g_t *u8g, u8g_dev_t *dev, uint8_t msg, void *arg)
                                 		.LINE  "C:\Workspace\e2studio\git\MT01_master\src\Display\u8g_pb16h1.c",165
000001CB 7100E4                  		ADD #0FFFFFFE4H, R0
000001CE A181                    		MOV.L R1, 18H[R0]
000001D0 A10A                    		MOV.L R2, 14H[R0]
000001D2 848B                    		MOV.B R3, 13H[R0]
000001D4 A08C                    		MOV.L R4, 0CH[R0]
                                 ;     166 {
                                 ;     167   u8g_pb_t *pb = (u8g_pb_t *)(dev->dev_mem);
                                 		.LINE  "C:\Workspace\e2studio\git\MT01_master\src\Display\u8g_pb16h1.c",167
000001D6 A909                    		MOV.L 14H[R0], R1
000001D8 E5100101                		MOV.L 04H[R1], 04H[R0]
000001DC                         L74:	; entry.split
                                 ;     168   switch(msg)
                                 		.LINE  "C:\Workspace\e2studio\git\MT01_master\src\Display\u8g_pb16h1.c",168
000001DC B489                    		MOVU.B 13H[R0], R1
000001DE 755114                  		CMP #14H, R1
000001E1 20rr                    		BEQ L85
000001E3                         L75:	; entry.split
000001E3 755115                  		CMP #15H, R1
000001E6 20rr                    		BEQ L87
000001E8                         L76:	; entry.split
000001E8 755117                  		CMP #17H, R1
000001EB 20rr                    		BEQ L90
000001ED                         L77:	; entry.split
000001ED 755132                  		CMP #32H, R1
000001F0 20rr                    		BEQ L84
000001F2                         L78:	; entry.split
000001F2 755148                  		CMP #48H, R1
000001F5 20rr                    		BEQ L93
000001F7                         L79:	; entry.split
000001F7 755146                  		CMP #46H, R1
000001FA 20rr                    		BEQ L91
000001FC                         L80:	; entry.split
000001FC 755147                  		CMP #47H, R1
000001FF 20rr                    		BEQ L92
00000201                         L81:	; entry.split
00000201 75513B                  		CMP #3BH, R1
00000204 21rr                    		BNE L94
00000206                         L82:	; bb12
                                 ;     169   {
                                 ;     170     case U8G_DEV_MSG_SET_8PIXEL:
                                 ;     171       if ( u8g_pb_Is8PixelVisible(pb, (u8g_dev_arg_pixel_t *)arg) )
                                 		.LINE  "C:\Workspace\e2studio\git\MT01_master\src\Display\u8g_pb16h1.c",171
00000206 A88A                    		MOV.L 0CH[R0], R2
00000208 A809                    		MOV.L 04H[R0], R1
0000020A 05rrrrrr             A  		BSR _u8g_pb_Is8PixelVisible
0000020E 6101                    		CMP #00H, R1
00000210 20rr                    		BEQ L94
00000212                         L83:	; bb13
                                 ;     172         u8g_pb16h1_Set8PixelOpt2(pb, (u8g_dev_arg_pixel_t *)arg);
                                 		.LINE  "C:\Workspace\e2studio\git\MT01_master\src\Display\u8g_pb16h1.c",172
00000212 A88A                    		MOV.L 0CH[R0], R2
00000214 A809                    		MOV.L 04H[R0], R1
00000216 39rrrr               W  		BSR _u8g_pb16h1_Set8PixelOpt2
00000219 2Err                 B  		BRA L94
0000021B                         L84:	; bb25
                                 ;     173       break;
                                 ;     174     case U8G_DEV_MSG_SET_PIXEL:
                                 ;     175       u8g_pb16h1_SetPixel(pb, (u8g_dev_arg_pixel_t *)arg);
                                 		.LINE  "C:\Workspace\e2studio\git\MT01_master\src\Display\u8g_pb16h1.c",175
0000021B A88A                    		MOV.L 0CH[R0], R2
0000021D A809                    		MOV.L 04H[R0], R1
0000021F 39rrrr               W  		BSR _u8g_pb16h1_SetPixel
00000222 2Err                 B  		BRA L94
00000224                         L85:	; bb31
                                 ;     176       break;
                                 ;     177     case U8G_DEV_MSG_INIT:
                                 ;     178       break;
                                 ;     179     case U8G_DEV_MSG_STOP:
                                 ;     180       break;
                                 ;     181     case U8G_DEV_MSG_PAGE_FIRST:
                                 ;     182       u8g_pb16h1_Clear(pb);
                                 		.LINE  "C:\Workspace\e2studio\git\MT01_master\src\Display\u8g_pb16h1.c",182
00000224 A809                    		MOV.L 04H[R0], R1
00000226 39rrrr               W  		BSR _u8g_pb16h1_Clear
00000229                         L86:	; bb31.split
                                 ;     183       u8g_page_First(&(pb->p));
                                 		.LINE  "C:\Workspace\e2studio\git\MT01_master\src\Display\u8g_pb16h1.c",183
00000229 A809                    		MOV.L 04H[R0], R1
0000022B 05rrrrrr             A  		BSR _u8g_page_First
0000022F 2Err                 B  		BRA L94
00000231                         L87:	; bb36
                                 ;     184       break;
                                 ;     185     case U8G_DEV_MSG_PAGE_NEXT:
                                 ;     186       if ( u8g_page_Next(&(pb->p)) == 0 )
                                 		.LINE  "C:\Workspace\e2studio\git\MT01_master\src\Display\u8g_pb16h1.c",186
00000231 A809                    		MOV.L 04H[R0], R1
00000233 05rrrrrr             A  		BSR _u8g_page_Next
00000237 6101                    		CMP #00H, R1
00000239 18                   S  		BNE L89
0000023A                         L88:	; bb37
                                 ;     187         return 0;
                                 		.LINE  "C:\Workspace\e2studio\git\MT01_master\src\Display\u8g_pb16h1.c",187
0000023A 3C0300                  		MOV.B #00H, 03H[R0]
0000023D 2Err                 B  		BRA L95
0000023F                         L89:	; bb46
                                 ;     188       u8g_pb16h1_Clear(pb);
                                 		.LINE  "C:\Workspace\e2studio\git\MT01_master\src\Display\u8g_pb16h1.c",188
0000023F A809                    		MOV.L 04H[R0], R1
00000241 39rrrr               W  		BSR _u8g_pb16h1_Clear
00000244 2Err                 B  		BRA L94
00000246                         L90:	; bb48
                                 ;     189       break;
                                 ;     190 #ifdef U8G_DEV_MSG_IS_BBX_INTERSECTION
                                 ;     191     case U8G_DEV_MSG_IS_BBX_INTERSECTION:
                                 ;     192       return u8g_pb_IsIntersection(pb, (u8g_dev_arg_bbx_t *)arg);
                                 ;     193 #endif
                                 ;     194     case U8G_DEV_MSG_GET_PAGE_BOX:
                                 ;     195       u8g_pb_GetPageBox(pb, (u8g_box_t *)arg);
                                 		.LINE  "C:\Workspace\e2studio\git\MT01_master\src\Display\u8g_pb16h1.c",195
00000246 A88A                    		MOV.L 0CH[R0], R2
00000248 A809                    		MOV.L 04H[R0], R1
0000024A 05rrrrrr             A  		BSR _u8g_pb_GetPageBox
0000024E 2Err                 B  		BRA L94
00000250                         L91:	; bb52
                                 ;     196       break;
                                 ;     197     case U8G_DEV_MSG_GET_WIDTH:
                                 ;     198       *((u8g_uint_t *)arg) = pb->width;
                                 		.LINE  "C:\Workspace\e2studio\git\MT01_master\src\Display\u8g_pb16h1.c",198
00000250 A809                    		MOV.L 04H[R0], R1
00000252 A88A                    		MOV.L 0CH[R0], R2
00000254 C11205                  		MOV.B 05H[R1], [R2]
00000257 2Err                 B  		BRA L94
00000259                         L92:	; bb57
                                 ;     199       break;
                                 ;     200     case U8G_DEV_MSG_GET_HEIGHT:
                                 ;     201       *((u8g_uint_t *)arg) = pb->p.total_height;
                                 		.LINE  "C:\Workspace\e2studio\git\MT01_master\src\Display\u8g_pb16h1.c",201
00000259 A809                    		MOV.L 04H[R0], R1
0000025B A88A                    		MOV.L 0CH[R0], R2
0000025D C11201                  		MOV.B 01H[R1], [R2]
00000260 08                   S  		BRA L94
00000261                         L93:	; bb65
                                 ;     202       break;
                                 ;     203     case U8G_DEV_MSG_SET_COLOR_ENTRY:
                                 ;     204       break;
                                 ;     205     case U8G_DEV_MSG_SET_XY_CB:
                                 ;     206       break;
                                 ;     207     case U8G_DEV_MSG_GET_MODE:
                                 ;     208       return U8G_MODE_BW;
                                 		.LINE  "C:\Workspace\e2studio\git\MT01_master\src\Display\u8g_pb16h1.c",208
00000261 3C0301                  		MOV.B #01H, 03H[R0]
00000264 08                   S  		BRA L95
00000265                         L94:	; bb67
                                 ;     209   }
                                 ;     210   return 1;
                                 		.LINE  "C:\Workspace\e2studio\git\MT01_master\src\Display\u8g_pb16h1.c",210
00000265 3C0301                  		MOV.B #01H, 03H[R0]
00000268                         L95:	; bb69
00000268 C500030B                		MOV.B 03H[R0], 0BH[R0]
                                 ;     211 }
                                 		.LINE  "C:\Workspace\e2studio\git\MT01_master\src\Display\u8g_pb16h1.c",211
0000026C B289                    		MOVU.B 0BH[R0], R1
0000026E 6707                    		RTSD #1CH
                                 ;     212  
                                 ;     213   
                                 		.END

Information List

TOTAL ERROR(S)    00000
TOTAL WARNING(S)  00000
TOTAL LINE(S)     00705   LINES

Section List

Attr         Size               Name
CODE     0000000624(00000270H)  P

Cpu Type

-ISA=RXV1 -FPU

Command Parameter

-subcommand=C:\Users\LAFONS~1\AppData\Local\Temp\$ccrx305E\$ccrx\u8g_pb16h1.src.cmd
    -nologo
    -isa=rxv1
    -fpu
    -show=conditionals,definitions,expansions
    -define=__RXV1=1
    -fint_register=0
    -debug
    -endian=little
-listfile=C:\Workspace\e2studio\git\MT01_master\MT01_build\u8g_pb16h1.lst
-output=C:\Workspace\e2studio\git\MT01_master\MT01_build\src\Display\u8g_pb16h1.obj
