* RX FAMILY ASSEMBLER V2.03.00.01 [24 Oct 2014] *  SOURCE LIST  Tue Mar 14 14:02:43 2017

LOC.     OBJ.              0XMDA SOURCE STATEMENT

                                 ;RX Family C/C++ Compiler (V2.03.00.03 [04 Dec 2014])  14-Mar-2017 14:02:43
                                 
                                 ;*** CPU TYPE ***
                                 
                                 ;-ISA=RXV1
                                 
                                 ;*** COMMAND PARAMETER ***
                                 
                                 ;-output=src=u8g_circle.src
                                 ;-lang=c99
                                 ;-include=C:\PROGRA~2\Renesas\RX\2_3_0/include,C:\Workspace\e2studio\git\MT01_master\r_lvd_rx,C:\Workspace\e2studio\git\MT01_master\r_lvd_rx\src,C:/Workspace/e2studio/
                                 ;-debug
                                 ;-show=source,conditionals,definitions,expansions
                                 ;-listfile=u8g_circle.lst
                                 ;-isa=rxv1
                                 ;-optimize=0
                                 ;-fpu
                                 ;-alias=noansi
                                 ;-nologo
                                 ;-nomessage
                                 ;-define=__RX,COMPACTAXP=0,EASYMAK=1,MOBILE=0,FREE_RTOS_PP
                                 ;u8g_circle.c
                                 
                                 		.glb	_u8g_DrawPixel
                                 		.glb	_u8g_draw_circle
                                 		.glb	_u8g_DrawCircle
                                 		.glb	_u8g_IsBBXIntersection
                                 		.glb	_u8g_DrawVLine
                                 		.glb	_u8g_draw_disc
                                 		.glb	_u8g_DrawDisc
                                 ;LineNo. C-SOURCE STATEMENT
                                 
                                 		.SECTION	P,CODE
00000000                         __$u8g_draw_circle_section:
                                 		.STACK	__$u8g_draw_circle_section=16
                                 ;       1 /*
                                 ;       2 
                                 ;       3   u8g_circle.c
                                 ;       4 
                                 ;       5   Utility to draw empty and filled circles.
                                 ;       6   
                                 ;       7   Universal 8bit Graphics Library
                                 ;       8   
                                 ;       9   Copyright (c) 2011, bjthom@gmail.com
                                 ;      10   u8g_DrawCircle & u8g_DrawDisc by olikraus@gmail.com
                                 ;      11   
                                 ;      12   All rights reserved.
                                 ;      13 
                                 ;      14   Redistribution and use in source and binary forms, with or without modification, 
                                 ;      15   are permitted provided that the following conditions are met:
                                 ;      16 
                                 ;      17   * Redistributions of source code must retain the above copyright notice, this list 
                                 ;      18     of conditions and the following disclaimer.
                                 ;      19     
                                 ;      20   * Redistributions in binary form must reproduce the above copyright notice, this 
                                 ;      21     list of conditions and the following disclaimer in the documentation and/or other 
                                 ;      22     materials provided with the distribution.
                                 ;      23 
                                 ;      24   THIS SOFTWARE IS PROVIDED BY THE COPYRIGHT HOLDERS AND 
                                 ;      25   CONTRIBUTORS "AS IS" AND ANY EXPRESS OR IMPLIED WARRANTIES, 
                                 ;      26   INCLUDING, BUT NOT LIMITED TO, THE IMPLIED WARRANTIES OF 
                                 ;      27   MERCHANTABILITY AND FITNESS FOR A PARTICULAR PURPOSE ARE 
                                 ;      28   DISCLAIMED. IN NO EVENT SHALL THE COPYRIGHT HOLDER OR 
                                 ;      29   CONTRIBUTORS BE LIABLE FOR ANY DIRECT, INDIRECT, INCIDENTAL, 
                                 ;      30   SPECIAL, EXEMPLARY, OR CONSEQUENTIAL DAMAGES (INCLUDING, BUT 
                                 ;      31   NOT LIMITED TO, PROCUREMENT OF SUBSTITUTE GOODS OR SERVICES; 
                                 ;      32   LOSS OF USE, DATA, OR PROFITS; OR BUSINESS INTERRUPTION) HOWEVER 
                                 ;      33   CAUSED AND ON ANY THEORY OF LIABILITY, WHETHER IN CONTRACT, 
                                 ;      34   STRICT LIABILITY, OR TORT (INCLUDING NEGLIGENCE OR OTHERWISE) 
                                 ;      35   ARISING IN ANY WAY OUT OF THE USE OF THIS SOFTWARE, EVEN IF 
                                 ;      36   ADVISED OF THE POSSIBILITY OF SUCH DAMAGE.  
                                 ;      37   
                                 ;      38   Addition to the U8G Library 02/25/12
                                 ;      39   
                                 ;      40   
                                 ;      41 */
                                 ;      42 
                                 ;      43 #include "u8g.h"
                                 ;      44 
                                 ;      45 #ifdef OLD_CODE
                                 ;      46 
                                 ;      47 void circ_upperRight(u8g_t *u8g, u8g_uint_t x, u8g_uint_t y, u8g_uint_t x0, u8g_uint_t y0) {
                                 ;      48   u8g_DrawPixel(u8g, x0 + x, y0 - y);
                                 ;      49   u8g_DrawPixel(u8g, x0 + y, y0 - x);
                                 ;      50 }
                                 ;      51 		
                                 ;      52 void circ_upperLeft(u8g_t *u8g, u8g_uint_t x, u8g_uint_t y, u8g_uint_t x0, u8g_uint_t y0) {
                                 ;      53   u8g_DrawPixel(u8g, x0 - x, y0 - y);
                                 ;      54   u8g_DrawPixel(u8g, x0 - y, y0 - x);
                                 ;      55 }
                                 ;      56 		
                                 ;      57 void circ_lowerRight(u8g_t *u8g, u8g_uint_t x, u8g_uint_t y, u8g_uint_t x0, u8g_uint_t y0) {
                                 ;      58   u8g_DrawPixel(u8g, x0 + x, y0 + y);
                                 ;      59   u8g_DrawPixel(u8g, x0 + y, y0 + x);
                                 ;      60 }
                                 ;      61 		
                                 ;      62 void circ_lowerLeft(u8g_t *u8g, u8g_uint_t x, u8g_uint_t y, u8g_uint_t x0, u8g_uint_t y0) {
                                 ;      63   u8g_DrawPixel(u8g, x0 - x, y0 + y);
                                 ;      64   u8g_DrawPixel(u8g, x0 - y, y0 + x);
                                 ;      65 }
                                 ;      66 			
                                 ;      67 void circ_all(u8g_t *u8g, u8g_uint_t x, u8g_uint_t y, u8g_uint_t x0, u8g_uint_t y0) {
                                 ;      68   circ_upperRight(u8g, x, y, x0, y0);
                                 ;      69   circ_upperLeft(u8g, x, y, x0, y0);
                                 ;      70   circ_lowerRight(u8g, x, y, x0, y0);
                                 ;      71   circ_lowerLeft(u8g, x, y, x0, y0);
                                 ;      72 }
                                 ;      73 
                                 ;      74 void u8g_DrawEmpCirc(u8g_t *u8g, u8g_uint_t x0, u8g_uint_t y0, u8g_uint_t rad, uint8_t option)
                                 ;      75 {
                                 ;      76   if ( u8g_IsBBXIntersection(u8g, x0-rad-1, y0-rad-1, 2*rad+1, 2*rad+1) == 0)
                                 ;      77     return;
                                 ;      78 
                                 ;      79   int f = 1 - rad;
                                 ;      80   int ddF_x = 1;
                                 ;      81   int ddF_y = -2*rad;
                                 ;      82   uint8_t x = 0;
                                 ;      83   uint8_t y = rad;
                                 ;      84 
                                 ;      85   void ( *circ_util )(u8g_t *, u8g_uint_t, u8g_uint_t, u8g_uint_t, u8g_uint_t);
                                 ;      86   
                                 ;      87   switch (option)
                                 ;      88   {
                                 ;      89 	case U8G_CIRC_UPPER_RIGHT:
                                 ;      90 		u8g_DrawPixel(u8g, x0, y0 - rad);
                                 ;      91 		u8g_DrawPixel(u8g, x0 + rad, y0);
                                 ;      92 		circ_util = circ_upperRight;
                                 ;      93 		break;
                                 ;      94 	case U8G_CIRC_UPPER_LEFT:
                                 ;      95 		u8g_DrawPixel(u8g, x0, y0 - rad);
                                 ;      96 		u8g_DrawPixel(u8g, x0 - rad, y0);
                                 ;      97 		circ_util = circ_upperLeft;
                                 ;      98 		break;
                                 ;      99 	case U8G_CIRC_LOWER_RIGHT:
                                 ;     100 		u8g_DrawPixel(u8g, x0, y0 + rad);
                                 ;     101 		u8g_DrawPixel(u8g, x0 + rad, y0);
                                 ;     102 		circ_util = circ_lowerRight;
                                 ;     103 		break;
                                 ;     104 	case U8G_CIRC_LOWER_LEFT:
                                 ;     105 		u8g_DrawPixel(u8g, x0, y0 + rad);
                                 ;     106 		u8g_DrawPixel(u8g, x0 - rad, y0);
                                 ;     107 		circ_util = circ_lowerLeft;
                                 ;     108 		break;
                                 ;     109         default:
                                 ;     110 	case U8G_CIRC_ALL:
                                 ;     111 		u8g_DrawPixel(u8g, x0, y0 + rad);
                                 ;     112 		u8g_DrawPixel(u8g, x0, y0 - rad);
                                 ;     113 		u8g_DrawPixel(u8g, x0 + rad, y0);
                                 ;     114 		u8g_DrawPixel(u8g, x0 - rad, y0);
                                 ;     115 		circ_util = circ_all;
                                 ;     116 		break;
                                 ;     117   }
                                 ;     118   
                                 ;     119   while( x < y )
                                 ;     120   {
                                 ;     121     if(f >= 0) 
                                 ;     122     {
                                 ;     123       y--;
                                 ;     124       ddF_y += 2;
                                 ;     125       f += ddF_y;
                                 ;     126     }
                                 ;     127     x++;
                                 ;     128     ddF_x += 2;
                                 ;     129     f += ddF_x;
                                 ;     130     
                                 ;     131     circ_util(u8g, x, y, x0, y0);
                                 ;     132   }
                                 ;     133 }
                                 ;     134 
                                 ;     135 
                                 ;     136 void u8g_DrawFillCirc(u8g_t *u8g, u8g_uint_t x0, u8g_uint_t y0, u8g_uint_t rad, uint8_t option)
                                 ;     137 {
                                 ;     138   if ( u8g_IsBBXIntersection(u8g, x0-rad-1, y0-rad-1, 2*rad+1, 2*rad+1) == 0)
                                 ;     139     return;
                                 ;     140 
                                 ;     141   int f = 1 - rad;
                                 ;     142   int ddF_x = 1;
                                 ;     143   int ddF_y = -2*rad;
                                 ;     144   uint8_t x = 0;
                                 ;     145   uint8_t y = rad;
                                 ;     146   
                                 ;     147   // Draw vertical diameter at the horiz. center
                                 ;     148   // u8g_DrawVLine(u8g, x0, y0 - rad, 2*rad+1);
                                 ;     149 
                                 ;     150   if (option == U8G_CIRC_UPPER_LEFT || option == U8G_CIRC_UPPER_RIGHT) {
                                 ;     151 	u8g_DrawVLine(u8g, x0, y0 - rad, rad+1);
                                 ;     152   }
                                 ;     153   else if (option == U8G_CIRC_LOWER_LEFT || option == U8G_CIRC_LOWER_RIGHT) {
                                 ;     154 	u8g_DrawVLine(u8g, x0, y0, rad+1);
                                 ;     155   }
                                 ;     156   else {
                                 ;     157 	u8g_DrawVLine(u8g, x0, y0 - rad, 2*rad+1);
                                 ;     158   }
                                 ;     159   
                                 ;     160   while( x < y )
                                 ;     161   {
                                 ;     162     if(f >= 0) 
                                 ;     163     {
                                 ;     164       y--;
                                 ;     165       ddF_y += 2;
                                 ;     166       f += ddF_y;
                                 ;     167     }
                                 ;     168     x++;
                                 ;     169     ddF_x += 2;
                                 ;     170     f += ddF_x;
                                 ;     171     
                                 ;     172 	//Draw vertical lines from one point to another
                                 ;     173 	
                                 ;     174 	switch (option)
                                 ;     175 	{
                                 ;     176 		case U8G_CIRC_UPPER_RIGHT:
                                 ;     177 			u8g_DrawVLine(u8g, x0+x, y0-y, y+1);
                                 ;     178 			u8g_DrawVLine(u8g, x0+y, y0-x, x+1);
                                 ;     179 			break;
                                 ;     180 		case U8G_CIRC_UPPER_LEFT:
                                 ;     181 			u8g_DrawVLine(u8g, x0-x, y0-y, y+1);
                                 ;     182 			u8g_DrawVLine(u8g, x0-y, y0-x, x+1);
                                 ;     183 			break;
                                 ;     184 		case U8G_CIRC_LOWER_RIGHT:
                                 ;     185 			u8g_DrawVLine(u8g, x0+x, y0, y+1);
                                 ;     186 			u8g_DrawVLine(u8g, x0+y, y0, x+1);
                                 ;     187 			break;
                                 ;     188 		case U8G_CIRC_LOWER_LEFT:
                                 ;     189 			u8g_DrawVLine(u8g, x0-x, y0, y+1);
                                 ;     190 			u8g_DrawVLine(u8g, x0-y, y0, x+1);
                                 ;     191 			break;
                                 ;     192 		case U8G_CIRC_ALL:
                                 ;     193 			u8g_DrawVLine(u8g, x0+x, y0-y, 2*y+1);
                                 ;     194 			u8g_DrawVLine(u8g, x0-x, y0-y, 2*y+1);
                                 ;     195 			u8g_DrawVLine(u8g, x0+y, y0-x, 2*x+1);
                                 ;     196 			u8g_DrawVLine(u8g, x0-y, y0-x, 2*x+1);
                                 ;     197 			break;
                                 ;     198 	}
                                 ;     199   }
                                 ;     200 }
                                 ;     201 
                                 ;     202 #endif 
                                 ;     203 
                                 ;     204 /*=========================================================================*/
                                 ;     205 
                                 ;     206 static void u8g_draw_circle_section(u8g_t *u8g, u8g_uint_t x, u8g_uint_t y, u8g_uint_t x0, u8g_uint_t y0, uint8_t option) U8G_NOINLINE;
                                 ;     207 
                                 ;     208 static void u8g_draw_circle_section(u8g_t *u8g, u8g_uint_t x, u8g_uint_t y, u8g_uint_t x0, u8g_uint_t y0, uint8_t option)
                                 		.LINE  "C:\Workspace\e2studio\git\MT01_master\src\Display\u8g_circle.c",208
00000000 60C0                    		SUB #0CH, R0
00000002 A081                    		MOV.L R1, 08H[R0]
00000004 818A                    		MOV.B R2, 07H[R0]
00000006 8183                    		MOV.B R3, 06H[R0]
00000008 810C                    		MOV.B R4, 05H[R0]
0000000A C5001004                		MOV.B 10H[R0], 04H[R0]
0000000E C5001103                		MOV.B 11H[R0], 03H[R0]
                                 ;     209 {
                                 ;     210     /* upper right */
                                 ;     211     if ( option & U8G_DRAW_UPPER_RIGHT )
                                 		.LINE  "C:\Workspace\e2studio\git\MT01_master\src\Display\u8g_circle.c",211
00000012 F50003                  		BTST #00H, 03H[R0].B
00000015 20rr                    		BEQ L13
00000017                         L11:	; bb7
                                 ;     212     {
                                 ;     213       u8g_DrawPixel(u8g, x0 + x, y0 - y);
                                 		.LINE  "C:\Workspace\e2studio\git\MT01_master\src\Display\u8g_circle.c",213
00000017 B102                    		MOVU.B 04H[R0], R2
00000019 410206                  		SUB 06H[R0].UB, R2
0000001C B10C                    		MOVU.B 05H[R0], R4
0000001E 490407                  		ADD 07H[R0].UB, R4
00000021 A881                    		MOV.L 08H[R0], R1
00000023 5B23                    		MOVU.B R2, R3
00000025 5B42                    		MOVU.B R4, R2
00000027 05rrrrrr             A  		BSR _u8g_DrawPixel
0000002B                         L12:	; bb7.split
                                 ;     214       u8g_DrawPixel(u8g, x0 + y, y0 - x);
                                 		.LINE  "C:\Workspace\e2studio\git\MT01_master\src\Display\u8g_circle.c",214
0000002B B102                    		MOVU.B 04H[R0], R2
0000002D 410207                  		SUB 07H[R0].UB, R2
00000030 B10C                    		MOVU.B 05H[R0], R4
00000032 490406                  		ADD 06H[R0].UB, R4
00000035 A881                    		MOV.L 08H[R0], R1
00000037 5B23                    		MOVU.B R2, R3
00000039 5B42                    		MOVU.B R4, R2
0000003B 05rrrrrr             A  		BSR _u8g_DrawPixel
0000003F                         L13:	; bb39
                                 ;     215     }
                                 ;     216     
                                 ;     217     /* upper left */
                                 ;     218     if ( option & U8G_DRAW_UPPER_LEFT )
                                 		.LINE  "C:\Workspace\e2studio\git\MT01_master\src\Display\u8g_circle.c",218
0000003F F50103                  		BTST #01H, 03H[R0].B
00000042 20rr                    		BEQ L16
00000044                         L14:	; bb40
                                 ;     219     {
                                 ;     220       u8g_DrawPixel(u8g, x0 - x, y0 - y);
                                 		.LINE  "C:\Workspace\e2studio\git\MT01_master\src\Display\u8g_circle.c",220
00000044 B102                    		MOVU.B 04H[R0], R2
00000046 410206                  		SUB 06H[R0].UB, R2
00000049 B10C                    		MOVU.B 05H[R0], R4
0000004B 410407                  		SUB 07H[R0].UB, R4
0000004E A881                    		MOV.L 08H[R0], R1
00000050 5B23                    		MOVU.B R2, R3
00000052 5B42                    		MOVU.B R4, R2
00000054 05rrrrrr             A  		BSR _u8g_DrawPixel
00000058                         L15:	; bb40.split
                                 ;     221       u8g_DrawPixel(u8g, x0 - y, y0 - x);
                                 		.LINE  "C:\Workspace\e2studio\git\MT01_master\src\Display\u8g_circle.c",221
00000058 B102                    		MOVU.B 04H[R0], R2
0000005A 410207                  		SUB 07H[R0].UB, R2
0000005D B10C                    		MOVU.B 05H[R0], R4
0000005F 410406                  		SUB 06H[R0].UB, R4
00000062 A881                    		MOV.L 08H[R0], R1
00000064 5B23                    		MOVU.B R2, R3
00000066 5B42                    		MOVU.B R4, R2
00000068 05rrrrrr             A  		BSR _u8g_DrawPixel
0000006C                         L16:	; bb74
                                 ;     222     }
                                 ;     223     
                                 ;     224     /* lower right */
                                 ;     225     if ( option & U8G_DRAW_LOWER_RIGHT )
                                 		.LINE  "C:\Workspace\e2studio\git\MT01_master\src\Display\u8g_circle.c",225
0000006C F50303                  		BTST #03H, 03H[R0].B
0000006F 20rr                    		BEQ L19
00000071                         L17:	; bb75
                                 ;     226     {
                                 ;     227       u8g_DrawPixel(u8g, x0 + x, y0 + y);
                                 		.LINE  "C:\Workspace\e2studio\git\MT01_master\src\Display\u8g_circle.c",227
00000071 B102                    		MOVU.B 04H[R0], R2
00000073 490206                  		ADD 06H[R0].UB, R2
00000076 B10C                    		MOVU.B 05H[R0], R4
00000078 490407                  		ADD 07H[R0].UB, R4
0000007B A881                    		MOV.L 08H[R0], R1
0000007D 5B23                    		MOVU.B R2, R3
0000007F 5B42                    		MOVU.B R4, R2
00000081 05rrrrrr             A  		BSR _u8g_DrawPixel
00000085                         L18:	; bb75.split
                                 ;     228       u8g_DrawPixel(u8g, x0 + y, y0 + x);
                                 		.LINE  "C:\Workspace\e2studio\git\MT01_master\src\Display\u8g_circle.c",228
00000085 B102                    		MOVU.B 04H[R0], R2
00000087 490207                  		ADD 07H[R0].UB, R2
0000008A B10C                    		MOVU.B 05H[R0], R4
0000008C 490406                  		ADD 06H[R0].UB, R4
0000008F A881                    		MOV.L 08H[R0], R1
00000091 5B23                    		MOVU.B R2, R3
00000093 5B42                    		MOVU.B R4, R2
00000095 05rrrrrr             A  		BSR _u8g_DrawPixel
00000099                         L19:	; bb110
                                 ;     229     }
                                 ;     230     
                                 ;     231     /* lower left */
                                 ;     232     if ( option & U8G_DRAW_LOWER_LEFT )
                                 		.LINE  "C:\Workspace\e2studio\git\MT01_master\src\Display\u8g_circle.c",232
00000099 F50203                  		BTST #02H, 03H[R0].B
0000009C 20rr                    		BEQ L22
0000009E                         L20:	; bb111
                                 ;     233     {
                                 ;     234       u8g_DrawPixel(u8g, x0 - x, y0 + y);
                                 		.LINE  "C:\Workspace\e2studio\git\MT01_master\src\Display\u8g_circle.c",234
0000009E B102                    		MOVU.B 04H[R0], R2
000000A0 490206                  		ADD 06H[R0].UB, R2
000000A3 B10C                    		MOVU.B 05H[R0], R4
000000A5 410407                  		SUB 07H[R0].UB, R4
000000A8 A881                    		MOV.L 08H[R0], R1
000000AA 5B23                    		MOVU.B R2, R3
000000AC 5B42                    		MOVU.B R4, R2
000000AE 05rrrrrr             A  		BSR _u8g_DrawPixel
000000B2                         L21:	; bb111.split
                                 ;     235       u8g_DrawPixel(u8g, x0 - y, y0 + x);
                                 		.LINE  "C:\Workspace\e2studio\git\MT01_master\src\Display\u8g_circle.c",235
000000B2 B102                    		MOVU.B 04H[R0], R2
000000B4 490207                  		ADD 07H[R0].UB, R2
000000B7 B10C                    		MOVU.B 05H[R0], R4
000000B9 410406                  		SUB 06H[R0].UB, R4
000000BC A881                    		MOV.L 08H[R0], R1
000000BE 5B23                    		MOVU.B R2, R3
000000C0 5B42                    		MOVU.B R4, R2
000000C2 05rrrrrr             A  		BSR _u8g_DrawPixel
000000C6 6703                    		RTSD #0CH
000000C8                         L22:	; return
                                 ;     236     }
                                 ;     237 }
                                 		.LINE  "C:\Workspace\e2studio\git\MT01_master\src\Display\u8g_circle.c",237
000000C8 6703                    		RTSD #0CH
000000CA                         _u8g_draw_circle:
                                 		.STACK	_u8g_draw_circle=24
                                 ;     238 
                                 ;     239 void u8g_draw_circle(u8g_t *u8g, u8g_uint_t x0, u8g_uint_t y0, u8g_uint_t rad, uint8_t option)
                                 		.LINE  "C:\Workspace\e2studio\git\MT01_master\src\Display\u8g_circle.c",239
000000CA 7100F0                  		ADD #0FFFFFFF0H, R0
000000CD A089                    		MOV.L R1, 0CH[R0]
000000CF 828A                    		MOV.B R2, 0BH[R0]
000000D1 8283                    		MOV.B R3, 0AH[R0]
000000D3 820C                    		MOV.B R4, 09H[R0]
000000D5 C5001408                		MOV.B 14H[R0], 08H[R0]
                                 ;     240 {
                                 ;     241     u8g_int_t f;
                                 ;     242     u8g_int_t ddF_x;
                                 ;     243     u8g_int_t ddF_y;
                                 ;     244     u8g_uint_t x;
                                 ;     245     u8g_uint_t y;
                                 ;     246 
                                 ;     247     f = 1;
                                 		.LINE  "C:\Workspace\e2studio\git\MT01_master\src\Display\u8g_circle.c",247
000000D9 3C0301                  		MOV.B #01H, 03H[R0]
000000DC                         L24:	; entry.split
                                 ;     248     f -= rad;
                                 		.LINE  "C:\Workspace\e2studio\git\MT01_master\src\Display\u8g_circle.c",248
000000DC 8889                    		MOV.B 03H[R0], R1
000000DE 410109                  		SUB 09H[R0].UB, R1
000000E1 8089                    		MOV.B R1, 03H[R0]
000000E3                         L25:	; entry.split1
                                 ;     249     ddF_x = 1;
                                 		.LINE  "C:\Workspace\e2studio\git\MT01_master\src\Display\u8g_circle.c",249
000000E3 3C0401                  		MOV.B #01H, 04H[R0]
000000E6                         L26:	; entry.split2
                                 ;     250     ddF_y = 0;
                                 		.LINE  "C:\Workspace\e2studio\git\MT01_master\src\Display\u8g_circle.c",250
000000E6 3C0500                  		MOV.B #00H, 05H[R0]
000000E9                         L27:	; entry.split3
                                 ;     251     ddF_y -= rad;
                                 		.LINE  "C:\Workspace\e2studio\git\MT01_master\src\Display\u8g_circle.c",251
000000E9 8909                    		MOV.B 05H[R0], R1
000000EB 410109                  		SUB 09H[R0].UB, R1
000000EE 8109                    		MOV.B R1, 05H[R0]
000000F0                         L28:	; entry.split4
                                 ;     252     ddF_y *= 2;
                                 		.LINE  "C:\Workspace\e2studio\git\MT01_master\src\Display\u8g_circle.c",252
000000F0 B109                    		MOVU.B 05H[R0], R1
000000F2 6C11                    		SHLL #01H, R1
000000F4 8109                    		MOV.B R1, 05H[R0]
000000F6                         L29:	; entry.split5
                                 ;     253     x = 0;
                                 		.LINE  "C:\Workspace\e2studio\git\MT01_master\src\Display\u8g_circle.c",253
000000F6 3C0600                  		MOV.B #00H, 06H[R0]
000000F9                         L30:	; entry.split6
                                 ;     254     y = rad;
                                 		.LINE  "C:\Workspace\e2studio\git\MT01_master\src\Display\u8g_circle.c",254
000000F9 C5000907                		MOV.B 09H[R0], 07H[R0]
000000FD                         L31:	; entry.split7
                                 ;     255 
                                 ;     256     u8g_draw_circle_section(u8g, x, y, x0, y0, option);
                                 		.LINE  "C:\Workspace\e2studio\git\MT01_master\src\Display\u8g_circle.c",256
000000FD B205                    		MOVU.B 08H[R0], R5
000000FF 590F0A                  		MOVU.B 0AH[R0], R15
00000102 B28C                    		MOVU.B 0BH[R0], R4
00000104 B18B                    		MOVU.B 07H[R0], R3
00000106 B182                    		MOVU.B 06H[R0], R2
00000108 A889                    		MOV.L 0CH[R0], R1
0000010A 6040                    		SUB #04H, R0
0000010C 800D                    		MOV.B R5, 01H[R0]
0000010E C30F                    		MOV.B R15, [R0]
00000110 39rrrr               W  		BSR __$u8g_draw_circle_section
00000113 6240                    		ADD #04H, R0
00000115 2Err                 B  		BRA L40
00000117                         L32:	; bb33
                                 ;     257     
                                 ;     258     while ( x < y )
                                 ;     259     {
                                 ;     260       if (f >= 0) 
                                 		.LINE  "C:\Workspace\e2studio\git\MT01_master\src\Display\u8g_circle.c",260
00000117 8889                    		MOV.B 03H[R0], R1
00000119 6101                    		CMP #00H, R1
0000011B 29rr                    		BLT L36
0000011D                         L33:	; bb34
                                 ;     261       {
                                 ;     262         y--;
                                 		.LINE  "C:\Workspace\e2studio\git\MT01_master\src\Display\u8g_circle.c",262
0000011D B189                    		MOVU.B 07H[R0], R1
0000011F 6011                    		SUB #01H, R1
00000121 8189                    		MOV.B R1, 07H[R0]
00000123                         L34:	; bb34.split
                                 ;     263         ddF_y += 2;
                                 		.LINE  "C:\Workspace\e2studio\git\MT01_master\src\Display\u8g_circle.c",263
00000123 8909                    		MOV.B 05H[R0], R1
00000125 6221                    		ADD #02H, R1
00000127 8109                    		MOV.B R1, 05H[R0]
00000129                         L35:	; bb34.split8
                                 ;     264         f += ddF_y;
                                 		.LINE  "C:\Workspace\e2studio\git\MT01_master\src\Display\u8g_circle.c",264
00000129 8889                    		MOV.B 03H[R0], R1
0000012B 06090105                		ADD 05H[R0].B, R1
0000012F 8089                    		MOV.B R1, 03H[R0]
00000131                         L36:	; bb51
                                 ;     265       }
                                 ;     266       x++;
                                 		.LINE  "C:\Workspace\e2studio\git\MT01_master\src\Display\u8g_circle.c",266
00000131 B181                    		MOVU.B 06H[R0], R1
00000133 6211                    		ADD #01H, R1
00000135 8181                    		MOV.B R1, 06H[R0]
00000137                         L37:	; bb51.split
                                 ;     267       ddF_x += 2;
                                 		.LINE  "C:\Workspace\e2studio\git\MT01_master\src\Display\u8g_circle.c",267
00000137 8901                    		MOV.B 04H[R0], R1
00000139 6221                    		ADD #02H, R1
0000013B 8101                    		MOV.B R1, 04H[R0]
0000013D                         L38:	; bb51.split9
                                 ;     268       f += ddF_x;
                                 		.LINE  "C:\Workspace\e2studio\git\MT01_master\src\Display\u8g_circle.c",268
0000013D 8889                    		MOV.B 03H[R0], R1
0000013F 06090104                		ADD 04H[R0].B, R1
00000143 8089                    		MOV.B R1, 03H[R0]
00000145                         L39:	; bb51.split10
                                 ;     269 
                                 ;     270       u8g_draw_circle_section(u8g, x, y, x0, y0, option);    
                                 		.LINE  "C:\Workspace\e2studio\git\MT01_master\src\Display\u8g_circle.c",270
00000145 B205                    		MOVU.B 08H[R0], R5
00000147 590F0A                  		MOVU.B 0AH[R0], R15
0000014A B28C                    		MOVU.B 0BH[R0], R4
0000014C B18B                    		MOVU.B 07H[R0], R3
0000014E B182                    		MOVU.B 06H[R0], R2
00000150 A889                    		MOV.L 0CH[R0], R1
00000152 6040                    		SUB #04H, R0
00000154 800D                    		MOV.B R5, 01H[R0]
00000156 C30F                    		MOV.B R15, [R0]
00000158 39rrrr               W  		BSR __$u8g_draw_circle_section
0000015B 6240                    		ADD #04H, R0
0000015D                         L40:	; bb70
                                 		.LINE  "C:\Workspace\e2studio\git\MT01_master\src\Display\u8g_circle.c",258
0000015D B181                    		MOVU.B 06H[R0], R1
0000015F 450107                  		CMP 07H[R0].UB, R1
00000162 29rr                    		BLT L32
00000164                         L41:	; return
                                 ;     271     }
                                 ;     272 }
                                 		.LINE  "C:\Workspace\e2studio\git\MT01_master\src\Display\u8g_circle.c",272
00000164 6704                    		RTSD #10H
00000166                         _u8g_DrawCircle:
                                 		.STACK	_u8g_DrawCircle=20
                                 ;     273 
                                 ;     274 void u8g_DrawCircle(u8g_t *u8g, u8g_uint_t x0, u8g_uint_t y0, u8g_uint_t rad, uint8_t option)
                                 		.LINE  "C:\Workspace\e2studio\git\MT01_master\src\Display\u8g_circle.c",274
00000166 60C0                    		SUB #0CH, R0
00000168 A081                    		MOV.L R1, 08H[R0]
0000016A 818A                    		MOV.B R2, 07H[R0]
0000016C 8183                    		MOV.B R3, 06H[R0]
0000016E 810C                    		MOV.B R4, 05H[R0]
00000170 C5001004                		MOV.B 10H[R0], 04H[R0]
                                 ;     275 {
                                 ;     276   /* check for bounding box */
                                 ;     277   {
                                 ;     278     u8g_uint_t radp, radp2;
                                 ;     279     
                                 ;     280     radp = rad;
                                 		.LINE  "C:\Workspace\e2studio\git\MT01_master\src\Display\u8g_circle.c",280
00000174 C5000502                		MOV.B 05H[R0], 02H[R0]
00000178                         L43:	; entry.split
                                 ;     281     radp++;
                                 		.LINE  "C:\Workspace\e2studio\git\MT01_master\src\Display\u8g_circle.c",281
00000178 B081                    		MOVU.B 02H[R0], R1
0000017A 6211                    		ADD #01H, R1
0000017C 8081                    		MOV.B R1, 02H[R0]
0000017E                         L44:	; entry.split1
                                 ;     282     radp2 = radp;
                                 		.LINE  "C:\Workspace\e2studio\git\MT01_master\src\Display\u8g_circle.c",282
0000017E C5000203                		MOV.B 02H[R0], 03H[R0]
00000182                         L45:	; entry.split2
                                 ;     283     radp2 *= 2;
                                 		.LINE  "C:\Workspace\e2studio\git\MT01_master\src\Display\u8g_circle.c",283
00000182 B089                    		MOVU.B 03H[R0], R1
00000184 6C11                    		SHLL #01H, R1
00000186 8089                    		MOV.B R1, 03H[R0]
00000188                         L46:	; entry.split3
                                 ;     284     
                                 ;     285     if ( u8g_IsBBXIntersection(u8g, x0-radp, y0-radp, radp2, radp2) == 0)
                                 		.LINE  "C:\Workspace\e2studio\git\MT01_master\src\Display\u8g_circle.c",285
00000188 B08C                    		MOVU.B 03H[R0], R4
0000018A B082                    		MOVU.B 02H[R0], R2
0000018C B183                    		MOVU.B 06H[R0], R3
0000018E B18D                    		MOVU.B 07H[R0], R5
00000190 A881                    		MOV.L 08H[R0], R1
00000192 6040                    		SUB #04H, R0
00000194 C304                    		MOV.B R4, [R0]
00000196 4323                    		SUB R2, R3
00000198 5B33                    		MOVU.B R3, R3
0000019A 4325                    		SUB R2, R5
0000019C 5B52                    		MOVU.B R5, R2
0000019E 05rrrrrr             A  		BSR _u8g_IsBBXIntersection
000001A2 6240                    		ADD #04H, R0
000001A4 6101                    		CMP #00H, R1
000001A6 20rr                    		BEQ L48
000001A8                         L47:	; bb36
                                 ;     286       return;    
                                 ;     287   }
                                 ;     288   
                                 ;     289   /* draw circle */
                                 ;     290   u8g_draw_circle(u8g, x0, y0, rad, option);
                                 		.LINE  "C:\Workspace\e2studio\git\MT01_master\src\Display\u8g_circle.c",290
000001A8 B105                    		MOVU.B 04H[R0], R5
000001AA B10C                    		MOVU.B 05H[R0], R4
000001AC B183                    		MOVU.B 06H[R0], R3
000001AE B18A                    		MOVU.B 07H[R0], R2
000001B0 A881                    		MOV.L 08H[R0], R1
000001B2 6040                    		SUB #04H, R0
000001B4 C305                    		MOV.B R5, [R0]
000001B6 39rrrr               W  		BSR _u8g_draw_circle
000001B9 6240                    		ADD #04H, R0
000001BB 6703                    		RTSD #0CH
000001BD                         L48:	; return
                                 ;     291 }
                                 		.LINE  "C:\Workspace\e2studio\git\MT01_master\src\Display\u8g_circle.c",291
000001BD 6703                    		RTSD #0CH
000001BF                         __$u8g_draw_disc_section:
                                 		.STACK	__$u8g_draw_disc_section=16
                                 ;     292 
                                 ;     293 static void u8g_draw_disc_section(u8g_t *u8g, u8g_uint_t x, u8g_uint_t y, u8g_uint_t x0, u8g_uint_t y0, uint8_t option) U8G_NOINLINE;
                                 ;     294 
                                 ;     295 static void u8g_draw_disc_section(u8g_t *u8g, u8g_uint_t x, u8g_uint_t y, u8g_uint_t x0, u8g_uint_t y0, uint8_t option)
                                 		.LINE  "C:\Workspace\e2studio\git\MT01_master\src\Display\u8g_circle.c",295
000001BF 60C0                    		SUB #0CH, R0
000001C1 A081                    		MOV.L R1, 08H[R0]
000001C3 818A                    		MOV.B R2, 07H[R0]
000001C5 8183                    		MOV.B R3, 06H[R0]
000001C7 810C                    		MOV.B R4, 05H[R0]
000001C9 C5001004                		MOV.B 10H[R0], 04H[R0]
000001CD C5001103                		MOV.B 11H[R0], 03H[R0]
                                 ;     296 {
                                 ;     297     /* upper right */
                                 ;     298     if ( option & U8G_DRAW_UPPER_RIGHT )
                                 		.LINE  "C:\Workspace\e2studio\git\MT01_master\src\Display\u8g_circle.c",298
000001D1 F50003                  		BTST #00H, 03H[R0].B
000001D4 20rr                    		BEQ L52
000001D6                         L50:	; bb7
                                 ;     299     {
                                 ;     300       u8g_DrawVLine(u8g, x0+x, y0-y, y+1);
                                 		.LINE  "C:\Workspace\e2studio\git\MT01_master\src\Display\u8g_circle.c",300
000001D6 B10A                    		MOVU.B 05H[R0], R2
000001D8 490207                  		ADD 07H[R0].UB, R2
000001DB B184                    		MOVU.B 06H[R0], R4
000001DD B103                    		MOVU.B 04H[R0], R3
000001DF A881                    		MOV.L 08H[R0], R1
000001E1 4343                    		SUB R4, R3
000001E3 5B33                    		MOVU.B R3, R3
000001E5 6214                    		ADD #01H, R4
000001E7 5B44                    		MOVU.B R4, R4
000001E9 5B22                    		MOVU.B R2, R2
000001EB 05rrrrrr             A  		BSR _u8g_DrawVLine
000001EF                         L51:	; bb7.split
                                 ;     301       u8g_DrawVLine(u8g, x0+y, y0-x, x+1);
                                 		.LINE  "C:\Workspace\e2studio\git\MT01_master\src\Display\u8g_circle.c",301
000001EF B10A                    		MOVU.B 05H[R0], R2
000001F1 490206                  		ADD 06H[R0].UB, R2
000001F4 B18C                    		MOVU.B 07H[R0], R4
000001F6 B103                    		MOVU.B 04H[R0], R3
000001F8 A881                    		MOV.L 08H[R0], R1
000001FA 4343                    		SUB R4, R3
000001FC 5B33                    		MOVU.B R3, R3
000001FE 6214                    		ADD #01H, R4
00000200 5B44                    		MOVU.B R4, R4
00000202 5B22                    		MOVU.B R2, R2
00000204 05rrrrrr             A  		BSR _u8g_DrawVLine
00000208                         L52:	; bb47
                                 ;     302     }
                                 ;     303     
                                 ;     304     /* upper left */
                                 ;     305     if ( option & U8G_DRAW_UPPER_LEFT )
                                 		.LINE  "C:\Workspace\e2studio\git\MT01_master\src\Display\u8g_circle.c",305
00000208 F50103                  		BTST #01H, 03H[R0].B
0000020B 20rr                    		BEQ L55
0000020D                         L53:	; bb48
                                 ;     306     {
                                 ;     307       u8g_DrawVLine(u8g, x0-x, y0-y, y+1);
                                 		.LINE  "C:\Workspace\e2studio\git\MT01_master\src\Display\u8g_circle.c",307
0000020D B10A                    		MOVU.B 05H[R0], R2
0000020F 410207                  		SUB 07H[R0].UB, R2
00000212 B184                    		MOVU.B 06H[R0], R4
00000214 B103                    		MOVU.B 04H[R0], R3
00000216 A881                    		MOV.L 08H[R0], R1
00000218 4343                    		SUB R4, R3
0000021A 5B33                    		MOVU.B R3, R3
0000021C 6214                    		ADD #01H, R4
0000021E 5B44                    		MOVU.B R4, R4
00000220 5B22                    		MOVU.B R2, R2
00000222 05rrrrrr             A  		BSR _u8g_DrawVLine
00000226                         L54:	; bb48.split
                                 ;     308       u8g_DrawVLine(u8g, x0-y, y0-x, x+1);
                                 		.LINE  "C:\Workspace\e2studio\git\MT01_master\src\Display\u8g_circle.c",308
00000226 B10A                    		MOVU.B 05H[R0], R2
00000228 410206                  		SUB 06H[R0].UB, R2
0000022B B18C                    		MOVU.B 07H[R0], R4
0000022D B103                    		MOVU.B 04H[R0], R3
0000022F A881                    		MOV.L 08H[R0], R1
00000231 4343                    		SUB R4, R3
00000233 5B33                    		MOVU.B R3, R3
00000235 6214                    		ADD #01H, R4
00000237 5B44                    		MOVU.B R4, R4
00000239 5B22                    		MOVU.B R2, R2
0000023B 05rrrrrr             A  		BSR _u8g_DrawVLine
0000023F                         L55:	; bb90
                                 ;     309     }
                                 ;     310     
                                 ;     311     /* lower right */
                                 ;     312     if ( option & U8G_DRAW_LOWER_RIGHT )
                                 		.LINE  "C:\Workspace\e2studio\git\MT01_master\src\Display\u8g_circle.c",312
0000023F F50303                  		BTST #03H, 03H[R0].B
00000242 20rr                    		BEQ L58
00000244                         L56:	; bb91
                                 ;     313     {
                                 ;     314       u8g_DrawVLine(u8g, x0+x, y0, y+1);
                                 		.LINE  "C:\Workspace\e2studio\git\MT01_master\src\Display\u8g_circle.c",314
00000244 B10A                    		MOVU.B 05H[R0], R2
00000246 490207                  		ADD 07H[R0].UB, R2
00000249 B184                    		MOVU.B 06H[R0], R4
0000024B B103                    		MOVU.B 04H[R0], R3
0000024D A881                    		MOV.L 08H[R0], R1
0000024F 6214                    		ADD #01H, R4
00000251 5B44                    		MOVU.B R4, R4
00000253 5B22                    		MOVU.B R2, R2
00000255 05rrrrrr             A  		BSR _u8g_DrawVLine
00000259                         L57:	; bb91.split
                                 ;     315       u8g_DrawVLine(u8g, x0+y, y0, x+1);
                                 		.LINE  "C:\Workspace\e2studio\git\MT01_master\src\Display\u8g_circle.c",315
00000259 B10A                    		MOVU.B 05H[R0], R2
0000025B 490206                  		ADD 06H[R0].UB, R2
0000025E B18C                    		MOVU.B 07H[R0], R4
00000260 B103                    		MOVU.B 04H[R0], R3
00000262 A881                    		MOV.L 08H[R0], R1
00000264 6214                    		ADD #01H, R4
00000266 5B44                    		MOVU.B R4, R4
00000268 5B22                    		MOVU.B R2, R2
0000026A 05rrrrrr             A  		BSR _u8g_DrawVLine
0000026E                         L58:	; bb123
                                 ;     316     }
                                 ;     317     
                                 ;     318     /* lower left */
                                 ;     319     if ( option & U8G_DRAW_LOWER_LEFT )
                                 		.LINE  "C:\Workspace\e2studio\git\MT01_master\src\Display\u8g_circle.c",319
0000026E F50203                  		BTST #02H, 03H[R0].B
00000271 20rr                    		BEQ L61
00000273                         L59:	; bb124
                                 ;     320     {
                                 ;     321       u8g_DrawVLine(u8g, x0-x, y0, y+1);
                                 		.LINE  "C:\Workspace\e2studio\git\MT01_master\src\Display\u8g_circle.c",321
00000273 B10A                    		MOVU.B 05H[R0], R2
00000275 410207                  		SUB 07H[R0].UB, R2
00000278 B184                    		MOVU.B 06H[R0], R4
0000027A B103                    		MOVU.B 04H[R0], R3
0000027C A881                    		MOV.L 08H[R0], R1
0000027E 6214                    		ADD #01H, R4
00000280 5B44                    		MOVU.B R4, R4
00000282 5B22                    		MOVU.B R2, R2
00000284 05rrrrrr             A  		BSR _u8g_DrawVLine
00000288                         L60:	; bb124.split
                                 ;     322       u8g_DrawVLine(u8g, x0-y, y0, x+1);
                                 		.LINE  "C:\Workspace\e2studio\git\MT01_master\src\Display\u8g_circle.c",322
00000288 B10A                    		MOVU.B 05H[R0], R2
0000028A 410206                  		SUB 06H[R0].UB, R2
0000028D B18C                    		MOVU.B 07H[R0], R4
0000028F B103                    		MOVU.B 04H[R0], R3
00000291 A881                    		MOV.L 08H[R0], R1
00000293 6214                    		ADD #01H, R4
00000295 5B44                    		MOVU.B R4, R4
00000297 5B22                    		MOVU.B R2, R2
00000299 05rrrrrr             A  		BSR _u8g_DrawVLine
0000029D 6703                    		RTSD #0CH
0000029F                         L61:	; return
                                 ;     323     }
                                 ;     324 }
                                 		.LINE  "C:\Workspace\e2studio\git\MT01_master\src\Display\u8g_circle.c",324
0000029F 6703                    		RTSD #0CH
000002A1                         _u8g_draw_disc:
                                 		.STACK	_u8g_draw_disc=24
                                 ;     325 
                                 ;     326 void u8g_draw_disc(u8g_t *u8g, u8g_uint_t x0, u8g_uint_t y0, u8g_uint_t rad, uint8_t option)
                                 		.LINE  "C:\Workspace\e2studio\git\MT01_master\src\Display\u8g_circle.c",326
000002A1 7100F0                  		ADD #0FFFFFFF0H, R0
000002A4 A089                    		MOV.L R1, 0CH[R0]
000002A6 828A                    		MOV.B R2, 0BH[R0]
000002A8 8283                    		MOV.B R3, 0AH[R0]
000002AA 820C                    		MOV.B R4, 09H[R0]
000002AC C5001408                		MOV.B 14H[R0], 08H[R0]
                                 ;     327 {
                                 ;     328   u8g_int_t f;
                                 ;     329   u8g_int_t ddF_x;
                                 ;     330   u8g_int_t ddF_y;
                                 ;     331   u8g_uint_t x;
                                 ;     332   u8g_uint_t y;
                                 ;     333 
                                 ;     334   f = 1;
                                 		.LINE  "C:\Workspace\e2studio\git\MT01_master\src\Display\u8g_circle.c",334
000002B0 3C0301                  		MOV.B #01H, 03H[R0]
000002B3                         L63:	; entry.split
                                 ;     335   f -= rad;
                                 		.LINE  "C:\Workspace\e2studio\git\MT01_master\src\Display\u8g_circle.c",335
000002B3 8889                    		MOV.B 03H[R0], R1
000002B5 410109                  		SUB 09H[R0].UB, R1
000002B8 8089                    		MOV.B R1, 03H[R0]
000002BA                         L64:	; entry.split1
                                 ;     336   ddF_x = 1;
                                 		.LINE  "C:\Workspace\e2studio\git\MT01_master\src\Display\u8g_circle.c",336
000002BA 3C0401                  		MOV.B #01H, 04H[R0]
000002BD                         L65:	; entry.split2
                                 ;     337   ddF_y = 0;
                                 		.LINE  "C:\Workspace\e2studio\git\MT01_master\src\Display\u8g_circle.c",337
000002BD 3C0500                  		MOV.B #00H, 05H[R0]
000002C0                         L66:	; entry.split3
                                 ;     338   ddF_y -= rad;
                                 		.LINE  "C:\Workspace\e2studio\git\MT01_master\src\Display\u8g_circle.c",338
000002C0 8909                    		MOV.B 05H[R0], R1
000002C2 410109                  		SUB 09H[R0].UB, R1
000002C5 8109                    		MOV.B R1, 05H[R0]
000002C7                         L67:	; entry.split4
                                 ;     339   ddF_y *= 2;
                                 		.LINE  "C:\Workspace\e2studio\git\MT01_master\src\Display\u8g_circle.c",339
000002C7 B109                    		MOVU.B 05H[R0], R1
000002C9 6C11                    		SHLL #01H, R1
000002CB 8109                    		MOV.B R1, 05H[R0]
000002CD                         L68:	; entry.split5
                                 ;     340   x = 0;
                                 		.LINE  "C:\Workspace\e2studio\git\MT01_master\src\Display\u8g_circle.c",340
000002CD 3C0600                  		MOV.B #00H, 06H[R0]
000002D0                         L69:	; entry.split6
                                 ;     341   y = rad;
                                 		.LINE  "C:\Workspace\e2studio\git\MT01_master\src\Display\u8g_circle.c",341
000002D0 C5000907                		MOV.B 09H[R0], 07H[R0]
000002D4                         L70:	; entry.split7
                                 ;     342 
                                 ;     343   u8g_draw_disc_section(u8g, x, y, x0, y0, option);
                                 		.LINE  "C:\Workspace\e2studio\git\MT01_master\src\Display\u8g_circle.c",343
000002D4 B205                    		MOVU.B 08H[R0], R5
000002D6 590F0A                  		MOVU.B 0AH[R0], R15
000002D9 B28C                    		MOVU.B 0BH[R0], R4
000002DB B18B                    		MOVU.B 07H[R0], R3
000002DD B182                    		MOVU.B 06H[R0], R2
000002DF A889                    		MOV.L 0CH[R0], R1
000002E1 6040                    		SUB #04H, R0
000002E3 800D                    		MOV.B R5, 01H[R0]
000002E5 C30F                    		MOV.B R15, [R0]
000002E7 39rrrr               W  		BSR __$u8g_draw_disc_section
000002EA 6240                    		ADD #04H, R0
000002EC 2Err                 B  		BRA L79
000002EE                         L71:	; bb33
                                 ;     344   
                                 ;     345   while ( x < y )
                                 ;     346   {
                                 ;     347     if (f >= 0) 
                                 		.LINE  "C:\Workspace\e2studio\git\MT01_master\src\Display\u8g_circle.c",347
000002EE 8889                    		MOV.B 03H[R0], R1
000002F0 6101                    		CMP #00H, R1
000002F2 29rr                    		BLT L75
000002F4                         L72:	; bb34
                                 ;     348     {
                                 ;     349       y--;
                                 		.LINE  "C:\Workspace\e2studio\git\MT01_master\src\Display\u8g_circle.c",349
000002F4 B189                    		MOVU.B 07H[R0], R1
000002F6 6011                    		SUB #01H, R1
000002F8 8189                    		MOV.B R1, 07H[R0]
000002FA                         L73:	; bb34.split
                                 ;     350       ddF_y += 2;
                                 		.LINE  "C:\Workspace\e2studio\git\MT01_master\src\Display\u8g_circle.c",350
000002FA 8909                    		MOV.B 05H[R0], R1
000002FC 6221                    		ADD #02H, R1
000002FE 8109                    		MOV.B R1, 05H[R0]
00000300                         L74:	; bb34.split8
                                 ;     351       f += ddF_y;
                                 		.LINE  "C:\Workspace\e2studio\git\MT01_master\src\Display\u8g_circle.c",351
00000300 8889                    		MOV.B 03H[R0], R1
00000302 06090105                		ADD 05H[R0].B, R1
00000306 8089                    		MOV.B R1, 03H[R0]
00000308                         L75:	; bb51
                                 ;     352     }
                                 ;     353     x++;
                                 		.LINE  "C:\Workspace\e2studio\git\MT01_master\src\Display\u8g_circle.c",353
00000308 B181                    		MOVU.B 06H[R0], R1
0000030A 6211                    		ADD #01H, R1
0000030C 8181                    		MOV.B R1, 06H[R0]
0000030E                         L76:	; bb51.split
                                 ;     354     ddF_x += 2;
                                 		.LINE  "C:\Workspace\e2studio\git\MT01_master\src\Display\u8g_circle.c",354
0000030E 8901                    		MOV.B 04H[R0], R1
00000310 6221                    		ADD #02H, R1
00000312 8101                    		MOV.B R1, 04H[R0]
00000314                         L77:	; bb51.split9
                                 ;     355     f += ddF_x;
                                 		.LINE  "C:\Workspace\e2studio\git\MT01_master\src\Display\u8g_circle.c",355
00000314 8889                    		MOV.B 03H[R0], R1
00000316 06090104                		ADD 04H[R0].B, R1
0000031A 8089                    		MOV.B R1, 03H[R0]
0000031C                         L78:	; bb51.split10
                                 ;     356 
                                 ;     357     u8g_draw_disc_section(u8g, x, y, x0, y0, option);    
                                 		.LINE  "C:\Workspace\e2studio\git\MT01_master\src\Display\u8g_circle.c",357
0000031C B205                    		MOVU.B 08H[R0], R5
0000031E 590F0A                  		MOVU.B 0AH[R0], R15
00000321 B28C                    		MOVU.B 0BH[R0], R4
00000323 B18B                    		MOVU.B 07H[R0], R3
00000325 B182                    		MOVU.B 06H[R0], R2
00000327 A889                    		MOV.L 0CH[R0], R1
00000329 6040                    		SUB #04H, R0
0000032B 800D                    		MOV.B R5, 01H[R0]
0000032D C30F                    		MOV.B R15, [R0]
0000032F 39rrrr               W  		BSR __$u8g_draw_disc_section
00000332 6240                    		ADD #04H, R0
00000334                         L79:	; bb70
                                 		.LINE  "C:\Workspace\e2studio\git\MT01_master\src\Display\u8g_circle.c",345
00000334 B181                    		MOVU.B 06H[R0], R1
00000336 450107                  		CMP 07H[R0].UB, R1
00000339 29rr                    		BLT L71
0000033B                         L80:	; return
                                 ;     358   }
                                 ;     359 }
                                 		.LINE  "C:\Workspace\e2studio\git\MT01_master\src\Display\u8g_circle.c",359
0000033B 6704                    		RTSD #10H
0000033D                         _u8g_DrawDisc:
                                 		.STACK	_u8g_DrawDisc=20
                                 ;     360 
                                 ;     361 void u8g_DrawDisc(u8g_t *u8g, u8g_uint_t x0, u8g_uint_t y0, u8g_uint_t rad, uint8_t option)
                                 		.LINE  "C:\Workspace\e2studio\git\MT01_master\src\Display\u8g_circle.c",361
0000033D 60C0                    		SUB #0CH, R0
0000033F A081                    		MOV.L R1, 08H[R0]
00000341 818A                    		MOV.B R2, 07H[R0]
00000343 8183                    		MOV.B R3, 06H[R0]
00000345 810C                    		MOV.B R4, 05H[R0]
00000347 C5001004                		MOV.B 10H[R0], 04H[R0]
                                 ;     362 {
                                 ;     363   /* check for bounding box */
                                 ;     364   {
                                 ;     365     u8g_uint_t radp, radp2;
                                 ;     366     
                                 ;     367     radp = rad;
                                 		.LINE  "C:\Workspace\e2studio\git\MT01_master\src\Display\u8g_circle.c",367
0000034B C5000502                		MOV.B 05H[R0], 02H[R0]
0000034F                         L82:	; entry.split
                                 ;     368     radp++;
                                 		.LINE  "C:\Workspace\e2studio\git\MT01_master\src\Display\u8g_circle.c",368
0000034F B081                    		MOVU.B 02H[R0], R1
00000351 6211                    		ADD #01H, R1
00000353 8081                    		MOV.B R1, 02H[R0]
00000355                         L83:	; entry.split1
                                 ;     369     radp2 = radp;
                                 		.LINE  "C:\Workspace\e2studio\git\MT01_master\src\Display\u8g_circle.c",369
00000355 C5000203                		MOV.B 02H[R0], 03H[R0]
00000359                         L84:	; entry.split2
                                 ;     370     radp2 *= 2;
                                 		.LINE  "C:\Workspace\e2studio\git\MT01_master\src\Display\u8g_circle.c",370
00000359 B089                    		MOVU.B 03H[R0], R1
0000035B 6C11                    		SHLL #01H, R1
0000035D 8089                    		MOV.B R1, 03H[R0]
0000035F                         L85:	; entry.split3
                                 ;     371     
                                 ;     372     if ( u8g_IsBBXIntersection(u8g, x0-radp, y0-radp, radp2, radp2) == 0)
                                 		.LINE  "C:\Workspace\e2studio\git\MT01_master\src\Display\u8g_circle.c",372
0000035F B08C                    		MOVU.B 03H[R0], R4
00000361 B082                    		MOVU.B 02H[R0], R2
00000363 B183                    		MOVU.B 06H[R0], R3
00000365 B18D                    		MOVU.B 07H[R0], R5
00000367 A881                    		MOV.L 08H[R0], R1
00000369 6040                    		SUB #04H, R0
0000036B C304                    		MOV.B R4, [R0]
0000036D 4323                    		SUB R2, R3
0000036F 5B33                    		MOVU.B R3, R3
00000371 4325                    		SUB R2, R5
00000373 5B52                    		MOVU.B R5, R2
00000375 05rrrrrr             A  		BSR _u8g_IsBBXIntersection
00000379 6240                    		ADD #04H, R0
0000037B 6101                    		CMP #00H, R1
0000037D 20rr                    		BEQ L87
0000037F                         L86:	; bb36
                                 ;     373       return;    
                                 ;     374   }
                                 ;     375   
                                 ;     376   /* draw disc */
                                 ;     377   u8g_draw_disc(u8g, x0, y0, rad, option);
                                 		.LINE  "C:\Workspace\e2studio\git\MT01_master\src\Display\u8g_circle.c",377
0000037F B105                    		MOVU.B 04H[R0], R5
00000381 B10C                    		MOVU.B 05H[R0], R4
00000383 B183                    		MOVU.B 06H[R0], R3
00000385 B18A                    		MOVU.B 07H[R0], R2
00000387 A881                    		MOV.L 08H[R0], R1
00000389 6040                    		SUB #04H, R0
0000038B C305                    		MOV.B R5, [R0]
0000038D 39rrrr               W  		BSR _u8g_draw_disc
00000390 6240                    		ADD #04H, R0
00000392 6703                    		RTSD #0CH
00000394                         L87:	; return
                                 ;     378 }
                                 		.LINE  "C:\Workspace\e2studio\git\MT01_master\src\Display\u8g_circle.c",378
00000394 6703                    		RTSD #0CH
                                 ;     379 
                                 ;     380 
                                 ;     381 
                                 ;     382 
                                 		.END

Information List

TOTAL ERROR(S)    00000
TOTAL WARNING(S)  00000
TOTAL LINE(S)     00978   LINES

Section List

Attr         Size               Name
CODE     0000000918(00000396H)  P

Cpu Type

-ISA=RXV1 -FPU

Command Parameter

-subcommand=C:\Users\LAFONS~1\AppData\Local\Temp\$ccrx124\$ccrx\u8g_circle.src.cmd
    -nologo
    -isa=rxv1
    -fpu
    -show=conditionals,definitions,expansions
    -define=__RXV1=1
    -fint_register=0
    -debug
    -endian=little
-listfile=C:\Workspace\e2studio\git\MT01_master\MT01_build\u8g_circle.lst
-output=C:\Workspace\e2studio\git\MT01_master\MT01_build\src\Display\u8g_circle.obj
