* RX FAMILY ASSEMBLER V2.03.00.01 [24 Oct 2014] *  SOURCE LIST  Mon Mar 20 17:54:22 2017

LOC.     OBJ.              0XMDA SOURCE STATEMENT

                                 ;RX Family C/C++ Compiler (V2.03.00.03 [04 Dec 2014])  20-Mar-2017 17:54:22
                                 
                                 ;*** CPU TYPE ***
                                 
                                 ;-ISA=RXV1
                                 
                                 ;*** COMMAND PARAMETER ***
                                 
                                 ;-output=src=u8g_font_helvb08.src
                                 ;-lang=c99
                                 ;-include=C:\PROGRA~2\Renesas\RX\2_3_0/include,C:\Workspace\e2studio\git\MT01_master\r_lvd_rx,C:\Workspace\e2studio\git\MT01_master\r_lvd_rx\src,C:/Workspace/e2studio/
                                 ;-debug
                                 ;-show=source,conditionals,definitions,expansions
                                 ;-listfile=u8g_font_helvb08.lst
                                 ;-isa=rxv1
                                 ;-optimize=0
                                 ;-fpu
                                 ;-alias=noansi
                                 ;-nologo
                                 ;-nomessage
                                 ;-define=__RX,COMPACTAXP=0,EASYMAK=1,MOBILE=0,FREE_RTOS_PP
                                 ;u8g_font_helvb08.c
                                 
                                 		.glb	_u8g_font_helvB08
                                 ;LineNo. C-SOURCE STATEMENT
                                 
                                 		.SECTION	C_1,ROMDATA
00000000                         _u8g_font_helvB08:
00000000 000C13FF                		.byte	00H,0CH,13H,0FFH,0FBH,08H,01H,0B6H,03H
         FB0801B6                
         03                      
00000009 7A20                    		.byte	"z "
0000000B FFFE0BFE                		.byte	0FFH,0FEH,0BH,0FEH,08H,0FEH,00H,00H,00H,03H,00H,01H,02H,08H,08H,04H
         08FE0000                
         00030001                
         02080804                
0000001B 0100C0C0                		.byte	01H,00H,0C0H,0C0H,0C0H,0C0H,80H,80H,00H,0C0H,03H,03H,03H,05H,01H,05H
         C0C08080                
         00C00303                
         03050105                
0000002B A0A0A007                		.byte	0A0H,0A0H,0A0H,07H,07H,07H,06H,0FFH,00H
         070706FF                
         00                      
00000034 28287E28                		.byte	"((~("
00000038 FC                      		.byte	0FCH
00000039 5050                    		.byte	"PP"
0000003B 050A0A06                		.byte	05H,0AH,0AH,06H,00H,0FFH
         00FF                    
00000041 2070                    		.byte	" p"
00000043 A8E0                    		.byte	0A8H,0E0H
00000045 703828                  		.byte	"p8("
00000048 A8                      		.byte	0A8H
00000049 7020                    		.byte	"p "
0000004B 07080808                		.byte	07H,08H,08H,08H,00H,00H
         0000                    
00000051 62                      		.byte	"b"
00000052 B4                      		.byte	0B4H
00000053 68                      		.byte	"h"
00000054 1010                    		.byte	10H,10H
00000056 2C56                    		.byte	",V"
00000058 8C070808                		.byte	8CH,07H,08H,08H,08H,00H,00H
         080000                  
0000005F 70                      		.byte	"p"
00000060 D8D8                    		.byte	0D8H,0D8H
00000062 70                      		.byte	"p"
00000063 DECCDC                  		.byte	0DEH,0CCH,0DCH
00000066 76                      		.byte	"v"
00000067 01030303                		.byte	01H,03H,03H,03H,01H,05H,80H,80H,80H,03H,0AH,0AH,04H,00H,0FEH
         01058080                
         80030A0A                
         0400FE                  
00000076 206040                  		.byte	" `@"
00000079 C0C0C0C0                		.byte	0C0H,0C0H,0C0H,0C0H
0000007D 406020                  		.byte	"@` "
00000080 030A0A04                		.byte	03H,0AH,0AH,04H,00H,0FEH,80H,0C0H
         00FE80C0                
00000088 40606060                		.byte	"@````@"
         6040                    
0000008E C0800303                		.byte	0C0H,80H,03H,03H,03H,04H,00H,05H,0A0H
         03040005                
         A0                      
00000097 40                      		.byte	"@"
00000098 A0060505                		.byte	0A0H,06H,05H,05H,06H,00H,01H
         060001                  
0000009F 3030                    		.byte	"00"
000000A1 FC                      		.byte	0FCH
000000A2 3030                    		.byte	"00"
000000A4 02040403                		.byte	02H,04H,04H,03H,00H,0FEH,0C0H,0C0H
         00FEC0C0                
000000AC 40                      		.byte	"@"
000000AD 80040101                		.byte	80H,04H,01H,01H,05H,00H,03H,0F0H,02H,02H,02H,03H,00H,00H,0C0H,0C0H
         050003F0                
         02020203                
         0000C0C0                
000000BD 04080804                		.byte	04H,08H,08H,04H,00H,00H,10H,10H
         00001010                
000000C5 20204040                		.byte	"  @@"
000000C9 80800508                		.byte	80H,80H,05H,08H,08H,06H,00H,00H
         08060000                
000000D1 70                      		.byte	"p"
000000D2 D8D8D8D8                		.byte	0D8H,0D8H,0D8H,0D8H,0D8H,0D8H
         D8D8                    
000000D8 70                      		.byte	"p"
000000D9 03080806                		.byte	03H,08H,08H,06H,01H,00H
         0100                    
000000DF 60                      		.byte	"`"
000000E0 E0                      		.byte	0E0H
000000E1 60606060                		.byte	"``````"
         6060                    
000000E7 05080806                		.byte	05H,08H,08H,06H,00H,00H
         0000                    
000000ED 70                      		.byte	"p"
000000EE D81818                  		.byte	0D8H,18H,18H
000000F1 3060                    		.byte	"0`"
000000F3 C0F80508                		.byte	0C0H,0F8H,05H,08H,08H,06H,00H,00H
         08060000                
000000FB 70                      		.byte	"p"
000000FC D818                    		.byte	0D8H,18H
000000FE 30                      		.byte	"0"
000000FF 1818D8                  		.byte	18H,18H,0D8H
00000102 70                      		.byte	"p"
00000103 06080806                		.byte	06H,08H,08H,06H,00H,00H,08H,18H
         00000818                
0000010B 3858                    		.byte	"8X"
0000010D 98FC1818                		.byte	98H,0FCH,18H,18H,05H,08H,08H,06H,00H,00H,0F8H,0C0H,0C0H,0F0H,18H,98H
         05080806                
         0000F8C0                
         C0F01898                
0000011D D8                      		.byte	0D8H
0000011E 70                      		.byte	"p"
0000011F 05080806                		.byte	05H,08H,08H,06H,00H,00H
         0000                    
00000125 70                      		.byte	"p"
00000126 D8C0F0D8                		.byte	0D8H,0C0H,0F0H,0D8H,0D8H,0D8H
         D8D8                    
0000012C 70                      		.byte	"p"
0000012D 05080806                		.byte	05H,08H,08H,06H,00H,00H,0F8H,18H,18H
         0000F818                
         18                      
00000136 30306060                		.byte	"00```"
         60                      
0000013B 05080806                		.byte	05H,08H,08H,06H,00H,00H
         0000                    
00000141 70                      		.byte	"p"
00000142 D8D8                    		.byte	0D8H,0D8H
00000144 70                      		.byte	"p"
00000145 D8D8D8                  		.byte	0D8H,0D8H,0D8H
00000148 70                      		.byte	"p"
00000149 05080806                		.byte	05H,08H,08H,06H,00H,00H
         0000                    
0000014F 70                      		.byte	"p"
00000150 D8D8D8                  		.byte	0D8H,0D8H,0D8H
00000153 78                      		.byte	"x"
00000154 18D8                    		.byte	18H,0D8H
00000156 70                      		.byte	"p"
00000157 02060603                		.byte	02H,06H,06H,03H,00H,00H,0C0H,0C0H,00H,00H,0C0H,0C0H,02H,08H,08H,03H
         0000C0C0                
         0000C0C0                
         02080803                
00000167 00FEC0C0                		.byte	00H,0FEH,0C0H,0C0H,00H,00H,0C0H,0C0H
         0000C0C0                
0000016F 40                      		.byte	"@"
00000170 80040505                		.byte	80H,04H,05H,05H,05H,00H,01H
         050001                  
00000177 3060                    		.byte	"0`"
00000179 C0                      		.byte	0C0H
0000017A 6030                    		.byte	"`0"
0000017C 05030306                		.byte	05H,03H,03H,06H,00H,02H,0F8H,00H,0F8H,04H,05H,05H,05H,00H,01H,0C0H
         0002F800                
         F8040505                
         050001C0                
0000018C 603060                  		.byte	"`0`"
0000018F C0050808                		.byte	0C0H,05H,08H,08H,06H,00H,00H
         060000                  
00000196 70                      		.byte	"p"
00000197 D818                    		.byte	0D8H,18H
00000199 306060                  		.byte	"0``"
0000019C 00                      		.byte	00H
0000019D 60                      		.byte	"`"
0000019E 0A09120B                		.byte	0AH,09H,12H,0BH,00H,0FFH,1FH,00H
         00FF1F00                
000001A6 60                      		.byte	"`"
000001A7 80                      		.byte	80H
000001A8 4D40                    		.byte	"M@"
000001AA 92                      		.byte	92H
000001AB 40                      		.byte	"@"
000001AC A2                      		.byte	0A2H
000001AD 40                      		.byte	"@"
000001AE A4809B00                		.byte	0A4H,80H,9BH,00H
000001B2 40                      		.byte	"@"
000001B3 00                      		.byte	00H
000001B4 3E                      		.byte	">"
000001B5 00070808                		.byte	00H,07H,08H,08H,08H,00H,00H
         080000                  
000001BC 38386C6C                		.byte	"88lll"
         6C                      
000001C1 FEC6C606                		.byte	0FEH,0C6H,0C6H,06H,08H,08H,07H,00H,00H,0F8H,0CCH,0CCH,0F8H,0CCH,0CCH,0CCH
         08080700                
         00F8CCCC                
         F8CCCCCC                
000001D1 F8070808                		.byte	0F8H,07H,08H,08H,08H,00H,00H
         080000                  
000001D8 3C66                    		.byte	"<f"
000001DA C2C0C0C2                		.byte	0C2H,0C0H,0C0H,0C2H
000001DE 663C                    		.byte	"f<"
000001E0 06080807                		.byte	06H,08H,08H,07H,00H,00H,0F0H,0D8H,0CCH,0CCH,0CCH,0CCH,0D8H,0F0H,05H,08H
         0000F0D8                
         CCCCCCCC                
         D8F00508                
000001F0 08060000                		.byte	08H,06H,00H,00H,0F8H,0C0H,0C0H,0F8H,0C0H,0C0H,0C0H,0F8H,05H,08H,08H,06H
         F8C0C0F8                
         C0C0C0F8                
         05080806                
00000200 0000F8C0                		.byte	00H,00H,0F8H,0C0H,0C0H,0F0H,0C0H,0C0H,0C0H,0C0H,07H,08H,08H,08H,00H,00H
         C0F0C0C0                
         C0C00708                
         08080000                
00000210 3C66                    		.byte	"<f"
00000212 C2C0CEC6                		.byte	0C2H,0C0H,0CEH,0C6H
00000216 663A                    		.byte	"f:"
00000218 06080807                		.byte	06H,08H,08H,07H,00H,00H,0CCH,0CCH,0CCH,0FCH,0CCH,0CCH,0CCH,0CCH,02H,08H
         0000CCCC                
         CCFCCCCC                
         CCCC0208                
00000228 08030000                		.byte	08H,03H,00H,00H,0C0H,0C0H,0C0H,0C0H,0C0H,0C0H,0C0H,0C0H,05H,08H,08H,06H
         C0C0C0C0                
         C0C0C0C0                
         05080806                
00000238 00001818                		.byte	00H,00H,18H,18H,18H,18H,18H,18H,0D8H
         18181818                
         D8                      
00000241 70                      		.byte	"p"
00000242 07080807                		.byte	07H,08H,08H,07H,00H,00H,0CCH,0D8H,0F0H,0E0H,0F0H,0D8H,0CCH,0C6H,05H,08H
         0000CCD8                
         F0E0F0D8                
         CCC60508                
00000252 08060000                		.byte	08H,06H,00H,00H,0C0H,0C0H,0C0H,0C0H,0C0H,0C0H,0C0H,0F8H,09H,08H,10H,0AH
         C0C0C0C0                
         C0C0C0F8                
         0908100A                
00000262 0000C180                		.byte	00H,00H,0C1H,80H,0E3H,80H,0E3H,80H,0F7H,80H,0D5H,80H,0DDH,80H,0C9H,80H
         E380E380                
         F780D580                
         DD80C980                
00000272 C9800708                		.byte	0C9H,80H,07H,08H,08H,08H,00H,00H,0C6H,0E6H,0E6H,0D6H,0D6H,0CEH,0CEH,0C6H
         08080000                
         C6E6E6D6                
         D6CECEC6                
00000282 07080808                		.byte	07H,08H,08H,08H,00H,00H
         0000                    
00000288 386C                    		.byte	"8l"
0000028A C6C6C6C6                		.byte	0C6H,0C6H,0C6H,0C6H
0000028E 6C38                    		.byte	"l8"
00000290 06080807                		.byte	06H,08H,08H,07H,00H,00H,0F8H,0CCH,0CCH,0CCH,0F8H,0C0H,0C0H,0C0H,07H,09H
         0000F8CC                
         CCCCF8C0                
         C0C00709                
000002A0 090800FF                		.byte	09H,08H,00H,0FFH
000002A4 386C                    		.byte	"8l"
000002A6 C6C6C6D6                		.byte	0C6H,0C6H,0C6H,0D6H
000002AA 6C3C                    		.byte	"l<"
000002AC 02060808                		.byte	02H,06H,08H,08H,07H,00H,00H,0F8H,0CCH,0CCH,0CCH,0F8H,0CCH,0CCH,0CCH,06H
         070000F8                
         CCCCCCF8                
         CCCCCC06                
000002BC 08080700                		.byte	08H,08H,07H,00H,00H
         00                      
000002C1 78                      		.byte	"x"
000002C2 CCE0                    		.byte	0CCH,0E0H
000002C4 78                      		.byte	"x"
000002C5 1C8CCC                  		.byte	1CH,8CH,0CCH
000002C8 78                      		.byte	"x"
000002C9 06080807                		.byte	06H,08H,08H,07H,00H,00H,0FCH
         0000FC                  
000002D0 30303030                		.byte	"0000000"
         303030                  
000002D7 06080807                		.byte	06H,08H,08H,07H,00H,00H,0CCH,0CCH,0CCH,0CCH,0CCH,0CCH,0CCH
         0000CCCC                
         CCCCCCCC                
         CC                      
000002E4 78                      		.byte	"x"
000002E5 07080808                		.byte	07H,08H,08H,08H,00H,00H,0C6H,0C6H
         0000C6C6                
000002ED 6C6C6C38                		.byte	"lll88"
         38                      
000002F2 100A0810                		.byte	10H,0AH,08H,10H,0BH,00H,00H,0CCH,0C0H,0CCH,0C0H,0CCH,0C0H
         0B0000CC                
         C0CCC0CC                
         C0                      
000002FF 6D                      		.byte	"m"
00000300 80                      		.byte	80H
00000301 6D                      		.byte	"m"
00000302 807F80                  		.byte	80H,7FH,80H
00000305 33                      		.byte	"3"
00000306 00                      		.byte	00H
00000307 33                      		.byte	"3"
00000308 00070808                		.byte	00H,07H,08H,08H,08H,00H,00H,0C6H,0C6H
         080000C6                
         C6                      
00000311 6C38386C                		.byte	"l88l"
00000315 C6C60808                		.byte	0C6H,0C6H,08H,08H,08H,09H,00H,00H,0C3H,0C3H
         08090000                
         C3C3                    
0000031F 66663C                  		.byte	"ff<"
00000322 18181806                		.byte	18H,18H,18H,06H,08H,08H,07H,00H,00H,0FCH,0CH,18H
         08080700                
         00FC0C18                
0000032E 307060                  		.byte	"0p`"
00000331 C0FC030A                		.byte	0C0H,0FCH,03H,0AH,0AH,04H,00H,0FEH,0E0H,0C0H,0C0H,0C0H,0C0H,0C0H,0C0H,0C0H
         0A0400FE                
         E0C0C0C0                
         C0C0C0C0                
00000341 C0E00408                		.byte	0C0H,0E0H,04H,08H,08H,04H,00H,00H,80H,80H
         08040000                
         8080                    
0000034B 40402020                		.byte	"@@  "
0000034F 1010030A                		.byte	10H,10H,03H,0AH,0AH,04H,00H,0FEH,0E0H
         0A0400FE                
         E0                      
00000358 60606060                		.byte	"````````"
         60606060                
00000360 E0040404                		.byte	0E0H,04H,04H,04H,05H,00H,04H
         050004                  
00000367 60                      		.byte	"`"
00000368 F0909006                		.byte	0F0H,90H,90H,06H,01H,01H,06H,00H,0FEH,0FCH,02H,02H,02H,03H,00H,07H
         01010600                
         FEFC0202                
         02030007                
00000378 80                      		.byte	80H
00000379 40                      		.byte	"@"
0000037A 06060606                		.byte	06H,06H,06H,06H,00H,00H
         0000                    
00000380 70                      		.byte	"p"
00000381 98                      		.byte	98H
00000382 78                      		.byte	"x"
00000383 D8D8                    		.byte	0D8H,0D8H
00000385 6C                      		.byte	"l"
00000386 05080806                		.byte	05H,08H,08H,06H,00H,00H,0C0H,0C0H,0F0H,0D8H,0D8H,0D8H,0D8H,0F0H,04H,06H
         0000C0C0                
         F0D8D8D8                
         D8F00406                
00000396 06050000                		.byte	06H,05H,00H,00H
0000039A 70                      		.byte	"p"
0000039B D0C0C0D0                		.byte	0D0H,0C0H,0C0H,0D0H
0000039F 70                      		.byte	"p"
000003A0 05080806                		.byte	05H,08H,08H,06H,00H,00H,18H,18H
         00001818                
000003A8 78                      		.byte	"x"
000003A9 D8D8D8D8                		.byte	0D8H,0D8H,0D8H,0D8H
000003AD 78                      		.byte	"x"
000003AE 05060606                		.byte	05H,06H,06H,06H,00H,00H
         0000                    
000003B4 70                      		.byte	"p"
000003B5 D8F8C0D8                		.byte	0D8H,0F8H,0C0H,0D8H
000003B9 70                      		.byte	"p"
000003BA 05080804                		.byte	05H,08H,08H,04H,0FFH,00H
         FF00                    
000003C0 3860                    		.byte	"8`"
000003C2 F0                      		.byte	0F0H
000003C3 60606060                		.byte	"`````"
         60                      
000003C8 05080806                		.byte	05H,08H,08H,06H,00H,0FEH
         00FE                    
000003CE 68                      		.byte	"h"
000003CF D8D8D8D8                		.byte	0D8H,0D8H,0D8H,0D8H
000003D3 78                      		.byte	"x"
000003D4 18                      		.byte	18H
000003D5 70                      		.byte	"p"
000003D6 05080806                		.byte	05H,08H,08H,06H,00H,00H,0C0H,0C0H,0F0H,0D8H,0D8H,0D8H,0D8H,0D8H,02H,08H
         0000C0C0                
         F0D8D8D8                
         D8D80208                
000003E6 08030000                		.byte	08H,03H,00H,00H,0C0H,00H,0C0H,0C0H,0C0H,0C0H,0C0H,0C0H,03H,0AH,0AH,03H
         C000C0C0                
         C0C0C0C0                
         030A0A03                
000003F6 FFFE                    		.byte	0FFH,0FEH
000003F8 60                      		.byte	"`"
000003F9 00                      		.byte	00H
000003FA 60606060                		.byte	"```````"
         606060                  
00000401 C0060808                		.byte	0C0H,06H,08H,08H,06H,00H,00H,0C0H,0C0H,0D8H,0F0H,0E0H,0F0H,0D8H,0CCH,02H
         060000C0                
         C0D8F0E0                
         F0D8CC02                
00000411 08080300                		.byte	08H,08H,03H,00H,00H,0C0H,0C0H,0C0H,0C0H,0C0H,0C0H,0C0H,0C0H,08H,06H,06H
         00C0C0C0                
         C0C0C0C0                
         C0080606                
00000421 090000B6                		.byte	09H,00H,00H,0B6H,0DBH,0DBH,0DBH,0DBH,0DBH,05H,06H,06H,06H,00H,00H,0B0H
         DBDBDBDB                
         DB050606                
         060000B0                
00000431 D8D8D8D8                		.byte	0D8H,0D8H,0D8H,0D8H,0D8H,05H,06H,06H,06H,00H,00H
         D8050606                
         060000                  
0000043C 70                      		.byte	"p"
0000043D D8D8D8D8                		.byte	0D8H,0D8H,0D8H,0D8H
00000441 70                      		.byte	"p"
00000442 05080806                		.byte	05H,08H,08H,06H,00H,0FEH,0B0H,0D8H,0D8H,0D8H,0D8H,0F0H,0C0H,0C0H,05H,08H
         00FEB0D8                
         D8D8D8F0                
         C0C00508                
00000452 080600FE                		.byte	08H,06H,00H,0FEH
00000456 68                      		.byte	"h"
00000457 D8D8D8D8                		.byte	0D8H,0D8H,0D8H,0D8H
0000045B 78                      		.byte	"x"
0000045C 18180406                		.byte	18H,18H,04H,06H,06H,04H,00H,00H,0B0H,0E0H,0C0H,0C0H,0C0H,0C0H,05H,06H
         06040000                
         B0E0C0C0                
         C0C00506                
0000046C 06060000                		.byte	06H,06H,00H,00H
00000470 70                      		.byte	"p"
00000471 D8                      		.byte	0D8H
00000472 70                      		.byte	"p"
00000473 18D8                    		.byte	18H,0D8H
00000475 70                      		.byte	"p"
00000476 04080804                		.byte	04H,08H,08H,04H,0FFH,00H
         FF00                    
0000047C 6060                    		.byte	"``"
0000047E F0                      		.byte	0F0H
0000047F 60606060                		.byte	"````0"
         30                      
00000484 05060606                		.byte	05H,06H,06H,06H,00H,00H,0D8H,0D8H,0D8H,0D8H,0D8H
         0000D8D8                
         D8D8D8                  
0000048F 68                      		.byte	"h"
00000490 05060606                		.byte	05H,06H,06H,06H,00H,00H,0D8H,0D8H,0D8H
         0000D8D8                
         D8                      
00000499 507020                  		.byte	"Pp "
0000049C 07060608                		.byte	07H,06H,06H,08H,00H,00H,0D6H,0D6H,0D6H
         0000D6D6                
         D6                      
000004A5 6C6C6C                  		.byte	"lll"
000004A8 06060607                		.byte	06H,06H,06H,07H,00H,00H,0CCH
         0000CC                  
000004AF 783078                  		.byte	"x0x"
000004B2 CCCC0508                		.byte	0CCH,0CCH,05H,08H,08H,06H,00H,0FEH,0D8H,0D8H,0D8H,0D8H
         080600FE                
         D8D8D8D8                
000004BE 78303060                		.byte	"x00`"
000004C2 05060606                		.byte	05H,06H,06H,06H,00H,00H,0F8H,18H
         0000F818                
000004CA 3060                    		.byte	"0`"
000004CC C0F8040A                		.byte	0C0H,0F8H,04H,0AH,0AH,05H,00H,0FEH
         0A0500FE                
000004D4 30606060                		.byte	"0```"
000004D8 C0                      		.byte	0C0H
000004D9 60606060                		.byte	"````0"
         30                      
000004DE 010A0A03                		.byte	01H,0AH,0AH,03H,01H,0FEH,80H,80H,80H,80H,80H,80H,80H,80H,80H,80H
         01FE8080                
         80808080                
         80808080                
000004EE 040A0A05                		.byte	04H,0AH,0AH,05H,00H,0FEH,0C0H
         00FEC0                  
000004F5 60606030                		.byte	"```0````"
         60606060                
000004FD C0050202                		.byte	0C0H,05H,02H,02H,06H,00H,03H
         060003                  
00000504 68                      		.byte	"h"
00000505 B0FFFFFF                		.byte	0B0H,0FFH,0FFH,0FFH,0FFH,0FFH,0FFH,0FFH,0FFH,0FFH,0FFH,0FFH,0FFH,0FFH,0FFH,0FFH
         FFFFFFFF                
         FFFFFFFF                
         FFFFFFFF                
00000515 FFFFFFFF                		.byte	0FFH,0FFH,0FFH,0FFH,0FFH,0FFH,0FFH,0FFH,0FFH,0FFH,0FFH,0FFH,0FFH,0FFH,0FFH,0FFH
         FFFFFFFF                
         FFFFFFFF                
         FFFFFFFF                
00000525 FFFF0000                		.byte	0FFH,0FFH,00H,00H,00H,03H,00H,01H,02H,08H,08H,04H,01H,0FEH,0C0H,00H
         00030001                
         02080804                
         01FEC000                
00000535 4040                    		.byte	"@@"
00000537 C0C0C0C0                		.byte	0C0H,0C0H,0C0H,0C0H,05H,08H,08H,06H,00H,0FFH,10H
         05080806                
         00FF10                  
00000542 70                      		.byte	"p"
00000543 D8A0A0D8                		.byte	0D8H,0A0H,0A0H,0D8H
00000547 7040                    		.byte	"p@"
00000549 05080806                		.byte	05H,08H,08H,06H,00H,00H
         0000                    
0000054F 386860                  		.byte	"8h`"
00000552 F0                      		.byte	0F0H
00000553 606068                  		.byte	"``h"
00000556 D8060606                		.byte	0D8H,06H,06H,06H,06H,00H,01H,84H
         06000184                
0000055E 78484878                		.byte	"xHHx"
00000562 84060808                		.byte	84H,06H,08H,08H,07H,00H,00H,84H,84H,0CCH
         07000084                
         84CC                    
0000056C 48                      		.byte	"H"
0000056D FC                      		.byte	0FCH
0000056E 30                      		.byte	"0"
0000056F FC                      		.byte	0FCH
00000570 30                      		.byte	"0"
00000571 010A0A03                		.byte	01H,0AH,0AH,03H,01H,0FEH,80H,80H,80H,80H,00H,00H,80H,80H,80H,80H
         01FE8080                
         80800000                
         80808080                
00000581 050A0A06                		.byte	05H,0AH,0AH,06H,00H,0FEH
         00FE                    
00000587 70                      		.byte	"p"
00000588 C8E0                    		.byte	0C8H,0E0H
0000058A 70                      		.byte	"p"
0000058B 98C8                    		.byte	98H,0C8H
0000058D 7038                    		.byte	"p8"
0000058F 98                      		.byte	98H
00000590 70                      		.byte	"p"
00000591 03010103                		.byte	03H,01H,01H,03H,00H,07H,0A0H,08H,08H,08H,0AH,01H,00H
         0007A008                
         08080A01                
         00                      
0000059E 3C42                    		.byte	"<B"
000005A0 99A5A19D                		.byte	99H,0A5H,0A1H,9DH
000005A4 423C                    		.byte	"B<"
000005A6 03050505                		.byte	03H,05H,05H,05H,01H,03H,0E0H
         0103E0                  
000005AD 20                      		.byte	" "
000005AE A000E006                		.byte	0A0H,00H,0E0H,06H,03H,03H,07H,00H,01H
         03030700                
         01                      
000005B7 6C                      		.byte	"l"
000005B8 D8                      		.byte	0D8H
000005B9 6C                      		.byte	"l"
000005BA 05030307                		.byte	05H,03H,03H,07H,01H,02H,0F8H,08H,08H,04H,01H,01H,05H,00H,03H,0F0H
         0102F808                
         08040101                
         050003F0                
000005CA 0808080A                		.byte	08H,08H,08H,0AH,01H,00H
         0100                    
000005D0 3C42                    		.byte	"<B"
000005D2 BDA5B9A5                		.byte	0BDH,0A5H,0B9H,0A5H
000005D6 423C                    		.byte	"B<"
000005D8 03010103                		.byte	03H,01H,01H,03H,00H,07H,0E0H,03H,03H,03H,04H,00H,05H
         0007E003                
         03030400                
         05                      
000005E5 60                      		.byte	"`"
000005E6 A0C00607                		.byte	0A0H,0C0H,06H,07H,07H,06H,00H,00H
         07060000                
000005EE 3030                    		.byte	"00"
000005F0 FC                      		.byte	0FCH
000005F1 3030                    		.byte	"00"
000005F3 00FC0304                		.byte	00H,0FCH,03H,04H,04H,03H,00H,04H
         04030004                
000005FB 60                      		.byte	"`"
000005FC A0                      		.byte	0A0H
000005FD 40                      		.byte	"@"
000005FE E0030404                		.byte	0E0H,03H,04H,04H,03H,00H,04H,0E0H
         030004E0                
00000606 4020                    		.byte	"@ "
00000608 C0020202                		.byte	0C0H,02H,02H,02H,03H,00H,07H
         030007                  
0000060F 40                      		.byte	"@"
00000610 80050808                		.byte	80H,05H,08H,08H,06H,00H,0FEH,0D8H,0D8H,0D8H,0D8H,0D8H,0E8H,0C0H,0C0H,06H
         0600FED8                
         D8D8D8D8                
         E8C0C006                
00000620 0A0A0600                		.byte	0AH,0AH,06H,00H,0FEH
         FE                      
00000625 7C                      		.byte	"|"
00000626 E8E8E8                  		.byte	0E8H,0E8H,0E8H
00000629 68282828                		.byte	"h((((("
         2828                    
0000062F 02010103                		.byte	02H,01H,01H,03H,00H,03H,0C0H,02H,02H,02H,03H,00H,0FEH
         0003C002                
         02020300                
         FE                      
0000063C 40                      		.byte	"@"
0000063D C0020404                		.byte	0C0H,02H,04H,04H,03H,00H,04H
         030004                  
00000644 40                      		.byte	"@"
00000645 C0                      		.byte	0C0H
00000646 4040                    		.byte	"@@"
00000648 03050505                		.byte	03H,05H,05H,05H,01H,03H,0E0H,0A0H,0E0H,00H,0E0H,06H,03H,03H,07H,00H
         0103E0A0                
         E000E006                
         03030700                
00000658 01D8                    		.byte	01H,0D8H
0000065A 6C                      		.byte	"l"
0000065B D8080808                		.byte	0D8H,08H,08H,08H,09H,00H,00H
         090000                  
00000662 44                      		.byte	"D"
00000663 C4                      		.byte	0C4H
00000664 4848                    		.byte	"HH"
00000666 12                      		.byte	12H
00000667 262F42                  		.byte	"&/B"
0000066A 07080809                		.byte	07H,08H,08H,09H,00H,00H
         0000                    
00000670 44                      		.byte	"D"
00000671 C4                      		.byte	0C4H
00000672 4848                    		.byte	"HH"
00000674 16                      		.byte	16H
00000675 2A244E                  		.byte	"*$N"
00000678 08080809                		.byte	08H,08H,08H,09H,00H,00H,0E4H
         0000E4                  
0000067F 4428                    		.byte	"D("
00000681 C812                    		.byte	0C8H,12H
00000683 262F42                  		.byte	"&/B"
00000686 05080806                		.byte	05H,08H,08H,06H,00H,0FEH
         00FE                    
0000068C 30                      		.byte	"0"
0000068D 00                      		.byte	00H
0000068E 303060                  		.byte	"00`"
00000691 C0D8                    		.byte	0C0H,0D8H
00000693 70                      		.byte	"p"
00000694 070B0B08                		.byte	07H,0BH,0BH,08H,00H,00H
         0000                    
0000069A 20                      		.byte	" "
0000069B 1000                    		.byte	10H,00H
0000069D 38386C6C                		.byte	"88lll"
         6C                      
000006A2 FEC6C607                		.byte	0FEH,0C6H,0C6H,07H,0BH,0BH,08H,00H,00H,08H,10H,00H
         0B0B0800                
         00081000                
000006AE 38386C6C                		.byte	"88lll"
         6C                      
000006B3 FEC6C607                		.byte	0FEH,0C6H,0C6H,07H,0BH,0BH,08H,00H,00H,10H
         0B0B0800                
         0010                    
000006BD 28                      		.byte	"("
000006BE 00                      		.byte	00H
000006BF 38386C6C                		.byte	"88lll"
         6C                      
000006C4 FEC6C607                		.byte	0FEH,0C6H,0C6H,07H,0BH,0BH,08H,00H,00H,14H
         0B0B0800                
         0014                    
000006CE 28                      		.byte	"("
000006CF 00                      		.byte	00H
000006D0 38386C6C                		.byte	"88lll"
         6C                      
000006D5 FEC6C607                		.byte	0FEH,0C6H,0C6H,07H,0AH,0AH,08H,00H,00H
         0A0A0800                
         00                      
000006DE 28                      		.byte	"("
000006DF 00                      		.byte	00H
000006E0 38386C6C                		.byte	"88lll"
         6C                      
000006E5 FEC6C607                		.byte	0FEH,0C6H,0C6H,07H,0BH,0BH,08H,00H,00H,10H
         0B0B0800                
         0010                    
000006EF 28                      		.byte	"("
000006F0 10                      		.byte	10H
000006F1 38386C6C                		.byte	"88lll"
         6C                      
000006F6 FEC6C609                		.byte	0FEH,0C6H,0C6H,09H,08H,10H,0AH,00H,00H
         08100A00                
         00                      
000006FF 3F                      		.byte	"?"
00000700 80                      		.byte	80H
00000701 3C                      		.byte	"<"
00000702 00                      		.byte	00H
00000703 6C                      		.byte	"l"
00000704 00                      		.byte	00H
00000705 6F                      		.byte	"o"
00000706 80                      		.byte	80H
00000707 6C                      		.byte	"l"
00000708 00FC00CC                		.byte	00H,0FCH,00H,0CCH,00H,0CFH,80H,07H,0AH,0AH,08H,00H,0FEH
         00CF8007                
         0A0A0800                
         FE                      
00000715 3C66                    		.byte	"<f"
00000717 C2C0C0C2                		.byte	0C2H,0C0H,0C0H,0C2H
0000071B 663C                    		.byte	"f<"
0000071D 10                      		.byte	10H
0000071E 30                      		.byte	"0"
0000071F 050B0B06                		.byte	05H,0BH,0BH,06H,00H,00H
         0000                    
00000725 4020                    		.byte	"@ "
00000727 00F8C0C0                		.byte	00H,0F8H,0C0H,0C0H,0F8H,0C0H,0C0H,0C0H,0F8H,05H,0BH,0BH,06H,00H,00H,10H
         F8C0C0C0                
         F8050B0B                
         06000010                
00000737 20                      		.byte	" "
00000738 00F8C0C0                		.byte	00H,0F8H,0C0H,0C0H,0F8H,0C0H,0C0H,0C0H,0F8H,05H,0BH,0BH,06H,00H,00H
         F8C0C0C0                
         F8050B0B                
         060000                  
00000747 2050                    		.byte	" P"
00000749 00F8C0C0                		.byte	00H,0F8H,0C0H,0C0H,0F8H,0C0H,0C0H,0C0H,0F8H,05H,0AH,0AH,06H,00H,00H
         F8C0C0C0                
         F8050A0A                
         060000                  
00000758 50                      		.byte	"P"
00000759 00F8C0C0                		.byte	00H,0F8H,0C0H,0C0H,0F8H,0C0H,0C0H,0C0H,0F8H,02H,0BH,0BH,03H,00H,00H,80H
         F8C0C0C0                
         F8020B0B                
         03000080                
00000769 40                      		.byte	"@"
0000076A 00C0C0C0                		.byte	00H,0C0H,0C0H,0C0H,0C0H,0C0H,0C0H,0C0H,0C0H,02H,0BH,0BH,03H,00H,00H
         C0C0C0C0                
         C0020B0B                
         030000                  
00000779 40                      		.byte	"@"
0000077A 8000C0C0                		.byte	80H,00H,0C0H,0C0H,0C0H,0C0H,0C0H,0C0H,0C0H,0C0H,03H,0BH,0BH,03H,0FFH,00H
         C0C0C0C0                
         C0C0030B                
         0B03FF00                
0000078A 40                      		.byte	"@"
0000078B A000                    		.byte	0A0H,00H
0000078D 60606060                		.byte	"````````"
         60606060                
00000795 040A0A03                		.byte	04H,0AH,0AH,03H,0FFH,00H,90H,00H
         FF009000                
0000079D 60606060                		.byte	"````````"
         60606060                
000007A5 07080807                		.byte	07H,08H,08H,07H,0FFH,00H
         FF00                    
000007AB 786C66                  		.byte	"xlf"
000007AE F6                      		.byte	0F6H
000007AF 66666C78                		.byte	"fflx"
000007B3 070B0B08                		.byte	07H,0BH,0BH,08H,00H,00H,14H
         000014                  
000007BA 28                      		.byte	"("
000007BB 00C6E6E6                		.byte	00H,0C6H,0E6H,0E6H,0D6H,0D6H,0CEH,0CEH,0C6H,07H,0BH,0BH,08H,00H,00H,10H
         D6D6CECE                
         C6070B0B                
         08000010                
000007CB 0800                    		.byte	08H,00H
000007CD 386C                    		.byte	"8l"
000007CF C6C6C6C6                		.byte	0C6H,0C6H,0C6H,0C6H
000007D3 6C38                    		.byte	"l8"
000007D5 070B0B08                		.byte	07H,0BH,0BH,08H,00H,00H,08H,10H,00H
         00000810                
         00                      
000007DE 386C                    		.byte	"8l"
000007E0 C6C6C6C6                		.byte	0C6H,0C6H,0C6H,0C6H
000007E4 6C38                    		.byte	"l8"
000007E6 070B0B08                		.byte	07H,0BH,0BH,08H,00H,00H,10H
         000010                  
000007ED 28                      		.byte	"("
000007EE 00                      		.byte	00H
000007EF 386C                    		.byte	"8l"
000007F1 C6C6C6C6                		.byte	0C6H,0C6H,0C6H,0C6H
000007F5 6C38                    		.byte	"l8"
000007F7 070B0B08                		.byte	07H,0BH,0BH,08H,00H,00H,14H
         000014                  
000007FE 28                      		.byte	"("
000007FF 00                      		.byte	00H
00000800 386C                    		.byte	"8l"
00000802 C6C6C6C6                		.byte	0C6H,0C6H,0C6H,0C6H
00000806 6C38                    		.byte	"l8"
00000808 070A0A08                		.byte	07H,0AH,0AH,08H,00H,00H
         0000                    
0000080E 28                      		.byte	"("
0000080F 00                      		.byte	00H
00000810 386C                    		.byte	"8l"
00000812 C6C6C6C6                		.byte	0C6H,0C6H,0C6H,0C6H
00000816 6C38                    		.byte	"l8"
00000818 06050506                		.byte	06H,05H,05H,06H,00H,01H,0CCH
         0001CC                  
0000081F 783078                  		.byte	"x0x"
00000822 CC070808                		.byte	0CCH,07H,08H,08H,08H,00H,00H
         080000                  
00000829 3A6C                    		.byte	":l"
0000082B CED6D6E6                		.byte	0CEH,0D6H,0D6H,0E6H
0000082F 6C                      		.byte	"l"
00000830 B8060B0B                		.byte	0B8H,06H,0BH,0BH,07H,00H,00H
         070000                  
00000837 20                      		.byte	" "
00000838 1000CCCC                		.byte	10H,00H,0CCH,0CCH,0CCH,0CCH,0CCH,0CCH,0CCH
         CCCCCCCC                
         CC                      
00000841 78                      		.byte	"x"
00000842 060B0B07                		.byte	06H,0BH,0BH,07H,00H,00H,08H,10H,00H,0CCH,0CCH,0CCH,0CCH,0CCH,0CCH,0CCH
         00000810                
         00CCCCCC                
         CCCCCCCC                
00000852 78                      		.byte	"x"
00000853 060B0B07                		.byte	06H,0BH,0BH,07H,00H,00H
         0000                    
00000859 2050                    		.byte	" P"
0000085B 00CCCCCC                		.byte	00H,0CCH,0CCH,0CCH,0CCH,0CCH,0CCH,0CCH
         CCCCCCCC                
00000863 78                      		.byte	"x"
00000864 060A0A07                		.byte	06H,0AH,0AH,07H,00H,00H
         0000                    
0000086A 48                      		.byte	"H"
0000086B 00CCCCCC                		.byte	00H,0CCH,0CCH,0CCH,0CCH,0CCH,0CCH,0CCH
         CCCCCCCC                
00000873 78                      		.byte	"x"
00000874 080B0B09                		.byte	08H,0BH,0BH,09H,00H,00H,04H,08H,00H,0C3H,0C3H
         00000408                
         00C3C3                  
0000087F 66663C                  		.byte	"ff<"
00000882 18181806                		.byte	18H,18H,18H,06H,08H,08H,07H,00H,00H,0C0H,0F8H,0CCH,0CCH,0CCH,0F8H,0C0H
         08080700                
         00C0F8CC                
         CCCCF8C0                
00000892 C0050808                		.byte	0C0H,05H,08H,08H,06H,00H,00H
         060000                  
00000899 70                      		.byte	"p"
0000089A C8C8D0C8                		.byte	0C8H,0C8H,0D0H,0C8H,0C8H,0C8H,0D0H,06H,09H,09H,06H,00H,00H
         C8C8D006                
         09090600                
         00                      
000008A7 20                      		.byte	" "
000008A8 1000                    		.byte	10H,00H
000008AA 70                      		.byte	"p"
000008AB 98                      		.byte	98H
000008AC 78                      		.byte	"x"
000008AD D8D8                    		.byte	0D8H,0D8H
000008AF 6C                      		.byte	"l"
000008B0 06090906                		.byte	06H,09H,09H,06H,00H,00H,10H
         000010                  
000008B7 20                      		.byte	" "
000008B8 00                      		.byte	00H
000008B9 70                      		.byte	"p"
000008BA 98                      		.byte	98H
000008BB 78                      		.byte	"x"
000008BC D8D8                    		.byte	0D8H,0D8H
000008BE 6C                      		.byte	"l"
000008BF 06090906                		.byte	06H,09H,09H,06H,00H,00H
         0000                    
000008C5 2050                    		.byte	" P"
000008C7 00                      		.byte	00H
000008C8 70                      		.byte	"p"
000008C9 98                      		.byte	98H
000008CA 78                      		.byte	"x"
000008CB D8D8                    		.byte	0D8H,0D8H
000008CD 6C                      		.byte	"l"
000008CE 06090906                		.byte	06H,09H,09H,06H,00H,00H
         0000                    
000008D4 2850                    		.byte	"(P"
000008D6 00                      		.byte	00H
000008D7 70                      		.byte	"p"
000008D8 98                      		.byte	98H
000008D9 78                      		.byte	"x"
000008DA D8D8                    		.byte	0D8H,0D8H
000008DC 6C                      		.byte	"l"
000008DD 06080806                		.byte	06H,08H,08H,06H,00H,00H
         0000                    
000008E3 50                      		.byte	"P"
000008E4 00                      		.byte	00H
000008E5 70                      		.byte	"p"
000008E6 98                      		.byte	98H
000008E7 78                      		.byte	"x"
000008E8 D8D8                    		.byte	0D8H,0D8H
000008EA 6C                      		.byte	"l"
000008EB 06090906                		.byte	06H,09H,09H,06H,00H,00H
         0000                    
000008F1 20502070                		.byte	" P p"
000008F5 98                      		.byte	98H
000008F6 78                      		.byte	"x"
000008F7 D8D8                    		.byte	0D8H,0D8H
000008F9 6C                      		.byte	"l"
000008FA 08060609                		.byte	08H,06H,06H,09H,00H,00H
         0000                    
00000900 7E                      		.byte	"~"
00000901 9B7FD8DB                		.byte	9BH,7FH,0D8H,0DBH
00000905 6E                      		.byte	"n"
00000906 04080805                		.byte	04H,08H,08H,05H,00H,0FEH
         00FE                    
0000090C 70                      		.byte	"p"
0000090D D0C0C0D0                		.byte	0D0H,0C0H,0C0H,0D0H
00000911 702060                  		.byte	"p `"
00000914 05090906                		.byte	05H,09H,09H,06H,00H,00H
         0000                    
0000091A 4020                    		.byte	"@ "
0000091C 00                      		.byte	00H
0000091D 70                      		.byte	"p"
0000091E D8F8C0D8                		.byte	0D8H,0F8H,0C0H,0D8H
00000922 70                      		.byte	"p"
00000923 05090906                		.byte	05H,09H,09H,06H,00H,00H,10H
         000010                  
0000092A 20                      		.byte	" "
0000092B 00                      		.byte	00H
0000092C 70                      		.byte	"p"
0000092D D8F8C0D8                		.byte	0D8H,0F8H,0C0H,0D8H
00000931 70                      		.byte	"p"
00000932 05090906                		.byte	05H,09H,09H,06H,00H,00H
         0000                    
00000938 2050                    		.byte	" P"
0000093A 00                      		.byte	00H
0000093B 70                      		.byte	"p"
0000093C D8F8C0D8                		.byte	0D8H,0F8H,0C0H,0D8H
00000940 70                      		.byte	"p"
00000941 05080806                		.byte	05H,08H,08H,06H,00H,00H
         0000                    
00000947 50                      		.byte	"P"
00000948 00                      		.byte	00H
00000949 70                      		.byte	"p"
0000094A D8F8C0D8                		.byte	0D8H,0F8H,0C0H,0D8H
0000094E 70                      		.byte	"p"
0000094F 02090903                		.byte	02H,09H,09H,03H,00H,00H,80H
         000080                  
00000956 40                      		.byte	"@"
00000957 00C0C0C0                		.byte	00H,0C0H,0C0H,0C0H,0C0H,0C0H,0C0H,02H,09H,09H,03H,00H,00H
         C0C0C002                
         09090300                
         00                      
00000964 40                      		.byte	"@"
00000965 8000C0C0                		.byte	80H,00H,0C0H,0C0H,0C0H,0C0H,0C0H,0C0H,03H,09H,09H,03H,00H,00H
         C0C0C0C0                
         03090903                
         0000                    
00000973 40                      		.byte	"@"
00000974 A000C0C0                		.byte	0A0H,00H,0C0H,0C0H,0C0H,0C0H,0C0H,0C0H,03H,08H,08H,03H,00H,00H,0A0H,00H
         C0C0C0C0                
         03080803                
         0000A000                
00000984 C0C0C0C0                		.byte	0C0H,0C0H,0C0H,0C0H,0C0H,0C0H,05H,09H,09H,06H,00H,00H
         C0C00509                
         09060000                
00000990 5060                    		.byte	"P`"
00000992 A0                      		.byte	0A0H
00000993 70                      		.byte	"p"
00000994 D8D8D8D8                		.byte	0D8H,0D8H,0D8H,0D8H
00000998 70                      		.byte	"p"
00000999 05090906                		.byte	05H,09H,09H,06H,00H,00H
         0000                    
0000099F 50                      		.byte	"P"
000009A0 A000B0D8                		.byte	0A0H,00H,0B0H,0D8H,0D8H,0D8H,0D8H,0D8H,05H,09H,09H,06H,00H,00H
         D8D8D8D8                
         05090906                
         0000                    
000009AE 4020                    		.byte	"@ "
000009B0 00                      		.byte	00H
000009B1 70                      		.byte	"p"
000009B2 D8D8D8D8                		.byte	0D8H,0D8H,0D8H,0D8H
000009B6 70                      		.byte	"p"
000009B7 05090906                		.byte	05H,09H,09H,06H,00H,00H,10H
         000010                  
000009BE 20                      		.byte	" "
000009BF 00                      		.byte	00H
000009C0 70                      		.byte	"p"
000009C1 D8D8D8D8                		.byte	0D8H,0D8H,0D8H,0D8H
000009C5 70                      		.byte	"p"
000009C6 05090906                		.byte	05H,09H,09H,06H,00H,00H
         0000                    
000009CC 2050                    		.byte	" P"
000009CE 00                      		.byte	00H
000009CF 70                      		.byte	"p"
000009D0 D8D8D8D8                		.byte	0D8H,0D8H,0D8H,0D8H
000009D4 70                      		.byte	"p"
000009D5 05090906                		.byte	05H,09H,09H,06H,00H,00H
         0000                    
000009DB 50                      		.byte	"P"
000009DC A000                    		.byte	0A0H,00H
000009DE 70                      		.byte	"p"
000009DF D8D8D8D8                		.byte	0D8H,0D8H,0D8H,0D8H
000009E3 70                      		.byte	"p"
000009E4 05080806                		.byte	05H,08H,08H,06H,00H,00H
         0000                    
000009EA 50                      		.byte	"P"
000009EB 00                      		.byte	00H
000009EC 70                      		.byte	"p"
000009ED D8D8D8D8                		.byte	0D8H,0D8H,0D8H,0D8H
000009F1 70                      		.byte	"p"
000009F2 06050506                		.byte	06H,05H,05H,06H,00H,01H
         0001                    
000009F8 30                      		.byte	"0"
000009F9 00FC00                  		.byte	00H,0FCH,00H
000009FC 30                      		.byte	"0"
000009FD 07060606                		.byte	07H,06H,06H,06H,0FFH,00H
         FF00                    
00000A03 3A6C7C6C                		.byte	":l|ll"
         6C                      
00000A08 B8050909                		.byte	0B8H,05H,09H,09H,06H,00H,00H
         060000                  
00000A0F 4020                    		.byte	"@ "
00000A11 00D8D8D8                		.byte	00H,0D8H,0D8H,0D8H,0D8H,0D8H
         D8D8                    
00000A17 68                      		.byte	"h"
00000A18 05090906                		.byte	05H,09H,09H,06H,00H,00H,10H
         000010                  
00000A1F 20                      		.byte	" "
00000A20 00D8D8D8                		.byte	00H,0D8H,0D8H,0D8H,0D8H,0D8H
         D8D8                    
00000A26 68                      		.byte	"h"
00000A27 05090906                		.byte	05H,09H,09H,06H,00H,00H
         0000                    
00000A2D 2050                    		.byte	" P"
00000A2F 00D8D8D8                		.byte	00H,0D8H,0D8H,0D8H,0D8H,0D8H
         D8D8                    
00000A35 68                      		.byte	"h"
00000A36 05080806                		.byte	05H,08H,08H,06H,00H,00H
         0000                    
00000A3C 50                      		.byte	"P"
00000A3D 00D8D8D8                		.byte	00H,0D8H,0D8H,0D8H,0D8H,0D8H
         D8D8                    
00000A43 68                      		.byte	"h"
00000A44 050B0B06                		.byte	05H,0BH,0BH,06H,00H,0FEH,10H
         00FE10                  
00000A4B 20                      		.byte	" "
00000A4C 00D8D8D8                		.byte	00H,0D8H,0D8H,0D8H,0D8H
         D8                      
00000A51 78303060                		.byte	"x00`"
00000A55 050A0A06                		.byte	05H,0AH,0AH,06H,00H,0FEH,0C0H,0C0H,0F0H,0D8H,0C8H,0C8H,0D8H,0F0H,0C0H,0C0H
         00FEC0C0                
         F0D8C8C8                
         D8F0C0C0                
00000A65 050A0A06                		.byte	05H,0AH,0AH,06H,00H,0FEH
         00FE                    
00000A6B 50                      		.byte	"P"
00000A6C 00D8D8D8                		.byte	00H,0D8H,0D8H,0D8H,0D8H
         D8                      
00000A71 78303060                		.byte	"x00`"
                                 		.END

Information List

TOTAL ERROR(S)    00000
TOTAL WARNING(S)  00000
TOTAL LINE(S)     00648   LINES

Section List

Attr         Size               Name
ROMDATA  0000002677(00000A75H)  C_1

Cpu Type

-ISA=RXV1 -FPU

Command Parameter

-subcommand=C:\Users\LAFONS~1\AppData\Local\Temp\$ccrx124\$ccrx\u8g_font_helvb08.src.cmd
    -nologo
    -isa=rxv1
    -fpu
    -show=conditionals,definitions,expansions
    -define=__RXV1=1
    -fint_register=0
    -debug
    -endian=little
-listfile=C:\Workspace\e2studio\git\MT01_master\MT01_build\u8g_font_helvb08.lst
-output=C:\Workspace\e2studio\git\MT01_master\MT01_build\src\Display\font\u8g_font_helvb08.obj
