* RX FAMILY ASSEMBLER V2.03.00.01 [24 Oct 2014] *  SOURCE LIST  Mon Mar 20 17:54:13 2017

LOC.     OBJ.              0XMDA SOURCE STATEMENT

                                 ;RX Family C/C++ Compiler (V2.03.00.03 [04 Dec 2014])  20-Mar-2017 17:54:13
                                 
                                 ;*** CPU TYPE ***
                                 
                                 ;-ISA=RXV1
                                 
                                 ;*** COMMAND PARAMETER ***
                                 
                                 ;-output=src=u8g_bitmap.src
                                 ;-lang=c99
                                 ;-include=C:\PROGRA~2\Renesas\RX\2_3_0/include,C:\Workspace\e2studio\git\MT01_master\r_lvd_rx,C:\Workspace\e2studio\git\MT01_master\r_lvd_rx\src,C:/Workspace/e2studio/
                                 ;-debug
                                 ;-show=source,conditionals,definitions,expansions
                                 ;-listfile=u8g_bitmap.lst
                                 ;-isa=rxv1
                                 ;-optimize=0
                                 ;-fpu
                                 ;-alias=noansi
                                 ;-nologo
                                 ;-nomessage
                                 ;-define=__RX,COMPACTAXP=0,EASYMAK=1,MOBILE=0,FREE_RTOS_PP
                                 ;u8g_bitmap.c
                                 
                                 		.glb	_u8g_DrawHBitmap
                                 		.glb	_u8g_Draw8Pixel
                                 		.glb	_u8g_DrawBitmap
                                 		.glb	_u8g_IsBBXIntersection
                                 		.glb	_u8g_DrawHBitmapP
                                 		.glb	_u8g_DrawBitmapP
                                 		.glb	_u8g_DrawPixel
                                 		.glb	_u8g_DrawXBM
                                 		.glb	_u8g_DrawXBMP
                                 ;LineNo. C-SOURCE STATEMENT
                                 
                                 		.SECTION	P,CODE
00000000                         _u8g_DrawHBitmap:
                                 		.STACK	_u8g_DrawHBitmap=20
                                 ;       1 /*
                                 ;       2 
                                 ;       3   u8g_bitmap.c
                                 ;       4 
                                 ;       5   Universal 8bit Graphics Library
                                 ;       6   
                                 ;       7   Copyright (c) 2011, olikraus@gmail.com
                                 ;       8   All rights reserved.
                                 ;       9 
                                 ;      10   Redistribution and use in source and binary forms, with or without modification, 
                                 ;      11   are permitted provided that the following conditions are met:
                                 ;      12 
                                 ;      13   * Redistributions of source code must retain the above copyright notice, this list 
                                 ;      14     of conditions and the following disclaimer.
                                 ;      15     
                                 ;      16   * Redistributions in binary form must reproduce the above copyright notice, this 
                                 ;      17     list of conditions and the following disclaimer in the documentation and/or other 
                                 ;      18     materials provided with the distribution.
                                 ;      19 
                                 ;      20   THIS SOFTWARE IS PROVIDED BY THE COPYRIGHT HOLDERS AND 
                                 ;      21   CONTRIBUTORS "AS IS" AND ANY EXPRESS OR IMPLIED WARRANTIES, 
                                 ;      22   INCLUDING, BUT NOT LIMITED TO, THE IMPLIED WARRANTIES OF 
                                 ;      23   MERCHANTABILITY AND FITNESS FOR A PARTICULAR PURPOSE ARE 
                                 ;      24   DISCLAIMED. IN NO EVENT SHALL THE COPYRIGHT HOLDER OR 
                                 ;      25   CONTRIBUTORS BE LIABLE FOR ANY DIRECT, INDIRECT, INCIDENTAL, 
                                 ;      26   SPECIAL, EXEMPLARY, OR CONSEQUENTIAL DAMAGES (INCLUDING, BUT 
                                 ;      27   NOT LIMITED TO, PROCUREMENT OF SUBSTITUTE GOODS OR SERVICES; 
                                 ;      28   LOSS OF USE, DATA, OR PROFITS; OR BUSINESS INTERRUPTION) HOWEVER 
                                 ;      29   CAUSED AND ON ANY THEORY OF LIABILITY, WHETHER IN CONTRACT, 
                                 ;      30   STRICT LIABILITY, OR TORT (INCLUDING NEGLIGENCE OR OTHERWISE) 
                                 ;      31   ARISING IN ANY WAY OUT OF THE USE OF THIS SOFTWARE, EVEN IF 
                                 ;      32   ADVISED OF THE POSSIBILITY OF SUCH DAMAGE.  
                                 ;      33   
                                 ;      34 
                                 ;      35 */
                                 ;      36 
                                 ;      37 #include "u8g.h"
                                 ;      38 
                                 ;      39 void u8g_DrawHBitmap(u8g_t *u8g, u8g_uint_t x, u8g_uint_t y, u8g_uint_t cnt, const uint8_t *bitmap)
                                 		.LINE  "C:\Workspace\e2studio\git\MT01_master\src\Display\u8g_bitmap.c",39
00000000 60C0                    		SUB #0CH, R0
00000002 A081                    		MOV.L R1, 08H[R0]
00000004 818A                    		MOV.B R2, 07H[R0]
00000006 8183                    		MOV.B R3, 06H[R0]
00000008 810C                    		MOV.B R4, 05H[R0]
0000000A E10004                  		MOV.L 10H[R0], [R0]
0000000D 2Err                 B  		BRA L15
0000000F                         L11:	; bb
                                 ;      40 {
                                 ;      41   while( cnt > 0 )
                                 ;      42   {
                                 ;      43     u8g_Draw8Pixel(u8g, x, y, 0, *bitmap);
                                 		.LINE  "C:\Workspace\e2studio\git\MT01_master\src\Display\u8g_bitmap.c",43
0000000F EC04                    		MOV.L [R0], R4
00000011 B183                    		MOVU.B 06H[R0], R3
00000013 B18A                    		MOVU.B 07H[R0], R2
00000015 A881                    		MOV.L 08H[R0], R1
00000017 6040                    		SUB #04H, R0
00000019 C040                    		MOV.B [R4], [R0]
0000001B 6604                    		MOV.L #00000000H, R4
0000001D 05rrrrrr             A  		BSR _u8g_Draw8Pixel
00000021 6240                    		ADD #04H, R0
00000023                         L12:	; bb.split
                                 ;      44     bitmap++;
                                 		.LINE  "C:\Workspace\e2studio\git\MT01_master\src\Display\u8g_bitmap.c",44
00000023 EC01                    		MOV.L [R0], R1
00000025 6211                    		ADD #01H, R1
00000027 E301                    		MOV.L R1, [R0]
00000029                         L13:	; bb.split1
                                 ;      45     cnt--;
                                 		.LINE  "C:\Workspace\e2studio\git\MT01_master\src\Display\u8g_bitmap.c",45
00000029 B109                    		MOVU.B 05H[R0], R1
0000002B 6011                    		SUB #01H, R1
0000002D 8109                    		MOV.B R1, 05H[R0]
0000002F                         L14:	; bb.split2
                                 ;      46     x+=8;
                                 		.LINE  "C:\Workspace\e2studio\git\MT01_master\src\Display\u8g_bitmap.c",46
0000002F B189                    		MOVU.B 07H[R0], R1
00000031 6281                    		ADD #08H, R1
00000033 8189                    		MOV.B R1, 07H[R0]
00000035                         L15:	; bb18
                                 		.LINE  "C:\Workspace\e2studio\git\MT01_master\src\Display\u8g_bitmap.c",41
00000035 B109                    		MOVU.B 05H[R0], R1
00000037 6101                    		CMP #00H, R1
00000039 2Arr                    		BGT L11
0000003B                         L16:	; return
                                 ;      47   }
                                 ;      48 }
                                 		.LINE  "C:\Workspace\e2studio\git\MT01_master\src\Display\u8g_bitmap.c",48
0000003B 6703                    		RTSD #0CH
0000003D                         _u8g_DrawBitmap:
                                 		.STACK	_u8g_DrawBitmap=20
                                 ;      49 
                                 ;      50 void u8g_DrawBitmap(u8g_t *u8g, u8g_uint_t x, u8g_uint_t y, u8g_uint_t cnt, u8g_uint_t h, const uint8_t *bitmap)
                                 		.LINE  "C:\Workspace\e2studio\git\MT01_master\src\Display\u8g_bitmap.c",50
0000003D 60C0                    		SUB #0CH, R0
0000003F A081                    		MOV.L R1, 08H[R0]
00000041 818A                    		MOV.B R2, 07H[R0]
00000043 8183                    		MOV.B R3, 06H[R0]
00000045 810C                    		MOV.B R4, 05H[R0]
00000047 C5001004                		MOV.B 10H[R0], 04H[R0]
0000004B E10005                  		MOV.L 14H[R0], [R0]
                                 ;      51 {
                                 ;      52   if ( u8g_IsBBXIntersection(u8g, x, y, cnt*8, h) == 0 )
                                 		.LINE  "C:\Workspace\e2studio\git\MT01_master\src\Display\u8g_bitmap.c",52
0000004E B104                    		MOVU.B 04H[R0], R4
00000050 B10D                    		MOVU.B 05H[R0], R5
00000052 B183                    		MOVU.B 06H[R0], R3
00000054 B18A                    		MOVU.B 07H[R0], R2
00000056 A881                    		MOV.L 08H[R0], R1
00000058 6040                    		SUB #04H, R0
0000005A C304                    		MOV.B R4, [R0]
0000005C 6C35                    		SHLL #03H, R5
0000005E 5B54                    		MOVU.B R5, R4
00000060 05rrrrrr             A  		BSR _u8g_IsBBXIntersection
00000064 6240                    		ADD #04H, R0
00000066 6101                    		CMP #00H, R1
00000068 20rr                    		BEQ L23
0000006A 2Err                 B  		BRA L22
0000006C                         L18:	; bb21
                                 ;      53     return;
                                 ;      54   while( h > 0 )
                                 ;      55   {
                                 ;      56     u8g_DrawHBitmap(u8g, x, y, cnt, bitmap);
                                 		.LINE  "C:\Workspace\e2studio\git\MT01_master\src\Display\u8g_bitmap.c",56
0000006C EC05                    		MOV.L [R0], R5
0000006E B10C                    		MOVU.B 05H[R0], R4
00000070 B183                    		MOVU.B 06H[R0], R3
00000072 B18A                    		MOVU.B 07H[R0], R2
00000074 A881                    		MOV.L 08H[R0], R1
00000076 6040                    		SUB #04H, R0
00000078 E305                    		MOV.L R5, [R0]
0000007A 39rrrr               W  		BSR _u8g_DrawHBitmap
0000007D 6240                    		ADD #04H, R0
0000007F                         L19:	; bb21.split
                                 ;      57     bitmap += cnt;
                                 		.LINE  "C:\Workspace\e2studio\git\MT01_master\src\Display\u8g_bitmap.c",57
0000007F EC01                    		MOV.L [R0], R1
00000081 490105                  		ADD 05H[R0].UB, R1
00000084 E301                    		MOV.L R1, [R0]
00000086                         L20:	; bb21.split1
                                 ;      58     y++;
                                 		.LINE  "C:\Workspace\e2studio\git\MT01_master\src\Display\u8g_bitmap.c",58
00000086 B181                    		MOVU.B 06H[R0], R1
00000088 6211                    		ADD #01H, R1
0000008A 8181                    		MOV.B R1, 06H[R0]
0000008C                         L21:	; bb21.split2
                                 ;      59     h--;
                                 		.LINE  "C:\Workspace\e2studio\git\MT01_master\src\Display\u8g_bitmap.c",59
0000008C B101                    		MOVU.B 04H[R0], R1
0000008E 6011                    		SUB #01H, R1
00000090 8101                    		MOV.B R1, 04H[R0]
00000092                         L22:	; bb35
                                 		.LINE  "C:\Workspace\e2studio\git\MT01_master\src\Display\u8g_bitmap.c",54
00000092 B101                    		MOVU.B 04H[R0], R1
00000094 6101                    		CMP #00H, R1
00000096 2Arr                    		BGT L18
00000098                         L23:	; return
                                 ;      60   }
                                 ;      61 }
                                 		.LINE  "C:\Workspace\e2studio\git\MT01_master\src\Display\u8g_bitmap.c",61
00000098 6703                    		RTSD #0CH
0000009A                         _u8g_DrawHBitmapP:
                                 		.STACK	_u8g_DrawHBitmapP=20
                                 ;      62 
                                 ;      63 
                                 ;      64 void u8g_DrawHBitmapP(u8g_t *u8g, u8g_uint_t x, u8g_uint_t y, u8g_uint_t cnt, const u8g_pgm_uint8_t *bitmap)
                                 		.LINE  "C:\Workspace\e2studio\git\MT01_master\src\Display\u8g_bitmap.c",64
0000009A 60C0                    		SUB #0CH, R0
0000009C A081                    		MOV.L R1, 08H[R0]
0000009E 818A                    		MOV.B R2, 07H[R0]
000000A0 8183                    		MOV.B R3, 06H[R0]
000000A2 810C                    		MOV.B R4, 05H[R0]
000000A4 E10004                  		MOV.L 10H[R0], [R0]
000000A7 2Err                 B  		BRA L29
000000A9                         L25:	; bb
                                 ;      65 {
                                 ;      66   while( cnt > 0 )
                                 ;      67   {
                                 ;      68     u8g_Draw8Pixel(u8g, x, y, 0, u8g_pgm_read(bitmap));
                                 		.LINE  "C:\Workspace\e2studio\git\MT01_master\src\Display\u8g_bitmap.c",68
000000A9 EC04                    		MOV.L [R0], R4
000000AB B183                    		MOVU.B 06H[R0], R3
000000AD B18A                    		MOVU.B 07H[R0], R2
000000AF A881                    		MOV.L 08H[R0], R1
000000B1 6040                    		SUB #04H, R0
000000B3 C040                    		MOV.B [R4], [R0]
000000B5 6604                    		MOV.L #00000000H, R4
000000B7 05rrrrrr             A  		BSR _u8g_Draw8Pixel
000000BB 6240                    		ADD #04H, R0
000000BD                         L26:	; bb.split
                                 ;      69     bitmap++;
                                 		.LINE  "C:\Workspace\e2studio\git\MT01_master\src\Display\u8g_bitmap.c",69
000000BD EC01                    		MOV.L [R0], R1
000000BF 6211                    		ADD #01H, R1
000000C1 E301                    		MOV.L R1, [R0]
000000C3                         L27:	; bb.split1
                                 ;      70     cnt--;
                                 		.LINE  "C:\Workspace\e2studio\git\MT01_master\src\Display\u8g_bitmap.c",70
000000C3 B109                    		MOVU.B 05H[R0], R1
000000C5 6011                    		SUB #01H, R1
000000C7 8109                    		MOV.B R1, 05H[R0]
000000C9                         L28:	; bb.split2
                                 ;      71     x+=8;
                                 		.LINE  "C:\Workspace\e2studio\git\MT01_master\src\Display\u8g_bitmap.c",71
000000C9 B189                    		MOVU.B 07H[R0], R1
000000CB 6281                    		ADD #08H, R1
000000CD 8189                    		MOV.B R1, 07H[R0]
000000CF                         L29:	; bb18
                                 		.LINE  "C:\Workspace\e2studio\git\MT01_master\src\Display\u8g_bitmap.c",66
000000CF B109                    		MOVU.B 05H[R0], R1
000000D1 6101                    		CMP #00H, R1
000000D3 2Arr                    		BGT L25
000000D5                         L30:	; return
                                 ;      72   }
                                 ;      73 }
                                 		.LINE  "C:\Workspace\e2studio\git\MT01_master\src\Display\u8g_bitmap.c",73
000000D5 6703                    		RTSD #0CH
000000D7                         _u8g_DrawBitmapP:
                                 		.STACK	_u8g_DrawBitmapP=20
                                 ;      74 
                                 ;      75 void u8g_DrawBitmapP(u8g_t *u8g, u8g_uint_t x, u8g_uint_t y, u8g_uint_t cnt, u8g_uint_t h, const u8g_pgm_uint8_t *bitmap)
                                 		.LINE  "C:\Workspace\e2studio\git\MT01_master\src\Display\u8g_bitmap.c",75
000000D7 60C0                    		SUB #0CH, R0
000000D9 A081                    		MOV.L R1, 08H[R0]
000000DB 818A                    		MOV.B R2, 07H[R0]
000000DD 8183                    		MOV.B R3, 06H[R0]
000000DF 810C                    		MOV.B R4, 05H[R0]
000000E1 C5001004                		MOV.B 10H[R0], 04H[R0]
000000E5 E10005                  		MOV.L 14H[R0], [R0]
                                 ;      76 {
                                 ;      77   if ( u8g_IsBBXIntersection(u8g, x, y, cnt*8, h) == 0 )
                                 		.LINE  "C:\Workspace\e2studio\git\MT01_master\src\Display\u8g_bitmap.c",77
000000E8 B104                    		MOVU.B 04H[R0], R4
000000EA B10D                    		MOVU.B 05H[R0], R5
000000EC B183                    		MOVU.B 06H[R0], R3
000000EE B18A                    		MOVU.B 07H[R0], R2
000000F0 A881                    		MOV.L 08H[R0], R1
000000F2 6040                    		SUB #04H, R0
000000F4 C304                    		MOV.B R4, [R0]
000000F6 6C35                    		SHLL #03H, R5
000000F8 5B54                    		MOVU.B R5, R4
000000FA 05rrrrrr             A  		BSR _u8g_IsBBXIntersection
000000FE 6240                    		ADD #04H, R0
00000100 6101                    		CMP #00H, R1
00000102 20rr                    		BEQ L37
00000104 2Err                 B  		BRA L36
00000106                         L32:	; bb21
                                 ;      78     return;
                                 ;      79   while( h > 0 )
                                 ;      80   {
                                 ;      81     u8g_DrawHBitmapP(u8g, x, y, cnt, bitmap);
                                 		.LINE  "C:\Workspace\e2studio\git\MT01_master\src\Display\u8g_bitmap.c",81
00000106 EC05                    		MOV.L [R0], R5
00000108 B10C                    		MOVU.B 05H[R0], R4
0000010A B183                    		MOVU.B 06H[R0], R3
0000010C B18A                    		MOVU.B 07H[R0], R2
0000010E A881                    		MOV.L 08H[R0], R1
00000110 6040                    		SUB #04H, R0
00000112 E305                    		MOV.L R5, [R0]
00000114 39rrrr               W  		BSR _u8g_DrawHBitmapP
00000117 6240                    		ADD #04H, R0
00000119                         L33:	; bb21.split
                                 ;      82     bitmap += cnt;
                                 		.LINE  "C:\Workspace\e2studio\git\MT01_master\src\Display\u8g_bitmap.c",82
00000119 EC01                    		MOV.L [R0], R1
0000011B 490105                  		ADD 05H[R0].UB, R1
0000011E E301                    		MOV.L R1, [R0]
00000120                         L34:	; bb21.split1
                                 ;      83     y++;
                                 		.LINE  "C:\Workspace\e2studio\git\MT01_master\src\Display\u8g_bitmap.c",83
00000120 B181                    		MOVU.B 06H[R0], R1
00000122 6211                    		ADD #01H, R1
00000124 8181                    		MOV.B R1, 06H[R0]
00000126                         L35:	; bb21.split2
                                 ;      84     h--;
                                 		.LINE  "C:\Workspace\e2studio\git\MT01_master\src\Display\u8g_bitmap.c",84
00000126 B101                    		MOVU.B 04H[R0], R1
00000128 6011                    		SUB #01H, R1
0000012A 8101                    		MOV.B R1, 04H[R0]
0000012C                         L36:	; bb35
                                 		.LINE  "C:\Workspace\e2studio\git\MT01_master\src\Display\u8g_bitmap.c",79
0000012C B101                    		MOVU.B 04H[R0], R1
0000012E 6101                    		CMP #00H, R1
00000130 2Arr                    		BGT L32
00000132                         L37:	; return
                                 ;      85   }
                                 ;      86 }
                                 		.LINE  "C:\Workspace\e2studio\git\MT01_master\src\Display\u8g_bitmap.c",86
00000132 6703                    		RTSD #0CH
00000134                         __$u8g_DrawHXBM:
                                 		.STACK	__$u8g_DrawHXBM=24
                                 ;      87 
                                 ;      88 /*=========================================================================*/
                                 ;      89 
                                 ;      90 static void u8g_DrawHXBM(u8g_t *u8g, u8g_uint_t x, u8g_uint_t y, u8g_uint_t w, const uint8_t *bitmap)
                                 		.LINE  "C:\Workspace\e2studio\git\MT01_master\src\Display\u8g_bitmap.c",90
00000134 7100F0                  		ADD #0FFFFFFF0H, R0
00000137 A089                    		MOV.L R1, 0CH[R0]
00000139 828A                    		MOV.B R2, 0BH[R0]
0000013B 8283                    		MOV.B R3, 0AH[R0]
0000013D 820C                    		MOV.B R4, 09H[R0]
0000013F E5000501                		MOV.L 14H[R0], 04H[R0]
                                 ;      91 {
                                 ;      92   uint8_t d;
                                 ;      93   x+=7;
                                 		.LINE  "C:\Workspace\e2studio\git\MT01_master\src\Display\u8g_bitmap.c",93
00000143 B289                    		MOVU.B 0BH[R0], R1
00000145 6271                    		ADD #07H, R1
00000147 8289                    		MOV.B R1, 0BH[R0]
00000149 2Err                 B  		BRA L43
0000014B                         L39:	; bb
                                 ;      94   while( w >= 8 )
                                 ;      95   {
                                 ;      96     u8g_Draw8Pixel(u8g, x, y, 2, *bitmap);
                                 		.LINE  "C:\Workspace\e2studio\git\MT01_master\src\Display\u8g_bitmap.c",96
0000014B A80C                    		MOV.L 04H[R0], R4
0000014D B283                    		MOVU.B 0AH[R0], R3
0000014F B28A                    		MOVU.B 0BH[R0], R2
00000151 A889                    		MOV.L 0CH[R0], R1
00000153 6040                    		SUB #04H, R0
00000155 C040                    		MOV.B [R4], [R0]
00000157 6624                    		MOV.L #00000002H, R4
00000159 05rrrrrr             A  		BSR _u8g_Draw8Pixel
0000015D 6240                    		ADD #04H, R0
0000015F                         L40:	; bb.split
                                 ;      97     bitmap++;
                                 		.LINE  "C:\Workspace\e2studio\git\MT01_master\src\Display\u8g_bitmap.c",97
0000015F A809                    		MOV.L 04H[R0], R1
00000161 6211                    		ADD #01H, R1
00000163 A009                    		MOV.L R1, 04H[R0]
00000165                         L41:	; bb.split1
                                 ;      98     w-= 8;
                                 		.LINE  "C:\Workspace\e2studio\git\MT01_master\src\Display\u8g_bitmap.c",98
00000165 B209                    		MOVU.B 09H[R0], R1
00000167 6081                    		SUB #08H, R1
00000169 8209                    		MOV.B R1, 09H[R0]
0000016B                         L42:	; bb.split2
                                 ;      99     x+=8;
                                 		.LINE  "C:\Workspace\e2studio\git\MT01_master\src\Display\u8g_bitmap.c",99
0000016B B289                    		MOVU.B 0BH[R0], R1
0000016D 6281                    		ADD #08H, R1
0000016F 8289                    		MOV.B R1, 0BH[R0]
00000171                         L43:	; bb25
                                 		.LINE  "C:\Workspace\e2studio\git\MT01_master\src\Display\u8g_bitmap.c",94
00000171 B209                    		MOVU.B 09H[R0], R1
00000173 6171                    		CMP #07H, R1
00000175 2Arr                    		BGT L39
00000177                         L44:	; bb31
                                 ;     100   }
                                 ;     101   if ( w > 0 )
                                 		.LINE  "C:\Workspace\e2studio\git\MT01_master\src\Display\u8g_bitmap.c",101
00000177 B209                    		MOVU.B 09H[R0], R1
00000179 6101                    		CMP #00H, R1
0000017B 2Brr                    		BLE L53
0000017D                         L45:	; bb32
                                 ;     102   {
                                 ;     103     d = *bitmap;
                                 		.LINE  "C:\Workspace\e2studio\git\MT01_master\src\Display\u8g_bitmap.c",103
0000017D A809                    		MOV.L 04H[R0], R1
0000017F C41003                  		MOV.B [R1], 03H[R0]
00000182                         L46:	; bb32.split
                                 ;     104     x -= 7;
                                 		.LINE  "C:\Workspace\e2studio\git\MT01_master\src\Display\u8g_bitmap.c",104
00000182 B289                    		MOVU.B 0BH[R0], R1
00000184 6071                    		SUB #07H, R1
00000186 8289                    		MOV.B R1, 0BH[R0]
00000188                         L47:	; bb40
                                 ;     105     do
                                 ;     106     {
                                 ;     107       if ( d & 1 )
                                 		.LINE  "C:\Workspace\e2studio\git\MT01_master\src\Display\u8g_bitmap.c",107
00000188 F50003                  		BTST #00H, 03H[R0].B
0000018B 20rr                    		BEQ L49
0000018D                         L48:	; bb41
                                 ;     108         u8g_DrawPixel(u8g, x, y);
                                 		.LINE  "C:\Workspace\e2studio\git\MT01_master\src\Display\u8g_bitmap.c",108
0000018D B283                    		MOVU.B 0AH[R0], R3
0000018F B28A                    		MOVU.B 0BH[R0], R2
00000191 A889                    		MOV.L 0CH[R0], R1
00000193 05rrrrrr             A  		BSR _u8g_DrawPixel
00000197                         L49:	; bb51
                                 ;     109       x++;
                                 		.LINE  "C:\Workspace\e2studio\git\MT01_master\src\Display\u8g_bitmap.c",109
00000197 B289                    		MOVU.B 0BH[R0], R1
00000199 6211                    		ADD #01H, R1
0000019B 8289                    		MOV.B R1, 0BH[R0]
0000019D                         L50:	; bb51.split
                                 ;     110       w--;
                                 		.LINE  "C:\Workspace\e2studio\git\MT01_master\src\Display\u8g_bitmap.c",110
0000019D B209                    		MOVU.B 09H[R0], R1
0000019F 6011                    		SUB #01H, R1
000001A1 8209                    		MOV.B R1, 09H[R0]
000001A3                         L51:	; bb51.split3
                                 ;     111       d >>= 1;      
                                 		.LINE  "C:\Workspace\e2studio\git\MT01_master\src\Display\u8g_bitmap.c",111
000001A3 B089                    		MOVU.B 03H[R0], R1
000001A5 6811                    		SHLR #01H, R1
000001A7 8089                    		MOV.B R1, 03H[R0]
000001A9                         L52:	; bb51.split4
                                 		.LINE  "C:\Workspace\e2studio\git\MT01_master\src\Display\u8g_bitmap.c",105
000001A9 B209                    		MOVU.B 09H[R0], R1
000001AB 6101                    		CMP #00H, R1
000001AD 2Arr                    		BGT L47
000001AF                         L53:	; return
                                 ;     112     } while ( w > 0 );
                                 ;     113   }
                                 ;     114 }
                                 		.LINE  "C:\Workspace\e2studio\git\MT01_master\src\Display\u8g_bitmap.c",114
000001AF 6704                    		RTSD #10H
000001B1                         _u8g_DrawXBM:
                                 		.STACK	_u8g_DrawXBM=24
                                 ;     115 
                                 ;     116 void u8g_DrawXBM(u8g_t *u8g, u8g_uint_t x, u8g_uint_t y, u8g_uint_t w, u8g_uint_t h, const uint8_t *bitmap)
                                 		.LINE  "C:\Workspace\e2studio\git\MT01_master\src\Display\u8g_bitmap.c",116
000001B1 7100F0                  		ADD #0FFFFFFF0H, R0
000001B4 A089                    		MOV.L R1, 0CH[R0]
000001B6 828A                    		MOV.B R2, 0BH[R0]
000001B8 8283                    		MOV.B R3, 0AH[R0]
000001BA 820C                    		MOV.B R4, 09H[R0]
000001BC C5001408                		MOV.B 14H[R0], 08H[R0]
000001C0 E5000601                		MOV.L 18H[R0], 04H[R0]
                                 ;     117 {
                                 ;     118   u8g_uint_t b;
                                 ;     119   b = w;
                                 		.LINE  "C:\Workspace\e2studio\git\MT01_master\src\Display\u8g_bitmap.c",119
000001C4 C5000903                		MOV.B 09H[R0], 03H[R0]
000001C8                         L55:	; entry.split
                                 ;     120   b += 7;
                                 		.LINE  "C:\Workspace\e2studio\git\MT01_master\src\Display\u8g_bitmap.c",120
000001C8 B089                    		MOVU.B 03H[R0], R1
000001CA 6271                    		ADD #07H, R1
000001CC 8089                    		MOV.B R1, 03H[R0]
000001CE                         L56:	; entry.split1
                                 ;     121   b >>= 3;
                                 		.LINE  "C:\Workspace\e2studio\git\MT01_master\src\Display\u8g_bitmap.c",121
000001CE B089                    		MOVU.B 03H[R0], R1
000001D0 6831                    		SHLR #03H, R1
000001D2 8089                    		MOV.B R1, 03H[R0]
000001D4                         L57:	; entry.split2
                                 ;     122   
                                 ;     123   if ( u8g_IsBBXIntersection(u8g, x, y, w, h) == 0 )
                                 		.LINE  "C:\Workspace\e2studio\git\MT01_master\src\Display\u8g_bitmap.c",123
000001D4 B205                    		MOVU.B 08H[R0], R5
000001D6 B20C                    		MOVU.B 09H[R0], R4
000001D8 B283                    		MOVU.B 0AH[R0], R3
000001DA B28A                    		MOVU.B 0BH[R0], R2
000001DC A889                    		MOV.L 0CH[R0], R1
000001DE 6040                    		SUB #04H, R0
000001E0 C305                    		MOV.B R5, [R0]
000001E2 05rrrrrr             A  		BSR _u8g_IsBBXIntersection
000001E6 6240                    		ADD #04H, R0
000001E8 6101                    		CMP #00H, R1
000001EA 20rr                    		BEQ L63
000001EC 2Err                 B  		BRA L62
000001EE                         L58:	; bb28
                                 ;     124     return;
                                 ;     125   
                                 ;     126   while( h > 0 )
                                 ;     127   {
                                 ;     128     u8g_DrawHXBM(u8g, x, y, w, bitmap);
                                 		.LINE  "C:\Workspace\e2studio\git\MT01_master\src\Display\u8g_bitmap.c",128
000001EE A80D                    		MOV.L 04H[R0], R5
000001F0 B20C                    		MOVU.B 09H[R0], R4
000001F2 B283                    		MOVU.B 0AH[R0], R3
000001F4 B28A                    		MOVU.B 0BH[R0], R2
000001F6 A889                    		MOV.L 0CH[R0], R1
000001F8 6040                    		SUB #04H, R0
000001FA E305                    		MOV.L R5, [R0]
000001FC 39rrrr               W  		BSR __$u8g_DrawHXBM
000001FF 6240                    		ADD #04H, R0
00000201                         L59:	; bb28.split
                                 ;     129     bitmap += b;
                                 		.LINE  "C:\Workspace\e2studio\git\MT01_master\src\Display\u8g_bitmap.c",129
00000201 A809                    		MOV.L 04H[R0], R1
00000203 490103                  		ADD 03H[R0].UB, R1
00000206 A009                    		MOV.L R1, 04H[R0]
00000208                         L60:	; bb28.split3
                                 ;     130     y++;
                                 		.LINE  "C:\Workspace\e2studio\git\MT01_master\src\Display\u8g_bitmap.c",130
00000208 B281                    		MOVU.B 0AH[R0], R1
0000020A 6211                    		ADD #01H, R1
0000020C 8281                    		MOV.B R1, 0AH[R0]
0000020E                         L61:	; bb28.split4
                                 ;     131     h--;
                                 		.LINE  "C:\Workspace\e2studio\git\MT01_master\src\Display\u8g_bitmap.c",131
0000020E B201                    		MOVU.B 08H[R0], R1
00000210 6011                    		SUB #01H, R1
00000212 8201                    		MOV.B R1, 08H[R0]
00000214                         L62:	; bb42
                                 		.LINE  "C:\Workspace\e2studio\git\MT01_master\src\Display\u8g_bitmap.c",126
00000214 B201                    		MOVU.B 08H[R0], R1
00000216 6101                    		CMP #00H, R1
00000218 2Arr                    		BGT L58
0000021A                         L63:	; return
                                 ;     132   }
                                 ;     133 }
                                 		.LINE  "C:\Workspace\e2studio\git\MT01_master\src\Display\u8g_bitmap.c",133
0000021A 6704                    		RTSD #10H
0000021C                         __$u8g_DrawHXBMP:
                                 		.STACK	__$u8g_DrawHXBMP=24
                                 ;     134 
                                 ;     135 static void u8g_DrawHXBMP(u8g_t *u8g, u8g_uint_t x, u8g_uint_t y, u8g_uint_t w, const u8g_pgm_uint8_t *bitmap)
                                 		.LINE  "C:\Workspace\e2studio\git\MT01_master\src\Display\u8g_bitmap.c",135
0000021C 7100F0                  		ADD #0FFFFFFF0H, R0
0000021F A089                    		MOV.L R1, 0CH[R0]
00000221 828A                    		MOV.B R2, 0BH[R0]
00000223 8283                    		MOV.B R3, 0AH[R0]
00000225 820C                    		MOV.B R4, 09H[R0]
00000227 E5000501                		MOV.L 14H[R0], 04H[R0]
                                 ;     136 {
                                 ;     137   uint8_t d;
                                 ;     138   x+=7;
                                 		.LINE  "C:\Workspace\e2studio\git\MT01_master\src\Display\u8g_bitmap.c",138
0000022B B289                    		MOVU.B 0BH[R0], R1
0000022D 6271                    		ADD #07H, R1
0000022F 8289                    		MOV.B R1, 0BH[R0]
00000231 2Err                 B  		BRA L69
00000233                         L65:	; bb
                                 ;     139   while( w >= 8 )
                                 ;     140   {
                                 ;     141     u8g_Draw8Pixel(u8g, x, y, 2, u8g_pgm_read(bitmap));
                                 		.LINE  "C:\Workspace\e2studio\git\MT01_master\src\Display\u8g_bitmap.c",141
00000233 A80C                    		MOV.L 04H[R0], R4
00000235 B283                    		MOVU.B 0AH[R0], R3
00000237 B28A                    		MOVU.B 0BH[R0], R2
00000239 A889                    		MOV.L 0CH[R0], R1
0000023B 6040                    		SUB #04H, R0
0000023D C040                    		MOV.B [R4], [R0]
0000023F 6624                    		MOV.L #00000002H, R4
00000241 05rrrrrr             A  		BSR _u8g_Draw8Pixel
00000245 6240                    		ADD #04H, R0
00000247                         L66:	; bb.split
                                 ;     142     bitmap++;
                                 		.LINE  "C:\Workspace\e2studio\git\MT01_master\src\Display\u8g_bitmap.c",142
00000247 A809                    		MOV.L 04H[R0], R1
00000249 6211                    		ADD #01H, R1
0000024B A009                    		MOV.L R1, 04H[R0]
0000024D                         L67:	; bb.split1
                                 ;     143     w-= 8;
                                 		.LINE  "C:\Workspace\e2studio\git\MT01_master\src\Display\u8g_bitmap.c",143
0000024D B209                    		MOVU.B 09H[R0], R1
0000024F 6081                    		SUB #08H, R1
00000251 8209                    		MOV.B R1, 09H[R0]
00000253                         L68:	; bb.split2
                                 ;     144     x+=8;
                                 		.LINE  "C:\Workspace\e2studio\git\MT01_master\src\Display\u8g_bitmap.c",144
00000253 B289                    		MOVU.B 0BH[R0], R1
00000255 6281                    		ADD #08H, R1
00000257 8289                    		MOV.B R1, 0BH[R0]
00000259                         L69:	; bb25
                                 		.LINE  "C:\Workspace\e2studio\git\MT01_master\src\Display\u8g_bitmap.c",139
00000259 B209                    		MOVU.B 09H[R0], R1
0000025B 6171                    		CMP #07H, R1
0000025D 2Arr                    		BGT L65
0000025F                         L70:	; bb31
                                 ;     145   }
                                 ;     146   if ( w > 0 )
                                 		.LINE  "C:\Workspace\e2studio\git\MT01_master\src\Display\u8g_bitmap.c",146
0000025F B209                    		MOVU.B 09H[R0], R1
00000261 6101                    		CMP #00H, R1
00000263 2Brr                    		BLE L79
00000265                         L71:	; bb32
                                 ;     147   {
                                 ;     148     d = u8g_pgm_read(bitmap);
                                 		.LINE  "C:\Workspace\e2studio\git\MT01_master\src\Display\u8g_bitmap.c",148
00000265 A809                    		MOV.L 04H[R0], R1
00000267 C41003                  		MOV.B [R1], 03H[R0]
0000026A                         L72:	; bb32.split
                                 ;     149     x -= 7;
                                 		.LINE  "C:\Workspace\e2studio\git\MT01_master\src\Display\u8g_bitmap.c",149
0000026A B289                    		MOVU.B 0BH[R0], R1
0000026C 6071                    		SUB #07H, R1
0000026E 8289                    		MOV.B R1, 0BH[R0]
00000270                         L73:	; bb40
                                 ;     150     do
                                 ;     151     {
                                 ;     152       if ( d & 1 )
                                 		.LINE  "C:\Workspace\e2studio\git\MT01_master\src\Display\u8g_bitmap.c",152
00000270 F50003                  		BTST #00H, 03H[R0].B
00000273 20rr                    		BEQ L75
00000275                         L74:	; bb41
                                 ;     153         u8g_DrawPixel(u8g, x, y);
                                 		.LINE  "C:\Workspace\e2studio\git\MT01_master\src\Display\u8g_bitmap.c",153
00000275 B283                    		MOVU.B 0AH[R0], R3
00000277 B28A                    		MOVU.B 0BH[R0], R2
00000279 A889                    		MOV.L 0CH[R0], R1
0000027B 05rrrrrr             A  		BSR _u8g_DrawPixel
0000027F                         L75:	; bb51
                                 ;     154       x++;
                                 		.LINE  "C:\Workspace\e2studio\git\MT01_master\src\Display\u8g_bitmap.c",154
0000027F B289                    		MOVU.B 0BH[R0], R1
00000281 6211                    		ADD #01H, R1
00000283 8289                    		MOV.B R1, 0BH[R0]
00000285                         L76:	; bb51.split
                                 ;     155       w--;
                                 		.LINE  "C:\Workspace\e2studio\git\MT01_master\src\Display\u8g_bitmap.c",155
00000285 B209                    		MOVU.B 09H[R0], R1
00000287 6011                    		SUB #01H, R1
00000289 8209                    		MOV.B R1, 09H[R0]
0000028B                         L77:	; bb51.split3
                                 ;     156       d >>= 1;      
                                 		.LINE  "C:\Workspace\e2studio\git\MT01_master\src\Display\u8g_bitmap.c",156
0000028B B089                    		MOVU.B 03H[R0], R1
0000028D 6811                    		SHLR #01H, R1
0000028F 8089                    		MOV.B R1, 03H[R0]
00000291                         L78:	; bb51.split4
                                 		.LINE  "C:\Workspace\e2studio\git\MT01_master\src\Display\u8g_bitmap.c",150
00000291 B209                    		MOVU.B 09H[R0], R1
00000293 6101                    		CMP #00H, R1
00000295 2Arr                    		BGT L73
00000297                         L79:	; return
                                 ;     157     } while ( w > 0 );
                                 ;     158   }
                                 ;     159 }
                                 		.LINE  "C:\Workspace\e2studio\git\MT01_master\src\Display\u8g_bitmap.c",159
00000297 6704                    		RTSD #10H
00000299                         _u8g_DrawXBMP:
                                 		.STACK	_u8g_DrawXBMP=24
                                 ;     160 
                                 ;     161 void u8g_DrawXBMP(u8g_t *u8g, u8g_uint_t x, u8g_uint_t y, u8g_uint_t w, u8g_uint_t h, const u8g_pgm_uint8_t *bitmap)
                                 		.LINE  "C:\Workspace\e2studio\git\MT01_master\src\Display\u8g_bitmap.c",161
00000299 7100F0                  		ADD #0FFFFFFF0H, R0
0000029C A089                    		MOV.L R1, 0CH[R0]
0000029E 828A                    		MOV.B R2, 0BH[R0]
000002A0 8283                    		MOV.B R3, 0AH[R0]
000002A2 820C                    		MOV.B R4, 09H[R0]
000002A4 C5001408                		MOV.B 14H[R0], 08H[R0]
000002A8 E5000601                		MOV.L 18H[R0], 04H[R0]
                                 ;     162 {
                                 ;     163   u8g_uint_t b;
                                 ;     164   b = w;
                                 		.LINE  "C:\Workspace\e2studio\git\MT01_master\src\Display\u8g_bitmap.c",164
000002AC C5000903                		MOV.B 09H[R0], 03H[R0]
000002B0                         L81:	; entry.split
                                 ;     165   b += 7;
                                 		.LINE  "C:\Workspace\e2studio\git\MT01_master\src\Display\u8g_bitmap.c",165
000002B0 B089                    		MOVU.B 03H[R0], R1
000002B2 6271                    		ADD #07H, R1
000002B4 8089                    		MOV.B R1, 03H[R0]
000002B6                         L82:	; entry.split1
                                 ;     166   b >>= 3;
                                 		.LINE  "C:\Workspace\e2studio\git\MT01_master\src\Display\u8g_bitmap.c",166
000002B6 B089                    		MOVU.B 03H[R0], R1
000002B8 6831                    		SHLR #03H, R1
000002BA 8089                    		MOV.B R1, 03H[R0]
000002BC                         L83:	; entry.split2
                                 ;     167   
                                 ;     168   if ( u8g_IsBBXIntersection(u8g, x, y, w, h) == 0 )
                                 		.LINE  "C:\Workspace\e2studio\git\MT01_master\src\Display\u8g_bitmap.c",168
000002BC B205                    		MOVU.B 08H[R0], R5
000002BE B20C                    		MOVU.B 09H[R0], R4
000002C0 B283                    		MOVU.B 0AH[R0], R3
000002C2 B28A                    		MOVU.B 0BH[R0], R2
000002C4 A889                    		MOV.L 0CH[R0], R1
000002C6 6040                    		SUB #04H, R0
000002C8 C305                    		MOV.B R5, [R0]
000002CA 05rrrrrr             A  		BSR _u8g_IsBBXIntersection
000002CE 6240                    		ADD #04H, R0
000002D0 6101                    		CMP #00H, R1
000002D2 20rr                    		BEQ L89
000002D4 2Err                 B  		BRA L88
000002D6                         L84:	; bb28
                                 ;     169     return;
                                 ;     170   while( h > 0 )
                                 ;     171   {
                                 ;     172     u8g_DrawHXBMP(u8g, x, y, w, bitmap);
                                 		.LINE  "C:\Workspace\e2studio\git\MT01_master\src\Display\u8g_bitmap.c",172
000002D6 A80D                    		MOV.L 04H[R0], R5
000002D8 B20C                    		MOVU.B 09H[R0], R4
000002DA B283                    		MOVU.B 0AH[R0], R3
000002DC B28A                    		MOVU.B 0BH[R0], R2
000002DE A889                    		MOV.L 0CH[R0], R1
000002E0 6040                    		SUB #04H, R0
000002E2 E305                    		MOV.L R5, [R0]
000002E4 39rrrr               W  		BSR __$u8g_DrawHXBMP
000002E7 6240                    		ADD #04H, R0
000002E9                         L85:	; bb28.split
                                 ;     173     bitmap += b;
                                 		.LINE  "C:\Workspace\e2studio\git\MT01_master\src\Display\u8g_bitmap.c",173
000002E9 A809                    		MOV.L 04H[R0], R1
000002EB 490103                  		ADD 03H[R0].UB, R1
000002EE A009                    		MOV.L R1, 04H[R0]
000002F0                         L86:	; bb28.split3
                                 ;     174     y++;
                                 		.LINE  "C:\Workspace\e2studio\git\MT01_master\src\Display\u8g_bitmap.c",174
000002F0 B281                    		MOVU.B 0AH[R0], R1
000002F2 6211                    		ADD #01H, R1
000002F4 8281                    		MOV.B R1, 0AH[R0]
000002F6                         L87:	; bb28.split4
                                 ;     175     h--;
                                 		.LINE  "C:\Workspace\e2studio\git\MT01_master\src\Display\u8g_bitmap.c",175
000002F6 B201                    		MOVU.B 08H[R0], R1
000002F8 6011                    		SUB #01H, R1
000002FA 8201                    		MOV.B R1, 08H[R0]
000002FC                         L88:	; bb42
                                 		.LINE  "C:\Workspace\e2studio\git\MT01_master\src\Display\u8g_bitmap.c",170
000002FC B201                    		MOVU.B 08H[R0], R1
000002FE 6101                    		CMP #00H, R1
00000300 2Arr                    		BGT L84
00000302                         L89:	; return
                                 ;     176   }
                                 ;     177 }
                                 		.LINE  "C:\Workspace\e2studio\git\MT01_master\src\Display\u8g_bitmap.c",177
00000302 6704                    		RTSD #10H
                                 		.END

Information List

TOTAL ERROR(S)    00000
TOTAL WARNING(S)  00000
TOTAL LINE(S)     00743   LINES

Section List

Attr         Size               Name
CODE     0000000772(00000304H)  P

Cpu Type

-ISA=RXV1 -FPU

Command Parameter

-subcommand=C:\Users\LAFONS~1\AppData\Local\Temp\$ccrx4DB7\$ccrx\u8g_bitmap.src.cmd
    -nologo
    -isa=rxv1
    -fpu
    -show=conditionals,definitions,expansions
    -define=__RXV1=1
    -fint_register=0
    -debug
    -endian=little
-listfile=C:\Workspace\e2studio\git\MT01_master\MT01_build\u8g_bitmap.lst
-output=C:\Workspace\e2studio\git\MT01_master\MT01_build\src\Display\u8g_bitmap.obj
