* RX FAMILY ASSEMBLER V2.03.00.01 [24 Oct 2014] *  SOURCE LIST  Mon Mar 20 17:11:52 2017

LOC.     OBJ.              0XMDA SOURCE STATEMENT

                                 ;RX Family C/C++ Compiler (V2.03.00.03 [04 Dec 2014])  20-Mar-2017 17:11:52
                                 
                                 ;*** CPU TYPE ***
                                 
                                 ;-ISA=RXV1
                                 
                                 ;*** COMMAND PARAMETER ***
                                 
                                 ;-output=src=u8g_pb16h2.src
                                 ;-lang=c99
                                 ;-include=C:\PROGRA~2\Renesas\RX\2_3_0/include,C:\Workspace\e2studio\git\MT01_master\r_lvd_rx,C:\Workspace\e2studio\git\MT01_master\r_lvd_rx\src,C:/Workspace/e2studio/
                                 ;-debug
                                 ;-show=source,conditionals,definitions,expansions
                                 ;-listfile=u8g_pb16h2.lst
                                 ;-isa=rxv1
                                 ;-optimize=0
                                 ;-fpu
                                 ;-alias=noansi
                                 ;-nologo
                                 ;-nomessage
                                 ;-define=__RX,COMPACTAXP=0,EASYMAK=1,MOBILE=0,FREE_RTOS_PP
                                 ;u8g_pb16h2.c
                                 
                                 		.glb	_u8g_pb16h2_Clear
                                 		.glb	_u8g_pb16h2_Init
                                 		.glb	_u8g_pb16h2_SetPixel
                                 		.glb	_u8g_pb16h2_Set8PixelStd
                                 		.glb	_u8g_pb16h2_Or4PixelStd
                                 		.glb	_u8g_dev_pb16h2_base_fn
                                 		.glb	_u8g_pb_Is8PixelVisible
                                 		.glb	_u8g_page_First
                                 		.glb	_u8g_page_Next
                                 		.glb	_u8g_pb_GetPageBox
                                 ;LineNo. C-SOURCE STATEMENT
                                 
                                 		.SECTION	P,CODE
00000000                         _u8g_pb16h2_Clear:
                                 		.STACK	_u8g_pb16h2_Clear=16
                                 ;       1 /*
                                 ;       2 
                                 ;       3   u8g_pb16h2.c
                                 ;       4   
                                 ;       5   2 bit per pixel page buffer
                                 ;       6   byte has horizontal orientation
                                 ;       7 
                                 ;       8   Universal 8bit Graphics Library
                                 ;       9   
                                 ;      10   Copyright (c) 2011, olikraus@gmail.com
                                 ;      11   All rights reserved.
                                 ;      12 
                                 ;      13   Redistribution and use in source and binary forms, with or without modification, 
                                 ;      14   are permitted provided that the following conditions are met:
                                 ;      15 
                                 ;      16   * Redistributions of source code must retain the above copyright notice, this list 
                                 ;      17     of conditions and the following disclaimer.
                                 ;      18     
                                 ;      19   * Redistributions in binary form must reproduce the above copyright notice, this 
                                 ;      20     list of conditions and the following disclaimer in the documentation and/or other 
                                 ;      21     materials provided with the distribution.
                                 ;      22 
                                 ;      23   THIS SOFTWARE IS PROVIDED BY THE COPYRIGHT HOLDERS AND 
                                 ;      24   CONTRIBUTORS "AS IS" AND ANY EXPRESS OR IMPLIED WARRANTIES, 
                                 ;      25   INCLUDING, BUT NOT LIMITED TO, THE IMPLIED WARRANTIES OF 
                                 ;      26   MERCHANTABILITY AND FITNESS FOR A PARTICULAR PURPOSE ARE 
                                 ;      27   DISCLAIMED. IN NO EVENT SHALL THE COPYRIGHT HOLDER OR 
                                 ;      28   CONTRIBUTORS BE LIABLE FOR ANY DIRECT, INDIRECT, INCIDENTAL, 
                                 ;      29   SPECIAL, EXEMPLARY, OR CONSEQUENTIAL DAMAGES (INCLUDING, BUT 
                                 ;      30   NOT LIMITED TO, PROCUREMENT OF SUBSTITUTE GOODS OR SERVICES; 
                                 ;      31   LOSS OF USE, DATA, OR PROFITS; OR BUSINESS INTERRUPTION) HOWEVER 
                                 ;      32   CAUSED AND ON ANY THEORY OF LIABILITY, WHETHER IN CONTRACT, 
                                 ;      33   STRICT LIABILITY, OR TORT (INCLUDING NEGLIGENCE OR OTHERWISE) 
                                 ;      34   ARISING IN ANY WAY OUT OF THE USE OF THIS SOFTWARE, EVEN IF 
                                 ;      35   ADVISED OF THE POSSIBILITY OF SUCH DAMAGE.  
                                 ;      36   
                                 ;      37 
                                 ;      38 */
                                 ;      39 
                                 ;      40 #include "u8g.h"
                                 ;      41 #include <string.h>
                                 ;      42 
                                 ;      43 void u8g_pb16h2_Clear(u8g_pb_t *b)
                                 		.LINE  "C:\Workspace\e2studio\git\MT01_master\src\Display\u8g_pb16h2.c",43
00000000 60C0                    		SUB #0CH, R0
00000002 A081                    		MOV.L R1, 08H[R0]
                                 ;      44 {
                                 ;      45   uint8_t *ptr = (uint8_t *)b->buf;
                                 		.LINE  "C:\Workspace\e2studio\git\MT01_master\src\Display\u8g_pb16h2.c",45
00000004 E11002                  		MOV.L 08H[R1], [R0]
00000007                         L11:	; entry.split
                                 ;      46   uint8_t *end_ptr = ptr;
                                 		.LINE  "C:\Workspace\e2studio\git\MT01_master\src\Display\u8g_pb16h2.c",46
00000007 E40001                  		MOV.L [R0], 04H[R0]
0000000A                         L12:	; entry.split1
                                 ;      47   
                                 ;      48   /* two bits per pixel, 16 bits height --> 8 pixel --> 4 pixel per byte */
                                 ;      49   end_ptr += b->width;
                                 		.LINE  "C:\Workspace\e2studio\git\MT01_master\src\Display\u8g_pb16h2.c",49
0000000A A881                    		MOV.L 08H[R0], R1
0000000C B119                    		MOVU.B 05H[R1], R1
0000000E 06890101                		ADD 04H[R0].L, R1
00000012 A009                    		MOV.L R1, 04H[R0]
00000014                         L13:	; entry.split2
                                 ;      50   end_ptr += b->width;
                                 		.LINE  "C:\Workspace\e2studio\git\MT01_master\src\Display\u8g_pb16h2.c",50
00000014 A881                    		MOV.L 08H[R0], R1
00000016 B119                    		MOVU.B 05H[R1], R1
00000018 06890101                		ADD 04H[R0].L, R1
0000001C A009                    		MOV.L R1, 04H[R0]
0000001E                         L14:	; bb
                                 ;      51   
                                 ;      52   do
                                 ;      53   {
                                 ;      54     *ptr++ = 0;
                                 		.LINE  "C:\Workspace\e2studio\git\MT01_master\src\Display\u8g_pb16h2.c",54
0000001E EC01                    		MOV.L [R0], R1
00000020 F81400                  		MOV.B #00H, [R1]
00000023 EC01                    		MOV.L [R0], R1
00000025 6211                    		ADD #01H, R1
00000027 E301                    		MOV.L R1, [R0]
00000029                         L15:	; bb.split
                                 		.LINE  "C:\Workspace\e2studio\git\MT01_master\src\Display\u8g_pb16h2.c",52
00000029 EC01                    		MOV.L [R0], R1
0000002B 06850101                		CMP 04H[R0].L, R1
0000002F 21rr                    		BNE L14
00000031                         L16:	; return
                                 ;      55   } while( ptr != end_ptr );
                                 ;      56 }
                                 		.LINE  "C:\Workspace\e2studio\git\MT01_master\src\Display\u8g_pb16h2.c",56
00000031 6703                    		RTSD #0CH
00000033                         _u8g_pb16h2_Init:
                                 		.STACK	_u8g_pb16h2_Init=16
                                 ;      57 
                                 ;      58 void u8g_pb16h2_Init(u8g_pb_t *b, void *buf, u8g_uint_t width)
                                 		.LINE  "C:\Workspace\e2studio\git\MT01_master\src\Display\u8g_pb16h2.c",58
00000033 60C0                    		SUB #0CH, R0
00000035 A081                    		MOV.L R1, 08H[R0]
00000037 A00A                    		MOV.L R2, 04H[R0]
00000039 808B                    		MOV.B R3, 03H[R0]
                                 ;      59 {
                                 ;      60   b->buf = buf;
                                 		.LINE  "C:\Workspace\e2studio\git\MT01_master\src\Display\u8g_pb16h2.c",60
0000003B A809                    		MOV.L 04H[R0], R1
0000003D A882                    		MOV.L 08H[R0], R2
0000003F A0A1                    		MOV.L R1, 08H[R2]
00000041                         L18:	; entry.split
                                 ;      61   b->width = width;
                                 		.LINE  "C:\Workspace\e2studio\git\MT01_master\src\Display\u8g_pb16h2.c",61
00000041 B089                    		MOVU.B 03H[R0], R1
00000043 A882                    		MOV.L 08H[R0], R2
00000045 8129                    		MOV.B R1, 05H[R2]
00000047                         L19:	; entry.split1
                                 ;      62   u8g_pb16h2_Clear(b);
                                 		.LINE  "C:\Workspace\e2studio\git\MT01_master\src\Display\u8g_pb16h2.c",62
00000047 A881                    		MOV.L 08H[R0], R1
00000049 39rrrr               W  		BSR _u8g_pb16h2_Clear
0000004C 6703                    		RTSD #0CH
0000004E                         __$u8g_pb16h2_set_pixel:
                                 		.STACK	__$u8g_pb16h2_set_pixel=20
                                 ;      63 }
                                 ;      64 
                                 ;      65 static void u8g_pb16h2_set_pixel(u8g_pb_t *b, u8g_uint_t x, u8g_uint_t y, uint8_t color_index, uint8_t is_or) U8G_NOINLINE;
                                 ;      66 static void u8g_pb16h2_set_pixel(u8g_pb_t *b, u8g_uint_t x, u8g_uint_t y, uint8_t color_index, uint8_t is_or)
                                 		.LINE  "C:\Workspace\e2studio\git\MT01_master\src\Display\u8g_pb16h2.c",66
0000004E 7100F0                  		ADD #0FFFFFFF0H, R0
00000051 A089                    		MOV.L R1, 0CH[R0]
00000053 828A                    		MOV.B R2, 0BH[R0]
00000055 8283                    		MOV.B R3, 0AH[R0]
00000057 820C                    		MOV.B R4, 09H[R0]
00000059 C5001408                		MOV.B 14H[R0], 08H[R0]
                                 ;      67 {
                                 ;      68   register uint8_t mask;
                                 ;      69   register uint16_t tmp;
                                 ;      70   
                                 ;      71   uint8_t *ptr = b->buf;
                                 		.LINE  "C:\Workspace\e2studio\git\MT01_master\src\Display\u8g_pb16h2.c",71
0000005D A889                    		MOV.L 0CH[R0], R1
0000005F E5100201                		MOV.L 08H[R1], 04H[R0]
00000063                         L21:	; entry.split
                                 ;      72   
                                 ;      73   y -= b->p.page_y0;
                                 		.LINE  "C:\Workspace\e2studio\git\MT01_master\src\Display\u8g_pb16h2.c",73
00000063 B281                    		MOVU.B 0AH[R0], R1
00000065 A88A                    		MOV.L 0CH[R0], R2
00000067 412102                  		SUB 02H[R2].UB, R1
0000006A 8281                    		MOV.B R1, 0AH[R0]
0000006C                         L22:	; entry.split1
                                 ;      74   
                                 ;      75   tmp = b->width;
                                 		.LINE  "C:\Workspace\e2studio\git\MT01_master\src\Display\u8g_pb16h2.c",75
0000006C A889                    		MOV.L 0CH[R0], R1
0000006E B119                    		MOVU.B 05H[R1], R1
00000070 9009                    		MOV.W R1, 02H[R0]
00000072                         L23:	; entry.split2
                                 ;      76   tmp >>= 2;
                                 		.LINE  "C:\Workspace\e2studio\git\MT01_master\src\Display\u8g_pb16h2.c",76
00000072 B809                    		MOVU.W 02H[R0], R1
00000074 6821                    		SHLR #02H, R1
00000076 9009                    		MOV.W R1, 02H[R0]
00000078                         L24:	; entry.split3
                                 ;      77   tmp *= (uint8_t)y;
                                 		.LINE  "C:\Workspace\e2studio\git\MT01_master\src\Display\u8g_pb16h2.c",77
00000078 B809                    		MOVU.W 02H[R0], R1
0000007A 4D010A                  		MUL 0AH[R0].UB, R1
0000007D 9009                    		MOV.W R1, 02H[R0]
0000007F                         L25:	; entry.split4
                                 ;      78   ptr += tmp;
                                 		.LINE  "C:\Workspace\e2studio\git\MT01_master\src\Display\u8g_pb16h2.c",78
0000007F A809                    		MOV.L 04H[R0], R1
00000081 06C90101                		ADD 02H[R0].UW, R1
00000085 A009                    		MOV.L R1, 04H[R0]
00000087                         L26:	; entry.split5
                                 ;      79   
                                 ;      80   tmp = x;
                                 		.LINE  "C:\Workspace\e2studio\git\MT01_master\src\Display\u8g_pb16h2.c",80
00000087 B289                    		MOVU.B 0BH[R0], R1
00000089 9009                    		MOV.W R1, 02H[R0]
0000008B                         L27:	; entry.split6
                                 ;      81   tmp >>= 2;
                                 		.LINE  "C:\Workspace\e2studio\git\MT01_master\src\Display\u8g_pb16h2.c",81
0000008B B809                    		MOVU.W 02H[R0], R1
0000008D 6821                    		SHLR #02H, R1
0000008F 9009                    		MOV.W R1, 02H[R0]
00000091                         L28:	; entry.split7
                                 ;      82   ptr += tmp;
                                 		.LINE  "C:\Workspace\e2studio\git\MT01_master\src\Display\u8g_pb16h2.c",82
00000091 A809                    		MOV.L 04H[R0], R1
00000093 06C90101                		ADD 02H[R0].UW, R1
00000097 A009                    		MOV.L R1, 04H[R0]
00000099                         L29:	; entry.split8
                                 ;      83   
                                 ;      84   tmp = x;
                                 		.LINE  "C:\Workspace\e2studio\git\MT01_master\src\Display\u8g_pb16h2.c",84
00000099 B289                    		MOVU.B 0BH[R0], R1
0000009B 9009                    		MOV.W R1, 02H[R0]
0000009D                         L30:	; entry.split9
                                 ;      85   tmp &= 3;
                                 		.LINE  "C:\Workspace\e2studio\git\MT01_master\src\Display\u8g_pb16h2.c",85
0000009D B809                    		MOVU.W 02H[R0], R1
0000009F 6431                    		AND #03H, R1
000000A1 9009                    		MOV.W R1, 02H[R0]
000000A3                         L31:	; entry.split10
                                 ;      86   tmp <<= 1;
                                 		.LINE  "C:\Workspace\e2studio\git\MT01_master\src\Display\u8g_pb16h2.c",86
000000A3 9809                    		MOV.W 02H[R0], R1
000000A5 6C11                    		SHLL #01H, R1
000000A7 9009                    		MOV.W R1, 02H[R0]
000000A9                         L32:	; entry.split11
                                 ;      87   if ( is_or == 0 )
                                 		.LINE  "C:\Workspace\e2studio\git\MT01_master\src\Display\u8g_pb16h2.c",87
000000A9 B201                    		MOVU.B 08H[R0], R1
000000AB 6101                    		CMP #00H, R1
000000AD 21rr                    		BNE L37
000000AF                         L33:	; bb59
                                 ;      88   {
                                 ;      89     mask = 3;
                                 		.LINE  "C:\Workspace\e2studio\git\MT01_master\src\Display\u8g_pb16h2.c",89
000000AF 3C0103                  		MOV.B #03H, 01H[R0]
000000B2                         L34:	; bb59.split
                                 ;      90     mask <<= tmp;
                                 		.LINE  "C:\Workspace\e2studio\git\MT01_master\src\Display\u8g_pb16h2.c",90
000000B2 B009                    		MOVU.B 01H[R0], R1
000000B4 B80A                    		MOVU.W 02H[R0], R2
000000B6 FD6221                  		SHLL R2, R1
000000B9 8009                    		MOV.B R1, 01H[R0]
000000BB                         L35:	; bb59.split12
                                 ;      91     mask = ~mask;
                                 		.LINE  "C:\Workspace\e2studio\git\MT01_master\src\Display\u8g_pb16h2.c",91
000000BB B009                    		MOVU.B 01H[R0], R1
000000BD 7E01                    		NOT R1
000000BF 8009                    		MOV.B R1, 01H[R0]
000000C1                         L36:	; bb59.split13
                                 ;      92     *ptr &= mask;
                                 		.LINE  "C:\Workspace\e2studio\git\MT01_master\src\Display\u8g_pb16h2.c",92
000000C1 A809                    		MOV.L 04H[R0], R1
000000C3 581E                    		MOVU.B [R1], R14
000000C5 510E01                  		AND 01H[R0].UB, R14
000000C8 C31E                    		MOV.B R14, [R1]
000000CA                         L37:	; bb80
                                 ;      93   }
                                 ;      94   color_index &= 3;
                                 		.LINE  "C:\Workspace\e2studio\git\MT01_master\src\Display\u8g_pb16h2.c",94
000000CA B209                    		MOVU.B 09H[R0], R1
000000CC 6431                    		AND #03H, R1
000000CE 8209                    		MOV.B R1, 09H[R0]
000000D0                         L38:	; bb80.split
                                 ;      95   color_index <<= tmp;
                                 		.LINE  "C:\Workspace\e2studio\git\MT01_master\src\Display\u8g_pb16h2.c",95
000000D0 B209                    		MOVU.B 09H[R0], R1
000000D2 B80A                    		MOVU.W 02H[R0], R2
000000D4 FD6221                  		SHLL R2, R1
000000D7 8209                    		MOV.B R1, 09H[R0]
000000D9                         L39:	; bb80.split14
                                 ;      96   *ptr |= color_index;
                                 		.LINE  "C:\Workspace\e2studio\git\MT01_master\src\Display\u8g_pb16h2.c",96
000000D9 A809                    		MOV.L 04H[R0], R1
000000DB 581E                    		MOVU.B [R1], R14
000000DD 550E09                  		OR 09H[R0].UB, R14
000000E0 C31E                    		MOV.B R14, [R1]
000000E2 6704                    		RTSD #10H
000000E4                         _u8g_pb16h2_SetPixel:
                                 		.STACK	_u8g_pb16h2_SetPixel=20
                                 ;      97 }
                                 ;      98 
                                 ;      99 
                                 ;     100 void u8g_pb16h2_SetPixel(u8g_pb_t *b, const u8g_dev_arg_pixel_t * const arg_pixel, uint8_t is_or)
                                 		.LINE  "C:\Workspace\e2studio\git\MT01_master\src\Display\u8g_pb16h2.c",100
000000E4 60C0                    		SUB #0CH, R0
000000E6 A081                    		MOV.L R1, 08H[R0]
000000E8 A00A                    		MOV.L R2, 04H[R0]
000000EA 808B                    		MOV.B R3, 03H[R0]
                                 ;     101 {
                                 ;     102   if ( arg_pixel->y < b->p.page_y0 )
                                 		.LINE  "C:\Workspace\e2studio\git\MT01_master\src\Display\u8g_pb16h2.c",102
000000EC A809                    		MOV.L 04H[R0], R1
000000EE B019                    		MOVU.B 01H[R1], R1
000000F0 A882                    		MOV.L 08H[R0], R2
000000F2 452102                  		CMP 02H[R2].UB, R1
000000F5 29rr                    		BLT L44
000000F7                         L41:	; bb17
                                 ;     103     return;
                                 ;     104   if ( arg_pixel->y > b->p.page_y1 )
                                 		.LINE  "C:\Workspace\e2studio\git\MT01_master\src\Display\u8g_pb16h2.c",104
000000F7 A809                    		MOV.L 04H[R0], R1
000000F9 B019                    		MOVU.B 01H[R1], R1
000000FB A882                    		MOV.L 08H[R0], R2
000000FD 452103                  		CMP 03H[R2].UB, R1
00000100 2Arr                    		BGT L44
00000102                         L42:	; bb33
                                 ;     105     return;
                                 ;     106   if ( arg_pixel->x >= b->width )
                                 		.LINE  "C:\Workspace\e2studio\git\MT01_master\src\Display\u8g_pb16h2.c",106
00000102 A809                    		MOV.L 04H[R0], R1
00000104 581E                    		MOVU.B [R1], R14
00000106 A881                    		MOV.L 08H[R0], R1
00000108 451E05                  		CMP 05H[R1].UB, R14
0000010B 28rr                    		BGE L44
0000010D                         L43:	; bb47
                                 ;     107     return;
                                 ;     108   u8g_pb16h2_set_pixel(b, arg_pixel->x, arg_pixel->y, arg_pixel->color, is_or);
                                 		.LINE  "C:\Workspace\e2studio\git\MT01_master\src\Display\u8g_pb16h2.c",108
0000010D A809                    		MOV.L 04H[R0], R1
0000010F B114                    		MOVU.B 04H[R1], R4
00000111 B01B                    		MOVU.B 01H[R1], R3
00000113 5812                    		MOVU.B [R1], R2
00000115 B08D                    		MOVU.B 03H[R0], R5
00000117 A881                    		MOV.L 08H[R0], R1
00000119 6040                    		SUB #04H, R0
0000011B C305                    		MOV.B R5, [R0]
0000011D 39rrrr               W  		BSR __$u8g_pb16h2_set_pixel
00000120 6240                    		ADD #04H, R0
00000122 6703                    		RTSD #0CH
00000124                         L44:	; return
                                 ;     109 }
                                 		.LINE  "C:\Workspace\e2studio\git\MT01_master\src\Display\u8g_pb16h2.c",109
00000124 6703                    		RTSD #0CH
00000126                         _u8g_pb16h2_Set8PixelStd:
                                 		.STACK	_u8g_pb16h2_Set8PixelStd=16
                                 ;     110 
                                 ;     111 
                                 ;     112 void u8g_pb16h2_Set8PixelStd(u8g_pb_t *b, u8g_dev_arg_pixel_t *arg_pixel)
                                 		.LINE  "C:\Workspace\e2studio\git\MT01_master\src\Display\u8g_pb16h2.c",112
00000126 60C0                    		SUB #0CH, R0
00000128 A081                    		MOV.L R1, 08H[R0]
0000012A A00A                    		MOV.L R2, 04H[R0]
                                 ;     113 {
                                 ;     114   register uint8_t pixel = arg_pixel->pixel;
                                 		.LINE  "C:\Workspace\e2studio\git\MT01_master\src\Display\u8g_pb16h2.c",114
0000012C C5200203                		MOV.B 02H[R2], 03H[R0]
00000130                         L46:	; bb6
                                 ;     115   do
                                 ;     116   {
                                 ;     117     if ( pixel & 128 )
                                 		.LINE  "C:\Workspace\e2studio\git\MT01_master\src\Display\u8g_pb16h2.c",117
00000130 F50703                  		BTST #07H, 03H[R0].B
00000133 10                   S  		BEQ L48
00000134                         L47:	; bb7
                                 ;     118     {
                                 ;     119       u8g_pb16h2_SetPixel(b, arg_pixel, 0);
                                 		.LINE  "C:\Workspace\e2studio\git\MT01_master\src\Display\u8g_pb16h2.c",119
00000134 A80A                    		MOV.L 04H[R0], R2
00000136 A881                    		MOV.L 08H[R0], R1
00000138 6603                    		MOV.L #00000000H, R3
0000013A 39rrrr               W  		BSR _u8g_pb16h2_SetPixel
0000013D                         L48:	; bb15
                                 ;     120     }
                                 ;     121     switch( arg_pixel->dir )
                                 		.LINE  "C:\Workspace\e2studio\git\MT01_master\src\Display\u8g_pb16h2.c",121
0000013D A809                    		MOV.L 04H[R0], R1
0000013F B099                    		MOVU.B 03H[R1], R1
00000141 6131                    		CMP #03H, R1
00000143 20rr                    		BEQ L55
00000145                         L49:	; bb15
00000145 6111                    		CMP #01H, R1
00000147 20rr                    		BEQ L53
00000149                         L50:	; bb15
00000149 6121                    		CMP #02H, R1
0000014B 20rr                    		BEQ L54
0000014D                         L51:	; bb15
0000014D 6101                    		CMP #00H, R1
0000014F 21rr                    		BNE L56
00000151                         L52:	; bb20
                                 ;     122     {
                                 ;     123       case 0: arg_pixel->x++; break;
                                 		.LINE  "C:\Workspace\e2studio\git\MT01_master\src\Display\u8g_pb16h2.c",123
00000151 A809                    		MOV.L 04H[R0], R1
00000153 581E                    		MOVU.B [R1], R14
00000155 621E                    		ADD #01H, R14
00000157 C31E                    		MOV.B R14, [R1]
00000159 2Err                 B  		BRA L56
0000015B                         L53:	; bb25
                                 ;     124       case 1: arg_pixel->y++; break;
                                 		.LINE  "C:\Workspace\e2studio\git\MT01_master\src\Display\u8g_pb16h2.c",124
0000015B A809                    		MOV.L 04H[R0], R1
0000015D B01A                    		MOVU.B 01H[R1], R2
0000015F 6212                    		ADD #01H, R2
00000161 801A                    		MOV.B R2, 01H[R1]
00000163 2Err                 B  		BRA L56
00000165                         L54:	; bb30
                                 ;     125       case 2: arg_pixel->x--; break;
                                 		.LINE  "C:\Workspace\e2studio\git\MT01_master\src\Display\u8g_pb16h2.c",125
00000165 A809                    		MOV.L 04H[R0], R1
00000167 581E                    		MOVU.B [R1], R14
00000169 601E                    		SUB #01H, R14
0000016B C31E                    		MOV.B R14, [R1]
0000016D 08                   S  		BRA L56
0000016E                         L55:	; bb35
                                 ;     126       case 3: arg_pixel->y--; break;
                                 		.LINE  "C:\Workspace\e2studio\git\MT01_master\src\Display\u8g_pb16h2.c",126
0000016E A809                    		MOV.L 04H[R0], R1
00000170 B01A                    		MOVU.B 01H[R1], R2
00000172 6012                    		SUB #01H, R2
00000174 801A                    		MOV.B R2, 01H[R1]
00000176                         L56:	; bb40
                                 ;     127     }
                                 ;     128     pixel <<= 1;
                                 		.LINE  "C:\Workspace\e2studio\git\MT01_master\src\Display\u8g_pb16h2.c",128
00000176 B089                    		MOVU.B 03H[R0], R1
00000178 6C11                    		SHLL #01H, R1
0000017A 8089                    		MOV.B R1, 03H[R0]
0000017C                         L57:	; bb40.split
                                 		.LINE  "C:\Workspace\e2studio\git\MT01_master\src\Display\u8g_pb16h2.c",115
0000017C B089                    		MOVU.B 03H[R0], R1
0000017E 6101                    		CMP #00H, R1
00000180 21rr                    		BNE L46
00000182                         L58:	; return
                                 ;     129   } while( pixel != 0  );
                                 ;     130 }
                                 		.LINE  "C:\Workspace\e2studio\git\MT01_master\src\Display\u8g_pb16h2.c",130
00000182 6703                    		RTSD #0CH
00000184                         _u8g_pb16h2_Or4PixelStd:
                                 		.STACK	_u8g_pb16h2_Or4PixelStd=16
                                 ;     131 
                                 ;     132 void u8g_pb16h2_Or4PixelStd(u8g_pb_t *b, u8g_dev_arg_pixel_t *arg_pixel)
                                 		.LINE  "C:\Workspace\e2studio\git\MT01_master\src\Display\u8g_pb16h2.c",132
00000184 60C0                    		SUB #0CH, R0
00000186 A081                    		MOV.L R1, 08H[R0]
00000188 A00A                    		MOV.L R2, 04H[R0]
                                 ;     133 {
                                 ;     134   register uint8_t pixel = arg_pixel->pixel;
                                 		.LINE  "C:\Workspace\e2studio\git\MT01_master\src\Display\u8g_pb16h2.c",134
0000018A C5200203                		MOV.B 02H[R2], 03H[R0]
0000018E                         L60:	; bb
0000018E 7541C0                  		MOV.L #000000C0H, R1
                                 ;     135   do
                                 ;     136   {
                                 ;     137     arg_pixel->color = pixel & 0x0c0;
                                 		.LINE  "C:\Workspace\e2studio\git\MT01_master\src\Display\u8g_pb16h2.c",137
00000191 510103                  		AND 03H[R0].UB, R1
00000194 A80A                    		MOV.L 04H[R0], R2
00000196 8121                    		MOV.B R1, 04H[R2]
00000198                         L61:	; bb.split
                                 ;     138     arg_pixel->color >>= 6;
                                 		.LINE  "C:\Workspace\e2studio\git\MT01_master\src\Display\u8g_pb16h2.c",138
00000198 A809                    		MOV.L 04H[R0], R1
0000019A B112                    		MOVU.B 04H[R1], R2
0000019C 6862                    		SHLR #06H, R2
0000019E 8112                    		MOV.B R2, 04H[R1]
000001A0                         L62:	; bb.split1
                                 ;     139     u8g_pb16h2_SetPixel(b, arg_pixel, 1);
                                 		.LINE  "C:\Workspace\e2studio\git\MT01_master\src\Display\u8g_pb16h2.c",139
000001A0 A80A                    		MOV.L 04H[R0], R2
000001A2 A881                    		MOV.L 08H[R0], R1
000001A4 6613                    		MOV.L #00000001H, R3
000001A6 39rrrr               W  		BSR _u8g_pb16h2_SetPixel
000001A9                         L63:	; bb.split2
                                 ;     140     switch( arg_pixel->dir )
                                 		.LINE  "C:\Workspace\e2studio\git\MT01_master\src\Display\u8g_pb16h2.c",140
000001A9 A809                    		MOV.L 04H[R0], R1
000001AB B099                    		MOVU.B 03H[R1], R1
000001AD 6131                    		CMP #03H, R1
000001AF 20rr                    		BEQ L70
000001B1                         L64:	; bb.split2
000001B1 6111                    		CMP #01H, R1
000001B3 20rr                    		BEQ L68
000001B5                         L65:	; bb.split2
000001B5 6121                    		CMP #02H, R1
000001B7 20rr                    		BEQ L69
000001B9                         L66:	; bb.split2
000001B9 6101                    		CMP #00H, R1
000001BB 21rr                    		BNE L71
000001BD                         L67:	; bb24
                                 ;     141     {
                                 ;     142       case 0: arg_pixel->x++; break;
                                 		.LINE  "C:\Workspace\e2studio\git\MT01_master\src\Display\u8g_pb16h2.c",142
000001BD A809                    		MOV.L 04H[R0], R1
000001BF 581E                    		MOVU.B [R1], R14
000001C1 621E                    		ADD #01H, R14
000001C3 C31E                    		MOV.B R14, [R1]
000001C5 2Err                 B  		BRA L71
000001C7                         L68:	; bb29
                                 ;     143       case 1: arg_pixel->y++; break;
                                 		.LINE  "C:\Workspace\e2studio\git\MT01_master\src\Display\u8g_pb16h2.c",143
000001C7 A809                    		MOV.L 04H[R0], R1
000001C9 B01A                    		MOVU.B 01H[R1], R2
000001CB 6212                    		ADD #01H, R2
000001CD 801A                    		MOV.B R2, 01H[R1]
000001CF 2Err                 B  		BRA L71
000001D1                         L69:	; bb34
                                 ;     144       case 2: arg_pixel->x--; break;
                                 		.LINE  "C:\Workspace\e2studio\git\MT01_master\src\Display\u8g_pb16h2.c",144
000001D1 A809                    		MOV.L 04H[R0], R1
000001D3 581E                    		MOVU.B [R1], R14
000001D5 601E                    		SUB #01H, R14
000001D7 C31E                    		MOV.B R14, [R1]
000001D9 08                   S  		BRA L71
000001DA                         L70:	; bb39
                                 ;     145       case 3: arg_pixel->y--; break;
                                 		.LINE  "C:\Workspace\e2studio\git\MT01_master\src\Display\u8g_pb16h2.c",145
000001DA A809                    		MOV.L 04H[R0], R1
000001DC B01A                    		MOVU.B 01H[R1], R2
000001DE 6012                    		SUB #01H, R2
000001E0 801A                    		MOV.B R2, 01H[R1]
000001E2                         L71:	; bb44
                                 ;     146     }
                                 ;     147     pixel <<= 2;
                                 		.LINE  "C:\Workspace\e2studio\git\MT01_master\src\Display\u8g_pb16h2.c",147
000001E2 B089                    		MOVU.B 03H[R0], R1
000001E4 6C21                    		SHLL #02H, R1
000001E6 8089                    		MOV.B R1, 03H[R0]
000001E8                         L72:	; bb44.split
                                 		.LINE  "C:\Workspace\e2studio\git\MT01_master\src\Display\u8g_pb16h2.c",135
000001E8 B089                    		MOVU.B 03H[R0], R1
000001EA 6101                    		CMP #00H, R1
000001EC 21rr                    		BNE L60
000001EE                         L73:	; return
                                 ;     148   } while( pixel != 0  );
                                 ;     149 }
                                 		.LINE  "C:\Workspace\e2studio\git\MT01_master\src\Display\u8g_pb16h2.c",149
000001EE 6703                    		RTSD #0CH
000001F0                         _u8g_dev_pb16h2_base_fn:
                                 		.STACK	_u8g_dev_pb16h2_base_fn=32
                                 ;     150 
                                 ;     151 
                                 ;     152 uint8_t u8g_dev_pb16h2_base_fn(u8g_t *u8g, u8g_dev_t *dev, uint8_t msg, void *arg)
                                 		.LINE  "C:\Workspace\e2studio\git\MT01_master\src\Display\u8g_pb16h2.c",152
000001F0 7100E4                  		ADD #0FFFFFFE4H, R0
000001F3 A181                    		MOV.L R1, 18H[R0]
000001F5 A10A                    		MOV.L R2, 14H[R0]
000001F7 848B                    		MOV.B R3, 13H[R0]
000001F9 A08C                    		MOV.L R4, 0CH[R0]
                                 ;     153 {
                                 ;     154   u8g_pb_t *pb = (u8g_pb_t *)(dev->dev_mem);
                                 		.LINE  "C:\Workspace\e2studio\git\MT01_master\src\Display\u8g_pb16h2.c",154
000001FB A909                    		MOV.L 14H[R0], R1
000001FD E5100101                		MOV.L 04H[R1], 04H[R0]
00000201                         L75:	; entry.split
                                 ;     155   switch(msg)
                                 		.LINE  "C:\Workspace\e2studio\git\MT01_master\src\Display\u8g_pb16h2.c",155
00000201 B489                    		MOVU.B 13H[R0], R1
00000203 755114                  		CMP #14H, R1
00000206 20rr                    		BEQ L90
00000208                         L76:	; entry.split
00000208 755115                  		CMP #15H, R1
0000020B 20rr                    		BEQ L92
0000020D                         L77:	; entry.split
0000020D 755117                  		CMP #17H, R1
00000210 20rr                    		BEQ L95
00000212                         L78:	; entry.split
00000212 75512C                  		CMP #2CH, R1
00000215 20rr                    		BEQ L89
00000217                         L79:	; entry.split
00000217 75512D                  		CMP #2DH, R1
0000021A 20rr                    		BEQ L88
0000021C                         L80:	; entry.split
0000021C 755132                  		CMP #32H, R1
0000021F 20rr                    		BEQ L87
00000221                         L81:	; entry.split
00000221 755148                  		CMP #48H, R1
00000224 3Arrrr               W  		BEQ L98
00000227                         L82:	; entry.split
00000227 755146                  		CMP #46H, R1
0000022A 20rr                    		BEQ L96
0000022C                         L83:	; entry.split
0000022C 755147                  		CMP #47H, R1
0000022F 20rr                    		BEQ L97
00000231                         L84:	; entry.split
00000231 75513B                  		CMP #3BH, R1
00000234 21rr                    		BNE L99
00000236                         L85:	; bb12
                                 ;     156   {
                                 ;     157     case U8G_DEV_MSG_SET_8PIXEL:
                                 ;     158       if ( u8g_pb_Is8PixelVisible(pb, (u8g_dev_arg_pixel_t *)arg) )
                                 		.LINE  "C:\Workspace\e2studio\git\MT01_master\src\Display\u8g_pb16h2.c",158
00000236 A88A                    		MOV.L 0CH[R0], R2
00000238 A809                    		MOV.L 04H[R0], R1
0000023A 05rrrrrr             A  		BSR _u8g_pb_Is8PixelVisible
0000023E 6101                    		CMP #00H, R1
00000240 20rr                    		BEQ L99
00000242                         L86:	; bb13
                                 ;     159       {
                                 ;     160         u8g_pb16h2_Set8PixelStd(pb, (u8g_dev_arg_pixel_t *)arg);
                                 		.LINE  "C:\Workspace\e2studio\git\MT01_master\src\Display\u8g_pb16h2.c",160
00000242 A88A                    		MOV.L 0CH[R0], R2
00000244 A809                    		MOV.L 04H[R0], R1
00000246 39rrrr               W  		BSR _u8g_pb16h2_Set8PixelStd
00000249 2Err                 B  		BRA L99
0000024B                         L87:	; bb25
                                 ;     161       }
                                 ;     162       break;
                                 ;     163     case U8G_DEV_MSG_SET_PIXEL:
                                 ;     164       u8g_pb16h2_SetPixel(pb, (u8g_dev_arg_pixel_t *)arg, 0);
                                 		.LINE  "C:\Workspace\e2studio\git\MT01_master\src\Display\u8g_pb16h2.c",164
0000024B A88A                    		MOV.L 0CH[R0], R2
0000024D A809                    		MOV.L 04H[R0], R1
0000024F 6603                    		MOV.L #00000000H, R3
00000251 39rrrr               W  		BSR _u8g_pb16h2_SetPixel
00000254 2Err                 B  		BRA L99
00000256                         L88:	; bb29
                                 ;     165       break;
                                 ;     166     case U8G_DEV_MSG_SET_4TPIXEL:
                                 ;     167       u8g_pb16h2_Or4PixelStd(pb, (u8g_dev_arg_pixel_t *)arg);
                                 		.LINE  "C:\Workspace\e2studio\git\MT01_master\src\Display\u8g_pb16h2.c",167
00000256 A88A                    		MOV.L 0CH[R0], R2
00000258 A809                    		MOV.L 04H[R0], R1
0000025A 39rrrr               W  		BSR _u8g_pb16h2_Or4PixelStd
0000025D 2Err                 B  		BRA L99
0000025F                         L89:	; bb33
                                 ;     168       break;
                                 ;     169     case U8G_DEV_MSG_SET_TPIXEL:
                                 ;     170       u8g_pb16h2_SetPixel(pb, (u8g_dev_arg_pixel_t *)arg, 1);
                                 		.LINE  "C:\Workspace\e2studio\git\MT01_master\src\Display\u8g_pb16h2.c",170
0000025F A88A                    		MOV.L 0CH[R0], R2
00000261 A809                    		MOV.L 04H[R0], R1
00000263 6613                    		MOV.L #00000001H, R3
00000265 39rrrr               W  		BSR _u8g_pb16h2_SetPixel
00000268 2Err                 B  		BRA L99
0000026A                         L90:	; bb39
                                 ;     171       break;
                                 ;     172     case U8G_DEV_MSG_INIT:
                                 ;     173       break;
                                 ;     174     case U8G_DEV_MSG_STOP:
                                 ;     175       break;
                                 ;     176     case U8G_DEV_MSG_PAGE_FIRST:
                                 ;     177       u8g_page_First(&(pb->p));
                                 		.LINE  "C:\Workspace\e2studio\git\MT01_master\src\Display\u8g_pb16h2.c",177
0000026A A809                    		MOV.L 04H[R0], R1
0000026C 05rrrrrr             A  		BSR _u8g_page_First
00000270                         L91:	; bb39.split
                                 ;     178       u8g_pb16h2_Clear(pb);
                                 		.LINE  "C:\Workspace\e2studio\git\MT01_master\src\Display\u8g_pb16h2.c",178
00000270 A809                    		MOV.L 04H[R0], R1
00000272 39rrrr               W  		BSR _u8g_pb16h2_Clear
00000275 2Err                 B  		BRA L99
00000277                         L92:	; bb44
                                 ;     179       break;
                                 ;     180     case U8G_DEV_MSG_PAGE_NEXT:
                                 ;     181       if ( u8g_page_Next(&(pb->p)) == 0 )
                                 		.LINE  "C:\Workspace\e2studio\git\MT01_master\src\Display\u8g_pb16h2.c",181
00000277 A809                    		MOV.L 04H[R0], R1
00000279 05rrrrrr             A  		BSR _u8g_page_Next
0000027D 6101                    		CMP #00H, R1
0000027F 18                   S  		BNE L94
00000280                         L93:	; bb45
                                 ;     182         return 0;
                                 		.LINE  "C:\Workspace\e2studio\git\MT01_master\src\Display\u8g_pb16h2.c",182
00000280 3C0300                  		MOV.B #00H, 03H[R0]
00000283 2Err                 B  		BRA L100
00000285                         L94:	; bb54
                                 ;     183       u8g_pb16h2_Clear(pb);
                                 		.LINE  "C:\Workspace\e2studio\git\MT01_master\src\Display\u8g_pb16h2.c",183
00000285 A809                    		MOV.L 04H[R0], R1
00000287 39rrrr               W  		BSR _u8g_pb16h2_Clear
0000028A 2Err                 B  		BRA L99
0000028C                         L95:	; bb56
                                 ;     184       break;
                                 ;     185 #ifdef U8G_DEV_MSG_IS_BBX_INTERSECTION
                                 ;     186     case U8G_DEV_MSG_IS_BBX_INTERSECTION:
                                 ;     187       return u8g_pb_IsIntersection(pb, (u8g_dev_arg_bbx_t *)arg);
                                 ;     188 #endif
                                 ;     189     case U8G_DEV_MSG_GET_PAGE_BOX:
                                 ;     190       u8g_pb_GetPageBox(pb, (u8g_box_t *)arg);
                                 		.LINE  "C:\Workspace\e2studio\git\MT01_master\src\Display\u8g_pb16h2.c",190
0000028C A88A                    		MOV.L 0CH[R0], R2
0000028E A809                    		MOV.L 04H[R0], R1
00000290 05rrrrrr             A  		BSR _u8g_pb_GetPageBox
00000294 2Err                 B  		BRA L99
00000296                         L96:	; bb60
                                 ;     191       break;
                                 ;     192     case U8G_DEV_MSG_GET_WIDTH:
                                 ;     193       *((u8g_uint_t *)arg) = pb->width;
                                 		.LINE  "C:\Workspace\e2studio\git\MT01_master\src\Display\u8g_pb16h2.c",193
00000296 A809                    		MOV.L 04H[R0], R1
00000298 A88A                    		MOV.L 0CH[R0], R2
0000029A C11205                  		MOV.B 05H[R1], [R2]
0000029D 2Err                 B  		BRA L99
0000029F                         L97:	; bb65
                                 ;     194       break;
                                 ;     195     case U8G_DEV_MSG_GET_HEIGHT:
                                 ;     196       *((u8g_uint_t *)arg) = pb->p.total_height;
                                 		.LINE  "C:\Workspace\e2studio\git\MT01_master\src\Display\u8g_pb16h2.c",196
0000029F A809                    		MOV.L 04H[R0], R1
000002A1 A88A                    		MOV.L 0CH[R0], R2
000002A3 C11201                  		MOV.B 01H[R1], [R2]
000002A6 08                   S  		BRA L99
000002A7                         L98:	; bb73
                                 ;     197       break;
                                 ;     198     case U8G_DEV_MSG_SET_COLOR_ENTRY:
                                 ;     199       break;
                                 ;     200     case U8G_DEV_MSG_SET_XY_CB:
                                 ;     201       break;
                                 ;     202     case U8G_DEV_MSG_GET_MODE:
                                 ;     203       return U8G_MODE_GRAY2BIT;
                                 		.LINE  "C:\Workspace\e2studio\git\MT01_master\src\Display\u8g_pb16h2.c",203
000002A7 3C0302                  		MOV.B #02H, 03H[R0]
000002AA 08                   S  		BRA L100
000002AB                         L99:	; bb75
                                 ;     204   }
                                 ;     205   return 1;
                                 		.LINE  "C:\Workspace\e2studio\git\MT01_master\src\Display\u8g_pb16h2.c",205
000002AB 3C0301                  		MOV.B #01H, 03H[R0]
000002AE                         L100:	; bb77
000002AE C500030B                		MOV.B 03H[R0], 0BH[R0]
                                 ;     206 }
                                 		.LINE  "C:\Workspace\e2studio\git\MT01_master\src\Display\u8g_pb16h2.c",206
000002B2 B289                    		MOVU.B 0BH[R0], R1
000002B4 6707                    		RTSD #1CH
                                 ;     207  
                                 ;     208   
                                 		.END

Information List

TOTAL ERROR(S)    00000
TOTAL WARNING(S)  00000
TOTAL LINE(S)     00739   LINES

Section List

Attr         Size               Name
CODE     0000000694(000002B6H)  P

Cpu Type

-ISA=RXV1 -FPU

Command Parameter

-subcommand=C:\Users\LAFONS~1\AppData\Local\Temp\$ccrx305E\$ccrx\u8g_pb16h2.src.cmd
    -nologo
    -isa=rxv1
    -fpu
    -show=conditionals,definitions,expansions
    -define=__RXV1=1
    -fint_register=0
    -debug
    -endian=little
-listfile=C:\Workspace\e2studio\git\MT01_master\MT01_build\u8g_pb16h2.lst
-output=C:\Workspace\e2studio\git\MT01_master\MT01_build\src\Display\u8g_pb16h2.obj
