* RX FAMILY ASSEMBLER V2.03.00.01 [24 Oct 2014] *  SOURCE LIST  Mon Mar 20 17:11:57 2017

LOC.     OBJ.              0XMDA SOURCE STATEMENT

                                 ;RX Family C/C++ Compiler (V2.03.00.03 [04 Dec 2014])  20-Mar-2017 17:11:57
                                 
                                 ;*** CPU TYPE ***
                                 
                                 ;-ISA=RXV1
                                 
                                 ;*** COMMAND PARAMETER ***
                                 
                                 ;-output=src=u8g_font_helvr08.src
                                 ;-lang=c99
                                 ;-include=C:\PROGRA~2\Renesas\RX\2_3_0/include,C:\Workspace\e2studio\git\MT01_master\r_lvd_rx,C:\Workspace\e2studio\git\MT01_master\r_lvd_rx\src,C:/Workspace/e2studio/
                                 ;-debug
                                 ;-show=source,conditionals,definitions,expansions
                                 ;-listfile=u8g_font_helvr08.lst
                                 ;-isa=rxv1
                                 ;-optimize=0
                                 ;-fpu
                                 ;-alias=noansi
                                 ;-nologo
                                 ;-nomessage
                                 ;-define=__RX,COMPACTAXP=0,EASYMAK=1,MOBILE=0,FREE_RTOS_PP
                                 ;u8g_font_helvr08.c
                                 
                                 		.glb	_u8g_font_helvR08
                                 ;LineNo. C-SOURCE STATEMENT
                                 
                                 		.SECTION	C_1,ROMDATA
00000000                         _u8g_font_helvR08:
00000000 000D12FE                		.byte	00H,0DH,12H,0FEH,0FCH,08H,01H,0B2H,03H
         FC0801B2                
         03                      
00000009 6F20                    		.byte	"o "
0000000B FFFE0BFE                		.byte	0FFH,0FEH,0BH,0FEH,08H,0FEH,00H,00H,00H,03H,00H,01H,01H,08H,08H,03H
         08FE0000                
         00030001                
         01080803                
0000001B 01008080                		.byte	01H,00H,80H,80H,80H,80H,80H,80H,00H,80H,03H,02H,02H,04H,01H,06H
         80808080                
         00800302                
         02040106                
0000002B A0A00607                		.byte	0A0H,0A0H,06H,07H,07H,06H,00H,00H
         07060000                
00000033 28287C28                		.byte	"((|("
00000037 F8                      		.byte	0F8H
00000038 5050                    		.byte	"PP"
0000003A 050A0A06                		.byte	05H,0AH,0AH,06H,00H,0FFH
         00FF                    
00000040 2070                    		.byte	" p"
00000042 A8A0                    		.byte	0A8H,0A0H
00000044 702828                  		.byte	"p(("
00000047 A8                      		.byte	0A8H
00000048 7020                    		.byte	"p "
0000004A 08080809                		.byte	08H,08H,08H,09H,00H,00H
         0000                    
00000050 64                      		.byte	"d"
00000051 94                      		.byte	94H
00000052 68                      		.byte	"h"
00000053 081016                  		.byte	08H,10H,16H
00000056 2926                    		.byte	")&"
00000058 06080808                		.byte	06H,08H,08H,08H,01H,00H
         0100                    
0000005E 60                      		.byte	"`"
0000005F 9090                    		.byte	90H,90H
00000061 60                      		.byte	"`"
00000062 948898                  		.byte	94H,88H,98H
00000065 64                      		.byte	"d"
00000066 01020202                		.byte	01H,02H,02H,02H,00H,06H,80H,80H,03H,0AH,0AH,04H,00H,0FEH
         00068080                
         030A0A04                
         00FE                    
00000074 204040                  		.byte	" @@"
00000077 80808080                		.byte	80H,80H,80H,80H
0000007B 404020                  		.byte	"@@ "
0000007E 030A0A04                		.byte	03H,0AH,0AH,04H,01H,0FEH,80H
         01FE80                  
00000085 40402020                		.byte	"@@    @@"
         20204040                
0000008D 80030303                		.byte	80H,03H,03H,03H,04H,00H,05H,0A0H
         040005A0                
00000095 40                      		.byte	"@"
00000096 A0050505                		.byte	0A0H,05H,05H,05H,06H,00H,01H
         060001                  
0000009D 2020                    		.byte	"  "
0000009F F8                      		.byte	0F8H
000000A0 2020                    		.byte	"  "
000000A2 02030303                		.byte	02H,03H,03H,03H,00H,0FEH
         00FE                    
000000A8 4040                    		.byte	"@@"
000000AA 80030101                		.byte	80H,03H,01H,01H,04H,00H,03H,0E0H,01H,01H,01H,03H,01H,00H,80H,03H
         040003E0                
         01010103                
         01008003                
000000BA 08080300                		.byte	08H,08H,03H,00H,00H
         00                      
000000BF 20204040                		.byte	"  @@@@"
         4040                    
000000C5 80800508                		.byte	80H,80H,05H,08H,08H,06H,00H,00H
         08060000                
000000CD 70                      		.byte	"p"
000000CE 88888888                		.byte	88H,88H,88H,88H,88H,88H
         8888                    
000000D4 70                      		.byte	"p"
000000D5 02080806                		.byte	02H,08H,08H,06H,01H,00H
         0100                    
000000DB 40                      		.byte	"@"
000000DC C0                      		.byte	0C0H
000000DD 40404040                		.byte	"@@@@@@"
         4040                    
000000E3 05080806                		.byte	05H,08H,08H,06H,00H,00H
         0000                    
000000E9 70                      		.byte	"p"
000000EA 880808                  		.byte	88H,08H,08H
000000ED 3040                    		.byte	"0@"
000000EF 80F80508                		.byte	80H,0F8H,05H,08H,08H,06H,00H,00H
         08060000                
000000F7 70                      		.byte	"p"
000000F8 8808                    		.byte	88H,08H
000000FA 30                      		.byte	"0"
000000FB 080888                  		.byte	08H,08H,88H
000000FE 70                      		.byte	"p"
000000FF 05080806                		.byte	05H,08H,08H,06H,00H,00H,10H
         000010                  
00000106 305050                  		.byte	"0PP"
00000109 90F81010                		.byte	90H,0F8H,10H,10H,05H,08H,08H,06H,00H,00H
         05080806                
         0000                    
00000113 78404070                		.byte	"x@@p"
00000117 080888                  		.byte	08H,08H,88H
0000011A 70                      		.byte	"p"
0000011B 05080806                		.byte	05H,08H,08H,06H,00H,00H
         0000                    
00000121 70                      		.byte	"p"
00000122 8880F088                		.byte	88H,80H,0F0H,88H,88H,88H
         8888                    
00000128 70                      		.byte	"p"
00000129 05080806                		.byte	05H,08H,08H,06H,00H,00H,0F8H,08H,10H
         0000F808                
         10                      
00000132 20204040                		.byte	"  @@@"
         40                      
00000137 05080806                		.byte	05H,08H,08H,06H,00H,00H
         0000                    
0000013D 70                      		.byte	"p"
0000013E 8888                    		.byte	88H,88H
00000140 70                      		.byte	"p"
00000141 888888                  		.byte	88H,88H,88H
00000144 70                      		.byte	"p"
00000145 05080806                		.byte	05H,08H,08H,06H,00H,00H
         0000                    
0000014B 70                      		.byte	"p"
0000014C 888888                  		.byte	88H,88H,88H
0000014F 78                      		.byte	"x"
00000150 0888                    		.byte	08H,88H
00000152 70                      		.byte	"p"
00000153 01060603                		.byte	01H,06H,06H,03H,01H,00H,80H,00H,00H,00H,00H,80H,02H,08H,08H,03H
         01008000                
         00000080                
         02080803                
00000163 00FE                    		.byte	00H,0FEH
00000165 40                      		.byte	"@"
00000166 00000000                		.byte	00H,00H,00H,00H
0000016A 4040                    		.byte	"@@"
0000016C 80030505                		.byte	80H,03H,05H,05H,06H,01H,01H
         060101                  
00000173 2040                    		.byte	" @"
00000175 80                      		.byte	80H
00000176 4020                    		.byte	"@ "
00000178 04030305                		.byte	04H,03H,03H,05H,00H,02H,0F0H,00H,0F0H,03H,05H,05H,06H,01H,01H,80H
         0002F000                
         F0030505                
         06010180                
00000188 402040                  		.byte	"@ @"
0000018B 80040808                		.byte	80H,04H,08H,08H,06H,01H,00H
         060100                  
00000192 60                      		.byte	"`"
00000193 9010                    		.byte	90H,10H
00000195 204040                  		.byte	" @@"
00000198 00                      		.byte	00H
00000199 40                      		.byte	"@"
0000019A 0A09120B                		.byte	0AH,09H,12H,0BH,00H,0FFH,1FH,00H
         00FF1F00                
000001A2 20                      		.byte	" "
000001A3 80                      		.byte	80H
000001A4 4D40                    		.byte	"M@"
000001A6 92                      		.byte	92H
000001A7 40                      		.byte	"@"
000001A8 A2                      		.byte	0A2H
000001A9 40                      		.byte	"@"
000001AA A4809B00                		.byte	0A4H,80H,9BH,00H
000001AE 40                      		.byte	"@"
000001AF 00                      		.byte	00H
000001B0 3E                      		.byte	">"
000001B1 00070808                		.byte	00H,07H,08H,08H,07H,00H,00H,10H,10H
         07000010                
         10                      
000001BA 2828447C                		.byte	"((D|"
000001BE 82820508                		.byte	82H,82H,05H,08H,08H,07H,01H,00H,0F0H,88H,88H,0F0H,88H,88H,88H,0F0H
         08070100                
         F08888F0                
         888888F0                
000001CE 06080808                		.byte	06H,08H,08H,08H,01H,00H
         0100                    
000001D4 78                      		.byte	"x"
000001D5 84808080                		.byte	84H,80H,80H,80H,80H,84H
         8084                    
000001DB 78                      		.byte	"x"
000001DC 06080808                		.byte	06H,08H,08H,08H,01H,00H,0F0H,88H,84H,84H,84H,84H,88H,0F0H,05H,08H
         0100F088                
         84848484                
         88F00508                
000001EC 08070100                		.byte	08H,07H,01H,00H,0F8H,80H,80H,0F8H,80H,80H,80H,0F8H,05H,08H,08H,06H
         F88080F8                
         808080F8                
         05080806                
000001FC 0100F880                		.byte	01H,00H,0F8H,80H,80H,0F0H,80H,80H,80H,80H,06H,08H,08H,08H,01H,00H
         80F08080                
         80800608                
         08080100                
0000020C 78                      		.byte	"x"
0000020D 8480808C                		.byte	84H,80H,80H,8CH,84H,84H
         8484                    
00000213 7C                      		.byte	"|"
00000214 06080808                		.byte	06H,08H,08H,08H,01H,00H,84H,84H,84H,0FCH,84H,84H,84H,84H,01H,08H
         01008484                
         84FC8484                
         84840108                
00000224 08030100                		.byte	08H,03H,01H,00H,80H,80H,80H,80H,80H,80H,80H,80H,04H,08H,08H,05H
         80808080                
         80808080                
         04080805                
00000234 00001010                		.byte	00H,00H,10H,10H,10H,10H,10H,10H,90H
         10101010                
         90                      
0000023D 60                      		.byte	"`"
0000023E 05080807                		.byte	05H,08H,08H,07H,01H,00H,88H,90H,0A0H,0E0H,90H,90H,88H,88H,04H,08H
         01008890                
         A0E09090                
         88880408                
0000024E 08060100                		.byte	08H,06H,01H,00H,80H,80H,80H,80H,80H,80H,80H,0F0H,07H,08H,08H,09H
         80808080                
         808080F0                
         07080809                
0000025E 010082C6                		.byte	01H,00H,82H,0C6H,0C6H,0AAH,0AAH,92H,92H,92H,06H,08H,08H,08H,01H,00H
         C6AAAA92                
         92920608                
         08080100                
0000026E C4C4A4A4                		.byte	0C4H,0C4H,0A4H,0A4H,94H,94H,8CH,8CH,06H,08H,08H,08H,01H,00H
         94948C8C                
         06080808                
         0100                    
0000027C 78                      		.byte	"x"
0000027D 84848484                		.byte	84H,84H,84H,84H,84H,84H
         8484                    
00000283 78                      		.byte	"x"
00000284 05080807                		.byte	05H,08H,08H,07H,01H,00H,0F0H,88H,88H,0F0H,80H,80H,80H,80H,07H,09H
         0100F088                
         88F08080                
         80800709                
00000294 090801FF                		.byte	09H,08H,01H,0FFH
00000298 78                      		.byte	"x"
00000299 84848484                		.byte	84H,84H,84H,84H,94H,8CH
         948C                    
0000029F 7C                      		.byte	"|"
000002A0 02050808                		.byte	02H,05H,08H,08H,07H,01H,00H,0F0H,88H,88H,0F0H,88H,88H,88H,88H,05H
         070100F0                
         8888F088                
         88888805                
000002B0 08080701                		.byte	08H,08H,07H,01H,00H
         00                      
000002B5 70                      		.byte	"p"
000002B6 8880                    		.byte	88H,80H
000002B8 70                      		.byte	"p"
000002B9 088888                  		.byte	08H,88H,88H
000002BC 70                      		.byte	"p"
000002BD 05080805                		.byte	05H,08H,08H,05H,00H,00H,0F8H
         0000F8                  
000002C4 20202020                		.byte	"       "
         202020                  
000002CB 06080808                		.byte	06H,08H,08H,08H,01H,00H,84H,84H,84H,84H,84H,84H,84H
         01008484                
         84848484                
         84                      
000002D8 78                      		.byte	"x"
000002D9 07080807                		.byte	07H,08H,08H,07H,00H,00H,82H,82H
         00008282                
000002E1 44444428                		.byte	"DDD(("
         28                      
000002E6 10090810                		.byte	10H,09H,08H,10H,09H,00H,00H,88H,80H,88H,80H
         09000088                
         808880                  
000002F1 49                      		.byte	"I"
000002F2 00                      		.byte	00H
000002F3 49                      		.byte	"I"
000002F4 00                      		.byte	00H
000002F5 55                      		.byte	"U"
000002F6 00220022                		.byte	00H,22H,00H,22H,00H,22H,00H,05H,08H,08H,07H,01H,00H,88H,88H
         00220005                
         08080701                
         008888                  
00000305 50205050                		.byte	"P PP"
00000309 88880708                		.byte	88H,88H,07H,08H,08H,07H,00H,00H,82H
         08070000                
         82                      
00000312 44442828                		.byte	"DD(("
00000316 10101005                		.byte	10H,10H,10H,05H,08H,08H,07H,01H,00H,0F8H,08H,10H
         08080701                
         00F80810                
00000322 202040                  		.byte	"  @"
00000325 80F8020A                		.byte	80H,0F8H,02H,0AH,0AH,03H,01H,0FEH,0C0H,80H,80H,80H,80H,80H,80H,80H
         0A0301FE                
         C0808080                
         80808080                
00000335 80C00308                		.byte	80H,0C0H,03H,08H,08H,03H,00H,00H,80H,80H
         08030000                
         8080                    
0000033F 40404040                		.byte	"@@@@  "
         2020                    
00000345 020A0A03                		.byte	02H,0AH,0AH,03H,00H,0FEH,0C0H
         00FEC0                  
0000034C 40404040                		.byte	"@@@@@@@@"
         40404040                
00000354 C0050505                		.byte	0C0H,05H,05H,05H,06H,00H,03H
         060003                  
0000035B 20205050                		.byte	"  PP"
0000035F 88060101                		.byte	88H,06H,01H,01H,06H,00H,0FEH,0FCH,02H,02H,02H,03H,00H,07H,80H
         0600FEFC                
         02020203                
         000780                  
0000036E 40                      		.byte	"@"
0000036F 05060605                		.byte	05H,06H,06H,05H,00H,00H,0E0H,10H
         0000E010                
00000377 70                      		.byte	"p"
00000378 9090                    		.byte	90H,90H
0000037A 68                      		.byte	"h"
0000037B 05080806                		.byte	05H,08H,08H,06H,00H,00H,80H,80H,0B0H,0C8H,88H,88H,0C8H,0B0H,04H,06H
         00008080                
         B0C88888                
         C8B00406                
0000038B 06050000                		.byte	06H,05H,00H,00H
0000038F 60                      		.byte	"`"
00000390 90808090                		.byte	90H,80H,80H,90H
00000394 60                      		.byte	"`"
00000395 05080806                		.byte	05H,08H,08H,06H,00H,00H,08H,08H
         00000808                
0000039D 68                      		.byte	"h"
0000039E 98888898                		.byte	98H,88H,88H,98H
000003A2 68                      		.byte	"h"
000003A3 04060605                		.byte	04H,06H,06H,05H,00H,00H
         0000                    
000003A9 60                      		.byte	"`"
000003AA 90F08090                		.byte	90H,0F0H,80H,90H
000003AE 60                      		.byte	"`"
000003AF 04080804                		.byte	04H,08H,08H,04H,00H,00H
         0000                    
000003B5 3040                    		.byte	"0@"
000003B7 E0                      		.byte	0E0H
000003B8 40404040                		.byte	"@@@@@"
         40                      
000003BD 05080806                		.byte	05H,08H,08H,06H,00H,0FEH
         00FE                    
000003C3 68                      		.byte	"h"
000003C4 98888898                		.byte	98H,88H,88H,98H
000003C8 68                      		.byte	"h"
000003C9 08                      		.byte	08H
000003CA 70                      		.byte	"p"
000003CB 05080806                		.byte	05H,08H,08H,06H,00H,00H,80H,80H,0B0H,0C8H,88H,88H,88H,88H,01H,08H
         00008080                
         B0C88888                
         88880108                
000003DB 08020000                		.byte	08H,02H,00H,00H,80H,00H,80H,80H,80H,80H,80H,80H,02H,0AH,0AH,02H
         80008080                
         80808080                
         020A0A02                
000003EB FFFE                    		.byte	0FFH,0FEH
000003ED 40                      		.byte	"@"
000003EE 00                      		.byte	00H
000003EF 40404040                		.byte	"@@@@@@@"
         404040                  
000003F6 80040808                		.byte	80H,04H,08H,08H,05H,00H,00H,80H,80H,90H,0A0H,0C0H,0A0H,90H,90H,01H
         05000080                
         8090A0C0                
         A0909001                
00000406 08080200                		.byte	08H,08H,02H,00H,00H,80H,80H,80H,80H,80H,80H,80H,80H,07H,06H,06H
         00808080                
         80808080                
         80070606                
00000416 080000EC                		.byte	08H,00H,00H,0ECH,92H,92H,92H,92H,92H,05H,06H,06H,06H,00H,00H,0B0H
         92929292                
         92050606                
         060000B0                
00000426 C8888888                		.byte	0C8H,88H,88H,88H,88H,05H,06H,06H,06H,00H,00H
         88050606                
         060000                  
00000431 70                      		.byte	"p"
00000432 88888888                		.byte	88H,88H,88H,88H
00000436 70                      		.byte	"p"
00000437 05080806                		.byte	05H,08H,08H,06H,00H,0FEH,0B0H,0C8H,88H,88H,0C8H,0B0H,80H,80H,05H,08H
         00FEB0C8                
         8888C8B0                
         80800508                
00000447 080600FE                		.byte	08H,06H,00H,0FEH
0000044B 68                      		.byte	"h"
0000044C 98888898                		.byte	98H,88H,88H,98H
00000450 68                      		.byte	"h"
00000451 08080306                		.byte	08H,08H,03H,06H,06H,04H,00H,00H,0A0H,0C0H,80H,80H,80H,80H,04H,06H
         06040000                
         A0C08080                
         80800406                
00000461 06050000                		.byte	06H,05H,00H,00H
00000465 60                      		.byte	"`"
00000466 90                      		.byte	90H
00000467 60                      		.byte	"`"
00000468 1090                    		.byte	10H,90H
0000046A 60                      		.byte	"`"
0000046B 03080804                		.byte	03H,08H,08H,04H,00H,00H
         0000                    
00000471 4040                    		.byte	"@@"
00000473 E0                      		.byte	0E0H
00000474 40404040                		.byte	"@@@@`"
         60                      
00000479 04060605                		.byte	04H,06H,06H,05H,00H,00H,90H,90H,90H,90H,90H
         00009090                
         909090                  
00000484 70                      		.byte	"p"
00000485 05060606                		.byte	05H,06H,06H,06H,00H,00H,88H,88H
         00008888                
0000048D 50502020                		.byte	"PP  "
00000491 07060608                		.byte	07H,06H,06H,08H,00H,00H,92H,92H
         00009292                
00000499 54542828                		.byte	"TT(("
0000049D 05060606                		.byte	05H,06H,06H,06H,00H,00H,88H
         000088                  
000004A4 502050                  		.byte	"P P"
000004A7 88880508                		.byte	88H,88H,05H,08H,08H,05H,0FFH,0FEH
         0805FFFE                
000004AF 48485050                		.byte	"HHPP0  "
         302020                  
000004B6 C0040606                		.byte	0C0H,04H,06H,06H,05H,00H,00H,0F0H,10H
         050000F0                
         10                      
000004BF 2040                    		.byte	" @"
000004C1 80F0030A                		.byte	80H,0F0H,03H,0AH,0AH,03H,00H,0FEH
         0A0300FE                
000004C9 20404040                		.byte	" @@@"
000004CD 80                      		.byte	80H
000004CE 40404040                		.byte	"@@@@ "
         20                      
000004D3 010A0A03                		.byte	01H,0AH,0AH,03H,01H,0FEH,80H,80H,80H,80H,80H,80H,80H,80H,80H,80H
         01FE8080                
         80808080                
         80808080                
000004E3 030A0A03                		.byte	03H,0AH,0AH,03H,00H,0FEH,80H
         00FE80                  
000004EA 40404020                		.byte	"@@@ @@@@"
         40404040                
000004F2 80060202                		.byte	80H,06H,02H,02H,07H,00H,03H
         070003                  
000004F9 64                      		.byte	"d"
000004FA 98FFFFFF                		.byte	98H,0FFH,0FFH,0FFH,0FFH,0FFH,0FFH,0FFH,0FFH,0FFH,0FFH,0FFH,0FFH,0FFH,0FFH,0FFH
         FFFFFFFF                
         FFFFFFFF                
         FFFFFFFF                
0000050A FFFFFFFF                		.byte	0FFH,0FFH,0FFH,0FFH,0FFH,0FFH,0FFH,0FFH,0FFH,0FFH,0FFH,0FFH,0FFH,0FFH,0FFH,0FFH
         FFFFFFFF                
         FFFFFFFF                
         FFFFFFFF                
0000051A FFFF0000                		.byte	0FFH,0FFH,00H,00H,00H,03H,00H,01H,01H,08H,08H,03H,01H,0FEH,80H,00H
         00030001                
         01080803                
         01FE8000                
0000052A 80808080                		.byte	80H,80H,80H,80H,80H,80H,05H,08H,08H,06H,01H,0FFH,10H
         80800508                
         080601FF                
         10                      
00000537 70                      		.byte	"p"
00000538 A8A0A0A8                		.byte	0A8H,0A0H,0A0H,0A8H
0000053C 7040                    		.byte	"p@"
0000053E 05080806                		.byte	05H,08H,08H,06H,00H,00H
         0000                    
00000544 304840                  		.byte	"0H@"
00000547 E0                      		.byte	0E0H
00000548 404048                  		.byte	"@@H"
0000054B B0040606                		.byte	0B0H,04H,06H,06H,05H,00H,01H,90H
         05000190                
00000553 60                      		.byte	"`"
00000554 9090                    		.byte	90H,90H
00000556 60                      		.byte	"`"
00000557 90050808                		.byte	90H,05H,08H,08H,06H,00H,00H,88H,88H,88H
         06000088                
         8888                    
00000561 50                      		.byte	"P"
00000562 F8                      		.byte	0F8H
00000563 20                      		.byte	" "
00000564 F8                      		.byte	0F8H
00000565 20                      		.byte	" "
00000566 010A0A03                		.byte	01H,0AH,0AH,03H,01H,0FEH,80H,80H,80H,80H,00H,00H,80H,80H,80H,80H
         01FE8080                
         80800000                
         80808080                
00000576 050A0A06                		.byte	05H,0AH,0AH,06H,00H,0FEH
         00FE                    
0000057C 70                      		.byte	"p"
0000057D 88C0                    		.byte	88H,0C0H
0000057F 70                      		.byte	"p"
00000580 98C8                    		.byte	98H,0C8H
00000582 70                      		.byte	"p"
00000583 1888                    		.byte	18H,88H
00000585 70                      		.byte	"p"
00000586 03010103                		.byte	03H,01H,01H,03H,00H,07H,0A0H,07H,07H,07H,09H,01H,00H
         0007A007                
         07070901                
         00                      
00000593 3844                    		.byte	"8D"
00000595 9AA29A                  		.byte	9AH,0A2H,9AH
00000598 4438                    		.byte	"D8"
0000059A 03050504                		.byte	03H,05H,05H,04H,00H,03H,0E0H
         0003E0                  
000005A1 20                      		.byte	" "
000005A2 A000E005                		.byte	0A0H,00H,0E0H,05H,05H,05H,06H,00H,00H
         05050600                
         00                      
000005AB 2850                    		.byte	"(P"
000005AD A0                      		.byte	0A0H
000005AE 5028                    		.byte	"P("
000005B0 05030307                		.byte	05H,03H,03H,07H,01H,02H,0F8H,08H,08H,03H,01H,01H,04H,00H,03H,0E0H
         0102F808                
         08030101                
         040003E0                
000005C0 07070709                		.byte	07H,07H,07H,09H,01H,00H
         0100                    
000005C6 3844                    		.byte	"8D"
000005C8 BAB2AA                  		.byte	0BAH,0B2H,0AAH
000005CB 4438                    		.byte	"D8"
000005CD 03010103                		.byte	03H,01H,01H,03H,00H,07H,0E0H,04H,04H,04H,04H,00H,04H
         0007E004                
         04040400                
         04                      
000005DA 60                      		.byte	"`"
000005DB 9090                    		.byte	90H,90H
000005DD 60                      		.byte	"`"
000005DE 05070706                		.byte	05H,07H,07H,06H,00H,00H
         0000                    
000005E4 2020                    		.byte	"  "
000005E6 F8                      		.byte	0F8H
000005E7 2020                    		.byte	"  "
000005E9 00F80304                		.byte	00H,0F8H,03H,04H,04H,03H,00H,04H
         04030004                
000005F1 60                      		.byte	"`"
000005F2 A0                      		.byte	0A0H
000005F3 40                      		.byte	"@"
000005F4 E0030404                		.byte	0E0H,03H,04H,04H,03H,00H,04H,0E0H
         030004E0                
000005FC 4020                    		.byte	"@ "
000005FE C0020202                		.byte	0C0H,02H,02H,02H,03H,00H,07H
         030007                  
00000605 40                      		.byte	"@"
00000606 80040808                		.byte	80H,04H,08H,08H,05H,00H,0FEH,90H,90H,90H,90H,90H,0F0H,80H,80H,06H
         0500FE90                
         90909090                
         F0808006                
00000616 0A0A0600                		.byte	0AH,0AH,06H,00H,0FEH
         FE                      
0000061B 7C                      		.byte	"|"
0000061C E8E8E8                  		.byte	0E8H,0E8H,0E8H
0000061F 68282828                		.byte	"h((((("
         2828                    
00000625 02010103                		.byte	02H,01H,01H,03H,00H,03H,0C0H,02H,02H,02H,03H,00H,0FEH
         0003C002                
         02020300                
         FE                      
00000632 40                      		.byte	"@"
00000633 C0020404                		.byte	0C0H,02H,04H,04H,03H,00H,04H
         030004                  
0000063A 40                      		.byte	"@"
0000063B C0                      		.byte	0C0H
0000063C 4040                    		.byte	"@@"
0000063E 03050504                		.byte	03H,05H,05H,04H,00H,03H,0E0H,0A0H,0E0H,00H,0E0H,05H,05H,05H,06H,00H
         0003E0A0                
         E000E005                
         05050600                
0000064E 00A0                    		.byte	00H,0A0H
00000650 502850                  		.byte	"P(P"
00000653 A0090810                		.byte	0A0H,09H,08H,10H,09H,00H,00H
         090000                  
0000065A 44                      		.byte	"D"
0000065B 00C400                  		.byte	00H,0C4H,00H
0000065E 48                      		.byte	"H"
0000065F 00                      		.byte	00H
00000660 48                      		.byte	"H"
00000661 00110013                		.byte	00H,11H,00H,13H,00H
         00                      
00000666 27                      		.byte	"'"
00000667 80                      		.byte	80H
00000668 21                      		.byte	"!"
00000669 00080808                		.byte	00H,08H,08H,08H,09H,00H,00H
         090000                  
00000670 44                      		.byte	"D"
00000671 C4                      		.byte	0C4H
00000672 4848                    		.byte	"HH"
00000674 131522                  		.byte	13H,15H,22H
00000677 27                      		.byte	"'"
00000678 09081009                		.byte	09H,08H,10H,09H,00H,00H,0E0H,00H
         0000E000                
00000680 44                      		.byte	"D"
00000681 00                      		.byte	00H
00000682 24                      		.byte	"$"
00000683 00C80009                		.byte	00H,0C8H,00H,09H,00H,13H,00H,17H,80H
         00130017                
         80                      
0000068C 21                      		.byte	"!"
0000068D 00040808                		.byte	00H,04H,08H,08H,06H,01H,0FEH
         0601FE                  
00000694 20                      		.byte	" "
00000695 00                      		.byte	00H
00000696 202040                  		.byte	"  @"
00000699 8090                    		.byte	80H,90H
0000069B 60                      		.byte	"`"
0000069C 070B0B07                		.byte	07H,0BH,0BH,07H,00H,00H
         0000                    
000006A2 20                      		.byte	" "
000006A3 10001010                		.byte	10H,00H,10H,10H
000006A7 2828447C                		.byte	"((D|"
000006AB 8282070B                		.byte	82H,82H,07H,0BH,0BH,07H,00H,00H,08H,10H,00H,10H,10H
         0B070000                
         08100010                
         10                      
000006B8 2828447C                		.byte	"((D|"
000006BC 8282070B                		.byte	82H,82H,07H,0BH,0BH,07H,00H,00H,10H
         0B070000                
         10                      
000006C5 28                      		.byte	"("
000006C6 001010                  		.byte	00H,10H,10H
000006C9 2828447C                		.byte	"((D|"
000006CD 8282070B                		.byte	82H,82H,07H,0BH,0BH,07H,00H,00H,14H
         0B070000                
         14                      
000006D6 28                      		.byte	"("
000006D7 001010                  		.byte	00H,10H,10H
000006DA 2828447C                		.byte	"((D|"
000006DE 8282070A                		.byte	82H,82H,07H,0AH,0AH,07H,00H,00H
         0A070000                
000006E6 28                      		.byte	"("
000006E7 001010                  		.byte	00H,10H,10H
000006EA 2828447C                		.byte	"((D|"
000006EE 8282070B                		.byte	82H,82H,07H,0BH,0BH,07H,00H,00H,10H
         0B070000                
         10                      
000006F7 28                      		.byte	"("
000006F8 101010                  		.byte	10H,10H,10H
000006FB 2828447C                		.byte	"((D|"
000006FF 82820908                		.byte	82H,82H,09H,08H,10H,0AH,00H,00H,1FH,80H,18H,00H
         100A0000                
         1F801800                
0000070B 28                      		.byte	"("
0000070C 00                      		.byte	00H
0000070D 2F                      		.byte	"/"
0000070E 80                      		.byte	80H
0000070F 48                      		.byte	"H"
00000710 00                      		.byte	00H
00000711 78                      		.byte	"x"
00000712 0088008F                		.byte	00H,88H,00H,8FH,80H,06H,0AH,0AH,08H,01H,0FEH
         80060A0A                
         0801FE                  
0000071D 78                      		.byte	"x"
0000071E 84808080                		.byte	84H,80H,80H,80H,80H,84H
         8084                    
00000724 78                      		.byte	"x"
00000725 10                      		.byte	10H
00000726 30                      		.byte	"0"
00000727 050B0B07                		.byte	05H,0BH,0BH,07H,01H,00H
         0100                    
0000072D 4020                    		.byte	"@ "
0000072F 00F88080                		.byte	00H,0F8H,80H,80H,0F8H,80H,80H,80H,0F8H,05H,0BH,0BH,07H,01H,00H,10H
         F8808080                
         F8050B0B                
         07010010                
0000073F 20                      		.byte	" "
00000740 00F88080                		.byte	00H,0F8H,80H,80H,0F8H,80H,80H,80H,0F8H,05H,0BH,0BH,07H,01H,00H
         F8808080                
         F8050B0B                
         070100                  
0000074F 2050                    		.byte	" P"
00000751 00F88080                		.byte	00H,0F8H,80H,80H,0F8H,80H,80H,80H,0F8H,05H,0AH,0AH,07H,01H,00H
         F8808080                
         F8050A0A                
         070100                  
00000760 50                      		.byte	"P"
00000761 00F88080                		.byte	00H,0F8H,80H,80H,0F8H,80H,80H,80H,0F8H,02H,0BH,0BH,03H,00H,00H,80H
         F8808080                
         F8020B0B                
         03000080                
00000771 40                      		.byte	"@"
00000772 00                      		.byte	00H
00000773 40404040                		.byte	"@@@@@@@@"
         40404040                
0000077B 020B0B03                		.byte	02H,0BH,0BH,03H,01H,00H
         0100                    
00000781 40                      		.byte	"@"
00000782 80008080                		.byte	80H,00H,80H,80H,80H,80H,80H,80H,80H,80H,03H,0BH,0BH,03H,00H,00H
         80808080                
         8080030B                
         0B030000                
00000792 40                      		.byte	"@"
00000793 A000                    		.byte	0A0H,00H
00000795 40404040                		.byte	"@@@@@@@@"
         40404040                
0000079D 030A0A03                		.byte	03H,0AH,0AH,03H,00H,00H,0A0H,00H
         0000A000                
000007A5 40404040                		.byte	"@@@@@@@@"
         40404040                
000007AD 07080808                		.byte	07H,08H,08H,08H,00H,00H
         0000                    
000007B3 784442                  		.byte	"xDB"
000007B6 F2                      		.byte	0F2H
000007B7 42424478                		.byte	"BBDx"
000007BB 060B0B08                		.byte	06H,0BH,0BH,08H,01H,00H
         0100                    
000007C1 2850                    		.byte	"(P"
000007C3 00C4C4A4                		.byte	00H,0C4H,0C4H,0A4H,0A4H,94H,94H,8CH,8CH,06H,0BH,0BH,08H,01H,00H
         A494948C                
         8C060B0B                
         080100                  
000007D2 20                      		.byte	" "
000007D3 1000                    		.byte	10H,00H
000007D5 78                      		.byte	"x"
000007D6 84848484                		.byte	84H,84H,84H,84H,84H,84H
         8484                    
000007DC 78                      		.byte	"x"
000007DD 060B0B08                		.byte	06H,0BH,0BH,08H,01H,00H,08H,10H,00H
         01000810                
         00                      
000007E6 78                      		.byte	"x"
000007E7 84848484                		.byte	84H,84H,84H,84H,84H,84H
         8484                    
000007ED 78                      		.byte	"x"
000007EE 060B0B08                		.byte	06H,0BH,0BH,08H,01H,00H
         0100                    
000007F4 2050                    		.byte	" P"
000007F6 00                      		.byte	00H
000007F7 78                      		.byte	"x"
000007F8 84848484                		.byte	84H,84H,84H,84H,84H,84H
         8484                    
000007FE 78                      		.byte	"x"
000007FF 060B0B08                		.byte	06H,0BH,0BH,08H,01H,00H
         0100                    
00000805 2850                    		.byte	"(P"
00000807 00                      		.byte	00H
00000808 78                      		.byte	"x"
00000809 84848484                		.byte	84H,84H,84H,84H,84H,84H
         8484                    
0000080F 78                      		.byte	"x"
00000810 060A0A08                		.byte	06H,0AH,0AH,08H,01H,00H
         0100                    
00000816 48                      		.byte	"H"
00000817 00                      		.byte	00H
00000818 78                      		.byte	"x"
00000819 84848484                		.byte	84H,84H,84H,84H,84H,84H
         8484                    
0000081F 78                      		.byte	"x"
00000820 05050506                		.byte	05H,05H,05H,06H,00H,01H,88H
         000188                  
00000827 502050                  		.byte	"P P"
0000082A 88060A0A                		.byte	88H,06H,0AH,0AH,08H,01H,0FFH,04H
         0801FF04                
00000832 78                      		.byte	"x"
00000833 8C9494A4                		.byte	8CH,94H,94H,0A4H,0A4H,0C4H
         A4C4                    
00000839 78                      		.byte	"x"
0000083A 80060B0B                		.byte	80H,06H,0BH,0BH,08H,01H,00H
         080100                  
00000841 20                      		.byte	" "
00000842 10008484                		.byte	10H,00H,84H,84H,84H,84H,84H,84H,84H
         84848484                
         84                      
0000084B 78                      		.byte	"x"
0000084C 060B0B08                		.byte	06H,0BH,0BH,08H,01H,00H,08H,10H,00H,84H,84H,84H,84H,84H,84H,84H
         01000810                
         00848484                
         84848484                
0000085C 78                      		.byte	"x"
0000085D 060B0B08                		.byte	06H,0BH,0BH,08H,01H,00H
         0100                    
00000863 2050                    		.byte	" P"
00000865 00848484                		.byte	00H,84H,84H,84H,84H,84H,84H,84H
         84848484                
0000086D 78                      		.byte	"x"
0000086E 060A0A08                		.byte	06H,0AH,0AH,08H,01H,00H
         0100                    
00000874 48                      		.byte	"H"
00000875 00848484                		.byte	00H,84H,84H,84H,84H,84H,84H,84H
         84848484                
0000087D 78                      		.byte	"x"
0000087E 070B0B07                		.byte	07H,0BH,0BH,07H,00H,00H,08H,10H,00H,82H
         00000810                
         0082                    
00000888 44442828                		.byte	"DD(("
0000088C 10101005                		.byte	10H,10H,10H,05H,08H,08H,07H,01H,00H,80H,80H,0F0H,88H,88H,0F0H,80H
         08080701                
         008080F0                
         8888F080                
0000089C 80040808                		.byte	80H,04H,08H,08H,05H,00H,00H
         050000                  
000008A3 60                      		.byte	"`"
000008A4 9090A090                		.byte	90H,90H,0A0H,90H,90H,90H,0A0H,05H,09H,09H,05H,00H,00H
         9090A005                
         09090500                
         00                      
000008B1 4020                    		.byte	"@ "
000008B3 00E010                  		.byte	00H,0E0H,10H
000008B6 70                      		.byte	"p"
000008B7 9090                    		.byte	90H,90H
000008B9 68                      		.byte	"h"
000008BA 05090905                		.byte	05H,09H,09H,05H,00H,00H
         0000                    
000008C0 2040                    		.byte	" @"
000008C2 00E010                  		.byte	00H,0E0H,10H
000008C5 70                      		.byte	"p"
000008C6 9090                    		.byte	90H,90H
000008C8 68                      		.byte	"h"
000008C9 05090905                		.byte	05H,09H,09H,05H,00H,00H
         0000                    
000008CF 2050                    		.byte	" P"
000008D1 00E010                  		.byte	00H,0E0H,10H
000008D4 70                      		.byte	"p"
000008D5 9090                    		.byte	90H,90H
000008D7 68                      		.byte	"h"
000008D8 05090905                		.byte	05H,09H,09H,05H,00H,00H
         0000                    
000008DE 50                      		.byte	"P"
000008DF A000E010                		.byte	0A0H,00H,0E0H,10H
000008E3 70                      		.byte	"p"
000008E4 9090                    		.byte	90H,90H
000008E6 68                      		.byte	"h"
000008E7 05080805                		.byte	05H,08H,08H,05H,00H,00H
         0000                    
000008ED 50                      		.byte	"P"
000008EE 00E010                  		.byte	00H,0E0H,10H
000008F1 70                      		.byte	"p"
000008F2 9090                    		.byte	90H,90H
000008F4 68                      		.byte	"h"
000008F5 05090905                		.byte	05H,09H,09H,05H,00H,00H
         0000                    
000008FB 205020                  		.byte	" P "
000008FE E010                    		.byte	0E0H,10H
00000900 70                      		.byte	"p"
00000901 9090                    		.byte	90H,90H
00000903 68                      		.byte	"h"
00000904 07060608                		.byte	07H,06H,06H,08H,00H,00H,0ECH,12H
         0000EC12                
0000090C 7E                      		.byte	"~"
0000090D 9092                    		.byte	90H,92H
0000090F 6C                      		.byte	"l"
00000910 04080805                		.byte	04H,08H,08H,05H,00H,0FEH
         00FE                    
00000916 60                      		.byte	"`"
00000917 90808090                		.byte	90H,80H,80H,90H
0000091B 602060                  		.byte	"` `"
0000091E 04090905                		.byte	04H,09H,09H,05H,00H,00H
         0000                    
00000924 4020                    		.byte	"@ "
00000926 00                      		.byte	00H
00000927 60                      		.byte	"`"
00000928 90F08090                		.byte	90H,0F0H,80H,90H
0000092C 60                      		.byte	"`"
0000092D 04090905                		.byte	04H,09H,09H,05H,00H,00H
         0000                    
00000933 2040                    		.byte	" @"
00000935 00                      		.byte	00H
00000936 60                      		.byte	"`"
00000937 90F08090                		.byte	90H,0F0H,80H,90H
0000093B 60                      		.byte	"`"
0000093C 04090905                		.byte	04H,09H,09H,05H,00H,00H
         0000                    
00000942 40                      		.byte	"@"
00000943 A000                    		.byte	0A0H,00H
00000945 60                      		.byte	"`"
00000946 90F08090                		.byte	90H,0F0H,80H,90H
0000094A 60                      		.byte	"`"
0000094B 04080805                		.byte	04H,08H,08H,05H,00H,00H,0A0H,00H
         0000A000                
00000953 60                      		.byte	"`"
00000954 90F08090                		.byte	90H,0F0H,80H,90H
00000958 60                      		.byte	"`"
00000959 02090902                		.byte	02H,09H,09H,02H,0FFH,00H,80H
         FF0080                  
00000960 40                      		.byte	"@"
00000961 00                      		.byte	00H
00000962 40404040                		.byte	"@@@@@@"
         4040                    
00000968 02090902                		.byte	02H,09H,09H,02H,00H,00H
         0000                    
0000096E 40                      		.byte	"@"
0000096F 80008080                		.byte	80H,00H,80H,80H,80H,80H,80H,80H,03H,09H,09H,02H,0FFH,00H
         80808080                
         03090902                
         FF00                    
0000097D 40                      		.byte	"@"
0000097E A000                    		.byte	0A0H,00H
00000980 40404040                		.byte	"@@@@@@"
         4040                    
00000986 03080802                		.byte	03H,08H,08H,02H,0FFH,00H,0A0H,00H
         FF00A000                
0000098E 40404040                		.byte	"@@@@@@"
         4040                    
00000994 05090906                		.byte	05H,09H,09H,06H,00H,00H
         0000                    
0000099A 4078                    		.byte	"@x"
0000099C 90                      		.byte	90H
0000099D 78                      		.byte	"x"
0000099E 88888888                		.byte	88H,88H,88H,88H
000009A2 70                      		.byte	"p"
000009A3 04090905                		.byte	04H,09H,09H,05H,00H,00H
         0000                    
000009A9 50                      		.byte	"P"
000009AA A000E090                		.byte	0A0H,00H,0E0H,90H,90H,90H,90H,90H,05H,09H,09H,06H,00H,00H
         90909090                
         05090906                
         0000                    
000009B8 4020                    		.byte	"@ "
000009BA 00                      		.byte	00H
000009BB 70                      		.byte	"p"
000009BC 88888888                		.byte	88H,88H,88H,88H
000009C0 70                      		.byte	"p"
000009C1 05090906                		.byte	05H,09H,09H,06H,00H,00H,10H
         000010                  
000009C8 20                      		.byte	" "
000009C9 00                      		.byte	00H
000009CA 70                      		.byte	"p"
000009CB 88888888                		.byte	88H,88H,88H,88H
000009CF 70                      		.byte	"p"
000009D0 05090906                		.byte	05H,09H,09H,06H,00H,00H
         0000                    
000009D6 2050                    		.byte	" P"
000009D8 00                      		.byte	00H
000009D9 70                      		.byte	"p"
000009DA 88888888                		.byte	88H,88H,88H,88H
000009DE 70                      		.byte	"p"
000009DF 05090906                		.byte	05H,09H,09H,06H,00H,00H
         0000                    
000009E5 2850                    		.byte	"(P"
000009E7 00                      		.byte	00H
000009E8 70                      		.byte	"p"
000009E9 88888888                		.byte	88H,88H,88H,88H
000009ED 70                      		.byte	"p"
000009EE 05080806                		.byte	05H,08H,08H,06H,00H,00H
         0000                    
000009F4 50                      		.byte	"P"
000009F5 00                      		.byte	00H
000009F6 70                      		.byte	"p"
000009F7 88888888                		.byte	88H,88H,88H,88H
000009FB 70                      		.byte	"p"
000009FC 05050506                		.byte	05H,05H,05H,06H,00H,01H
         0001                    
00000A02 20                      		.byte	" "
00000A03 00F800                  		.byte	00H,0F8H,00H
00000A06 20                      		.byte	" "
00000A07 07060606                		.byte	07H,06H,06H,06H,0FFH,00H
         FF00                    
00000A0D 3A4C5464                		.byte	":LTdD"
         44                      
00000A12 B8040909                		.byte	0B8H,04H,09H,09H,05H,00H,00H
         050000                  
00000A19 4020                    		.byte	"@ "
00000A1B 00909090                		.byte	00H,90H,90H,90H,90H,90H
         9090                    
00000A21 70                      		.byte	"p"
00000A22 04090905                		.byte	04H,09H,09H,05H,00H,00H,10H
         000010                  
00000A29 20                      		.byte	" "
00000A2A 00909090                		.byte	00H,90H,90H,90H,90H,90H
         9090                    
00000A30 70                      		.byte	"p"
00000A31 04090905                		.byte	04H,09H,09H,05H,00H,00H
         0000                    
00000A37 40                      		.byte	"@"
00000A38 A0009090                		.byte	0A0H,00H,90H,90H,90H,90H,90H
         909090                  
00000A3F 70                      		.byte	"p"
00000A40 04080805                		.byte	04H,08H,08H,05H,00H,00H,0A0H,00H,90H,90H,90H,90H,90H
         0000A000                
         90909090                
         90                      
00000A4D 70                      		.byte	"p"
00000A4E 050B0B05                		.byte	05H,0BH,0BH,05H,0FFH,0FEH,08H,10H,00H
         FFFE0810                
         00                      
00000A57 48485050                		.byte	"HHPP0  "
         302020                  
00000A5E C0050A0A                		.byte	0C0H,05H,0AH,0AH,06H,00H,0FEH,80H,80H,0B0H,0C8H,88H,88H,0C8H,0B0H,80H
         0600FE80                
         80B0C888                
         88C8B080                
00000A6E 80050A0A                		.byte	80H,05H,0AH,0AH,05H,0FFH,0FEH
         05FFFE                  
00000A75 50                      		.byte	"P"
00000A76 00                      		.byte	00H
00000A77 48485050                		.byte	"HHPP0  "
         302020                  
00000A7E C0                      		.byte	0C0H
                                 		.END

Information List

TOTAL ERROR(S)    00000
TOTAL WARNING(S)  00000
TOTAL LINE(S)     00645   LINES

Section List

Attr         Size               Name
ROMDATA  0000002687(00000A7FH)  C_1

Cpu Type

-ISA=RXV1 -FPU

Command Parameter

-subcommand=C:\Users\LAFONS~1\AppData\Local\Temp\$ccrx305E\$ccrx\u8g_font_helvr08.src.cmd
    -nologo
    -isa=rxv1
    -fpu
    -show=conditionals,definitions,expansions
    -define=__RXV1=1
    -fint_register=0
    -debug
    -endian=little
-listfile=C:\Workspace\e2studio\git\MT01_master\MT01_build\u8g_font_helvr08.lst
-output=C:\Workspace\e2studio\git\MT01_master\MT01_build\src\Display\font\u8g_font_helvr08.obj
