* RX FAMILY ASSEMBLER V2.03.00.01 [24 Oct 2014] *  SOURCE LIST  Mon Mar 20 17:11:57 2017

LOC.     OBJ.              0XMDA SOURCE STATEMENT

                                 ;RX Family C/C++ Compiler (V2.03.00.03 [04 Dec 2014])  20-Mar-2017 17:11:57
                                 
                                 ;*** CPU TYPE ***
                                 
                                 ;-ISA=RXV1
                                 
                                 ;*** COMMAND PARAMETER ***
                                 
                                 ;-output=src=u8g_font_5x8.src
                                 ;-lang=c99
                                 ;-include=C:\PROGRA~2\Renesas\RX\2_3_0/include,C:\Workspace\e2studio\git\MT01_master\r_lvd_rx,C:\Workspace\e2studio\git\MT01_master\r_lvd_rx\src,C:/Workspace/e2studio/
                                 ;-debug
                                 ;-show=source,conditionals,definitions,expansions
                                 ;-listfile=u8g_font_5x8.lst
                                 ;-isa=rxv1
                                 ;-optimize=0
                                 ;-fpu
                                 ;-alias=noansi
                                 ;-nologo
                                 ;-nomessage
                                 ;-define=__RX,COMPACTAXP=0,EASYMAK=1,MOBILE=0,FREE_RTOS_PP
                                 ;u8g_font_5x8.c
                                 
                                 		.glb	_u8g_font_5x8
                                 ;LineNo. C-SOURCE STATEMENT
                                 
                                 		.SECTION	C_1,ROMDATA
00000000                         _u8g_font_5x8:
00000000 01050800                		.byte	01H,05H,08H,00H,0FFH,06H,01H
         FF0601                  
00000007 21                      		.byte	"!"
00000008 02                      		.byte	02H
00000009 3520                    		.byte	"5 "
0000000B FFFF07FF                		.byte	0FFH,0FFH,07H,0FFH,06H,0FFH,09H,00H
         06FF0900                
00000013 50                      		.byte	"P"
00000014 2216                    		.byte	22H,16H
00000016 56                      		.byte	"V"
00000017 80808080                		.byte	80H,80H,80H,80H,00H,80H,15H
         008015                  
0000001E 3353                    		.byte	"3S"
00000020 A0A0A002                		.byte	0A0H,0A0H,0A0H,02H
00000024 57575050                		.byte	"WWPP"
00000028 F8                      		.byte	0F8H
00000029 50                      		.byte	"P"
0000002A F8                      		.byte	0F8H
0000002B 5050                    		.byte	"PP"
0000002D 02                      		.byte	02H
0000002E 57572070                		.byte	"WW p"
00000032 A0                      		.byte	0A0H
00000033 70287020                		.byte	"p(p "
00000037 13                      		.byte	13H
00000038 3555                    		.byte	"5U"
0000003A 80A0                    		.byte	80H,0A0H
0000003C 40                      		.byte	"@"
0000003D A0                      		.byte	0A0H
0000003E 20                      		.byte	" "
0000003F 02                      		.byte	02H
00000040 475740                  		.byte	"GW@"
00000043 A0A0                    		.byte	0A0H,0A0H
00000045 40                      		.byte	"@"
00000046 A0A0                    		.byte	0A0H,0A0H
00000048 5025                    		.byte	"P%"
0000004A 13                      		.byte	13H
0000004B 53                      		.byte	"S"
0000004C 80808012                		.byte	80H,80H,80H,12H
00000050 265640                  		.byte	"&V@"
00000053 80808080                		.byte	80H,80H,80H,80H
00000057 40                      		.byte	"@"
00000058 12                      		.byte	12H
00000059 2656                    		.byte	"&V"
0000005B 80                      		.byte	80H
0000005C 40404040                		.byte	"@@@@"
00000060 8002                    		.byte	80H,02H
00000062 4555                    		.byte	"EU"
00000064 90                      		.byte	90H
00000065 60                      		.byte	"`"
00000066 F0                      		.byte	0F0H
00000067 60                      		.byte	"`"
00000068 9002                    		.byte	90H,02H
0000006A 55552020                		.byte	"UU  "
0000006E F8                      		.byte	0F8H
0000006F 2020                    		.byte	"  "
00000071 11                      		.byte	11H
00000072 33536040                		.byte	"3S`@"
00000076 8004                    		.byte	80H,04H
00000078 4151                    		.byte	"AQ"
0000007A F011                    		.byte	0F0H,11H
0000007C 335340                  		.byte	"3S@"
0000007F E0                      		.byte	0E0H
00000080 40                      		.byte	"@"
00000081 02                      		.byte	02H
00000082 4656                    		.byte	"FV"
00000084 1010                    		.byte	10H,10H
00000086 2040                    		.byte	" @"
00000088 808012                  		.byte	80H,80H,12H
0000008B 365640                  		.byte	"6V@"
0000008E A0A0A0A0                		.byte	0A0H,0A0H,0A0H,0A0H
00000092 40                      		.byte	"@"
00000093 12                      		.byte	12H
00000094 365640                  		.byte	"6V@"
00000097 C0                      		.byte	0C0H
00000098 404040                  		.byte	"@@@"
0000009B E002                    		.byte	0E0H,02H
0000009D 465660                  		.byte	"FV`"
000000A0 9010                    		.byte	90H,10H
000000A2 60                      		.byte	"`"
000000A3 80F002                  		.byte	80H,0F0H,02H
000000A6 4656                    		.byte	"FV"
000000A8 F0                      		.byte	0F0H
000000A9 2060                    		.byte	" `"
000000AB 1090                    		.byte	10H,90H
000000AD 60                      		.byte	"`"
000000AE 02                      		.byte	02H
000000AF 46562060                		.byte	"FV `"
000000B3 A0F0                    		.byte	0A0H,0F0H
000000B5 2020                    		.byte	"  "
000000B7 02                      		.byte	02H
000000B8 4656                    		.byte	"FV"
000000BA F080E010                		.byte	0F0H,80H,0E0H,10H,90H
         90                      
000000BF 60                      		.byte	"`"
000000C0 02                      		.byte	02H
000000C1 465660                  		.byte	"FV`"
000000C4 80E09090                		.byte	80H,0E0H,90H,90H
000000C8 60                      		.byte	"`"
000000C9 02                      		.byte	02H
000000CA 4656                    		.byte	"FV"
000000CC F010                    		.byte	0F0H,10H
000000CE 20204040                		.byte	"  @@"
000000D2 02                      		.byte	02H
000000D3 465660                  		.byte	"FV`"
000000D6 90                      		.byte	90H
000000D7 60                      		.byte	"`"
000000D8 9090                    		.byte	90H,90H
000000DA 60                      		.byte	"`"
000000DB 02                      		.byte	02H
000000DC 465660                  		.byte	"FV`"
000000DF 9090                    		.byte	90H,90H
000000E1 70                      		.byte	"p"
000000E2 10                      		.byte	10H
000000E3 60                      		.byte	"`"
000000E4 12                      		.byte	12H
000000E5 2555                    		.byte	"%U"
000000E7 C0C000C0                		.byte	0C0H,0C0H,00H,0C0H,0C0H,11H
         C011                    
000000ED 36566060                		.byte	"6V``"
000000F1 00                      		.byte	00H
000000F2 6040                    		.byte	"`@"
000000F4 8012                    		.byte	80H,12H
000000F6 36562040                		.byte	"6V @"
000000FA 8080                    		.byte	80H,80H
000000FC 4020                    		.byte	"@ "
000000FE 03                      		.byte	03H
000000FF 4353                    		.byte	"CS"
00000101 F000F012                		.byte	0F0H,00H,0F0H,12H
00000105 3656                    		.byte	"6V"
00000107 80                      		.byte	80H
00000108 40202040                		.byte	"@  @"
0000010C 8012                    		.byte	80H,12H
0000010E 365640                  		.byte	"6V@"
00000111 A0                      		.byte	0A0H
00000112 2040                    		.byte	" @"
00000114 00                      		.byte	00H
00000115 40                      		.byte	"@"
00000116 01                      		.byte	01H
00000117 58583048                		.byte	"XX0H"
0000011B 98A8A890                		.byte	98H,0A8H,0A8H,90H
0000011F 4030                    		.byte	"@0"
00000121 02                      		.byte	02H
00000122 465660                  		.byte	"FV`"
00000125 9090F090                		.byte	90H,90H,0F0H,90H,90H,02H
         9002                    
0000012B 4656                    		.byte	"FV"
0000012D E090E090                		.byte	0E0H,90H,0E0H,90H,90H,0E0H,02H
         90E002                  
00000134 465660                  		.byte	"FV`"
00000137 90808090                		.byte	90H,80H,80H,90H
0000013B 60                      		.byte	"`"
0000013C 02                      		.byte	02H
0000013D 4656                    		.byte	"FV"
0000013F E0909090                		.byte	0E0H,90H,90H,90H,90H,0E0H,02H
         90E002                  
00000146 4656                    		.byte	"FV"
00000148 F080E080                		.byte	0F0H,80H,0E0H,80H,80H,0F0H,02H
         80F002                  
0000014F 4656                    		.byte	"FV"
00000151 F080E080                		.byte	0F0H,80H,0E0H,80H,80H,80H,02H
         808002                  
00000158 465660                  		.byte	"FV`"
0000015B 9080B090                		.byte	90H,80H,0B0H,90H
0000015F 60                      		.byte	"`"
00000160 02                      		.byte	02H
00000161 4656                    		.byte	"FV"
00000163 9090F090                		.byte	90H,90H,0F0H,90H,90H,90H,12H
         909012                  
0000016A 3656                    		.byte	"6V"
0000016C E0                      		.byte	0E0H
0000016D 40404040                		.byte	"@@@@"
00000171 E002                    		.byte	0E0H,02H
00000173 46567020                		.byte	"FVp   "
         2020                    
00000179 A0                      		.byte	0A0H
0000017A 40                      		.byte	"@"
0000017B 02                      		.byte	02H
0000017C 4656                    		.byte	"FV"
0000017E 90A0C0A0                		.byte	90H,0A0H,0C0H,0A0H,0A0H,90H,02H
         A09002                  
00000185 4656                    		.byte	"FV"
00000187 80808080                		.byte	80H,80H,80H,80H,80H,0F0H,02H
         80F002                  
0000018E 4656                    		.byte	"FV"
00000190 90F0F090                		.byte	90H,0F0H,0F0H,90H,90H,90H,02H
         909002                  
00000197 4656                    		.byte	"FV"
00000199 90D0F0B0                		.byte	90H,0D0H,0F0H,0B0H,0B0H,90H,02H
         B09002                  
000001A0 465660                  		.byte	"FV`"
000001A3 90909090                		.byte	90H,90H,90H,90H
000001A7 60                      		.byte	"`"
000001A8 02                      		.byte	02H
000001A9 4656                    		.byte	"FV"
000001AB E09090E0                		.byte	0E0H,90H,90H,0E0H,80H,80H,01H
         808001                  
000001B2 475760                  		.byte	"GW`"
000001B5 9090D0B0                		.byte	90H,90H,0D0H,0B0H
000001B9 60                      		.byte	"`"
000001BA 1002                    		.byte	10H,02H
000001BC 4656                    		.byte	"FV"
000001BE E09090E0                		.byte	0E0H,90H,90H,0E0H,90H,90H,02H
         909002                  
000001C5 465660                  		.byte	"FV`"
000001C8 90                      		.byte	90H
000001C9 4020                    		.byte	"@ "
000001CB 90                      		.byte	90H
000001CC 60                      		.byte	"`"
000001CD 12                      		.byte	12H
000001CE 3656                    		.byte	"6V"
000001D0 E0                      		.byte	0E0H
000001D1 40404040                		.byte	"@@@@@"
         40                      
000001D6 02                      		.byte	02H
000001D7 4656                    		.byte	"FV"
000001D9 90909090                		.byte	90H,90H,90H,90H,90H
         90                      
000001DE 60                      		.byte	"`"
000001DF 02                      		.byte	02H
000001E0 4656                    		.byte	"FV"
000001E2 90909090                		.byte	90H,90H,90H,90H
000001E6 6060                    		.byte	"``"
000001E8 02                      		.byte	02H
000001E9 4656                    		.byte	"FV"
000001EB 909090F0                		.byte	90H,90H,90H,0F0H,0F0H,90H,02H
         F09002                  
000001F2 4656                    		.byte	"FV"
000001F4 9090                    		.byte	90H,90H
000001F6 6060                    		.byte	"``"
000001F8 909002                  		.byte	90H,90H,02H
000001FB 5656                    		.byte	"VV"
000001FD 8888                    		.byte	88H,88H
000001FF 50202020                		.byte	"P   "
00000203 02                      		.byte	02H
00000204 4656                    		.byte	"FV"
00000206 F010                    		.byte	0F0H,10H
00000208 2040                    		.byte	" @"
0000020A 80F012                  		.byte	80H,0F0H,12H
0000020D 3656                    		.byte	"6V"
0000020F E0808080                		.byte	0E0H,80H,80H,80H,80H,0E0H,02H
         80E002                  
00000216 4656                    		.byte	"FV"
00000218 8080                    		.byte	80H,80H
0000021A 4020                    		.byte	"@ "
0000021C 101012                  		.byte	10H,10H,12H
0000021F 3656                    		.byte	"6V"
00000221 E0                      		.byte	0E0H
00000222 20202020                		.byte	"    "
00000226 E016                    		.byte	0E0H,16H
00000228 325240                  		.byte	"2R@"
0000022B A001                    		.byte	0A0H,01H
0000022D 4151                    		.byte	"AQ"
0000022F F01622                  		.byte	0F0H,16H,22H
00000232 52                      		.byte	"R"
00000233 80                      		.byte	80H
00000234 40                      		.byte	"@"
00000235 02                      		.byte	02H
00000236 445470                  		.byte	"DTp"
00000239 9090                    		.byte	90H,90H
0000023B 70                      		.byte	"p"
0000023C 02                      		.byte	02H
0000023D 4656                    		.byte	"FV"
0000023F 8080E090                		.byte	80H,80H,0E0H,90H,90H,0E0H,12H
         90E012                  
00000246 345460                  		.byte	"4T`"
00000249 8080                    		.byte	80H,80H
0000024B 60                      		.byte	"`"
0000024C 02                      		.byte	02H
0000024D 4656                    		.byte	"FV"
0000024F 1010                    		.byte	10H,10H
00000251 70                      		.byte	"p"
00000252 9090                    		.byte	90H,90H
00000254 70                      		.byte	"p"
00000255 02                      		.byte	02H
00000256 445460                  		.byte	"DT`"
00000259 B0C0                    		.byte	0B0H,0C0H
0000025B 60                      		.byte	"`"
0000025C 02                      		.byte	02H
0000025D 46562050                		.byte	"FV P@"
         40                      
00000262 E0                      		.byte	0E0H
00000263 4040                    		.byte	"@@"
00000265 01                      		.byte	01H
00000266 455560                  		.byte	"EU`"
00000269 90                      		.byte	90H
0000026A 70                      		.byte	"p"
0000026B 10                      		.byte	10H
0000026C 60                      		.byte	"`"
0000026D 02                      		.byte	02H
0000026E 4656                    		.byte	"FV"
00000270 8080E090                		.byte	80H,80H,0E0H,90H,90H,90H,12H
         909012                  
00000277 365640                  		.byte	"6V@"
0000027A 00C0                    		.byte	00H,0C0H
0000027C 4040                    		.byte	"@@"
0000027E E011                    		.byte	0E0H,11H
00000280 375720                  		.byte	"7W "
00000283 00                      		.byte	00H
00000284 202020                  		.byte	"   "
00000287 A0                      		.byte	0A0H
00000288 40                      		.byte	"@"
00000289 02                      		.byte	02H
0000028A 4656                    		.byte	"FV"
0000028C 808090E0                		.byte	80H,80H,90H,0E0H,90H,90H,12H
         909012                  
00000293 3656                    		.byte	"6V"
00000295 C0                      		.byte	0C0H
00000296 40404040                		.byte	"@@@@"
0000029A E002                    		.byte	0E0H,02H
0000029C 5454                    		.byte	"TT"
0000029E D0A8A8A8                		.byte	0D0H,0A8H,0A8H,0A8H,02H
         02                      
000002A3 4454                    		.byte	"DT"
000002A5 E0909090                		.byte	0E0H,90H,90H,90H,02H
         02                      
000002AA 445460                  		.byte	"DT`"
000002AD 9090                    		.byte	90H,90H
000002AF 60                      		.byte	"`"
000002B0 01                      		.byte	01H
000002B1 4555                    		.byte	"EU"
000002B3 E090E080                		.byte	0E0H,90H,0E0H,80H,80H,01H
         8001                    
000002B9 455570                  		.byte	"EUp"
000002BC 90                      		.byte	90H
000002BD 70                      		.byte	"p"
000002BE 101002                  		.byte	10H,10H,02H
000002C1 4454                    		.byte	"DT"
000002C3 A0D08080                		.byte	0A0H,0D0H,80H,80H,12H
         12                      
000002C8 345460                  		.byte	"4T`"
000002CB C0                      		.byte	0C0H
000002CC 20                      		.byte	" "
000002CD C002                    		.byte	0C0H,02H
000002CF 46564040                		.byte	"FV@@"
000002D3 E0                      		.byte	0E0H
000002D4 405020                  		.byte	"@P "
000002D7 02                      		.byte	02H
000002D8 4454                    		.byte	"DT"
000002DA 909090                  		.byte	90H,90H,90H
000002DD 70                      		.byte	"p"
000002DE 12                      		.byte	12H
000002DF 3454                    		.byte	"4T"
000002E1 A0A0A0                  		.byte	0A0H,0A0H,0A0H
000002E4 40                      		.byte	"@"
000002E5 02                      		.byte	02H
000002E6 5454                    		.byte	"TT"
000002E8 88A8A8                  		.byte	88H,0A8H,0A8H
000002EB 50                      		.byte	"P"
000002EC 02                      		.byte	02H
000002ED 4454                    		.byte	"DT"
000002EF 90                      		.byte	90H
000002F0 6060                    		.byte	"``"
000002F2 9001                    		.byte	90H,01H
000002F4 4555                    		.byte	"EU"
000002F6 9090                    		.byte	90H,90H
000002F8 70                      		.byte	"p"
000002F9 90                      		.byte	90H
000002FA 60                      		.byte	"`"
000002FB 02                      		.byte	02H
000002FC 4454                    		.byte	"DT"
000002FE F0                      		.byte	0F0H
000002FF 2040                    		.byte	" @"
00000301 F002                    		.byte	0F0H,02H
00000303 47573040                		.byte	"GW0@ "
         20                      
00000308 C0                      		.byte	0C0H
00000309 204030                  		.byte	" @0"
0000030C 2216                    		.byte	22H,16H
0000030E 56                      		.byte	"V"
0000030F 80808080                		.byte	80H,80H,80H,80H,80H,80H,02H
         808002                  
00000316 4757                    		.byte	"GW"
00000318 C0                      		.byte	0C0H
00000319 20403040                		.byte	" @0@ "
         20                      
0000031E C006                    		.byte	0C0H,06H
00000320 425250                  		.byte	"BRP"
00000323 A0FFFFFF                		.byte	0A0H,0FFH,0FFH,0FFH,0FFH,0FFH,0FFH,0FFH,0FFH,0FFH,0FFH,0FFH,0FFH,0FFH,0FFH,0FFH
         FFFFFFFF                
         FFFFFFFF                
         FFFFFFFF                
00000333 FFFFFFFF                		.byte	0FFH,0FFH,0FFH,0FFH,0FFH,0FFH,0FFH,0FFH,0FFH,0FFH,0FFH,0FFH,0FFH,0FFH,0FFH,0FFH
         FFFFFFFF                
         FFFFFFFF                
         FFFFFFFF                
00000343 FFFF0900                		.byte	0FFH,0FFH,09H,00H
00000347 50                      		.byte	"P"
00000348 2216                    		.byte	22H,16H
0000034A 56                      		.byte	"V"
0000034B 80008080                		.byte	80H,00H,80H,80H,80H,80H,01H
         808001                  
00000352 46562070                		.byte	"FV p"
00000356 A0A0                    		.byte	0A0H,0A0H
00000358 7020                    		.byte	"p "
0000035A 02                      		.byte	02H
0000035B 46562050                		.byte	"FV P"
0000035F E0                      		.byte	0E0H
00000360 4050                    		.byte	"@P"
00000362 A002                    		.byte	0A0H,02H
00000364 5555                    		.byte	"UU"
00000366 88                      		.byte	88H
00000367 705070                  		.byte	"pPp"
0000036A 8802                    		.byte	88H,02H
0000036C 5656                    		.byte	"VV"
0000036E 88                      		.byte	88H
0000036F 50                      		.byte	"P"
00000370 F8                      		.byte	0F8H
00000371 20                      		.byte	" "
00000372 F8                      		.byte	0F8H
00000373 20                      		.byte	" "
00000374 2217                    		.byte	22H,17H
00000376 57                      		.byte	"W"
00000377 80808000                		.byte	80H,80H,80H,00H,80H,80H,80H,02H
         80808002                
0000037F 475770                  		.byte	"GWp"
00000382 80E090                  		.byte	80H,0E0H,90H
00000385 70                      		.byte	"p"
00000386 10E017                  		.byte	10H,0E0H,17H
00000389 3151                    		.byte	"1Q"
0000038B A002                    		.byte	0A0H,02H
0000038D 565670                  		.byte	"VVp"
00000390 A8C8C8A8                		.byte	0A8H,0C8H,0C8H,0A8H
00000394 70                      		.byte	"p"
00000395 14                      		.byte	14H
00000396 355560                  		.byte	"5U`"
00000399 A0                      		.byte	0A0H
0000039A 60                      		.byte	"`"
0000039B 00E003                  		.byte	00H,0E0H,03H
0000039E 435350                  		.byte	"CSP"
000003A1 A0                      		.byte	0A0H
000003A2 50                      		.byte	"P"
000003A3 12                      		.byte	12H
000003A4 3353                    		.byte	"3S"
000003A6 E0                      		.byte	0E0H
000003A7 2020                    		.byte	"  "
000003A9 14                      		.byte	14H
000003AA 3151                    		.byte	"1Q"
000003AC E002                    		.byte	0E0H,02H
000003AE 565670                  		.byte	"VVp"
000003B1 E8D8E8D8                		.byte	0E8H,0D8H,0E8H,0D8H
000003B5 70                      		.byte	"p"
000003B6 17                      		.byte	17H
000003B7 3151                    		.byte	"1Q"
000003B9 E015                    		.byte	0E0H,15H
000003BB 335340                  		.byte	"3S@"
000003BE A0                      		.byte	0A0H
000003BF 40                      		.byte	"@"
000003C0 12                      		.byte	12H
000003C1 355540                  		.byte	"5U@"
000003C4 E0                      		.byte	0E0H
000003C5 40                      		.byte	"@"
000003C6 00E014                  		.byte	00H,0E0H,14H
000003C9 355540                  		.byte	"5U@"
000003CC A0                      		.byte	0A0H
000003CD 2040                    		.byte	" @"
000003CF E014                    		.byte	0E0H,14H
000003D1 3555                    		.byte	"5U"
000003D3 C0                      		.byte	0C0H
000003D4 20                      		.byte	" "
000003D5 C0                      		.byte	0C0H
000003D6 20                      		.byte	" "
000003D7 C01622                  		.byte	0C0H,16H,22H
000003DA 5240                    		.byte	"R@"
000003DC 8001                    		.byte	80H,01H
000003DE 4555                    		.byte	"EU"
000003E0 909090E0                		.byte	90H,90H,90H,0E0H,80H,02H
         8002                    
000003E6 565678                  		.byte	"VVx"
000003E9 E8E8                    		.byte	0E8H,0E8H
000003EB 68282824                		.byte	"h(($"
000003EF 11                      		.byte	11H
000003F0 51                      		.byte	"Q"
000003F1 801122                  		.byte	80H,11H,22H
000003F4 5240                    		.byte	"R@"
000003F6 8014                    		.byte	80H,14H
000003F8 355540                  		.byte	"5U@"
000003FB C0                      		.byte	0C0H
000003FC 4040                    		.byte	"@@"
000003FE E014                    		.byte	0E0H,14H
00000400 355540                  		.byte	"5U@"
00000403 A0                      		.byte	0A0H
00000404 40                      		.byte	"@"
00000405 00E003                  		.byte	00H,0E0H,03H
00000408 4353                    		.byte	"CS"
0000040A A0                      		.byte	0A0H
0000040B 50                      		.byte	"P"
0000040C A002                    		.byte	0A0H,02H
0000040E 4757                    		.byte	"GW"
00000410 808080A0                		.byte	80H,80H,80H,0A0H
00000414 60                      		.byte	"`"
00000415 F0                      		.byte	0F0H
00000416 20                      		.byte	" "
00000417 02                      		.byte	02H
00000418 4757                    		.byte	"GW"
0000041A 8080A0D0                		.byte	80H,80H,0A0H,0D0H,10H
         10                      
0000041F 2070                    		.byte	" p"
00000421 02                      		.byte	02H
00000422 4757                    		.byte	"GW"
00000424 80                      		.byte	80H
00000425 40                      		.byte	"@"
00000426 80                      		.byte	80H
00000427 60                      		.byte	"`"
00000428 A0F0                    		.byte	0A0H,0F0H
0000042A 20                      		.byte	" "
0000042B 12                      		.byte	12H
0000042C 365640                  		.byte	"6V@"
0000042F 00                      		.byte	00H
00000430 40                      		.byte	"@"
00000431 80A0                    		.byte	80H,0A0H
00000433 40                      		.byte	"@"
00000434 02                      		.byte	02H
00000435 47574020                		.byte	"GW@ `"
         60                      
0000043A 90F09090                		.byte	90H,0F0H,90H,90H,02H
         02                      
0000043F 47572040                		.byte	"GW @`"
         60                      
00000444 90F09090                		.byte	90H,0F0H,90H,90H,02H
         02                      
00000449 475760                  		.byte	"GW`"
0000044C 90                      		.byte	90H
0000044D 60                      		.byte	"`"
0000044E 90F09090                		.byte	90H,0F0H,90H,90H,02H
         02                      
00000453 475750                  		.byte	"GWP"
00000456 A0                      		.byte	0A0H
00000457 60                      		.byte	"`"
00000458 90F09090                		.byte	90H,0F0H,90H,90H,02H
         02                      
0000045D 4757                    		.byte	"GW"
0000045F 9000                    		.byte	90H,00H
00000461 60                      		.byte	"`"
00000462 90F09090                		.byte	90H,0F0H,90H,90H,02H
         02                      
00000467 475760                  		.byte	"GW`"
0000046A 90                      		.byte	90H
0000046B 60                      		.byte	"`"
0000046C 90F09090                		.byte	90H,0F0H,90H,90H,02H
         02                      
00000471 465670                  		.byte	"FVp"
00000474 A0A0F0A0                		.byte	0A0H,0A0H,0F0H,0A0H,0B0H,01H
         B001                    
0000047A 475760                  		.byte	"GW`"
0000047D 90808090                		.byte	90H,80H,80H,90H
00000481 6040                    		.byte	"`@"
00000483 02                      		.byte	02H
00000484 47574020                		.byte	"GW@ "
00000488 F080E080                		.byte	0F0H,80H,0E0H,80H,0F0H,02H
         F002                    
0000048E 47572040                		.byte	"GW @"
00000492 F080E080                		.byte	0F0H,80H,0E0H,80H,0F0H,02H
         F002                    
00000498 475760                  		.byte	"GW`"
0000049B 90F080E0                		.byte	90H,0F0H,80H,0E0H,80H,0F0H,02H
         80F002                  
000004A2 4757                    		.byte	"GW"
000004A4 9000F080                		.byte	90H,00H,0F0H,80H,0E0H,80H,0F0H,12H
         E080F012                
000004AC 3757                    		.byte	"7W"
000004AE 80                      		.byte	80H
000004AF 40                      		.byte	"@"
000004B0 E0                      		.byte	0E0H
000004B1 404040                  		.byte	"@@@"
000004B4 E012                    		.byte	0E0H,12H
000004B6 37572040                		.byte	"7W @"
000004BA E0                      		.byte	0E0H
000004BB 404040                  		.byte	"@@@"
000004BE E012                    		.byte	0E0H,12H
000004C0 375740                  		.byte	"7W@"
000004C3 A0E0                    		.byte	0A0H,0E0H
000004C5 404040                  		.byte	"@@@"
000004C8 E012                    		.byte	0E0H,12H
000004CA 3757                    		.byte	"7W"
000004CC A000E0                  		.byte	0A0H,00H,0E0H
000004CF 404040                  		.byte	"@@@"
000004D2 E002                    		.byte	0E0H,02H
000004D4 56567048                		.byte	"VVpH"
000004D8 E8                      		.byte	0E8H
000004D9 484870                  		.byte	"HHp"
000004DC 02                      		.byte	02H
000004DD 475750                  		.byte	"GWP"
000004E0 A090D0B0                		.byte	0A0H,90H,0D0H,0B0H,90H,90H,02H
         909002                  
000004E7 47574020                		.byte	"GW@ `"
         60                      
000004EC 909090                  		.byte	90H,90H,90H
000004EF 60                      		.byte	"`"
000004F0 02                      		.byte	02H
000004F1 47572040                		.byte	"GW @`"
         60                      
000004F6 909090                  		.byte	90H,90H,90H
000004F9 60                      		.byte	"`"
000004FA 02                      		.byte	02H
000004FB 475760                  		.byte	"GW`"
000004FE 90                      		.byte	90H
000004FF 60                      		.byte	"`"
00000500 909090                  		.byte	90H,90H,90H
00000503 60                      		.byte	"`"
00000504 02                      		.byte	02H
00000505 475750                  		.byte	"GWP"
00000508 A0                      		.byte	0A0H
00000509 60                      		.byte	"`"
0000050A 909090                  		.byte	90H,90H,90H
0000050D 60                      		.byte	"`"
0000050E 02                      		.byte	02H
0000050F 4757                    		.byte	"GW"
00000511 9000                    		.byte	90H,00H
00000513 60                      		.byte	"`"
00000514 909090                  		.byte	90H,90H,90H
00000517 60                      		.byte	"`"
00000518 12                      		.byte	12H
00000519 3353                    		.byte	"3S"
0000051B A0                      		.byte	0A0H
0000051C 40                      		.byte	"@"
0000051D A002                    		.byte	0A0H,02H
0000051F 465670                  		.byte	"FVp"
00000522 B0B0D0D0                		.byte	0B0H,0B0H,0D0H,0D0H,0E0H,02H
         E002                    
00000528 47574020                		.byte	"GW@ "
0000052C 90909090                		.byte	90H,90H,90H,90H
00000530 60                      		.byte	"`"
00000531 02                      		.byte	02H
00000532 47572040                		.byte	"GW @"
00000536 90909090                		.byte	90H,90H,90H,90H
0000053A 60                      		.byte	"`"
0000053B 02                      		.byte	02H
0000053C 475760                  		.byte	"GW`"
0000053F 90909090                		.byte	90H,90H,90H,90H,90H
         90                      
00000544 60                      		.byte	"`"
00000545 02                      		.byte	02H
00000546 4757                    		.byte	"GW"
00000548 90009090                		.byte	90H,00H,90H,90H,90H,90H
         9090                    
0000054E 60                      		.byte	"`"
0000054F 02                      		.byte	02H
00000550 5757                    		.byte	"WW"
00000552 10                      		.byte	10H
00000553 20                      		.byte	" "
00000554 88                      		.byte	88H
00000555 50202020                		.byte	"P   "
00000559 02                      		.byte	02H
0000055A 4656                    		.byte	"FV"
0000055C 80E09090                		.byte	80H,0E0H,90H,90H,0E0H,80H,02H
         E08002                  
00000563 465660                  		.byte	"FV`"
00000566 90A0A090                		.byte	90H,0A0H,0A0H,90H,0A0H,02H
         A002                    
0000056C 47574020                		.byte	"GW@ "
00000570 00                      		.byte	00H
00000571 70                      		.byte	"p"
00000572 9090                    		.byte	90H,90H
00000574 70                      		.byte	"p"
00000575 02                      		.byte	02H
00000576 47572040                		.byte	"GW @"
0000057A 00                      		.byte	00H
0000057B 70                      		.byte	"p"
0000057C 9090                    		.byte	90H,90H
0000057E 70                      		.byte	"p"
0000057F 02                      		.byte	02H
00000580 47572050                		.byte	"GW P"
00000584 00                      		.byte	00H
00000585 70                      		.byte	"p"
00000586 9090                    		.byte	90H,90H
00000588 70                      		.byte	"p"
00000589 02                      		.byte	02H
0000058A 475750                  		.byte	"GWP"
0000058D A000                    		.byte	0A0H,00H
0000058F 70                      		.byte	"p"
00000590 9090                    		.byte	90H,90H
00000592 70                      		.byte	"p"
00000593 02                      		.byte	02H
00000594 465650                  		.byte	"FVP"
00000597 00                      		.byte	00H
00000598 70                      		.byte	"p"
00000599 9090                    		.byte	90H,90H
0000059B 70                      		.byte	"p"
0000059C 02                      		.byte	02H
0000059D 475760                  		.byte	"GW`"
000005A0 90                      		.byte	90H
000005A1 6070                    		.byte	"`p"
000005A3 9090                    		.byte	90H,90H
000005A5 70                      		.byte	"p"
000005A6 02                      		.byte	02H
000005A7 5454                    		.byte	"TT"
000005A9 F0                      		.byte	0F0H
000005AA 68                      		.byte	"h"
000005AB B0                      		.byte	0B0H
000005AC 78                      		.byte	"x"
000005AD 11                      		.byte	11H
000005AE 355560                  		.byte	"5U`"
000005B1 8080                    		.byte	80H,80H
000005B3 6040                    		.byte	"`@"
000005B5 02                      		.byte	02H
000005B6 47574020                		.byte	"GW@ "
000005BA 00                      		.byte	00H
000005BB 60                      		.byte	"`"
000005BC B0C0                    		.byte	0B0H,0C0H
000005BE 60                      		.byte	"`"
000005BF 02                      		.byte	02H
000005C0 47572040                		.byte	"GW @"
000005C4 00                      		.byte	00H
000005C5 60                      		.byte	"`"
000005C6 B0C0                    		.byte	0B0H,0C0H
000005C8 60                      		.byte	"`"
000005C9 02                      		.byte	02H
000005CA 475760                  		.byte	"GW`"
000005CD 9000                    		.byte	90H,00H
000005CF 60                      		.byte	"`"
000005D0 B0C0                    		.byte	0B0H,0C0H
000005D2 60                      		.byte	"`"
000005D3 02                      		.byte	02H
000005D4 465650                  		.byte	"FVP"
000005D7 00                      		.byte	00H
000005D8 60                      		.byte	"`"
000005D9 B0C0                    		.byte	0B0H,0C0H
000005DB 60                      		.byte	"`"
000005DC 12                      		.byte	12H
000005DD 3757                    		.byte	"7W"
000005DF 80                      		.byte	80H
000005E0 40                      		.byte	"@"
000005E1 00C0                    		.byte	00H,0C0H
000005E3 4040                    		.byte	"@@"
000005E5 E012                    		.byte	0E0H,12H
000005E7 37572040                		.byte	"7W @"
000005EB 00C0                    		.byte	00H,0C0H
000005ED 4040                    		.byte	"@@"
000005EF E012                    		.byte	0E0H,12H
000005F1 375740                  		.byte	"7W@"
000005F4 A000C0                  		.byte	0A0H,00H,0C0H
000005F7 4040                    		.byte	"@@"
000005F9 E012                    		.byte	0E0H,12H
000005FB 3656                    		.byte	"6V"
000005FD A000C0                  		.byte	0A0H,00H,0C0H
00000600 4040                    		.byte	"@@"
00000602 E002                    		.byte	0E0H,02H
00000604 4757                    		.byte	"GW"
00000606 A0                      		.byte	0A0H
00000607 40                      		.byte	"@"
00000608 A010                    		.byte	0A0H,10H
0000060A 70                      		.byte	"p"
0000060B 90                      		.byte	90H
0000060C 60                      		.byte	"`"
0000060D 02                      		.byte	02H
0000060E 475750                  		.byte	"GWP"
00000611 A000E090                		.byte	0A0H,00H,0E0H,90H,90H,90H,02H
         909002                  
00000618 47574020                		.byte	"GW@ "
0000061C 00                      		.byte	00H
0000061D 60                      		.byte	"`"
0000061E 9090                    		.byte	90H,90H
00000620 60                      		.byte	"`"
00000621 02                      		.byte	02H
00000622 47572040                		.byte	"GW @"
00000626 00                      		.byte	00H
00000627 60                      		.byte	"`"
00000628 9090                    		.byte	90H,90H
0000062A 60                      		.byte	"`"
0000062B 02                      		.byte	02H
0000062C 475760                  		.byte	"GW`"
0000062F 9000                    		.byte	90H,00H
00000631 60                      		.byte	"`"
00000632 9090                    		.byte	90H,90H
00000634 60                      		.byte	"`"
00000635 02                      		.byte	02H
00000636 475750                  		.byte	"GWP"
00000639 A000                    		.byte	0A0H,00H
0000063B 60                      		.byte	"`"
0000063C 9090                    		.byte	90H,90H
0000063E 60                      		.byte	"`"
0000063F 02                      		.byte	02H
00000640 4656                    		.byte	"FV"
00000642 9000                    		.byte	90H,00H
00000644 60                      		.byte	"`"
00000645 9090                    		.byte	90H,90H
00000647 60                      		.byte	"`"
00000648 12                      		.byte	12H
00000649 355540                  		.byte	"5U@"
0000064C 00E000                  		.byte	00H,0E0H,00H
0000064F 40                      		.byte	"@"
00000650 02                      		.byte	02H
00000651 445470                  		.byte	"DTp"
00000654 B0D0E002                		.byte	0B0H,0D0H,0E0H,02H
00000658 47574020                		.byte	"GW@ "
0000065C 00909090                		.byte	00H,90H,90H,90H
00000660 70                      		.byte	"p"
00000661 02                      		.byte	02H
00000662 47572040                		.byte	"GW @"
00000666 00909090                		.byte	00H,90H,90H,90H
0000066A 70                      		.byte	"p"
0000066B 02                      		.byte	02H
0000066C 475760                  		.byte	"GW`"
0000066F 90009090                		.byte	90H,00H,90H,90H,90H
         90                      
00000674 70                      		.byte	"p"
00000675 02                      		.byte	02H
00000676 4656                    		.byte	"FV"
00000678 90009090                		.byte	90H,00H,90H,90H,90H
         90                      
0000067D 70                      		.byte	"p"
0000067E 01                      		.byte	01H
0000067F 48582040                		.byte	"HX @"
00000683 009090                  		.byte	00H,90H,90H
00000686 70                      		.byte	"p"
00000687 90                      		.byte	90H
00000688 60                      		.byte	"`"
00000689 01                      		.byte	01H
0000068A 4757                    		.byte	"GW"
0000068C 8080E090                		.byte	80H,80H,0E0H,90H,0E0H,80H,80H,01H
         E0808001                
00000694 4757                    		.byte	"GW"
00000696 90009090                		.byte	90H,00H,90H,90H
0000069A 70                      		.byte	"p"
0000069B 90                      		.byte	90H
0000069C 60                      		.byte	"`"
                                 		.END

Information List

TOTAL ERROR(S)    00000
TOTAL WARNING(S)  00000
TOTAL LINE(S)     00777   LINES

Section List

Attr         Size               Name
ROMDATA  0000001693(0000069DH)  C_1

Cpu Type

-ISA=RXV1 -FPU

Command Parameter

-subcommand=C:\Users\LAFONS~1\AppData\Local\Temp\$ccrx4D06\$ccrx\u8g_font_5x8.src.cmd
    -nologo
    -isa=rxv1
    -fpu
    -show=conditionals,definitions,expansions
    -define=__RXV1=1
    -fint_register=0
    -debug
    -endian=little
-listfile=C:\Workspace\e2studio\git\MT01_master\MT01_build\u8g_font_5x8.lst
-output=C:\Workspace\e2studio\git\MT01_master\MT01_build\src\Display\font\u8g_font_5x8.obj
