* RX FAMILY ASSEMBLER V2.03.00.01 [24 Oct 2014] *  SOURCE LIST  Mon Mar 20 17:11:51 2017

LOC.     OBJ.              0XMDA SOURCE STATEMENT

                                 ;RX Family C/C++ Compiler (V2.03.00.03 [04 Dec 2014])  20-Mar-2017 17:11:51
                                 
                                 ;*** CPU TYPE ***
                                 
                                 ;-ISA=RXV1
                                 
                                 ;*** COMMAND PARAMETER ***
                                 
                                 ;-output=src=u8g_line.src
                                 ;-lang=c99
                                 ;-include=C:\PROGRA~2\Renesas\RX\2_3_0/include,C:\Workspace\e2studio\git\MT01_master\r_lvd_rx,C:\Workspace\e2studio\git\MT01_master\r_lvd_rx\src,C:/Workspace/e2studio/
                                 ;-debug
                                 ;-show=source,conditionals,definitions,expansions
                                 ;-listfile=u8g_line.lst
                                 ;-isa=rxv1
                                 ;-optimize=0
                                 ;-fpu
                                 ;-alias=noansi
                                 ;-nologo
                                 ;-nomessage
                                 ;-define=__RX,COMPACTAXP=0,EASYMAK=1,MOBILE=0,FREE_RTOS_PP
                                 ;u8g_line.c
                                 
                                 		.glb	_u8g_DrawLine
                                 		.glb	_u8g_DrawPixel
                                 ;LineNo. C-SOURCE STATEMENT
                                 
                                 		.SECTION	P,CODE
00000000                         _u8g_DrawLine:
                                 		.STACK	_u8g_DrawLine=20
                                 ;       1 /*
                                 ;       2 
                                 ;       3   u8g_line.c
                                 ;       4   
                                 ;       5   Universal 8bit Graphics Library
                                 ;       6   
                                 ;       7   Copyright (c) 2012, olikraus@gmail.com
                                 ;       8   All rights reserved.
                                 ;       9 
                                 ;      10   Redistribution and use in source and binary forms, with or without modification, 
                                 ;      11   are permitted provided that the following conditions are met:
                                 ;      12 
                                 ;      13   * Redistributions of source code must retain the above copyright notice, this list 
                                 ;      14     of conditions and the following disclaimer.
                                 ;      15     
                                 ;      16   * Redistributions in binary form must reproduce the above copyright notice, this 
                                 ;      17     list of conditions and the following disclaimer in the documentation and/or other 
                                 ;      18     materials provided with the distribution.
                                 ;      19 
                                 ;      20   THIS SOFTWARE IS PROVIDED BY THE COPYRIGHT HOLDERS AND 
                                 ;      21   CONTRIBUTORS "AS IS" AND ANY EXPRESS OR IMPLIED WARRANTIES, 
                                 ;      22   INCLUDING, BUT NOT LIMITED TO, THE IMPLIED WARRANTIES OF 
                                 ;      23   MERCHANTABILITY AND FITNESS FOR A PARTICULAR PURPOSE ARE 
                                 ;      24   DISCLAIMED. IN NO EVENT SHALL THE COPYRIGHT HOLDER OR 
                                 ;      25   CONTRIBUTORS BE LIABLE FOR ANY DIRECT, INDIRECT, INCIDENTAL, 
                                 ;      26   SPECIAL, EXEMPLARY, OR CONSEQUENTIAL DAMAGES (INCLUDING, BUT 
                                 ;      27   NOT LIMITED TO, PROCUREMENT OF SUBSTITUTE GOODS OR SERVICES; 
                                 ;      28   LOSS OF USE, DATA, OR PROFITS; OR BUSINESS INTERRUPTION) HOWEVER 
                                 ;      29   CAUSED AND ON ANY THEORY OF LIABILITY, WHETHER IN CONTRACT, 
                                 ;      30   STRICT LIABILITY, OR TORT (INCLUDING NEGLIGENCE OR OTHERWISE) 
                                 ;      31   ARISING IN ANY WAY OUT OF THE USE OF THIS SOFTWARE, EVEN IF 
                                 ;      32   ADVISED OF THE POSSIBILITY OF SUCH DAMAGE.  
                                 ;      33   
                                 ;      34 */
                                 ;      35 
                                 ;      36 #include "u8g.h"
                                 ;      37 
                                 ;      38 void u8g_DrawLine(u8g_t *u8g, u8g_uint_t x1, u8g_uint_t y1, u8g_uint_t x2, u8g_uint_t y2)
                                 		.LINE  "C:\Workspace\e2studio\git\MT01_master\src\Display\u8g_line.c",38
00000000 7100F0                  		ADD #0FFFFFFF0H, R0
00000003 A089                    		MOV.L R1, 0CH[R0]
00000005 828A                    		MOV.B R2, 0BH[R0]
00000007 8283                    		MOV.B R3, 0AH[R0]
00000009 820C                    		MOV.B R4, 09H[R0]
0000000B C5001408                		MOV.B 14H[R0], 08H[R0]
                                 ;      39 {
                                 ;      40   u8g_uint_t tmp;
                                 ;      41   u8g_uint_t x,y;
                                 ;      42   u8g_uint_t dx, dy;
                                 ;      43   u8g_int_t err;
                                 ;      44   u8g_int_t ystep;
                                 ;      45 
                                 ;      46   uint8_t swapxy = 0;
                                 		.LINE  "C:\Workspace\e2studio\git\MT01_master\src\Display\u8g_line.c",46
0000000F 3C0700                  		MOV.B #00H, 07H[R0]
00000012                         L11:	; entry.split
                                 ;      47   
                                 ;      48   /* no BBX intersection check at the moment, should be added... */
                                 ;      49 
                                 ;      50   if ( x1 > x2 ) dx = x1-x2; else dx = x2-x1;
                                 		.LINE  "C:\Workspace\e2studio\git\MT01_master\src\Display\u8g_line.c",50
00000012 B289                    		MOVU.B 0BH[R0], R1
00000014 450109                  		CMP 09H[R0].UB, R1
00000017 2Brr                    		BLE L13
00000019                         L12:	; bb15
00000019 B289                    		MOVU.B 0BH[R0], R1
0000001B 410109                  		SUB 09H[R0].UB, R1
0000001E 8089                    		MOV.B R1, 03H[R0]
00000020 08                   S  		BRA L14
00000021                         L13:	; bb22
00000021 B209                    		MOVU.B 09H[R0], R1
00000023 41010B                  		SUB 0BH[R0].UB, R1
00000026 8089                    		MOV.B R1, 03H[R0]
00000028                         L14:	; bb36
                                 ;      51   if ( y1 > y2 ) dy = y1-y2; else dy = y2-y1;
                                 		.LINE  "C:\Workspace\e2studio\git\MT01_master\src\Display\u8g_line.c",51
00000028 B281                    		MOVU.B 0AH[R0], R1
0000002A 450108                  		CMP 08H[R0].UB, R1
0000002D 2Brr                    		BLE L16
0000002F                         L15:	; bb37
0000002F B281                    		MOVU.B 0AH[R0], R1
00000031 410108                  		SUB 08H[R0].UB, R1
00000034 8101                    		MOV.B R1, 04H[R0]
00000036 08                   S  		BRA L17
00000037                         L16:	; bb44
00000037 B201                    		MOVU.B 08H[R0], R1
00000039 41010A                  		SUB 0AH[R0].UB, R1
0000003C 8101                    		MOV.B R1, 04H[R0]
0000003E                         L17:	; bb59
                                 ;      52 
                                 ;      53   if ( dy > dx ) 
                                 		.LINE  "C:\Workspace\e2studio\git\MT01_master\src\Display\u8g_line.c",53
0000003E B101                    		MOVU.B 04H[R0], R1
00000040 450103                  		CMP 03H[R0].UB, R1
00000043 2Brr                    		BLE L28
00000045                         L18:	; bb60
                                 ;      54   {
                                 ;      55     swapxy = 1;
                                 		.LINE  "C:\Workspace\e2studio\git\MT01_master\src\Display\u8g_line.c",55
00000045 3C0701                  		MOV.B #01H, 07H[R0]
00000048                         L19:	; bb60.split
                                 ;      56     tmp = dx; dx =dy; dy = tmp;
                                 		.LINE  "C:\Workspace\e2studio\git\MT01_master\src\Display\u8g_line.c",56
00000048 C10003                  		MOV.B 03H[R0], [R0]
0000004B                         L20:	; bb60.split1
0000004B C5000403                		MOV.B 04H[R0], 03H[R0]
0000004F                         L21:	; bb60.split2
0000004F C40004                  		MOV.B [R0], 04H[R0]
00000052                         L22:	; bb60.split3
                                 ;      57     tmp = x1; x1 =y1; y1 = tmp;
                                 		.LINE  "C:\Workspace\e2studio\git\MT01_master\src\Display\u8g_line.c",57
00000052 C1000B                  		MOV.B 0BH[R0], [R0]
00000055                         L23:	; bb60.split4
00000055 C5000A0B                		MOV.B 0AH[R0], 0BH[R0]
00000059                         L24:	; bb60.split5
00000059 C4000A                  		MOV.B [R0], 0AH[R0]
0000005C                         L25:	; bb60.split6
                                 ;      58     tmp = x2; x2 =y2; y2 = tmp;
                                 		.LINE  "C:\Workspace\e2studio\git\MT01_master\src\Display\u8g_line.c",58
0000005C C10009                  		MOV.B 09H[R0], [R0]
0000005F                         L26:	; bb60.split7
0000005F C5000809                		MOV.B 08H[R0], 09H[R0]
00000063                         L27:	; bb60.split8
00000063 C40008                  		MOV.B [R0], 08H[R0]
00000066                         L28:	; bb78
                                 ;      59   }
                                 ;      60   if ( x1 > x2 ) 
                                 		.LINE  "C:\Workspace\e2studio\git\MT01_master\src\Display\u8g_line.c",60
00000066 B289                    		MOVU.B 0BH[R0], R1
00000068 450109                  		CMP 09H[R0].UB, R1
0000006B 2Brr                    		BLE L35
0000006D                         L29:	; bb79
                                 ;      61   {
                                 ;      62     tmp = x1; x1 =x2; x2 = tmp;
                                 		.LINE  "C:\Workspace\e2studio\git\MT01_master\src\Display\u8g_line.c",62
0000006D C1000B                  		MOV.B 0BH[R0], [R0]
00000070                         L30:	; bb79.split
00000070 C500090B                		MOV.B 09H[R0], 0BH[R0]
00000074                         L31:	; bb79.split9
00000074 C40009                  		MOV.B [R0], 09H[R0]
00000077                         L32:	; bb79.split10
                                 ;      63     tmp = y1; y1 =y2; y2 = tmp;
                                 		.LINE  "C:\Workspace\e2studio\git\MT01_master\src\Display\u8g_line.c",63
00000077 C1000A                  		MOV.B 0AH[R0], [R0]
0000007A                         L33:	; bb79.split11
0000007A C500080A                		MOV.B 08H[R0], 0AH[R0]
0000007E                         L34:	; bb79.split12
0000007E C40008                  		MOV.B [R0], 08H[R0]
00000081                         L35:	; bb93
                                 ;      64   }
                                 ;      65   err = dx >> 1;
                                 		.LINE  "C:\Workspace\e2studio\git\MT01_master\src\Display\u8g_line.c",65
00000081 B089                    		MOVU.B 03H[R0], R1
00000083 6811                    		SHLR #01H, R1
00000085 8109                    		MOV.B R1, 05H[R0]
00000087                         L36:	; bb93.split
                                 ;      66   if ( y2 > y1 ) ystep = 1; else ystep = -1;
                                 		.LINE  "C:\Workspace\e2studio\git\MT01_master\src\Display\u8g_line.c",66
00000087 B201                    		MOVU.B 08H[R0], R1
00000089 45010A                  		CMP 0AH[R0].UB, R1
0000008C 2Brr                    		BLE L38
0000008E                         L37:	; bb99
0000008E 3C0601                  		MOV.B #01H, 06H[R0]
00000091 08                   S  		BRA L39
00000092                         L38:	; bb100
00000092 3C06FF                  		MOV.B #0FFH, 06H[R0]
00000095                         L39:	; bb108
                                 ;      67   y = y1;
                                 		.LINE  "C:\Workspace\e2studio\git\MT01_master\src\Display\u8g_line.c",67
00000095 C5000A02                		MOV.B 0AH[R0], 02H[R0]
00000099                         L40:	; bb108.split
                                 ;      68 
                                 ;      69 #ifndef  U8G_16BIT
                                 ;      70   if ( x2 == 255 )
                                 		.LINE  "C:\Workspace\e2studio\git\MT01_master\src\Display\u8g_line.c",70
00000099 B209                    		MOVU.B 09H[R0], R1
0000009B 7551FF                  		CMP #0FFH, R1
0000009E 18                   S  		BNE L42
0000009F                         L41:	; bb111
                                 ;      71     x2--;
                                 		.LINE  "C:\Workspace\e2studio\git\MT01_master\src\Display\u8g_line.c",71
0000009F B209                    		MOVU.B 09H[R0], R1
000000A1 6011                    		SUB #01H, R1
000000A3 8209                    		MOV.B R1, 09H[R0]
000000A5                         L42:	; bb119
                                 ;      72 #else
                                 ;      73   if ( x2 == 0xffff )
                                 ;      74     x2--;
                                 ;      75 #endif
                                 ;      76 
                                 ;      77   for( x = x1; x <= x2; x++ )
                                 		.LINE  "C:\Workspace\e2studio\git\MT01_master\src\Display\u8g_line.c",77
000000A5 C5000B01                		MOV.B 0BH[R0], 01H[R0]
000000A9 2Err                 B  		BRA L51
000000AB                         L43:	; bb122
                                 ;      78   {
                                 ;      79     if ( swapxy == 0 ) 
                                 		.LINE  "C:\Workspace\e2studio\git\MT01_master\src\Display\u8g_line.c",79
000000AB B189                    		MOVU.B 07H[R0], R1
000000AD 6101                    		CMP #00H, R1
000000AF A889                    		MOV.L 0CH[R0], R1
000000B1 18                   S  		BNE L45
000000B2                         L44:	; bb123
                                 ;      80       u8g_DrawPixel(u8g, x, y); 
                                 		.LINE  "C:\Workspace\e2studio\git\MT01_master\src\Display\u8g_line.c",80
000000B2 B083                    		MOVU.B 02H[R0], R3
000000B4 B00A                    		MOVU.B 01H[R0], R2
000000B6 05rrrrrr             A  		BSR _u8g_DrawPixel
000000BA 08                   S  		BRA L46
000000BB                         L45:	; bb127
                                 ;      81     else 
                                 ;      82       u8g_DrawPixel(u8g, y, x); 
                                 		.LINE  "C:\Workspace\e2studio\git\MT01_master\src\Display\u8g_line.c",82
000000BB B00B                    		MOVU.B 01H[R0], R3
000000BD B082                    		MOVU.B 02H[R0], R2
000000BF 05rrrrrr             A  		BSR _u8g_DrawPixel
000000C3                         L46:	; bb136
                                 ;      83     err -= (uint8_t)dy;
                                 		.LINE  "C:\Workspace\e2studio\git\MT01_master\src\Display\u8g_line.c",83
000000C3 8909                    		MOV.B 05H[R0], R1
000000C5 410104                  		SUB 04H[R0].UB, R1
000000C8 8109                    		MOV.B R1, 05H[R0]
000000CA                         L47:	; bb136.split
                                 ;      84     if ( err < 0 ) 
                                 		.LINE  "C:\Workspace\e2studio\git\MT01_master\src\Display\u8g_line.c",84
000000CA 8909                    		MOV.B 05H[R0], R1
000000CC 69F1                    		SHLR #1FH, R1
000000CE 6101                    		CMP #00H, R1
000000D0 20rr                    		BEQ L50
000000D2                         L48:	; bb144
                                 ;      85     {
                                 ;      86       y += (u8g_uint_t)ystep;
                                 		.LINE  "C:\Workspace\e2studio\git\MT01_master\src\Display\u8g_line.c",86
000000D2 B081                    		MOVU.B 02H[R0], R1
000000D4 490106                  		ADD 06H[R0].UB, R1
000000D7 8081                    		MOV.B R1, 02H[R0]
000000D9                         L49:	; bb144.split
                                 ;      87       err += (u8g_uint_t)dx;
                                 		.LINE  "C:\Workspace\e2studio\git\MT01_master\src\Display\u8g_line.c",87
000000D9 8909                    		MOV.B 05H[R0], R1
000000DB 490103                  		ADD 03H[R0].UB, R1
000000DE 8109                    		MOV.B R1, 05H[R0]
000000E0                         L50:	; bb162
000000E0 B009                    		MOVU.B 01H[R0], R1
000000E2 6211                    		ADD #01H, R1
000000E4 8009                    		MOV.B R1, 01H[R0]
000000E6                         L51:	; bb165
                                 		.LINE  "C:\Workspace\e2studio\git\MT01_master\src\Display\u8g_line.c",77
000000E6 B009                    		MOVU.B 01H[R0], R1
000000E8 450109                  		CMP 09H[R0].UB, R1
000000EB 2Brr                    		BLE L43
000000ED                         L52:	; return
                                 ;      88     }
                                 ;      89   }
                                 ;      90 }
                                 		.LINE  "C:\Workspace\e2studio\git\MT01_master\src\Display\u8g_line.c",90
000000ED 6704                    		RTSD #10H
                                 		.END

Information List

TOTAL ERROR(S)    00000
TOTAL WARNING(S)  00000
TOTAL LINE(S)     00288   LINES

Section List

Attr         Size               Name
CODE     0000000239(000000EFH)  P

Cpu Type

-ISA=RXV1 -FPU

Command Parameter

-subcommand=C:\Users\LAFONS~1\AppData\Local\Temp\$ccrx4D06\$ccrx\u8g_line.src.cmd
    -nologo
    -isa=rxv1
    -fpu
    -show=conditionals,definitions,expansions
    -define=__RXV1=1
    -fint_register=0
    -debug
    -endian=little
-listfile=C:\Workspace\e2studio\git\MT01_master\MT01_build\u8g_line.lst
-output=C:\Workspace\e2studio\git\MT01_master\MT01_build\src\Display\u8g_line.obj
