* RX FAMILY ASSEMBLER V2.03.00.01 [24 Oct 2014] *  SOURCE LIST  Mon Mar 20 17:11:55 2017

LOC.     OBJ.              0XMDA SOURCE STATEMENT

                                 ;RX Family C/C++ Compiler (V2.03.00.03 [04 Dec 2014])  20-Mar-2017 17:11:55
                                 
                                 ;*** CPU TYPE ***
                                 
                                 ;-ISA=RXV1
                                 
                                 ;*** COMMAND PARAMETER ***
                                 
                                 ;-output=src=u8g_rot.src
                                 ;-lang=c99
                                 ;-include=C:\PROGRA~2\Renesas\RX\2_3_0/include,C:\Workspace\e2studio\git\MT01_master\r_lvd_rx,C:\Workspace\e2studio\git\MT01_master\r_lvd_rx\src,C:/Workspace/e2studio/
                                 ;-debug
                                 ;-show=source,conditionals,definitions,expansions
                                 ;-listfile=u8g_rot.lst
                                 ;-isa=rxv1
                                 ;-optimize=0
                                 ;-fpu
                                 ;-alias=noansi
                                 ;-nologo
                                 ;-nomessage
                                 ;-define=__RX,COMPACTAXP=0,EASYMAK=1,MOBILE=0,FREE_RTOS_PP
                                 ;u8g_rot.c
                                 
                                 		.glb	_u8g_dev_rot
                                 		.glb	_u8g_dev_rot_dummy_fn
                                 		.glb	_u8g_UndoRotation
                                 		.glb	_u8g_UpdateDimension
                                 		.glb	_u8g_SetRot90
                                 		.glb	_u8g_SetRot180
                                 		.glb	_u8g_SetRot270
                                 		.glb	_u8g_dev_rot90_fn
                                 		.glb	_u8g_dev_rot180_fn
                                 		.glb	_u8g_dev_rot270_fn
                                 		.glb	_u8g_call_dev_fn
                                 		.glb	_u8g_GetHeightLL
                                 		.glb	_u8g_GetWidthLL
                                 ;LineNo. C-SOURCE STATEMENT
                                 
                                 		.SECTION	P,CODE
00000000                         _u8g_dev_rot_dummy_fn:
                                 		.STACK	_u8g_dev_rot_dummy_fn=24
                                 ;       1 /*
                                 ;       2 
                                 ;       3   u8g_rot.c
                                 ;       4 
                                 ;       5   Universal 8bit Graphics Library
                                 ;       6   
                                 ;       7   Copyright (c) 2011, olikraus@gmail.com
                                 ;       8   All rights reserved.
                                 ;       9 
                                 ;      10   Redistribution and use in source and binary forms, with or without modification, 
                                 ;      11   are permitted provided that the following conditions are met:
                                 ;      12 
                                 ;      13   * Redistributions of source code must retain the above copyright notice, this list 
                                 ;      14     of conditions and the following disclaimer.
                                 ;      15     
                                 ;      16   * Redistributions in binary form must reproduce the above copyright notice, this 
                                 ;      17     list of conditions and the following disclaimer in the documentation and/or other 
                                 ;      18     materials provided with the distribution.
                                 ;      19 
                                 ;      20   THIS SOFTWARE IS PROVIDED BY THE COPYRIGHT HOLDERS AND 
                                 ;      21   CONTRIBUTORS "AS IS" AND ANY EXPRESS OR IMPLIED WARRANTIES, 
                                 ;      22   INCLUDING, BUT NOT LIMITED TO, THE IMPLIED WARRANTIES OF 
                                 ;      23   MERCHANTABILITY AND FITNESS FOR A PARTICULAR PURPOSE ARE 
                                 ;      24   DISCLAIMED. IN NO EVENT SHALL THE COPYRIGHT HOLDER OR 
                                 ;      25   CONTRIBUTORS BE LIABLE FOR ANY DIRECT, INDIRECT, INCIDENTAL, 
                                 ;      26   SPECIAL, EXEMPLARY, OR CONSEQUENTIAL DAMAGES (INCLUDING, BUT 
                                 ;      27   NOT LIMITED TO, PROCUREMENT OF SUBSTITUTE GOODS OR SERVICES; 
                                 ;      28   LOSS OF USE, DATA, OR PROFITS; OR BUSINESS INTERRUPTION) HOWEVER 
                                 ;      29   CAUSED AND ON ANY THEORY OF LIABILITY, WHETHER IN CONTRACT, 
                                 ;      30   STRICT LIABILITY, OR TORT (INCLUDING NEGLIGENCE OR OTHERWISE) 
                                 ;      31   ARISING IN ANY WAY OUT OF THE USE OF THIS SOFTWARE, EVEN IF 
                                 ;      32   ADVISED OF THE POSSIBILITY OF SUCH DAMAGE.  
                                 ;      33   
                                 ;      34   
                                 ;      35 */
                                 ;      36 
                                 ;      37 #include "u8g.h"
                                 ;      38 
                                 ;      39 uint8_t u8g_dev_rot90_fn(u8g_t *u8g, u8g_dev_t *dev, uint8_t msg, void *arg);
                                 ;      40 uint8_t u8g_dev_rot180_fn(u8g_t *u8g, u8g_dev_t *dev, uint8_t msg, void *arg);
                                 ;      41 uint8_t u8g_dev_rot270_fn(u8g_t *u8g, u8g_dev_t *dev, uint8_t msg, void *arg);
                                 ;      42 
                                 ;      43 uint8_t u8g_dev_rot_dummy_fn(void *u8g, void *dev, uint8_t msg, void *arg)
                                 		.LINE  "C:\Workspace\e2studio\git\MT01_master\src\Display\u8g_rot.c",43
00000000 7100EC                  		ADD #0FFFFFFECH, R0
00000003 A101                    		MOV.L R1, 10H[R0]
00000005 A08A                    		MOV.L R2, 0CH[R0]
00000007 828B                    		MOV.B R3, 0BH[R0]
00000009 A00C                    		MOV.L R4, 04H[R0]
                                 ;      44 {
                                 ;      45   return 0;
                                 		.LINE  "C:\Workspace\e2studio\git\MT01_master\src\Display\u8g_rot.c",45
0000000B 3C0300                  		MOV.B #00H, 03H[R0]
0000000E B089                    		MOVU.B 03H[R0], R1
00000010                         L11:	; entry.split
                                 ;      46 }
                                 		.LINE  "C:\Workspace\e2studio\git\MT01_master\src\Display\u8g_rot.c",46
00000010 5B11                    		MOVU.B R1, R1
00000012 6705                    		RTSD #14H
00000014                         _u8g_UndoRotation:
                                 		.STACK	_u8g_UndoRotation=8
                                 ;      47 
                                 ;      48 u8g_dev_t u8g_dev_rot = { u8g_dev_rot_dummy_fn, NULL, NULL };
                                 ;      49 
                                 ;      50 
                                 ;      51 void u8g_UndoRotation(u8g_t *u8g)
                                 		.LINE  "C:\Workspace\e2studio\git\MT01_master\src\Display\u8g_rot.c",51
00000014 6040                    		SUB #04H, R0
00000016 E301                    		MOV.L R1, [R0]
                                 ;      52 {
                                 ;      53   if ( u8g->dev != &u8g_dev_rot )
                                 		.LINE  "C:\Workspace\e2studio\git\MT01_master\src\Display\u8g_rot.c",53
00000018 FBE2rrrrrrrr            		MOV.L #_u8g_dev_rot, R14
0000001E 06851E01                		CMP 04H[R1].L, R14
00000022 21rr                    		BNE L15
00000024                         L13:	; bb8
                                 ;      54     return;
                                 ;      55   u8g->dev = u8g_dev_rot.dev_mem;
                                 		.LINE  "C:\Workspace\e2studio\git\MT01_master\src\Display\u8g_rot.c",55
00000024 FBE2rrrrrrrr            		MOV.L #_u8g_dev_rot, R14
0000002A EC01                    		MOV.L [R0], R1
0000002C E5E10101                		MOV.L 04H[R14], 04H[R1]
00000030                         L14:	; bb8.split
                                 ;      56   u8g_UpdateDimension(u8g);
                                 		.LINE  "C:\Workspace\e2studio\git\MT01_master\src\Display\u8g_rot.c",56
00000030 EC01                    		MOV.L [R0], R1
00000032 05rrrrrr             A  		BSR _u8g_UpdateDimension
00000036 6701                    		RTSD #04H
00000038                         L15:	; return
                                 ;      57 }
                                 		.LINE  "C:\Workspace\e2studio\git\MT01_master\src\Display\u8g_rot.c",57
00000038 6701                    		RTSD #04H
0000003A                         _u8g_SetRot90:
                                 		.STACK	_u8g_SetRot90=8
                                 ;      58 
                                 ;      59 void u8g_SetRot90(u8g_t *u8g)
                                 		.LINE  "C:\Workspace\e2studio\git\MT01_master\src\Display\u8g_rot.c",59
0000003A 6040                    		SUB #04H, R0
0000003C E301                    		MOV.L R1, [R0]
                                 ;      60 {
                                 ;      61   if ( u8g->dev != &u8g_dev_rot )
                                 		.LINE  "C:\Workspace\e2studio\git\MT01_master\src\Display\u8g_rot.c",61
0000003E FBE2rrrrrrrr            		MOV.L #_u8g_dev_rot, R14
00000044 06851E01                		CMP 04H[R1].L, R14
00000048 20rr                    		BEQ L19
0000004A                         L17:	; bb2
                                 ;      62   {
                                 ;      63     u8g_dev_rot.dev_mem = u8g->dev;
                                 		.LINE  "C:\Workspace\e2studio\git\MT01_master\src\Display\u8g_rot.c",63
0000004A EC01                    		MOV.L [R0], R1
0000004C FBE2rrrrrrrr            		MOV.L #_u8g_dev_rot, R14
00000052 E51E0101                		MOV.L 04H[R1], 04H[R14]
00000056                         L18:	; bb2.split
                                 ;      64     u8g->dev = &u8g_dev_rot;
                                 		.LINE  "C:\Workspace\e2studio\git\MT01_master\src\Display\u8g_rot.c",64
00000056 EC01                    		MOV.L [R0], R1
00000058 FB22rrrrrrrr            		MOV.L #_u8g_dev_rot, R2
0000005E A01A                    		MOV.L R2, 04H[R1]
00000060                         L19:	; bb13
                                 ;      65   }
                                 ;      66   u8g_dev_rot.dev_fn = u8g_dev_rot90_fn;
                                 		.LINE  "C:\Workspace\e2studio\git\MT01_master\src\Display\u8g_rot.c",66
00000060 FBE2rrrrrrrr            		MOV.L #_u8g_dev_rot, R14
00000066 FBF2rrrrrrrr            		MOV.L #_u8g_dev_rot90_fn, R15
0000006C E3EF                    		MOV.L R15, [R14]
0000006E                         L20:	; bb13.split
                                 ;      67   u8g_UpdateDimension(u8g);
                                 		.LINE  "C:\Workspace\e2studio\git\MT01_master\src\Display\u8g_rot.c",67
0000006E EC01                    		MOV.L [R0], R1
00000070 05rrrrrr             A  		BSR _u8g_UpdateDimension
00000074 6701                    		RTSD #04H
00000076                         _u8g_SetRot180:
                                 		.STACK	_u8g_SetRot180=8
                                 ;      68 }
                                 ;      69 
                                 ;      70 void u8g_SetRot180(u8g_t *u8g)
                                 		.LINE  "C:\Workspace\e2studio\git\MT01_master\src\Display\u8g_rot.c",70
00000076 6040                    		SUB #04H, R0
00000078 E301                    		MOV.L R1, [R0]
                                 ;      71 {
                                 ;      72   if ( u8g->dev != &u8g_dev_rot )
                                 		.LINE  "C:\Workspace\e2studio\git\MT01_master\src\Display\u8g_rot.c",72
0000007A FBE2rrrrrrrr            		MOV.L #_u8g_dev_rot, R14
00000080 06851E01                		CMP 04H[R1].L, R14
00000084 20rr                    		BEQ L24
00000086                         L22:	; bb2
                                 ;      73   {
                                 ;      74     u8g_dev_rot.dev_mem = u8g->dev;
                                 		.LINE  "C:\Workspace\e2studio\git\MT01_master\src\Display\u8g_rot.c",74
00000086 EC01                    		MOV.L [R0], R1
00000088 FBE2rrrrrrrr            		MOV.L #_u8g_dev_rot, R14
0000008E E51E0101                		MOV.L 04H[R1], 04H[R14]
00000092                         L23:	; bb2.split
                                 ;      75     u8g->dev = &u8g_dev_rot;
                                 		.LINE  "C:\Workspace\e2studio\git\MT01_master\src\Display\u8g_rot.c",75
00000092 EC01                    		MOV.L [R0], R1
00000094 FB22rrrrrrrr            		MOV.L #_u8g_dev_rot, R2
0000009A A01A                    		MOV.L R2, 04H[R1]
0000009C                         L24:	; bb13
                                 ;      76   }
                                 ;      77   u8g_dev_rot.dev_fn = u8g_dev_rot180_fn;
                                 		.LINE  "C:\Workspace\e2studio\git\MT01_master\src\Display\u8g_rot.c",77
0000009C FBE2rrrrrrrr            		MOV.L #_u8g_dev_rot, R14
000000A2 FBF2rrrrrrrr            		MOV.L #_u8g_dev_rot180_fn, R15
000000A8 E3EF                    		MOV.L R15, [R14]
000000AA                         L25:	; bb13.split
                                 ;      78   u8g_UpdateDimension(u8g);
                                 		.LINE  "C:\Workspace\e2studio\git\MT01_master\src\Display\u8g_rot.c",78
000000AA EC01                    		MOV.L [R0], R1
000000AC 05rrrrrr             A  		BSR _u8g_UpdateDimension
000000B0 6701                    		RTSD #04H
000000B2                         _u8g_SetRot270:
                                 		.STACK	_u8g_SetRot270=8
                                 ;      79 }
                                 ;      80 
                                 ;      81 void u8g_SetRot270(u8g_t *u8g)
                                 		.LINE  "C:\Workspace\e2studio\git\MT01_master\src\Display\u8g_rot.c",81
000000B2 6040                    		SUB #04H, R0
000000B4 E301                    		MOV.L R1, [R0]
                                 ;      82 {
                                 ;      83   if ( u8g->dev != &u8g_dev_rot )
                                 		.LINE  "C:\Workspace\e2studio\git\MT01_master\src\Display\u8g_rot.c",83
000000B6 FBE2rrrrrrrr            		MOV.L #_u8g_dev_rot, R14
000000BC 06851E01                		CMP 04H[R1].L, R14
000000C0 20rr                    		BEQ L29
000000C2                         L27:	; bb2
                                 ;      84   {
                                 ;      85     u8g_dev_rot.dev_mem = u8g->dev;
                                 		.LINE  "C:\Workspace\e2studio\git\MT01_master\src\Display\u8g_rot.c",85
000000C2 EC01                    		MOV.L [R0], R1
000000C4 FBE2rrrrrrrr            		MOV.L #_u8g_dev_rot, R14
000000CA E51E0101                		MOV.L 04H[R1], 04H[R14]
000000CE                         L28:	; bb2.split
                                 ;      86     u8g->dev = &u8g_dev_rot;
                                 		.LINE  "C:\Workspace\e2studio\git\MT01_master\src\Display\u8g_rot.c",86
000000CE EC01                    		MOV.L [R0], R1
000000D0 FB22rrrrrrrr            		MOV.L #_u8g_dev_rot, R2
000000D6 A01A                    		MOV.L R2, 04H[R1]
000000D8                         L29:	; bb13
                                 ;      87   }
                                 ;      88   u8g_dev_rot.dev_fn = u8g_dev_rot270_fn;
                                 		.LINE  "C:\Workspace\e2studio\git\MT01_master\src\Display\u8g_rot.c",88
000000D8 FBE2rrrrrrrr            		MOV.L #_u8g_dev_rot, R14
000000DE FBF2rrrrrrrr            		MOV.L #_u8g_dev_rot270_fn, R15
000000E4 E3EF                    		MOV.L R15, [R14]
000000E6                         L30:	; bb13.split
                                 ;      89   u8g_UpdateDimension(u8g);
                                 		.LINE  "C:\Workspace\e2studio\git\MT01_master\src\Display\u8g_rot.c",89
000000E6 EC01                    		MOV.L [R0], R1
000000E8 05rrrrrr             A  		BSR _u8g_UpdateDimension
000000EC 6701                    		RTSD #04H
000000EE                         _u8g_dev_rot90_fn:
                                 		.STACK	_u8g_dev_rot90_fn=44
                                 ;      90 }
                                 ;      91 
                                 ;      92 uint8_t u8g_dev_rot90_fn(u8g_t *u8g, u8g_dev_t *dev, uint8_t msg, void *arg)
                                 		.LINE  "C:\Workspace\e2studio\git\MT01_master\src\Display\u8g_rot.c",92
000000EE 7EA6                    		PUSH.L R6
000000F0 7100DC                  		ADD #0FFFFFFDCH, R0
000000F3 A201                    		MOV.L R1, 20H[R0]
000000F5 A18A                    		MOV.L R2, 1CH[R0]
000000F7 868B                    		MOV.B R3, 1BH[R0]
000000F9 A10C                    		MOV.L R4, 14H[R0]
                                 ;      93 {
                                 ;      94   u8g_dev_t *rotation_chain = (u8g_dev_t *)(dev->dev_mem);
                                 		.LINE  "C:\Workspace\e2studio\git\MT01_master\src\Display\u8g_rot.c",94
000000FB A989                    		MOV.L 1CH[R0], R1
000000FD E5100101                		MOV.L 04H[R1], 04H[R0]
00000101                         L32:	; entry.split
                                 ;      95   switch(msg)
                                 		.LINE  "C:\Workspace\e2studio\git\MT01_master\src\Display\u8g_rot.c",95
00000101 B689                    		MOVU.B 1BH[R0], R1
00000103 755117                  		CMP #17H, R1
00000106 20rr                    		BEQ L40
00000108                         L33:	; entry.split
00000108 75512C                  		CMP #2CH, R1
0000010B 3Arrrr               W  		BEQ L48
0000010E                         L34:	; entry.split
0000010E 75512D                  		CMP #2DH, R1
00000111 3Arrrr               W  		BEQ L55
00000114                         L35:	; entry.split
00000114 755132                  		CMP #32H, R1
00000117 20rr                    		BEQ L48
00000119                         L36:	; entry.split
00000119 75513B                  		CMP #3BH, R1
0000011C 3Arrrr               W  		BEQ L55
0000011F                         L37:	; entry.split
0000011F 755146                  		CMP #46H, R1
00000122 20rr                    		BEQ L46
00000124                         L38:	; entry.split
00000124 755147                  		CMP #47H, R1
00000127 20rr                    		BEQ L47
00000129                         L39:	; bb
                                 ;      96   {
                                 ;      97     default:
                                 ;      98     /*
                                 ;      99     case U8G_DEV_MSG_INIT:
                                 ;     100     case U8G_DEV_MSG_STOP:
                                 ;     101     case U8G_DEV_MSG_PAGE_FIRST:
                                 ;     102     case U8G_DEV_MSG_PAGE_NEXT:
                                 ;     103     case U8G_DEV_MSG_SET_COLOR_ENTRY:
                                 ;     104     case U8G_DEV_MSG_SET_XY_CB:
                                 ;     105     */
                                 ;     106       return u8g_call_dev_fn(u8g, rotation_chain, msg, arg);
                                 		.LINE  "C:\Workspace\e2studio\git\MT01_master\src\Display\u8g_rot.c",106
00000129 A90C                    		MOV.L 14H[R0], R4
0000012B B68B                    		MOVU.B 1BH[R0], R3
0000012D A80A                    		MOV.L 04H[R0], R2
0000012F AA01                    		MOV.L 20H[R0], R1
00000131 05rrrrrr             A  		BSR _u8g_call_dev_fn
00000135 8089                    		MOV.B R1, 03H[R0]
00000137 38rrrr               W  		BRA L65
0000013A                         L40:	; bb25
                                 ;     107 #ifdef U8G_DEV_MSG_IS_BBX_INTERSECTION
                                 ;     108     case U8G_DEV_MSG_IS_BBX_INTERSECTION:
                                 ;     109       {
                                 ;     110         u8g_dev_arg_bbx_t *bbx = (u8g_dev_arg_bbx_t *)arg;
                                 ;     111         u8g_uint_t x, y, tmp;
                                 ;     112         
                                 ;     113         /* transform the reference point */
                                 ;     114         y = bbx->x;
                                 ;     115         x = u8g->height;
                                 ;     116         /* x = u8g_GetWidthLL(u8g, rotation_chain); */
                                 ;     117         x -= bbx->y; 
                                 ;     118         x--;
                                 ;     119         
                                 ;     120         /* adjust point to be the uppler left corner again */
                                 ;     121         x -= bbx->h;
                                 ;     122         x++;
                                 ;     123         
                                 ;     124         /* swap box dimensions */        
                                 ;     125         tmp = bbx->w;
                                 ;     126         bbx->w = bbx->h;
                                 ;     127         bbx->h = tmp;
                                 ;     128         
                                 ;     129         /* store x,y */
                                 ;     130         bbx->x = x;
                                 ;     131         bbx->y = y;
                                 ;     132       }
                                 ;     133       return u8g_call_dev_fn(u8g, rotation_chain, msg, arg);
                                 ;     134 #endif /* U8G_DEV_MSG_IS_BBX_INTERSECTION */
                                 ;     135     case U8G_DEV_MSG_GET_PAGE_BOX:
                                 ;     136       /* get page size from next device in the chain */
                                 ;     137       u8g_call_dev_fn(u8g, rotation_chain, msg, arg);
                                 		.LINE  "C:\Workspace\e2studio\git\MT01_master\src\Display\u8g_rot.c",137
0000013A A90C                    		MOV.L 14H[R0], R4
0000013C B68B                    		MOVU.B 1BH[R0], R3
0000013E A80A                    		MOV.L 04H[R0], R2
00000140 AA01                    		MOV.L 20H[R0], R1
00000142 05rrrrrr             A  		BSR _u8g_call_dev_fn
00000146                         L41:	; bb25.split
                                 ;     138       //printf("pre x: %3d..%3d y: %3d..%3d   ", ((u8g_box_t *)arg)->x0, ((u8g_box_t *)arg)->x1, ((u8g_box_t *)arg)->y0, ((u8g_box_t *)arg)->y1);
                                 ;     139       {
                                 ;     140 	u8g_box_t new_box;
                                 ;     141 	//new_box.x0 = u8g_GetHeightLL(u8g,rotation_chain) - ((u8g_box_t *)arg)->y1 - 1;
                                 ;     142 	//new_box.x1 = u8g_GetHeightLL(u8g,rotation_chain) - ((u8g_box_t *)arg)->y0 - 1;
                                 ;     143 	
                                 ;     144 	new_box.x0 = ((u8g_box_t *)arg)->y0;
                                 		.LINE  "C:\Workspace\e2studio\git\MT01_master\src\Display\u8g_rot.c",144
00000146 A909                    		MOV.L 14H[R0], R1
00000148 C510010B                		MOV.B 01H[R1], 0BH[R0]
0000014C                         L42:	; bb25.split1
                                 ;     145 	new_box.x1 = ((u8g_box_t *)arg)->y1;
                                 		.LINE  "C:\Workspace\e2studio\git\MT01_master\src\Display\u8g_rot.c",145
0000014C A909                    		MOV.L 14H[R0], R1
0000014E C510030D                		MOV.B 03H[R1], 0DH[R0]
00000152                         L43:	; bb25.split2
                                 ;     146 	new_box.y0 = ((u8g_box_t *)arg)->x0;
                                 		.LINE  "C:\Workspace\e2studio\git\MT01_master\src\Display\u8g_rot.c",146
00000152 A909                    		MOV.L 14H[R0], R1
00000154 C4100C                  		MOV.B [R1], 0CH[R0]
00000157                         L44:	; bb25.split3
                                 ;     147 	new_box.y1 = ((u8g_box_t *)arg)->x1;
                                 		.LINE  "C:\Workspace\e2studio\git\MT01_master\src\Display\u8g_rot.c",147
00000157 A909                    		MOV.L 14H[R0], R1
00000159 C510020E                		MOV.B 02H[R1], 0EH[R0]
0000015D                         L45:	; bb25.split4
                                 ;     148 	*((u8g_box_t *)arg) = new_box;
                                 		.LINE  "C:\Workspace\e2studio\git\MT01_master\src\Display\u8g_rot.c",148
0000015D A909                    		MOV.L 14H[R0], R1
0000015F C1010B                  		MOV.B 0BH[R0], [R1]
00000162 C5010C01                		MOV.B 0CH[R0], 01H[R1]
00000166 C5010D02                		MOV.B 0DH[R0], 02H[R1]
0000016A C5010E03                		MOV.B 0EH[R0], 03H[R1]
0000016E 38rrrr               W  		BRA L64
00000171                         L46:	; bb65
                                 ;     149 	//printf("post x: %3d..%3d y: %3d..%3d\n", ((u8g_box_t *)arg)->x0, ((u8g_box_t *)arg)->x1, ((u8g_box_t *)arg)->y0, ((u8g_box_t *)arg)->y1);
                                 ;     150       }
                                 ;     151       break;
                                 ;     152     case U8G_DEV_MSG_GET_WIDTH:
                                 ;     153       *((u8g_uint_t *)arg) = u8g_GetHeightLL(u8g,rotation_chain);
                                 		.LINE  "C:\Workspace\e2studio\git\MT01_master\src\Display\u8g_rot.c",153
00000171 A80A                    		MOV.L 04H[R0], R2
00000173 AA01                    		MOV.L 20H[R0], R1
00000175 A90E                    		MOV.L 14H[R0], R6
00000177 05rrrrrr             A  		BSR _u8g_GetHeightLL
0000017B C361                    		MOV.B R1, [R6]
0000017D 38rrrr               W  		BRA L64
00000180                         L47:	; bb70
                                 ;     154       break;
                                 ;     155     case U8G_DEV_MSG_GET_HEIGHT:
                                 ;     156       *((u8g_uint_t *)arg) = u8g_GetWidthLL(u8g, rotation_chain);
                                 		.LINE  "C:\Workspace\e2studio\git\MT01_master\src\Display\u8g_rot.c",156
00000180 A80A                    		MOV.L 04H[R0], R2
00000182 AA01                    		MOV.L 20H[R0], R1
00000184 A90E                    		MOV.L 14H[R0], R6
00000186 05rrrrrr             A  		BSR _u8g_GetWidthLL
0000018A C361                    		MOV.B R1, [R6]
0000018C 38rrrr               W  		BRA L64
0000018F                         L48:	; bb75
                                 ;     157       break;
                                 ;     158     case U8G_DEV_MSG_SET_PIXEL:
                                 ;     159     case U8G_DEV_MSG_SET_TPIXEL:
                                 ;     160       {
                                 ;     161         u8g_uint_t x, y;
                                 ;     162         y = ((u8g_dev_arg_pixel_t *)arg)->x;
                                 		.LINE  "C:\Workspace\e2studio\git\MT01_master\src\Display\u8g_rot.c",162
0000018F A909                    		MOV.L 14H[R0], R1
00000191 C41010                  		MOV.B [R1], 10H[R0]
00000194                         L49:	; bb75.split
                                 ;     163         x = u8g_GetWidthLL(u8g, rotation_chain);
                                 		.LINE  "C:\Workspace\e2studio\git\MT01_master\src\Display\u8g_rot.c",163
00000194 A80A                    		MOV.L 04H[R0], R2
00000196 AA01                    		MOV.L 20H[R0], R1
00000198 05rrrrrr             A  		BSR _u8g_GetWidthLL
0000019C 8389                    		MOV.B R1, 0FH[R0]
0000019E                         L50:	; bb75.split5
                                 ;     164         x -= ((u8g_dev_arg_pixel_t *)arg)->y; 
                                 		.LINE  "C:\Workspace\e2studio\git\MT01_master\src\Display\u8g_rot.c",164
0000019E B389                    		MOVU.B 0FH[R0], R1
000001A0 A90A                    		MOV.L 14H[R0], R2
000001A2 412101                  		SUB 01H[R2].UB, R1
000001A5 8389                    		MOV.B R1, 0FH[R0]
000001A7                         L51:	; bb75.split6
                                 ;     165         x--;
                                 		.LINE  "C:\Workspace\e2studio\git\MT01_master\src\Display\u8g_rot.c",165
000001A7 B389                    		MOVU.B 0FH[R0], R1
000001A9 6011                    		SUB #01H, R1
000001AB 8389                    		MOV.B R1, 0FH[R0]
000001AD                         L52:	; bb75.split7
                                 ;     166         ((u8g_dev_arg_pixel_t *)arg)->x = x;
                                 		.LINE  "C:\Workspace\e2studio\git\MT01_master\src\Display\u8g_rot.c",166
000001AD B389                    		MOVU.B 0FH[R0], R1
000001AF A90A                    		MOV.L 14H[R0], R2
000001B1 C321                    		MOV.B R1, [R2]
000001B3                         L53:	; bb75.split8
                                 ;     167         ((u8g_dev_arg_pixel_t *)arg)->y = y;
                                 		.LINE  "C:\Workspace\e2studio\git\MT01_master\src\Display\u8g_rot.c",167
000001B3 B401                    		MOVU.B 10H[R0], R1
000001B5 A90A                    		MOV.L 14H[R0], R2
000001B7 8029                    		MOV.B R1, 01H[R2]
000001B9                         L54:	; bb75.split9
                                 ;     168       }
                                 ;     169       u8g_call_dev_fn(u8g, rotation_chain, msg, arg);
                                 		.LINE  "C:\Workspace\e2studio\git\MT01_master\src\Display\u8g_rot.c",169
000001B9 A90C                    		MOV.L 14H[R0], R4
000001BB B68B                    		MOVU.B 1BH[R0], R3
000001BD A80A                    		MOV.L 04H[R0], R2
000001BF AA01                    		MOV.L 20H[R0], R1
000001C1 05rrrrrr             A  		BSR _u8g_call_dev_fn
000001C5 2Err                 B  		BRA L64
000001C7                         L55:	; bb107
                                 ;     170       break;
                                 ;     171     case U8G_DEV_MSG_SET_8PIXEL:
                                 ;     172     case U8G_DEV_MSG_SET_4TPIXEL:
                                 ;     173       {
                                 ;     174         u8g_uint_t x, y;
                                 ;     175 	//uint16_t x,y;
                                 ;     176         y = ((u8g_dev_arg_pixel_t *)arg)->x;
                                 		.LINE  "C:\Workspace\e2studio\git\MT01_master\src\Display\u8g_rot.c",176
000001C7 A909                    		MOV.L 14H[R0], R1
000001C9 C41012                  		MOV.B [R1], 12H[R0]
000001CC                         L56:	; bb107.split
                                 ;     177         x = u8g_GetWidthLL(u8g, rotation_chain);
                                 		.LINE  "C:\Workspace\e2studio\git\MT01_master\src\Display\u8g_rot.c",177
000001CC A80A                    		MOV.L 04H[R0], R2
000001CE AA01                    		MOV.L 20H[R0], R1
000001D0 05rrrrrr             A  		BSR _u8g_GetWidthLL
000001D4 8409                    		MOV.B R1, 11H[R0]
000001D6                         L57:	; bb107.split10
                                 ;     178         x -= ((u8g_dev_arg_pixel_t *)arg)->y; 
                                 		.LINE  "C:\Workspace\e2studio\git\MT01_master\src\Display\u8g_rot.c",178
000001D6 B409                    		MOVU.B 11H[R0], R1
000001D8 A90A                    		MOV.L 14H[R0], R2
000001DA 412101                  		SUB 01H[R2].UB, R1
000001DD 8409                    		MOV.B R1, 11H[R0]
000001DF                         L58:	; bb107.split11
                                 ;     179         x--;
                                 		.LINE  "C:\Workspace\e2studio\git\MT01_master\src\Display\u8g_rot.c",179
000001DF B409                    		MOVU.B 11H[R0], R1
000001E1 6011                    		SUB #01H, R1
000001E3 8409                    		MOV.B R1, 11H[R0]
000001E5                         L59:	; bb107.split12
                                 ;     180         ((u8g_dev_arg_pixel_t *)arg)->x = x;
                                 		.LINE  "C:\Workspace\e2studio\git\MT01_master\src\Display\u8g_rot.c",180
000001E5 B409                    		MOVU.B 11H[R0], R1
000001E7 A90A                    		MOV.L 14H[R0], R2
000001E9 C321                    		MOV.B R1, [R2]
000001EB                         L60:	; bb107.split13
                                 ;     181         ((u8g_dev_arg_pixel_t *)arg)->y = y;
                                 		.LINE  "C:\Workspace\e2studio\git\MT01_master\src\Display\u8g_rot.c",181
000001EB B481                    		MOVU.B 12H[R0], R1
000001ED A90A                    		MOV.L 14H[R0], R2
000001EF 8029                    		MOV.B R1, 01H[R2]
000001F1                         L61:	; bb107.split14
                                 ;     182         ((u8g_dev_arg_pixel_t *)arg)->dir+=1;
                                 		.LINE  "C:\Workspace\e2studio\git\MT01_master\src\Display\u8g_rot.c",182
000001F1 A909                    		MOV.L 14H[R0], R1
000001F3 B09A                    		MOVU.B 03H[R1], R2
000001F5 6212                    		ADD #01H, R2
000001F7 809A                    		MOV.B R2, 03H[R1]
000001F9                         L62:	; bb107.split15
                                 ;     183         ((u8g_dev_arg_pixel_t *)arg)->dir &= 3;
                                 		.LINE  "C:\Workspace\e2studio\git\MT01_master\src\Display\u8g_rot.c",183
000001F9 A909                    		MOV.L 14H[R0], R1
000001FB B09A                    		MOVU.B 03H[R1], R2
000001FD 6432                    		AND #03H, R2
000001FF 809A                    		MOV.B R2, 03H[R1]
00000201                         L63:	; bb107.split16
                                 ;     184       }
                                 ;     185       u8g_call_dev_fn(u8g, rotation_chain, msg, arg);
                                 		.LINE  "C:\Workspace\e2studio\git\MT01_master\src\Display\u8g_rot.c",185
00000201 A90C                    		MOV.L 14H[R0], R4
00000203 B68B                    		MOVU.B 1BH[R0], R3
00000205 A80A                    		MOV.L 04H[R0], R2
00000207 AA01                    		MOV.L 20H[R0], R1
00000209 05rrrrrr             A  		BSR _u8g_call_dev_fn
0000020D                         L64:	; bb153
                                 ;     186       break;
                                 ;     187   }
                                 ;     188   return 1;
                                 		.LINE  "C:\Workspace\e2studio\git\MT01_master\src\Display\u8g_rot.c",188
0000020D 3C0301                  		MOV.B #01H, 03H[R0]
00000210                         L65:	; bb155
00000210 C5000313                		MOV.B 03H[R0], 13H[R0]
                                 ;     189 }
                                 		.LINE  "C:\Workspace\e2studio\git\MT01_master\src\Display\u8g_rot.c",189
00000214 B489                    		MOVU.B 13H[R0], R1
00000216 3F660A                  		RTSD #28H, R6-R6
00000219                         _u8g_dev_rot180_fn:
                                 		.STACK	_u8g_dev_rot180_fn=44
                                 ;     190 
                                 ;     191 uint8_t u8g_dev_rot180_fn(u8g_t *u8g, u8g_dev_t *dev, uint8_t msg, void *arg)
                                 		.LINE  "C:\Workspace\e2studio\git\MT01_master\src\Display\u8g_rot.c",191
00000219 7EA6                    		PUSH.L R6
0000021B 7100DC                  		ADD #0FFFFFFDCH, R0
0000021E A201                    		MOV.L R1, 20H[R0]
00000220 A18A                    		MOV.L R2, 1CH[R0]
00000222 868B                    		MOV.B R3, 1BH[R0]
00000224 A10C                    		MOV.L R4, 14H[R0]
                                 ;     192 {
                                 ;     193   u8g_dev_t *rotation_chain = (u8g_dev_t *)(dev->dev_mem);
                                 		.LINE  "C:\Workspace\e2studio\git\MT01_master\src\Display\u8g_rot.c",193
00000226 A989                    		MOV.L 1CH[R0], R1
00000228 E5100101                		MOV.L 04H[R1], 04H[R0]
0000022C                         L67:	; entry.split
                                 ;     194   switch(msg)
                                 		.LINE  "C:\Workspace\e2studio\git\MT01_master\src\Display\u8g_rot.c",194
0000022C B689                    		MOVU.B 1BH[R0], R1
0000022E 755117                  		CMP #17H, R1
00000231 20rr                    		BEQ L75
00000233                         L68:	; entry.split
00000233 75512C                  		CMP #2CH, R1
00000236 3Arrrr               W  		BEQ L83
00000239                         L69:	; entry.split
00000239 75512D                  		CMP #2DH, R1
0000023C 3Arrrr               W  		BEQ L92
0000023F                         L70:	; entry.split
0000023F 755132                  		CMP #32H, R1
00000242 3Arrrr               W  		BEQ L83
00000245                         L71:	; entry.split
00000245 75513B                  		CMP #3BH, R1
00000248 3Arrrr               W  		BEQ L92
0000024B                         L72:	; entry.split
0000024B 755146                  		CMP #46H, R1
0000024E 20rr                    		BEQ L81
00000250                         L73:	; entry.split
00000250 755147                  		CMP #47H, R1
00000253 3Arrrr               W  		BEQ L82
00000256                         L74:	; bb
                                 ;     195   {
                                 ;     196     default:
                                 ;     197     /*
                                 ;     198     case U8G_DEV_MSG_INIT:
                                 ;     199     case U8G_DEV_MSG_STOP:
                                 ;     200     case U8G_DEV_MSG_PAGE_FIRST:
                                 ;     201     case U8G_DEV_MSG_PAGE_NEXT:
                                 ;     202     case U8G_DEV_MSG_SET_COLOR_ENTRY:
                                 ;     203     case U8G_DEV_MSG_SET_XY_CB:
                                 ;     204     */
                                 ;     205       return u8g_call_dev_fn(u8g, rotation_chain, msg, arg);
                                 		.LINE  "C:\Workspace\e2studio\git\MT01_master\src\Display\u8g_rot.c",205
00000256 A90C                    		MOV.L 14H[R0], R4
00000258 B68B                    		MOVU.B 1BH[R0], R3
0000025A A80A                    		MOV.L 04H[R0], R2
0000025C AA01                    		MOV.L 20H[R0], R1
0000025E 05rrrrrr             A  		BSR _u8g_call_dev_fn
00000262 8089                    		MOV.B R1, 03H[R0]
00000264 38rrrr               W  		BRA L104
00000267                         L75:	; bb25
                                 ;     206 #ifdef U8G_DEV_MSG_IS_BBX_INTERSECTION
                                 ;     207     case U8G_DEV_MSG_IS_BBX_INTERSECTION:
                                 ;     208       {
                                 ;     209         u8g_dev_arg_bbx_t *bbx = (u8g_dev_arg_bbx_t *)arg;
                                 ;     210         u8g_uint_t x, y;
                                 ;     211         
                                 ;     212         /* transform the reference point */
                                 ;     213         //y = u8g_GetHeightLL(u8g, rotation_chain);
                                 ;     214         y = u8g->height;
                                 ;     215         y -= bbx->y; 
                                 ;     216         y--;
                                 ;     217         
                                 ;     218         //x = u8g_GetWidthLL(u8g, rotation_chain);
                                 ;     219         x = u8g->width;
                                 ;     220         x -= bbx->x; 
                                 ;     221         x--;
                                 ;     222         
                                 ;     223         /* adjust point to be the uppler left corner again */
                                 ;     224         y -= bbx->h;
                                 ;     225         y++;
                                 ;     226         
                                 ;     227         x -= bbx->w;
                                 ;     228         x++;
                                 ;     229                 
                                 ;     230         /* store x,y */
                                 ;     231         bbx->x = x;
                                 ;     232         bbx->y = y;
                                 ;     233       }
                                 ;     234       return u8g_call_dev_fn(u8g, rotation_chain, msg, arg);
                                 ;     235 #endif /* U8G_DEV_MSG_IS_BBX_INTERSECTION */
                                 ;     236     case U8G_DEV_MSG_GET_PAGE_BOX:
                                 ;     237       /* get page size from next device in the chain */
                                 ;     238       u8g_call_dev_fn(u8g, rotation_chain, msg, arg);
                                 		.LINE  "C:\Workspace\e2studio\git\MT01_master\src\Display\u8g_rot.c",238
00000267 A90C                    		MOV.L 14H[R0], R4
00000269 B68B                    		MOVU.B 1BH[R0], R3
0000026B A80A                    		MOV.L 04H[R0], R2
0000026D AA01                    		MOV.L 20H[R0], R1
0000026F 05rrrrrr             A  		BSR _u8g_call_dev_fn
00000273                         L76:	; bb25.split
                                 ;     239       //printf("pre x: %3d..%3d y: %3d..%3d   ", ((u8g_box_t *)arg)->x0, ((u8g_box_t *)arg)->x1, ((u8g_box_t *)arg)->y0, ((u8g_box_t *)arg)->y1);
                                 ;     240       {
                                 ;     241 	u8g_box_t new_box;
                                 ;     242 	
                                 ;     243 	new_box.x0 = u8g_GetWidthLL(u8g,rotation_chain) - ((u8g_box_t *)arg)->x1 - 1;
                                 		.LINE  "C:\Workspace\e2studio\git\MT01_master\src\Display\u8g_rot.c",243
00000273 A80A                    		MOV.L 04H[R0], R2
00000275 AA01                    		MOV.L 20H[R0], R1
00000277 05rrrrrr             A  		BSR _u8g_GetWidthLL
0000027B A90A                    		MOV.L 14H[R0], R2
0000027D 412102                  		SUB 02H[R2].UB, R1
00000280 6011                    		SUB #01H, R1
00000282 8289                    		MOV.B R1, 0BH[R0]
00000284                         L77:	; bb25.split1
                                 ;     244 	new_box.x1 = u8g_GetWidthLL(u8g,rotation_chain) - ((u8g_box_t *)arg)->x0 - 1;
                                 		.LINE  "C:\Workspace\e2studio\git\MT01_master\src\Display\u8g_rot.c",244
00000284 A80A                    		MOV.L 04H[R0], R2
00000286 AA01                    		MOV.L 20H[R0], R1
00000288 05rrrrrr             A  		BSR _u8g_GetWidthLL
0000028C A90A                    		MOV.L 14H[R0], R2
0000028E 4021                    		SUB [R2].UB, R1
00000290 6011                    		SUB #01H, R1
00000292 8309                    		MOV.B R1, 0DH[R0]
00000294                         L78:	; bb25.split2
                                 ;     245 	new_box.y0 = u8g_GetHeightLL(u8g,rotation_chain) - ((u8g_box_t *)arg)->y1 - 1;
                                 		.LINE  "C:\Workspace\e2studio\git\MT01_master\src\Display\u8g_rot.c",245
00000294 A80A                    		MOV.L 04H[R0], R2
00000296 AA01                    		MOV.L 20H[R0], R1
00000298 05rrrrrr             A  		BSR _u8g_GetHeightLL
0000029C A90A                    		MOV.L 14H[R0], R2
0000029E 412103                  		SUB 03H[R2].UB, R1
000002A1 6011                    		SUB #01H, R1
000002A3 8301                    		MOV.B R1, 0CH[R0]
000002A5                         L79:	; bb25.split3
                                 ;     246 	new_box.y1 = u8g_GetHeightLL(u8g,rotation_chain) - ((u8g_box_t *)arg)->y0 - 1;
                                 		.LINE  "C:\Workspace\e2studio\git\MT01_master\src\Display\u8g_rot.c",246
000002A5 A80A                    		MOV.L 04H[R0], R2
000002A7 AA01                    		MOV.L 20H[R0], R1
000002A9 05rrrrrr             A  		BSR _u8g_GetHeightLL
000002AD A90A                    		MOV.L 14H[R0], R2
000002AF 412101                  		SUB 01H[R2].UB, R1
000002B2 6011                    		SUB #01H, R1
000002B4 8381                    		MOV.B R1, 0EH[R0]
000002B6                         L80:	; bb25.split4
                                 ;     247 	*((u8g_box_t *)arg) = new_box;
                                 		.LINE  "C:\Workspace\e2studio\git\MT01_master\src\Display\u8g_rot.c",247
000002B6 A909                    		MOV.L 14H[R0], R1
000002B8 C1010B                  		MOV.B 0BH[R0], [R1]
000002BB C5010C01                		MOV.B 0CH[R0], 01H[R1]
000002BF C5010D02                		MOV.B 0DH[R0], 02H[R1]
000002C3 C5010E03                		MOV.B 0EH[R0], 03H[R1]
000002C7 38rrrr               W  		BRA L103
000002CA                         L81:	; bb97
                                 ;     248 	//printf("post x: %3d..%3d y: %3d..%3d\n", ((u8g_box_t *)arg)->x0, ((u8g_box_t *)arg)->x1, ((u8g_box_t *)arg)->y0, ((u8g_box_t *)arg)->y1);
                                 ;     249       }
                                 ;     250       break;
                                 ;     251     case U8G_DEV_MSG_GET_WIDTH:
                                 ;     252       *((u8g_uint_t *)arg) = u8g_GetWidthLL(u8g,rotation_chain);
                                 		.LINE  "C:\Workspace\e2studio\git\MT01_master\src\Display\u8g_rot.c",252
000002CA A80A                    		MOV.L 04H[R0], R2
000002CC AA01                    		MOV.L 20H[R0], R1
000002CE A90E                    		MOV.L 14H[R0], R6
000002D0 05rrrrrr             A  		BSR _u8g_GetWidthLL
000002D4 C361                    		MOV.B R1, [R6]
000002D6 38rrrr               W  		BRA L103
000002D9                         L82:	; bb102
                                 ;     253       break;
                                 ;     254     case U8G_DEV_MSG_GET_HEIGHT:
                                 ;     255       *((u8g_uint_t *)arg) = u8g_GetHeightLL(u8g, rotation_chain);
                                 		.LINE  "C:\Workspace\e2studio\git\MT01_master\src\Display\u8g_rot.c",255
000002D9 A80A                    		MOV.L 04H[R0], R2
000002DB AA01                    		MOV.L 20H[R0], R1
000002DD A90E                    		MOV.L 14H[R0], R6
000002DF 05rrrrrr             A  		BSR _u8g_GetHeightLL
000002E3 C361                    		MOV.B R1, [R6]
000002E5 38rrrr               W  		BRA L103
000002E8                         L83:	; bb107
                                 ;     256       break;
                                 ;     257     case U8G_DEV_MSG_SET_PIXEL:
                                 ;     258     case U8G_DEV_MSG_SET_TPIXEL:
                                 ;     259       {
                                 ;     260         u8g_uint_t x, y;
                                 ;     261 
                                 ;     262         y = u8g_GetHeightLL(u8g, rotation_chain);
                                 		.LINE  "C:\Workspace\e2studio\git\MT01_master\src\Display\u8g_rot.c",262
000002E8 A80A                    		MOV.L 04H[R0], R2
000002EA AA01                    		MOV.L 20H[R0], R1
000002EC 05rrrrrr             A  		BSR _u8g_GetHeightLL
000002F0 8401                    		MOV.B R1, 10H[R0]
000002F2                         L84:	; bb107.split
                                 ;     263         y -= ((u8g_dev_arg_pixel_t *)arg)->y; 
                                 		.LINE  "C:\Workspace\e2studio\git\MT01_master\src\Display\u8g_rot.c",263
000002F2 B401                    		MOVU.B 10H[R0], R1
000002F4 A90A                    		MOV.L 14H[R0], R2
000002F6 412101                  		SUB 01H[R2].UB, R1
000002F9 8401                    		MOV.B R1, 10H[R0]
000002FB                         L85:	; bb107.split5
                                 ;     264         y--;
                                 		.LINE  "C:\Workspace\e2studio\git\MT01_master\src\Display\u8g_rot.c",264
000002FB B401                    		MOVU.B 10H[R0], R1
000002FD 6011                    		SUB #01H, R1
000002FF 8401                    		MOV.B R1, 10H[R0]
00000301                         L86:	; bb107.split6
                                 ;     265         
                                 ;     266         x = u8g_GetWidthLL(u8g, rotation_chain);
                                 		.LINE  "C:\Workspace\e2studio\git\MT01_master\src\Display\u8g_rot.c",266
00000301 A80A                    		MOV.L 04H[R0], R2
00000303 AA01                    		MOV.L 20H[R0], R1
00000305 05rrrrrr             A  		BSR _u8g_GetWidthLL
00000309 8389                    		MOV.B R1, 0FH[R0]
0000030B                         L87:	; bb107.split7
                                 ;     267         x -= ((u8g_dev_arg_pixel_t *)arg)->x; 
                                 		.LINE  "C:\Workspace\e2studio\git\MT01_master\src\Display\u8g_rot.c",267
0000030B B389                    		MOVU.B 0FH[R0], R1
0000030D A90A                    		MOV.L 14H[R0], R2
0000030F 4021                    		SUB [R2].UB, R1
00000311 8389                    		MOV.B R1, 0FH[R0]
00000313                         L88:	; bb107.split8
                                 ;     268         x--;
                                 		.LINE  "C:\Workspace\e2studio\git\MT01_master\src\Display\u8g_rot.c",268
00000313 B389                    		MOVU.B 0FH[R0], R1
00000315 6011                    		SUB #01H, R1
00000317 8389                    		MOV.B R1, 0FH[R0]
00000319                         L89:	; bb107.split9
                                 ;     269         
                                 ;     270         ((u8g_dev_arg_pixel_t *)arg)->x = x;
                                 		.LINE  "C:\Workspace\e2studio\git\MT01_master\src\Display\u8g_rot.c",270
00000319 B389                    		MOVU.B 0FH[R0], R1
0000031B A90A                    		MOV.L 14H[R0], R2
0000031D C321                    		MOV.B R1, [R2]
0000031F                         L90:	; bb107.split10
                                 ;     271         ((u8g_dev_arg_pixel_t *)arg)->y = y;
                                 		.LINE  "C:\Workspace\e2studio\git\MT01_master\src\Display\u8g_rot.c",271
0000031F B401                    		MOVU.B 10H[R0], R1
00000321 A90A                    		MOV.L 14H[R0], R2
00000323 8029                    		MOV.B R1, 01H[R2]
00000325                         L91:	; bb107.split11
                                 ;     272       }
                                 ;     273       u8g_call_dev_fn(u8g, rotation_chain, msg, arg);
                                 		.LINE  "C:\Workspace\e2studio\git\MT01_master\src\Display\u8g_rot.c",273
00000325 A90C                    		MOV.L 14H[R0], R4
00000327 B68B                    		MOVU.B 1BH[R0], R3
00000329 A80A                    		MOV.L 04H[R0], R2
0000032B AA01                    		MOV.L 20H[R0], R1
0000032D 05rrrrrr             A  		BSR _u8g_call_dev_fn
00000331 2Err                 B  		BRA L103
00000333                         L92:	; bb149
                                 ;     274       break;
                                 ;     275     case U8G_DEV_MSG_SET_8PIXEL:
                                 ;     276     case U8G_DEV_MSG_SET_4TPIXEL:
                                 ;     277       {
                                 ;     278         u8g_uint_t x, y;
                                 ;     279         
                                 ;     280         y = u8g_GetHeightLL(u8g, rotation_chain);
                                 		.LINE  "C:\Workspace\e2studio\git\MT01_master\src\Display\u8g_rot.c",280
00000333 A80A                    		MOV.L 04H[R0], R2
00000335 AA01                    		MOV.L 20H[R0], R1
00000337 05rrrrrr             A  		BSR _u8g_GetHeightLL
0000033B 8481                    		MOV.B R1, 12H[R0]
0000033D                         L93:	; bb149.split
                                 ;     281         y -= ((u8g_dev_arg_pixel_t *)arg)->y; 
                                 		.LINE  "C:\Workspace\e2studio\git\MT01_master\src\Display\u8g_rot.c",281
0000033D B481                    		MOVU.B 12H[R0], R1
0000033F A90A                    		MOV.L 14H[R0], R2
00000341 412101                  		SUB 01H[R2].UB, R1
00000344 8481                    		MOV.B R1, 12H[R0]
00000346                         L94:	; bb149.split12
                                 ;     282         y--;
                                 		.LINE  "C:\Workspace\e2studio\git\MT01_master\src\Display\u8g_rot.c",282
00000346 B481                    		MOVU.B 12H[R0], R1
00000348 6011                    		SUB #01H, R1
0000034A 8481                    		MOV.B R1, 12H[R0]
0000034C                         L95:	; bb149.split13
                                 ;     283         
                                 ;     284         x = u8g_GetWidthLL(u8g, rotation_chain);
                                 		.LINE  "C:\Workspace\e2studio\git\MT01_master\src\Display\u8g_rot.c",284
0000034C A80A                    		MOV.L 04H[R0], R2
0000034E AA01                    		MOV.L 20H[R0], R1
00000350 05rrrrrr             A  		BSR _u8g_GetWidthLL
00000354 8409                    		MOV.B R1, 11H[R0]
00000356                         L96:	; bb149.split14
                                 ;     285         x -= ((u8g_dev_arg_pixel_t *)arg)->x; 
                                 		.LINE  "C:\Workspace\e2studio\git\MT01_master\src\Display\u8g_rot.c",285
00000356 B409                    		MOVU.B 11H[R0], R1
00000358 A90A                    		MOV.L 14H[R0], R2
0000035A 4021                    		SUB [R2].UB, R1
0000035C 8409                    		MOV.B R1, 11H[R0]
0000035E                         L97:	; bb149.split15
                                 ;     286         x--;
                                 		.LINE  "C:\Workspace\e2studio\git\MT01_master\src\Display\u8g_rot.c",286
0000035E B409                    		MOVU.B 11H[R0], R1
00000360 6011                    		SUB #01H, R1
00000362 8409                    		MOV.B R1, 11H[R0]
00000364                         L98:	; bb149.split16
                                 ;     287         
                                 ;     288         ((u8g_dev_arg_pixel_t *)arg)->x = x;
                                 		.LINE  "C:\Workspace\e2studio\git\MT01_master\src\Display\u8g_rot.c",288
00000364 B409                    		MOVU.B 11H[R0], R1
00000366 A90A                    		MOV.L 14H[R0], R2
00000368 C321                    		MOV.B R1, [R2]
0000036A                         L99:	; bb149.split17
                                 ;     289         ((u8g_dev_arg_pixel_t *)arg)->y = y;
                                 		.LINE  "C:\Workspace\e2studio\git\MT01_master\src\Display\u8g_rot.c",289
0000036A B481                    		MOVU.B 12H[R0], R1
0000036C A90A                    		MOV.L 14H[R0], R2
0000036E 8029                    		MOV.B R1, 01H[R2]
00000370                         L100:	; bb149.split18
                                 ;     290         ((u8g_dev_arg_pixel_t *)arg)->dir+=2;
                                 		.LINE  "C:\Workspace\e2studio\git\MT01_master\src\Display\u8g_rot.c",290
00000370 A909                    		MOV.L 14H[R0], R1
00000372 B09A                    		MOVU.B 03H[R1], R2
00000374 6222                    		ADD #02H, R2
00000376 809A                    		MOV.B R2, 03H[R1]
00000378                         L101:	; bb149.split19
                                 ;     291         ((u8g_dev_arg_pixel_t *)arg)->dir &= 3;
                                 		.LINE  "C:\Workspace\e2studio\git\MT01_master\src\Display\u8g_rot.c",291
00000378 A909                    		MOV.L 14H[R0], R1
0000037A B09A                    		MOVU.B 03H[R1], R2
0000037C 6432                    		AND #03H, R2
0000037E 809A                    		MOV.B R2, 03H[R1]
00000380                         L102:	; bb149.split20
                                 ;     292       }
                                 ;     293       u8g_call_dev_fn(u8g, rotation_chain, msg, arg);
                                 		.LINE  "C:\Workspace\e2studio\git\MT01_master\src\Display\u8g_rot.c",293
00000380 A90C                    		MOV.L 14H[R0], R4
00000382 B68B                    		MOVU.B 1BH[R0], R3
00000384 A80A                    		MOV.L 04H[R0], R2
00000386 AA01                    		MOV.L 20H[R0], R1
00000388 05rrrrrr             A  		BSR _u8g_call_dev_fn
0000038C                         L103:	; bb205
                                 ;     294       break;
                                 ;     295   }
                                 ;     296   return 1;
                                 		.LINE  "C:\Workspace\e2studio\git\MT01_master\src\Display\u8g_rot.c",296
0000038C 3C0301                  		MOV.B #01H, 03H[R0]
0000038F                         L104:	; bb207
0000038F C5000313                		MOV.B 03H[R0], 13H[R0]
                                 ;     297 }
                                 		.LINE  "C:\Workspace\e2studio\git\MT01_master\src\Display\u8g_rot.c",297
00000393 B489                    		MOVU.B 13H[R0], R1
00000395 3F660A                  		RTSD #28H, R6-R6
00000398                         _u8g_dev_rot270_fn:
                                 		.STACK	_u8g_dev_rot270_fn=44
                                 ;     298 
                                 ;     299 uint8_t u8g_dev_rot270_fn(u8g_t *u8g, u8g_dev_t *dev, uint8_t msg, void *arg)
                                 		.LINE  "C:\Workspace\e2studio\git\MT01_master\src\Display\u8g_rot.c",299
00000398 7EA6                    		PUSH.L R6
0000039A 7100DC                  		ADD #0FFFFFFDCH, R0
0000039D A201                    		MOV.L R1, 20H[R0]
0000039F A18A                    		MOV.L R2, 1CH[R0]
000003A1 868B                    		MOV.B R3, 1BH[R0]
000003A3 A10C                    		MOV.L R4, 14H[R0]
                                 ;     300 {
                                 ;     301   u8g_dev_t *rotation_chain = (u8g_dev_t *)(dev->dev_mem);
                                 		.LINE  "C:\Workspace\e2studio\git\MT01_master\src\Display\u8g_rot.c",301
000003A5 A989                    		MOV.L 1CH[R0], R1
000003A7 E5100101                		MOV.L 04H[R1], 04H[R0]
000003AB                         L106:	; entry.split
                                 ;     302   switch(msg)
                                 		.LINE  "C:\Workspace\e2studio\git\MT01_master\src\Display\u8g_rot.c",302
000003AB B689                    		MOVU.B 1BH[R0], R1
000003AD 755117                  		CMP #17H, R1
000003B0 20rr                    		BEQ L114
000003B2                         L107:	; entry.split
000003B2 75512C                  		CMP #2CH, R1
000003B5 3Arrrr               W  		BEQ L122
000003B8                         L108:	; entry.split
000003B8 75512D                  		CMP #2DH, R1
000003BB 3Arrrr               W  		BEQ L129
000003BE                         L109:	; entry.split
000003BE 755132                  		CMP #32H, R1
000003C1 3Arrrr               W  		BEQ L122
000003C4                         L110:	; entry.split
000003C4 75513B                  		CMP #3BH, R1
000003C7 3Arrrr               W  		BEQ L129
000003CA                         L111:	; entry.split
000003CA 755146                  		CMP #46H, R1
000003CD 20rr                    		BEQ L120
000003CF                         L112:	; entry.split
000003CF 755147                  		CMP #47H, R1
000003D2 3Arrrr               W  		BEQ L121
000003D5                         L113:	; bb
                                 ;     303   {
                                 ;     304     default:
                                 ;     305     /*
                                 ;     306     case U8G_DEV_MSG_INIT:
                                 ;     307     case U8G_DEV_MSG_STOP:
                                 ;     308     case U8G_DEV_MSG_PAGE_FIRST:
                                 ;     309     case U8G_DEV_MSG_PAGE_NEXT:
                                 ;     310     case U8G_DEV_MSG_SET_COLOR_ENTRY:
                                 ;     311     case U8G_DEV_MSG_SET_XY_CB:
                                 ;     312     */
                                 ;     313       return u8g_call_dev_fn(u8g, rotation_chain, msg, arg);
                                 		.LINE  "C:\Workspace\e2studio\git\MT01_master\src\Display\u8g_rot.c",313
000003D5 A90C                    		MOV.L 14H[R0], R4
000003D7 B68B                    		MOVU.B 1BH[R0], R3
000003D9 A80A                    		MOV.L 04H[R0], R2
000003DB AA01                    		MOV.L 20H[R0], R1
000003DD 05rrrrrr             A  		BSR _u8g_call_dev_fn
000003E1 8089                    		MOV.B R1, 03H[R0]
000003E3 38rrrr               W  		BRA L139
000003E6                         L114:	; bb25
                                 ;     314 #ifdef U8G_DEV_MSG_IS_BBX_INTERSECTION
                                 ;     315     case U8G_DEV_MSG_IS_BBX_INTERSECTION:
                                 ;     316       {
                                 ;     317         u8g_dev_arg_bbx_t *bbx = (u8g_dev_arg_bbx_t *)arg;
                                 ;     318         u8g_uint_t x, y, tmp;
                                 ;     319         
                                 ;     320         /* transform the reference point */
                                 ;     321         x = bbx->y;
                                 ;     322         
                                 ;     323         y = u8g->width;
                                 ;     324         /* y = u8g_GetHeightLL(u8g, rotation_chain); */
                                 ;     325         y -= bbx->x; 
                                 ;     326         y--;
                                 ;     327                 
                                 ;     328         /* adjust point to be the uppler left corner again */
                                 ;     329         y -= bbx->w;
                                 ;     330         y++;
                                 ;     331         
                                 ;     332         /* swap box dimensions */        
                                 ;     333         tmp = bbx->w;
                                 ;     334         bbx->w = bbx->h;
                                 ;     335         bbx->h = tmp;
                                 ;     336         
                                 ;     337         /* store x,y */
                                 ;     338         bbx->x = x;
                                 ;     339         bbx->y = y;
                                 ;     340       }
                                 ;     341       return u8g_call_dev_fn(u8g, rotation_chain, msg, arg);
                                 ;     342 #endif /* U8G_DEV_MSG_IS_BBX_INTERSECTION */
                                 ;     343     case U8G_DEV_MSG_GET_PAGE_BOX:
                                 ;     344       /* get page size from next device in the chain */
                                 ;     345       u8g_call_dev_fn(u8g, rotation_chain, msg, arg);
                                 		.LINE  "C:\Workspace\e2studio\git\MT01_master\src\Display\u8g_rot.c",345
000003E6 A90C                    		MOV.L 14H[R0], R4
000003E8 B68B                    		MOVU.B 1BH[R0], R3
000003EA A80A                    		MOV.L 04H[R0], R2
000003EC AA01                    		MOV.L 20H[R0], R1
000003EE 05rrrrrr             A  		BSR _u8g_call_dev_fn
000003F2                         L115:	; bb25.split
                                 ;     346       //printf("pre x: %3d..%3d y: %3d..%3d   ", ((u8g_box_t *)arg)->x0, ((u8g_box_t *)arg)->x1, ((u8g_box_t *)arg)->y0, ((u8g_box_t *)arg)->y1);
                                 ;     347       {
                                 ;     348 	u8g_box_t new_box;
                                 ;     349 	
                                 ;     350 	new_box.x0 = u8g_GetHeightLL(u8g,rotation_chain) - ((u8g_box_t *)arg)->y1 - 1;
                                 		.LINE  "C:\Workspace\e2studio\git\MT01_master\src\Display\u8g_rot.c",350
000003F2 A80A                    		MOV.L 04H[R0], R2
000003F4 AA01                    		MOV.L 20H[R0], R1
000003F6 05rrrrrr             A  		BSR _u8g_GetHeightLL
000003FA A90A                    		MOV.L 14H[R0], R2
000003FC 412103                  		SUB 03H[R2].UB, R1
000003FF 6011                    		SUB #01H, R1
00000401 8289                    		MOV.B R1, 0BH[R0]
00000403                         L116:	; bb25.split1
                                 ;     351 	new_box.x1 = u8g_GetHeightLL(u8g,rotation_chain) - ((u8g_box_t *)arg)->y0 - 1;
                                 		.LINE  "C:\Workspace\e2studio\git\MT01_master\src\Display\u8g_rot.c",351
00000403 A80A                    		MOV.L 04H[R0], R2
00000405 AA01                    		MOV.L 20H[R0], R1
00000407 05rrrrrr             A  		BSR _u8g_GetHeightLL
0000040B A90A                    		MOV.L 14H[R0], R2
0000040D 412101                  		SUB 01H[R2].UB, R1
00000410 6011                    		SUB #01H, R1
00000412 8309                    		MOV.B R1, 0DH[R0]
00000414                         L117:	; bb25.split2
                                 ;     352 	new_box.y0 = u8g_GetWidthLL(u8g,rotation_chain) - ((u8g_box_t *)arg)->x1 - 1;
                                 		.LINE  "C:\Workspace\e2studio\git\MT01_master\src\Display\u8g_rot.c",352
00000414 A80A                    		MOV.L 04H[R0], R2
00000416 AA01                    		MOV.L 20H[R0], R1
00000418 05rrrrrr             A  		BSR _u8g_GetWidthLL
0000041C A90A                    		MOV.L 14H[R0], R2
0000041E 412102                  		SUB 02H[R2].UB, R1
00000421 6011                    		SUB #01H, R1
00000423 8301                    		MOV.B R1, 0CH[R0]
00000425                         L118:	; bb25.split3
                                 ;     353 	new_box.y1 = u8g_GetWidthLL(u8g,rotation_chain) - ((u8g_box_t *)arg)->x0 - 1;
                                 		.LINE  "C:\Workspace\e2studio\git\MT01_master\src\Display\u8g_rot.c",353
00000425 A80A                    		MOV.L 04H[R0], R2
00000427 AA01                    		MOV.L 20H[R0], R1
00000429 05rrrrrr             A  		BSR _u8g_GetWidthLL
0000042D A90A                    		MOV.L 14H[R0], R2
0000042F 4021                    		SUB [R2].UB, R1
00000431 6011                    		SUB #01H, R1
00000433 8381                    		MOV.B R1, 0EH[R0]
00000435                         L119:	; bb25.split4
                                 ;     354 	*((u8g_box_t *)arg) = new_box;
                                 		.LINE  "C:\Workspace\e2studio\git\MT01_master\src\Display\u8g_rot.c",354
00000435 A909                    		MOV.L 14H[R0], R1
00000437 C1010B                  		MOV.B 0BH[R0], [R1]
0000043A C5010C01                		MOV.B 0CH[R0], 01H[R1]
0000043E C5010D02                		MOV.B 0DH[R0], 02H[R1]
00000442 C5010E03                		MOV.B 0EH[R0], 03H[R1]
00000446 38rrrr               W  		BRA L138
00000449                         L120:	; bb97
                                 ;     355 	//printf("post x: %3d..%3d y: %3d..%3d\n", ((u8g_box_t *)arg)->x0, ((u8g_box_t *)arg)->x1, ((u8g_box_t *)arg)->y0, ((u8g_box_t *)arg)->y1);
                                 ;     356       }
                                 ;     357       break;
                                 ;     358     case U8G_DEV_MSG_GET_WIDTH:
                                 ;     359       *((u8g_uint_t *)arg) = u8g_GetHeightLL(u8g,rotation_chain);
                                 		.LINE  "C:\Workspace\e2studio\git\MT01_master\src\Display\u8g_rot.c",359
00000449 A80A                    		MOV.L 04H[R0], R2
0000044B AA01                    		MOV.L 20H[R0], R1
0000044D A90E                    		MOV.L 14H[R0], R6
0000044F 05rrrrrr             A  		BSR _u8g_GetHeightLL
00000453 C361                    		MOV.B R1, [R6]
00000455 38rrrr               W  		BRA L138
00000458                         L121:	; bb102
                                 ;     360       break;
                                 ;     361     case U8G_DEV_MSG_GET_HEIGHT:
                                 ;     362       *((u8g_uint_t *)arg) = u8g_GetWidthLL(u8g, rotation_chain);
                                 		.LINE  "C:\Workspace\e2studio\git\MT01_master\src\Display\u8g_rot.c",362
00000458 A80A                    		MOV.L 04H[R0], R2
0000045A AA01                    		MOV.L 20H[R0], R1
0000045C A90E                    		MOV.L 14H[R0], R6
0000045E 05rrrrrr             A  		BSR _u8g_GetWidthLL
00000462 C361                    		MOV.B R1, [R6]
00000464 38rrrr               W  		BRA L138
00000467                         L122:	; bb107
                                 ;     363       break;
                                 ;     364     case U8G_DEV_MSG_SET_PIXEL:
                                 ;     365     case U8G_DEV_MSG_SET_TPIXEL:
                                 ;     366       {
                                 ;     367         u8g_uint_t x, y;
                                 ;     368         x = ((u8g_dev_arg_pixel_t *)arg)->y;
                                 		.LINE  "C:\Workspace\e2studio\git\MT01_master\src\Display\u8g_rot.c",368
00000467 A909                    		MOV.L 14H[R0], R1
00000469 C510010F                		MOV.B 01H[R1], 0FH[R0]
0000046D                         L123:	; bb107.split
                                 ;     369         
                                 ;     370         y = u8g_GetHeightLL(u8g, rotation_chain);
                                 		.LINE  "C:\Workspace\e2studio\git\MT01_master\src\Display\u8g_rot.c",370
0000046D A80A                    		MOV.L 04H[R0], R2
0000046F AA01                    		MOV.L 20H[R0], R1
00000471 05rrrrrr             A  		BSR _u8g_GetHeightLL
00000475 8401                    		MOV.B R1, 10H[R0]
00000477                         L124:	; bb107.split5
                                 ;     371         y -= ((u8g_dev_arg_pixel_t *)arg)->x; 
                                 		.LINE  "C:\Workspace\e2studio\git\MT01_master\src\Display\u8g_rot.c",371
00000477 B401                    		MOVU.B 10H[R0], R1
00000479 A90A                    		MOV.L 14H[R0], R2
0000047B 4021                    		SUB [R2].UB, R1
0000047D 8401                    		MOV.B R1, 10H[R0]
0000047F                         L125:	; bb107.split6
                                 ;     372         y--;
                                 		.LINE  "C:\Workspace\e2studio\git\MT01_master\src\Display\u8g_rot.c",372
0000047F B401                    		MOVU.B 10H[R0], R1
00000481 6011                    		SUB #01H, R1
00000483 8401                    		MOV.B R1, 10H[R0]
00000485                         L126:	; bb107.split7
                                 ;     373           
                                 ;     374         /*
                                 ;     375         x = u8g_GetWidthLL(u8g, rotation_chain);
                                 ;     376         x -= ((u8g_dev_arg_pixel_t *)arg)->y; 
                                 ;     377         x--;
                                 ;     378         */
                                 ;     379         ((u8g_dev_arg_pixel_t *)arg)->x = x;
                                 		.LINE  "C:\Workspace\e2studio\git\MT01_master\src\Display\u8g_rot.c",379
00000485 B389                    		MOVU.B 0FH[R0], R1
00000487 A90A                    		MOV.L 14H[R0], R2
00000489 C321                    		MOV.B R1, [R2]
0000048B                         L127:	; bb107.split8
                                 ;     380         ((u8g_dev_arg_pixel_t *)arg)->y = y;
                                 		.LINE  "C:\Workspace\e2studio\git\MT01_master\src\Display\u8g_rot.c",380
0000048B B401                    		MOVU.B 10H[R0], R1
0000048D A90A                    		MOV.L 14H[R0], R2
0000048F 8029                    		MOV.B R1, 01H[R2]
00000491                         L128:	; bb107.split9
                                 ;     381       }
                                 ;     382       u8g_call_dev_fn(u8g, rotation_chain, msg, arg);
                                 		.LINE  "C:\Workspace\e2studio\git\MT01_master\src\Display\u8g_rot.c",382
00000491 A90C                    		MOV.L 14H[R0], R4
00000493 B68B                    		MOVU.B 1BH[R0], R3
00000495 A80A                    		MOV.L 04H[R0], R2
00000497 AA01                    		MOV.L 20H[R0], R1
00000499 05rrrrrr             A  		BSR _u8g_call_dev_fn
0000049D 2Err                 B  		BRA L138
0000049F                         L129:	; bb139
                                 ;     383       break;
                                 ;     384     case U8G_DEV_MSG_SET_8PIXEL:
                                 ;     385     case U8G_DEV_MSG_SET_4TPIXEL:
                                 ;     386       {
                                 ;     387         u8g_uint_t x, y;
                                 ;     388         x = ((u8g_dev_arg_pixel_t *)arg)->y;
                                 		.LINE  "C:\Workspace\e2studio\git\MT01_master\src\Display\u8g_rot.c",388
0000049F A909                    		MOV.L 14H[R0], R1
000004A1 C5100111                		MOV.B 01H[R1], 11H[R0]
000004A5                         L130:	; bb139.split
                                 ;     389         
                                 ;     390         y = u8g_GetHeightLL(u8g, rotation_chain);
                                 		.LINE  "C:\Workspace\e2studio\git\MT01_master\src\Display\u8g_rot.c",390
000004A5 A80A                    		MOV.L 04H[R0], R2
000004A7 AA01                    		MOV.L 20H[R0], R1
000004A9 05rrrrrr             A  		BSR _u8g_GetHeightLL
000004AD 8481                    		MOV.B R1, 12H[R0]
000004AF                         L131:	; bb139.split10
                                 ;     391         y -= ((u8g_dev_arg_pixel_t *)arg)->x; 
                                 		.LINE  "C:\Workspace\e2studio\git\MT01_master\src\Display\u8g_rot.c",391
000004AF B481                    		MOVU.B 12H[R0], R1
000004B1 A90A                    		MOV.L 14H[R0], R2
000004B3 4021                    		SUB [R2].UB, R1
000004B5 8481                    		MOV.B R1, 12H[R0]
000004B7                         L132:	; bb139.split11
                                 ;     392         y--;
                                 		.LINE  "C:\Workspace\e2studio\git\MT01_master\src\Display\u8g_rot.c",392
000004B7 B481                    		MOVU.B 12H[R0], R1
000004B9 6011                    		SUB #01H, R1
000004BB 8481                    		MOV.B R1, 12H[R0]
000004BD                         L133:	; bb139.split12
                                 ;     393           
                                 ;     394         /*
                                 ;     395         x = u8g_GetWidthLL(u8g, rotation_chain);
                                 ;     396         x -= ((u8g_dev_arg_pixel_t *)arg)->y; 
                                 ;     397         x--;
                                 ;     398         */
                                 ;     399         ((u8g_dev_arg_pixel_t *)arg)->x = x;
                                 		.LINE  "C:\Workspace\e2studio\git\MT01_master\src\Display\u8g_rot.c",399
000004BD B409                    		MOVU.B 11H[R0], R1
000004BF A90A                    		MOV.L 14H[R0], R2
000004C1 C321                    		MOV.B R1, [R2]
000004C3                         L134:	; bb139.split13
                                 ;     400         ((u8g_dev_arg_pixel_t *)arg)->y = y;
                                 		.LINE  "C:\Workspace\e2studio\git\MT01_master\src\Display\u8g_rot.c",400
000004C3 B481                    		MOVU.B 12H[R0], R1
000004C5 A90A                    		MOV.L 14H[R0], R2
000004C7 8029                    		MOV.B R1, 01H[R2]
000004C9                         L135:	; bb139.split14
                                 ;     401         ((u8g_dev_arg_pixel_t *)arg)->dir+=3;
                                 		.LINE  "C:\Workspace\e2studio\git\MT01_master\src\Display\u8g_rot.c",401
000004C9 A909                    		MOV.L 14H[R0], R1
000004CB B09A                    		MOVU.B 03H[R1], R2
000004CD 6232                    		ADD #03H, R2
000004CF 809A                    		MOV.B R2, 03H[R1]
000004D1                         L136:	; bb139.split15
                                 ;     402         ((u8g_dev_arg_pixel_t *)arg)->dir &= 3;
                                 		.LINE  "C:\Workspace\e2studio\git\MT01_master\src\Display\u8g_rot.c",402
000004D1 A909                    		MOV.L 14H[R0], R1
000004D3 B09A                    		MOVU.B 03H[R1], R2
000004D5 6432                    		AND #03H, R2
000004D7 809A                    		MOV.B R2, 03H[R1]
000004D9                         L137:	; bb139.split16
                                 ;     403       }
                                 ;     404       u8g_call_dev_fn(u8g, rotation_chain, msg, arg);
                                 		.LINE  "C:\Workspace\e2studio\git\MT01_master\src\Display\u8g_rot.c",404
000004D9 A90C                    		MOV.L 14H[R0], R4
000004DB B68B                    		MOVU.B 1BH[R0], R3
000004DD A80A                    		MOV.L 04H[R0], R2
000004DF AA01                    		MOV.L 20H[R0], R1
000004E1 05rrrrrr             A  		BSR _u8g_call_dev_fn
000004E5                         L138:	; bb185
                                 ;     405       break;
                                 ;     406   }
                                 ;     407   return 1;
                                 		.LINE  "C:\Workspace\e2studio\git\MT01_master\src\Display\u8g_rot.c",407
000004E5 3C0301                  		MOV.B #01H, 03H[R0]
000004E8                         L139:	; bb187
000004E8 C5000313                		MOV.B 03H[R0], 13H[R0]
                                 ;     408 }
                                 		.LINE  "C:\Workspace\e2studio\git\MT01_master\src\Display\u8g_rot.c",408
000004EC B489                    		MOVU.B 13H[R0], R1
000004EE 3F660A                  		RTSD #28H, R6-R6
                                 ;     409 
                                 		.SECTION	D,ROMDATA,ALIGN=4
00000000                         _u8g_dev_rot:
00000000 rrrrrrrr                		.lword	_u8g_dev_rot_dummy_fn
00000004 00000000                		.lword	00000000H
00000008 00000000                		.lword	00000000H
                                 		.END

Information List

TOTAL ERROR(S)    00000
TOTAL WARNING(S)  00000
TOTAL LINE(S)     01208   LINES

Section List

Attr         Size               Name
CODE     0000001265(000004F1H)  P
ROMDATA  0000000012(0000000CH)  D

Cpu Type

-ISA=RXV1 -FPU

Command Parameter

-subcommand=C:\Users\LAFONS~1\AppData\Local\Temp\$ccrx4DB7\$ccrx\u8g_rot.src.cmd
    -nologo
    -isa=rxv1
    -fpu
    -show=conditionals,definitions,expansions
    -define=__RXV1=1
    -fint_register=0
    -debug
    -endian=little
-listfile=C:\Workspace\e2studio\git\MT01_master\MT01_build\u8g_rot.lst
-output=C:\Workspace\e2studio\git\MT01_master\MT01_build\src\Display\u8g_rot.obj
