* RX FAMILY ASSEMBLER V2.03.00.01 [24 Oct 2014] *  SOURCE LIST  Mon Mar 20 17:54:01 2017

LOC.     OBJ.              0XMDA SOURCE STATEMENT

                                 ;RX Family C/C++ Compiler (V2.03.00.03 [04 Dec 2014])  20-Mar-2017 17:54:01
                                 
                                 ;*** CPU TYPE ***
                                 
                                 ;-ISA=RXV1
                                 
                                 ;*** COMMAND PARAMETER ***
                                 
                                 ;-output=src=ut_states_task.src
                                 ;-lang=c99
                                 ;-include=C:\PROGRA~2\Renesas\RX\2_3_0/include,C:\Workspace\e2studio\git\MT01_master\r_lvd_rx,C:\Workspace\e2studio\git\MT01_master\r_lvd_rx\src,C:/Workspace/e2studio/
                                 ;-debug
                                 ;-show=source,conditionals,definitions,expansions
                                 ;-listfile=ut_states_task.lst
                                 ;-isa=rxv1
                                 ;-optimize=0
                                 ;-fpu
                                 ;-alias=noansi
                                 ;-nologo
                                 ;-nomessage
                                 ;-define=__RX,COMPACTAXP=0,EASYMAK=1,MOBILE=0,FREE_RTOS_PP
                                 ;ut_states_task.c
                                 
                                 		.glb	_states_table
                                 		.glb	_currentState
                                 		.glb	_states_task
                                 		.glb	_iif_bind_idle
                                 		.glb	_ut_lcd_init
                                 ;LineNo. C-SOURCE STATEMENT
                                 
                                 		.SECTION	P,CODE
00000000                         _states_task:
                                 		.STACK	_states_task=140
                                 ;       1 /*
                                 ;       2  * ut_states_task.c
                                 ;       3  *
                                 ;       4  *  Created on: Nov 1, 2015
                                 ;       5  *      Author: Fernando
                                 ;       6  */
                                 ;       7 
                                 ;       8 
                                 ;       9 #include "ut_context.h"
                                 ;      10 #include "ut_state.h"
                                 ;      11 #include "lcd.h"
                                 ;      12 #include "interpreter_if.h"
                                 ;      13 
                                 ;      14 #include <string.h>
                                 ;      15 #include <stdio.h>
                                 ;      16 
                                 ;      17 ut_state currentState = STATE_SPLASH;
                                 ;      18 
                                 ;      19 /**
                                 ;      20  * Execute state machine.
                                 ;      21  */
                                 ;      22 void states_task(void)
                                 		.LINE  "C:\Workspace\e2studio\git\MT01_master\src\states\ut_states_task.c",22
00000000 7EA6                    		PUSH.L R6
00000002 72007CFF                		ADD #0FFFFFF7CH, R0
                                 ;      23 {
                                 ;      24 	ut_context pContext;
                                 ;      25 	iif_bind_idle();
                                 		.LINE  "C:\Workspace\e2studio\git\MT01_master\src\states\ut_states_task.c",25
00000006 05rrrrrr             A  		BSR _iif_bind_idle
0000000A                         L11:	; entry.split
0000000A 754382                  		MOV.L #00000082H, R3
0000000D 6602                    		MOV.L #00000000H, R2
0000000F 710102                  		ADD #02H, R0, R1
                                 ;      26 	/* Initialize context */
                                 ;      27 	memset(&pContext, 0, sizeof(ut_context));
                                 		.LINE  "C:\Workspace\e2studio\git\MT01_master\src\states\ut_states_task.c",27
00000012 7F88                    		SSTR.B
00000014                         L12:	; entry.split1
                                 ;      28 
                                 ;      29 	/* Initialize lcd */
                                 ;      30 	ut_lcd_init();
                                 		.LINE  "C:\Workspace\e2studio\git\MT01_master\src\states\ut_states_task.c",30
00000014 05rrrrrr             A  		BSR _ut_lcd_init
00000018 2Err                 B  		BRA L14
0000001A                         L13:	; bb
                                 ;      31 
                                 ;      32 	/* Run machine */
                                 ;      33 	while(currentState < STATE_NUMBER)
                                 ;      34 	{
                                 ;      35 		/* Execute state function and get next state */
                                 ;      36 		currentState = states_table[currentState](&pContext);
                                 		.LINE  "C:\Workspace\e2studio\git\MT01_master\src\states\ut_states_task.c",36
0000001A FB62rrrrrrrr            		MOV.L #_currentState, R6
00000020 EC6E                    		MOV.L [R6], R14
00000022 FBF2rrrrrrrr            		MOV.L #_states_table, R15
00000028 FE6EFE                  		MOV.L [R14,R15], R14
0000002B 710102                  		ADD #02H, R0, R1
0000002E 7F1E                    		JSR R14
00000030 E361                    		MOV.L R1, [R6]
00000032                         L14:	; bb6
                                 		.LINE  "C:\Workspace\e2studio\git\MT01_master\src\states\ut_states_task.c",33
00000032 FBE2rrrrrrrr            		MOV.L #_currentState, R14
00000038 ECEE                    		MOV.L [R14], R14
0000003A 755E12                  		CMP #12H, R14
0000003D 29rr                    		BLT L13
0000003F                         L15:	; bb12
                                 ;      37 	}
                                 ;      38 
                                 ;      39 	/* Error! */
                                 ;      40 	while(true)
                                 		.LINE  "C:\Workspace\e2studio\git\MT01_master\src\states\ut_states_task.c",40
0000003F 2Err                 B  		BRA L15
                                 ;      41 	{
                                 ;      42 
                                 ;      43 	}
                                 ;      44 }
                                 ;      45 
                                 		.SECTION	D,ROMDATA,ALIGN=4
00000000                         _currentState:
00000000 00000000                		.lword	00000000H
                                 		.END

Information List

TOTAL ERROR(S)    00000
TOTAL WARNING(S)  00000
TOTAL LINE(S)     00115   LINES

Section List

Attr         Size               Name
CODE     0000000065(00000041H)  P
ROMDATA  0000000004(00000004H)  D

Cpu Type

-ISA=RXV1 -FPU

Command Parameter

-subcommand=C:\Users\LAFONS~1\AppData\Local\Temp\$ccrx305E\$ccrx\ut_states_task.src.cmd
    -nologo
    -isa=rxv1
    -fpu
    -show=conditionals,definitions,expansions
    -define=__RXV1=1
    -fint_register=0
    -debug
    -endian=little
-listfile=C:\Workspace\e2studio\git\MT01_master\MT01_build\ut_states_task.lst
-output=C:\Workspace\e2studio\git\MT01_master\MT01_build\src\states\ut_states_task.obj
