* RX FAMILY ASSEMBLER V2.03.00.01 [24 Oct 2014] *  SOURCE LIST  Mon Mar 20 17:53:57 2017

LOC.     OBJ.              0XMDA SOURCE STATEMENT

                                 ;RX Family C/C++ Compiler (V2.03.00.03 [04 Dec 2014])  20-Mar-2017 17:53:57
                                 
                                 ;*** CPU TYPE ***
                                 
                                 ;-ISA=RXV1
                                 
                                 ;*** COMMAND PARAMETER ***
                                 
                                 ;-output=src=ut_state_config_maquina.src
                                 ;-lang=c99
                                 ;-include=C:\PROGRA~2\Renesas\RX\2_3_0/include,C:\Workspace\e2studio\git\MT01_master\r_lvd_rx,C:\Workspace\e2studio\git\MT01_master\r_lvd_rx\src,C:/Workspace/e2studio/
                                 ;-debug
                                 ;-show=source,conditionals,definitions,expansions
                                 ;-listfile=ut_state_config_maquina.lst
                                 ;-isa=rxv1
                                 ;-optimize=0
                                 ;-fpu
                                 ;-alias=noansi
                                 ;-nologo
                                 ;-nomessage
                                 ;-define=__RX,COMPACTAXP=0,EASYMAK=1,MOBILE=0,FREE_RTOS_PP
                                 ;ut_state_config_maquina.c
                                 
                                 		.glb	_configsVar
                                 		.glb	_configVarMaq
                                 		.glb	_configFlags
                                 		.glb	_g_maq
                                 		.glb	_configsMaq
                                 		.glb	_mq_init_types
                                 		.glb	_mq_init_names
                                 		.glb	_mq_init_max
                                 		.glb	_mq_init_min
                                 		.glb	_mq_init_step
                                 		.glb	_mq_init_point
                                 		.glb	_mq_init_unit
                                 		.glb	_geNextStateMaq
                                 		.glb	_cs
                                 		.glb	_ut_state_config_maquina
                                 		.glb	_ut_menu_init
                                 		.glb	_ut_menu_browse
                                 		.glb	_eepromReadConfig
                                 		.glb	_ut_lcd_output_warning
                                 		.glb	_xio_close
                                 		.glb	_vTaskDelay
                                 		.glb	_delay_esc
                                 ;LineNo. C-SOURCE STATEMENT
                                 
                                 		.SECTION	P,CODE
00000000                         __$init:
                                 		.STACK	__$init=8
                                 ;       1 /*
                                 ;       2  * ut_state_config_menu.c
                                 ;       3  *
                                 ;       4  *  Created on: Dec 6, 2015
                                 ;       5  *      Author: Fernando
                                 ;       6  */
                                 ;       7 
                                 ;       8 #include "ut_context.h"
                                 ;       9 #include "ut_state.h"
                                 ;      10 #include "ut_state_config_var.h"
                                 ;      11 #include "eeprom.h"
                                 ;      12 #include "config_maquina.h"
                                 ;      13 
                                 ;      14 
                                 ;      15 #include "FreeRTOS.h"
                                 ;      16 #include "task.h"
                                 ;      17 
                                 ;      18 #include "keyboard.h"
                                 ;      19 #include "interpreter_if.h"
                                 ;      20 
                                 ;      21 #include "lcd.h"
                                 ;      22 #include "lcd_menu.h"
                                 ;      23 #include "state_functions.h"
                                 ;      24 
                                 ;      25 #define DEFAULT_CONFIG_TIMEOUT	portMAX_DELAY
                                 ;      26 
                                 ;      27 static bool initialized = false;
                                 ;      28 static const char* gszConfigMenuTitle = "CONFIG. DE MÁQUINA";
                                 ;      29 
                                 ;      30 /**
                                 ;      31  * Initialize config array
                                 ;      32  */
                                 ;      33 static void init()
                                 		.LINE  "C:\Workspace\e2studio\git\MT01_master\src\states\ut_state_config_maquina.c",33
00000000 6040                    		SUB #04H, R0
                                 ;      34 {
                                 ;      35 	uint8_t i,j;
                                 ;      36 
                                 ;      37 	/* Check if already initialized */
                                 ;      38 	j = 0;
                                 		.LINE  "C:\Workspace\e2studio\git\MT01_master\src\states\ut_state_config_maquina.c",38
00000002 3C0300                  		MOV.B #00H, 03H[R0]
00000005                         L15:	; entry.split
                                 ;      39 	if(initialized) {
                                 		.LINE  "C:\Workspace\e2studio\git\MT01_master\src\states\ut_state_config_maquina.c",39
00000005 FBE2rrrrrrrr            		MOV.L #__$initialized, R14
0000000B 58EE                    		MOVU.B [R14], R14
0000000D 610E                    		CMP #00H, R14
0000000F 20rr                    		BEQ L23
00000011                         L16:	; bb3
                                 ;      40 		for(i = 0; i < CFG_MAQUINA_MAX; i++)
                                 		.LINE  "C:\Workspace\e2studio\git\MT01_master\src\states\ut_state_config_maquina.c",40
00000011 3C0200                  		MOV.B #00H, 02H[R0]
00000014 2Err                 B  		BRA L22
00000016                         L17:	; bb5
                                 ;      41 		{
                                 ;      42 			if (g_maq.model == COMPACTA_MAQ)
                                 		.LINE  "C:\Workspace\e2studio\git\MT01_master\src\states\ut_state_config_maquina.c",42
00000016 FBE2rrrrrrrr            		MOV.L #_g_maq, R14
0000001C ECEE                    		MOV.L [R14], R14
0000001E 612E                    		CMP #02H, R14
00000020 21rr                    		BNE L20
00000022                         L18:	; bb7
                                 ;      43 			{
                                 ;      44 				if (i == CFG_MAQUINA_MODOMAQUINA)
                                 		.LINE  "C:\Workspace\e2studio\git\MT01_master\src\states\ut_state_config_maquina.c",44
00000022 B081                    		MOVU.B 02H[R0], R1
00000024 6111                    		CMP #01H, R1
00000026 18                   S  		BNE L20
00000027                         L19:	; bb8
                                 ;      45 				{
                                 ;      46 					i++;
                                 		.LINE  "C:\Workspace\e2studio\git\MT01_master\src\states\ut_state_config_maquina.c",46
00000027 B081                    		MOVU.B 02H[R0], R1
00000029 6211                    		ADD #01H, R1
0000002B 8081                    		MOV.B R1, 02H[R0]
0000002D                         L20:	; bb19
                                 ;      47 				}
                                 ;      48 			}
                                 ;      49 			configsMaq[j].name = mq_init_names[j];
                                 		.LINE  "C:\Workspace\e2studio\git\MT01_master\src\states\ut_state_config_maquina.c",49
0000002D B089                    		MOVU.B 03H[R0], R1
0000002F FBE2rrrrrrrr            		MOV.L #_mq_init_names, R14
00000035 FE61E2                  		MOV.L [R1,R14], R2
00000038 75112C                  		MUL #2CH, R1
0000003B FB32rrrrrrrr            		MOV.L #_configsMaq, R3
00000041 4B13                    		ADD R1, R3
00000043 A1BA                    		MOV.L R2, 1CH[R3]
00000045                         L21:	; bb19.split
                                 ;      50 			j++;
                                 		.LINE  "C:\Workspace\e2studio\git\MT01_master\src\states\ut_state_config_maquina.c",50
00000045 B089                    		MOVU.B 03H[R0], R1
00000047 6211                    		ADD #01H, R1
00000049 8089                    		MOV.B R1, 03H[R0]
0000004B B081                    		MOVU.B 02H[R0], R1
0000004D 6211                    		ADD #01H, R1
0000004F 8081                    		MOV.B R1, 02H[R0]
00000051                         L22:	; bb32
                                 		.LINE  "C:\Workspace\e2studio\git\MT01_master\src\states\ut_state_config_maquina.c",40
00000051 B081                    		MOVU.B 02H[R0], R1
00000053 6141                    		CMP #04H, R1
00000055 29rr                    		BLT L17
00000057 38rrrr               W  		BRA L44
0000005A                         L23:	; bb45
0000005A 7543B0                  		MOV.L #000000B0H, R3
0000005D 6602                    		MOV.L #00000000H, R2
                                 ;      51 		}
                                 ;      52 		return;
                                 ;      53 	}
                                 ;      54 
                                 ;      55 	/* Zero all values */
                                 ;      56 	memset(configsMaq, 0, sizeof(configsMaq));
                                 		.LINE  "C:\Workspace\e2studio\git\MT01_master\src\states\ut_state_config_maquina.c",56
0000005F FB12rrrrrrrr            		MOV.L #_configsMaq, R1
00000065 7F88                    		SSTR.B
00000067                         L24:	; bb45.split
                                 ;      57 	j = 0;
                                 		.LINE  "C:\Workspace\e2studio\git\MT01_master\src\states\ut_state_config_maquina.c",57
00000067 3C0300                  		MOV.B #00H, 03H[R0]
0000006A                         L25:	; bb45.split1
                                 ;      58 	/* Initialize all variables */
                                 ;      59 	for(i = 0; i < CFG_MAQUINA_MAX; i++)
                                 		.LINE  "C:\Workspace\e2studio\git\MT01_master\src\states\ut_state_config_maquina.c",59
0000006A 3C0200                  		MOV.B #00H, 02H[R0]
0000006D 38rrrr               W  		BRA L39
00000070                         L26:	; bb47
                                 ;      60 	{
                                 ;      61 		if (g_maq.model == COMPACTA_MAQ)
                                 		.LINE  "C:\Workspace\e2studio\git\MT01_master\src\states\ut_state_config_maquina.c",61
00000070 FBE2rrrrrrrr            		MOV.L #_g_maq, R14
00000076 ECEE                    		MOV.L [R14], R14
00000078 612E                    		CMP #02H, R14
0000007A 21rr                    		BNE L29
0000007C                         L27:	; bb49
                                 ;      62 		{
                                 ;      63 			if (i == CFG_MAQUINA_MODOMAQUINA)
                                 		.LINE  "C:\Workspace\e2studio\git\MT01_master\src\states\ut_state_config_maquina.c",63
0000007C B081                    		MOVU.B 02H[R0], R1
0000007E 6111                    		CMP #01H, R1
00000080 18                   S  		BNE L29
00000081                         L28:	; bb50
                                 ;      64 			{
                                 ;      65 				i++;
                                 		.LINE  "C:\Workspace\e2studio\git\MT01_master\src\states\ut_state_config_maquina.c",65
00000081 B081                    		MOVU.B 02H[R0], R1
00000083 6211                    		ADD #01H, R1
00000085 8081                    		MOV.B R1, 02H[R0]
00000087                         L29:	; bb63
                                 ;      66 			}
                                 ;      67 		}
                                 ;      68 		configsMaq[i].type = mq_init_types[i];
                                 		.LINE  "C:\Workspace\e2studio\git\MT01_master\src\states\ut_state_config_maquina.c",68
00000087 B081                    		MOVU.B 02H[R0], R1
00000089 FBE2rrrrrrrr            		MOV.L #_mq_init_types, R14
0000008F FE61EE                  		MOV.L [R1,R14], R14
00000092 75112C                  		MUL #2CH, R1
00000095 FBF2rrrrrrrr            		MOV.L #_configsMaq, R15
0000009B 4B1F                    		ADD R1, R15
0000009D E3FE                    		MOV.L R14, [R15]
0000009F                         L30:	; bb63.split
                                 ;      69 		configsMaq[i].valueMax = mq_init_max[i];
                                 		.LINE  "C:\Workspace\e2studio\git\MT01_master\src\states\ut_state_config_maquina.c",69
0000009F B081                    		MOVU.B 02H[R0], R1
000000A1 FBE2rrrrrrrr            		MOV.L #_mq_init_max, R14
000000A7 FE61E2                  		MOV.L [R1,R14], R2
000000AA 75112C                  		MUL #2CH, R1
000000AD FB32rrrrrrrr            		MOV.L #_configsMaq, R3
000000B3 4B13                    		ADD R1, R3
000000B5 A0BA                    		MOV.L R2, 0CH[R3]
000000B7                         L31:	; bb63.split2
                                 ;      70 		configsMaq[i].valueMin = mq_init_min[i];
                                 		.LINE  "C:\Workspace\e2studio\git\MT01_master\src\states\ut_state_config_maquina.c",70
000000B7 B081                    		MOVU.B 02H[R0], R1
000000B9 FBE2rrrrrrrr            		MOV.L #_mq_init_min, R14
000000BF FE61E2                  		MOV.L [R1,R14], R2
000000C2 75112C                  		MUL #2CH, R1
000000C5 FB32rrrrrrrr            		MOV.L #_configsMaq, R3
000000CB 4B13                    		ADD R1, R3
000000CD A0B2                    		MOV.L R2, 08H[R3]
000000CF                         L32:	; bb63.split3
                                 ;      71 		configsMaq[i].name = mq_init_names[i];
                                 		.LINE  "C:\Workspace\e2studio\git\MT01_master\src\states\ut_state_config_maquina.c",71
000000CF B081                    		MOVU.B 02H[R0], R1
000000D1 FBE2rrrrrrrr            		MOV.L #_mq_init_names, R14
000000D7 FE61E2                  		MOV.L [R1,R14], R2
000000DA 75112C                  		MUL #2CH, R1
000000DD FB32rrrrrrrr            		MOV.L #_configsMaq, R3
000000E3 4B13                    		ADD R1, R3
000000E5 A1BA                    		MOV.L R2, 1CH[R3]
000000E7                         L33:	; bb63.split4
                                 ;      72 		configsMaq[i].unit = mq_init_unit[i];
                                 		.LINE  "C:\Workspace\e2studio\git\MT01_master\src\states\ut_state_config_maquina.c",72
000000E7 B081                    		MOVU.B 02H[R0], R1
000000E9 FBE2rrrrrrrr            		MOV.L #_mq_init_unit, R14
000000EF FE61E2                  		MOV.L [R1,R14], R2
000000F2 75112C                  		MUL #2CH, R1
000000F5 FB32rrrrrrrr            		MOV.L #_configsMaq, R3
000000FB 4B13                    		ADD R1, R3
000000FD A1B2                    		MOV.L R2, 18H[R3]
000000FF                         L34:	; bb63.split5
                                 ;      73 		configsMaq[i].step = mq_init_step[i];
                                 		.LINE  "C:\Workspace\e2studio\git\MT01_master\src\states\ut_state_config_maquina.c",73
000000FF B081                    		MOVU.B 02H[R0], R1
00000101 FBE2rrrrrrrr            		MOV.L #_mq_init_step, R14
00000107 FE61E2                  		MOV.L [R1,R14], R2
0000010A 75112C                  		MUL #2CH, R1
0000010D FB32rrrrrrrr            		MOV.L #_configsMaq, R3
00000113 4B13                    		ADD R1, R3
00000115 A132                    		MOV.L R2, 10H[R3]
00000117                         L35:	; bb63.split6
                                 ;      74 		configsMaq[i].point = mq_init_point[i];
                                 		.LINE  "C:\Workspace\e2studio\git\MT01_master\src\states\ut_state_config_maquina.c",74
00000117 B081                    		MOVU.B 02H[R0], R1
00000119 FBE2rrrrrrrr            		MOV.L #_mq_init_point, R14
0000011F FECE12                  		MOVU.B [R14,R1], R2
00000122 75112C                  		MUL #2CH, R1
00000125 FB32rrrrrrrr            		MOV.L #_configsMaq, R3
0000012B 4B13                    		ADD R1, R3
0000012D 8532                    		MOV.B R2, 14H[R3]
0000012F                         L36:	; bb63.split7
                                 ;      75 		configsMaq[i].currentState = STATE_CONFIG_MAQUINA;
                                 		.LINE  "C:\Workspace\e2studio\git\MT01_master\src\states\ut_state_config_maquina.c",75
0000012F B081                    		MOVU.B 02H[R0], R1
00000131 75112C                  		MUL #2CH, R1
00000134 FB22rrrrrrrr            		MOV.L #_configsMaq, R2
0000013A 4B12                    		ADD R1, R2
0000013C 3E2809                  		MOV.L #00000009H, 20H[R2]
0000013F                         L37:	; bb63.split8
                                 ;      76 		configsMaq[i].currentItem = i;
                                 		.LINE  "C:\Workspace\e2studio\git\MT01_master\src\states\ut_state_config_maquina.c",76
0000013F B081                    		MOVU.B 02H[R0], R1
00000141 EF1E                    		MOV.L R1, R14
00000143 751E2C                  		MUL #2CH, R14
00000146 FBF2rrrrrrrr            		MOV.L #_configsMaq, R15
0000014C 4BEF                    		ADD R14, R15
0000014E C7F124                  		MOV.B R1, 24H[R15]
00000151                         L38:	; bb63.split9
                                 ;      77 		j++;
                                 		.LINE  "C:\Workspace\e2studio\git\MT01_master\src\states\ut_state_config_maquina.c",77
00000151 B089                    		MOVU.B 03H[R0], R1
00000153 6211                    		ADD #01H, R1
00000155 8089                    		MOV.B R1, 03H[R0]
00000157 B081                    		MOVU.B 02H[R0], R1
00000159 6211                    		ADD #01H, R1
0000015B 8081                    		MOV.B R1, 02H[R0]
0000015D                         L39:	; bb133
                                 		.LINE  "C:\Workspace\e2studio\git\MT01_master\src\states\ut_state_config_maquina.c",59
0000015D B081                    		MOVU.B 02H[R0], R1
0000015F 6141                    		CMP #04H, R1
00000161 28rr                  * 		BLT L26
         38rrrr                  
00000166                         L40:	; bb139
                                 ;      78 	}
                                 ;      79 	configsMaq[0].value = &configVarMaq[CFG_MAQUINA_ALT_DESLOCAMENTO];
                                 		.LINE  "C:\Workspace\e2studio\git\MT01_master\src\states\ut_state_config_maquina.c",79
00000166 FB12rrrrrrrr            		MOV.L #_configsMaq, R1
0000016C FB22rrrrrrrr            		MOV.L #_configVarMaq, R2
00000172 A01A                    		MOV.L R2, 04H[R1]
00000174                         L41:	; bb139.split
                                 ;      80 	if (g_maq.model != COMPACTA_MAQ)
                                 		.LINE  "C:\Workspace\e2studio\git\MT01_master\src\states\ut_state_config_maquina.c",80
00000174 FBE2rrrrrrrr            		MOV.L #_g_maq, R14
0000017A ECEE                    		MOV.L [R14], R14
0000017C 612E                    		CMP #02H, R14
0000017E 20rr                    		BEQ L43
00000180                         L42:	; bb141
                                 ;      81 	{
                                 ;      82 		configsMaq[1].value = &configFlags[MODOMAQUINA];
                                 		.LINE  "C:\Workspace\e2studio\git\MT01_master\src\states\ut_state_config_maquina.c",82
00000180 FB12rrrrrrrr            		MOV.L #_configsMaq, R1
00000186 FB22rrrrrrrr            		MOV.L #_configFlags, R2
0000018C A312                    		MOV.L R2, 30H[R1]
0000018E                         L43:	; bb146
                                 ;      83 	}
                                 ;      84 	initialized = true;
                                 		.LINE  "C:\Workspace\e2studio\git\MT01_master\src\states\ut_state_config_maquina.c",84
0000018E FBE2rrrrrrrr            		MOV.L #__$initialized, R14
00000194 F8E401                  		MOV.B #01H, [R14]
00000197 6701                    		RTSD #04H
00000199                         L44:	; return
                                 ;      85 }
                                 		.LINE  "C:\Workspace\e2studio\git\MT01_master\src\states\ut_state_config_maquina.c",85
00000199 6701                    		RTSD #04H
0000019B                         _ut_state_config_maquina:
                                 		.STACK	_ut_state_config_maquina=440
                                 ;      86 
                                 ;      87 /**
                                 ;      88  * Shows a configuration menu for the machine.
                                 ;      89  *
                                 ;      90  * @param pContext Context object
                                 ;      91  * @return Main menu state
                                 ;      92  */
                                 ;      93 ut_state ut_state_config_maquina(ut_context* pContext)
                                 		.LINE  "C:\Workspace\e2studio\git\MT01_master\src\states\ut_state_config_maquina.c",93
0000019B 72004CFE                		ADD #0FFFFFE4CH, R0
0000019F E7016C                  		MOV.L R1, 01B0H[R0]
                                 ;      94 {
                                 ;      95 	ut_menu config_menu;
                                 ;      96 	uint8_t i,j;
                                 ;      97 
                                 ;      98 	/* Initialize variables */
                                 ;      99 	init();
                                 		.LINE  "C:\Workspace\e2studio\git\MT01_master\src\states\ut_state_config_maquina.c",99
000001A2 39rrrr               W  		BSR __$init
000001A5                         L46:	; entry.split
000001A5 710104                  		ADD #04H, R0, R1
                                 ;     100 
                                 ;     101 	/* Initialize menu */
                                 ;     102 	ut_menu_init(&config_menu);
                                 		.LINE  "C:\Workspace\e2studio\git\MT01_master\src\states\ut_state_config_maquina.c",102
000001A8 05rrrrrr             A  		BSR _ut_menu_init
000001AC                         L47:	; entry.split1
                                 ;     103 
                                 ;     104 	/* Options */
                                 ;     105 	config_menu.title = gszConfigMenuTitle;
                                 		.LINE  "C:\Workspace\e2studio\git\MT01_master\src\states\ut_state_config_maquina.c",105
000001AC FBE2rrrrrrrr            		MOV.L #__$gszConfigMenuTitle, R14
000001B2 E4E065                  		MOV.L [R14], 0194H[R0]
000001B5                         L48:	; entry.split2
                                 ;     106 //	config_menu.offset = 1;
                                 ;     107 	/* Items */
                                 ;     108 	j = 0;
                                 		.LINE  "C:\Workspace\e2studio\git\MT01_master\src\states\ut_state_config_maquina.c",108
000001B5 FA04AB0100              		MOV.B #00H, 01ABH[R0]
000001BA                         L49:	; entry.split3
                                 ;     109 	for(i = 0; i < CFG_MAQUINA_MAX; i++)
                                 		.LINE  "C:\Workspace\e2studio\git\MT01_master\src\states\ut_state_config_maquina.c",109
000001BA FA04AA0100              		MOV.B #00H, 01AAH[R0]
000001BF 2Err                 B  		BRA L55
000001C1                         L50:	; bb7
                                 ;     110 	{
                                 ;     111 		if (g_maq.model == COMPACTA_MAQ)
                                 		.LINE  "C:\Workspace\e2studio\git\MT01_master\src\states\ut_state_config_maquina.c",111
000001C1 FBE2rrrrrrrr            		MOV.L #_g_maq, R14
000001C7 ECEE                    		MOV.L [R14], R14
000001C9 612E                    		CMP #02H, R14
000001CB 21rr                    		BNE L53
000001CD                         L51:	; bb9
                                 ;     112 		{
                                 ;     113 			if (i == CFG_MAQUINA_MODOMAQUINA)
                                 		.LINE  "C:\Workspace\e2studio\git\MT01_master\src\states\ut_state_config_maquina.c",113
000001CD 5A01AA01                		MOVU.B 01AAH[R0], R1
000001D1 6111                    		CMP #01H, R1
000001D3 21rr                    		BNE L53
000001D5                         L52:	; bb10
                                 ;     114 			{
                                 ;     115 				i++;
                                 		.LINE  "C:\Workspace\e2studio\git\MT01_master\src\states\ut_state_config_maquina.c",115
000001D5 5A01AA01                		MOVU.B 01AAH[R0], R1
000001D9 6211                    		ADD #01H, R1
000001DB CB01AA01                		MOV.B R1, 01AAH[R0]
000001DF                         L53:	; bb22
                                 ;     116 			}
                                 ;     117 		}
                                 ;     118 		config_menu.items[config_menu.numItems++].text = configsMaq[i].name;
                                 		.LINE  "C:\Workspace\e2studio\git\MT01_master\src\states\ut_state_config_maquina.c",118
000001DF 5D0ECD                  		MOVU.W 019AH[R0], R14
000001E2 751E14                  		MUL #14H, R14
000001E5 710F04                  		ADD #04H, R0, R15
000001E8 4BEF                    		ADD R14, R15
000001EA 5A01AA01                		MOVU.B 01AAH[R0], R1
000001EE 75112C                  		MUL #2CH, R1
000001F1 FBE2rrrrrrrr            		MOV.L #_configsMaq, R14
000001F7 4B1E                    		ADD R1, R14
000001F9 E5EF0703                		MOV.L 1CH[R14], 0CH[R15]
000001FD DD0ECD                  		MOV.W 019AH[R0], R14
00000200 621E                    		ADD #01H, R14
00000202 D70ECD                  		MOV.W R14, 019AH[R0]
00000205                         L54:	; bb22.split
                                 ;     119 		j++;
                                 		.LINE  "C:\Workspace\e2studio\git\MT01_master\src\states\ut_state_config_maquina.c",119
00000205 5A01AB01                		MOVU.B 01ABH[R0], R1
00000209 6211                    		ADD #01H, R1
0000020B CB01AB01                		MOV.B R1, 01ABH[R0]
0000020F 5A01AA01                		MOVU.B 01AAH[R0], R1
00000213 6211                    		ADD #01H, R1
00000215 CB01AA01                		MOV.B R1, 01AAH[R0]
00000219                         L55:	; bb41
                                 		.LINE  "C:\Workspace\e2studio\git\MT01_master\src\states\ut_state_config_maquina.c",109
00000219 5A01AA01                		MOVU.B 01AAH[R0], R1
0000021D 6141                    		CMP #04H, R1
0000021F 29rr                    		BLT L50
00000221                         L56:	; bb47
                                 ;     120 	}
                                 ;     121 
                                 ;     122 	/* Show menu */
                                 ;     123 	config_menu.selectedItem = 0;
                                 		.LINE  "C:\Workspace\e2studio\git\MT01_master\src\states\ut_state_config_maquina.c",123
00000221 F905CC00                		MOV.W #0000H, 0198H[R0]
00000225                         L57:	; bb47.split
00000225 FB26FF                  		MOV.L #0FFFFFFFFH, R2
00000228 710104                  		ADD #04H, R0, R1
                                 ;     124 	if(ut_menu_browse(&config_menu, DEFAULT_CONFIG_TIMEOUT) < 0)
                                 		.LINE  "C:\Workspace\e2studio\git\MT01_master\src\states\ut_state_config_maquina.c",124
0000022B 05rrrrrr             A  		BSR _ut_menu_browse
0000022F 69F1                    		SHLR #1FH, R1
00000231 6101                    		CMP #00H, R1
00000233 10                   S  		BEQ L59
00000234                         L58:	; bb50
                                 ;     125 	{
                                 ;     126 		return STATE_MAIN_MENU;
                                 		.LINE  "C:\Workspace\e2studio\git\MT01_master\src\states\ut_state_config_maquina.c",126
00000234 F80602                  		MOV.L #00000002H, [R0]
00000237 38rrrr               W  		BRA L76
0000023A                         L59:	; bb57
0000023A 6651                    		MOV.L #00000005H, R1
                                 ;     127 	}
                                 ;     128 	eepromReadConfig(CONFIGVAR_MAQ);
                                 		.LINE  "C:\Workspace\e2studio\git\MT01_master\src\states\ut_state_config_maquina.c",128
0000023C 05rrrrrr             A  		BSR _eepromReadConfig
00000240                         L60:	; bb57.split
                                 ;     129 	if (g_maq.model == COMPACTA_MAQ)
                                 		.LINE  "C:\Workspace\e2studio\git\MT01_master\src\states\ut_state_config_maquina.c",129
00000240 FBE2rrrrrrrr            		MOV.L #_g_maq, R14
00000246 ECEE                    		MOV.L [R14], R14
00000248 612E                    		CMP #02H, R14
0000024A 21rr                    		BNE L63
0000024C                         L61:	; bb60
                                 ;     130 		{
                                 ;     131 			if (config_menu.selectedItem > CFG_MAQUINA_ALT_DESLOCAMENTO)
                                 		.LINE  "C:\Workspace\e2studio\git\MT01_master\src\states\ut_state_config_maquina.c",131
0000024C 5D0ECC                  		MOVU.W 0198H[R0], R14
0000024F 610E                    		CMP #00H, R14
00000251 2Brr                    		BLE L63
00000253                         L62:	; bb61
                                 ;     132 			{
                                 ;     133 				config_menu.selectedItem++;
                                 		.LINE  "C:\Workspace\e2studio\git\MT01_master\src\states\ut_state_config_maquina.c",133
00000253 DD0ECC                  		MOV.W 0198H[R0], R14
00000256 621E                    		ADD #01H, R14
00000258 D70ECC                  		MOV.W R14, 0198H[R0]
0000025B                         L63:	; bb76
                                 ;     134 			}
                                 ;     135 		}
                                 ;     136 	/* Set selected item */
                                 ;     137 	pContext->value[0] = STATE_CONFIG_MAQUINA;
                                 		.LINE  "C:\Workspace\e2studio\git\MT01_master\src\states\ut_state_config_maquina.c",137
0000025B ED016C                  		MOV.L 01B0H[R0], R1
0000025E 3C1209                  		MOV.B #09H, 02H[R1]
00000261                         L64:	; bb76.split
                                 ;     138 	configsVar = &configsMaq[config_menu.selectedItem];
                                 		.LINE  "C:\Workspace\e2studio\git\MT01_master\src\states\ut_state_config_maquina.c",138
00000261 5D0ECC                  		MOVU.W 0198H[R0], R14
00000264 751E2C                  		MUL #2CH, R14
00000267 FBF2rrrrrrrr            		MOV.L #_configsMaq, R15
0000026D 4BEF                    		ADD R14, R15
0000026F FBE2rrrrrrrr            		MOV.L #_configsVar, R14
00000275 E3EF                    		MOV.L R15, [R14]
00000277                         L65:	; bb76.split4
                                 ;     139 	switch(config_menu.selectedItem)
                                 		.LINE  "C:\Workspace\e2studio\git\MT01_master\src\states\ut_state_config_maquina.c",139
00000277 5D0ECC                  		MOVU.W 0198H[R0], R14
0000027A 612E                    		CMP #02H, R14
0000027C 21rr                    		BNE L75
0000027E                         L66:	; bb88
                                 ;     140 	{
                                 ;     141 		case CFG_MAQUINA_PARAMETROS:
                                 ;     142 			ut_lcd_output_warning("CUIDADO!!!\nA MÁQUINA IRÁ\nRESETAR\n");
                                 		.LINE  "C:\Workspace\e2studio\git\MT01_master\src\states\ut_state_config_maquina.c",142
0000027E FB12rrrrrrrr            		MOV.L #_L11, R1
00000284 05rrrrrr             A  		BSR _ut_lcd_output_warning
00000288                         L67:	; bb88.split
00000288 FB1AD007                		MOV.L #000007D0H, R1
                                 ;     143 			if(delay_esc(2000) == KEY_ESC)
                                 		.LINE  "C:\Workspace\e2studio\git\MT01_master\src\states\ut_state_config_maquina.c",143
0000028C 05rrrrrr             A  		BSR _delay_esc
00000290 6111                    		CMP #01H, R1
00000292 21rr                    		BNE L72
00000294                         L68:	; bb90
                                 ;     144 			{
                                 ;     145 				xio_close(cs.primary_src);
                                 		.LINE  "C:\Workspace\e2studio\git\MT01_master\src\states\ut_state_config_maquina.c",145
00000294 FB12rrrrrrrr            		MOV.L #_cs, R1
0000029A B611                    		MOVU.B 18H[R1], R1
0000029C 05rrrrrr             A  		BSR _xio_close
000002A0                         L69:	; bb90.split
                                 ;     146 				ut_lcd_output_warning("COMANDO\nCANCELADO\n");
                                 		.LINE  "C:\Workspace\e2studio\git\MT01_master\src\states\ut_state_config_maquina.c",146
000002A0 FB12rrrrrrrr            		MOV.L #_L12, R1
000002A6 05rrrrrr             A  		BSR _ut_lcd_output_warning
000002AA                         L70:	; bb90.split5
000002AA FB1AE803                		MOV.L #000003E8H, R1
                                 ;     147 				/* Delay */
                                 ;     148 				vTaskDelay(1000 / portTICK_PERIOD_MS);
                                 		.LINE  "C:\Workspace\e2studio\git\MT01_master\src\states\ut_state_config_maquina.c",148
000002AE 05rrrrrr             A  		BSR _vTaskDelay
000002B2                         L71:	; bb90.split6
                                 ;     149 				return STATE_CONFIG_MAQUINA;
                                 		.LINE  "C:\Workspace\e2studio\git\MT01_master\src\states\ut_state_config_maquina.c",149
000002B2 F80609                  		MOV.L #00000009H, [R0]
000002B5 2Err                 B  		BRA L76
000002B7                         L72:	; bb97
                                 ;     150 			}
                                 ;     151 			configsVar->name = "DESEJA CONTINUAR?";
                                 		.LINE  "C:\Workspace\e2studio\git\MT01_master\src\states\ut_state_config_maquina.c",151
000002B7 FBE2rrrrrrrr            		MOV.L #_configsVar, R14
000002BD ECE1                    		MOV.L [R14], R1
000002BF FB22rrrrrrrr            		MOV.L #_L13, R2
000002C5 A19A                    		MOV.L R2, 1CH[R1]
000002C7                         L73:	; bb97.split
                                 ;     152 			pContext->value[0] = STATE_CONFIG_MAQUINA;
                                 		.LINE  "C:\Workspace\e2studio\git\MT01_master\src\states\ut_state_config_maquina.c",152
000002C7 ED016C                  		MOV.L 01B0H[R0], R1
000002CA 3C1209                  		MOV.B #09H, 02H[R1]
000002CD                         L74:	; bb97.split7
                                 ;     153 			pContext->value[1] = STATE_CONFIG_PARAMETROS_MAQ;
                                 		.LINE  "C:\Workspace\e2studio\git\MT01_master\src\states\ut_state_config_maquina.c",153
000002CD ED016C                  		MOV.L 01B0H[R0], R1
000002D0 3C130A                  		MOV.B #0AH, 03H[R1]
000002D3                         L75:	; bb109
                                 ;     154 			break;
                                 ;     155 		default:
                                 ;     156 			break;
                                 ;     157 
                                 ;     158 	}
                                 ;     159 
                                 ;     160 	return geNextStateMaq[config_menu.selectedItem];
                                 		.LINE  "C:\Workspace\e2studio\git\MT01_master\src\states\ut_state_config_maquina.c",160
000002D3 FBE2rrrrrrrr            		MOV.L #_geNextStateMaq, R14
000002D9 5D0FCC                  		MOVU.W 0198H[R0], R15
000002DC FE6FE1                  		MOV.L [R15,R14], R1
000002DF E301                    		MOV.L R1, [R0]
000002E1                         L76:	; bb116
000002E1 EC01                    		MOV.L [R0], R1
000002E3 E7016B                  		MOV.L R1, 01ACH[R0]
                                 ;     161 }
                                 		.LINE  "C:\Workspace\e2studio\git\MT01_master\src\states\ut_state_config_maquina.c",161
000002E6 676D                    		RTSD #01B4H
                                 		.SECTION	L,ROMDATA,ALIGN=4
00000000                         _L10:
00000000 434F4E46                		.byte	"CONFIG. DE M"
         49472E20                
         4445204D                
0000000C C1                      		.byte	0C1H
0000000D 5155494E                		.byte	"QUINA"
         41                      
00000012 00                      		.byte	00H
00000013                         _L11:
00000013 43554944                		.byte	"CUIDADO!!!"
         41444F21                
         2121                    
0000001D 0A                      		.byte	0AH
0000001E 41204D                  		.byte	"A M"
00000021 C1                      		.byte	0C1H
00000022 5155494E                		.byte	"QUINA IR"
         41204952                
0000002A C10A                    		.byte	0C1H,0AH
0000002C 52455345                		.byte	"RESETAR"
         544152                  
00000033 0A00                    		.byte	0AH,00H
00000035                         _L12:
00000035 434F4D41                		.byte	"COMANDO"
         4E444F                  
0000003C 0A                      		.byte	0AH
0000003D 43414E43                		.byte	"CANCELADO"
         454C4144                
         4F                      
00000046 0A00                    		.byte	0AH,00H
00000048                         _L13:
00000048 44455345                		.byte	"DESEJA CONTINUAR?"
         4A412043                
         4F4E5449                
         4E554152                
         3F                      
00000059 00                      		.byte	00H
                                 		.SECTION	D,ROMDATA,ALIGN=4
00000000                         __$gszConfigMenuTitle:
00000000 rrrrrrrr                		.lword	_L10
                                 		.SECTION	D_1,ROMDATA
00000000                         __$initialized:
00000000 00                      		.byte	00H
                                 		.END

Information List

TOTAL ERROR(S)    00000
TOTAL WARNING(S)  00000
TOTAL LINE(S)     00607   LINES

Section List

Attr         Size               Name
CODE     0000000744(000002E8H)  P
ROMDATA  0000000090(0000005AH)  L
ROMDATA  0000000004(00000004H)  D
ROMDATA  0000000001(00000001H)  D_1

Cpu Type

-ISA=RXV1 -FPU

Command Parameter

-subcommand=C:\Users\LAFONS~1\AppData\Local\Temp\$ccrx305E\$ccrx\ut_state_config_maquina.src.cmd
    -nologo
    -isa=rxv1
    -fpu
    -show=conditionals,definitions,expansions
    -define=__RXV1=1
    -fint_register=0
    -debug
    -endian=little
-listfile=C:\Workspace\e2studio\git\MT01_master\MT01_build\ut_state_config_maquina.lst
-output=C:\Workspace\e2studio\git\MT01_master\MT01_build\src\states\ut_state_config_maquina.obj
