* RX FAMILY ASSEMBLER V2.03.00.01 [24 Oct 2014] *  SOURCE LIST  Mon Mar 20 17:11:30 2017

LOC.     OBJ.              0XMDA SOURCE STATEMENT

                                 ;RX Family C/C++ Compiler (V2.03.00.03 [04 Dec 2014])  20-Mar-2017 17:11:30
                                 
                                 ;*** CPU TYPE ***
                                 
                                 ;-ISA=RXV1
                                 
                                 ;*** COMMAND PARAMETER ***
                                 
                                 ;-output=src=ut_state_config_manual.src
                                 ;-lang=c99
                                 ;-include=C:\PROGRA~2\Renesas\RX\2_3_0/include,C:\Workspace\e2studio\git\MT01_master\r_lvd_rx,C:\Workspace\e2studio\git\MT01_master\r_lvd_rx\src,C:/Workspace/e2studio/
                                 ;-debug
                                 ;-show=source,conditionals,definitions,expansions
                                 ;-listfile=ut_state_config_manual.lst
                                 ;-isa=rxv1
                                 ;-optimize=0
                                 ;-fpu
                                 ;-alias=noansi
                                 ;-nologo
                                 ;-nomessage
                                 ;-define=__RX,COMPACTAXP=0,EASYMAK=1,MOBILE=0,FREE_RTOS_PP
                                 ;ut_state_config_manual.c
                                 
                                 		.glb	_configsVar
                                 		.glb	_configs_manual
                                 		.glb	_zerar_peca
                                 		.glb	_homming_eixos
                                 		.glb	_zerar_maquina
                                 		.glb	_ut_state_config_manual_menu
                                 		.glb	_ut_menu_init
                                 		.glb	_ut_menu_browse
                                 		.glb	_ut_lcd_output_warning
                                 		.glb	_vTaskDelay
                                 		.glb	_delay_esc
                                 ;LineNo. C-SOURCE STATEMENT
                                 
                                 		.SECTION	P,CODE
00000000                         __$init:
                                 		.STACK	__$init=8
                                 ;       1 /*
                                 ;       2  * ut_state_config_menu.c
                                 ;       3  *
                                 ;       4  *  Created on: Dec 6, 2015
                                 ;       5  *      Author: Fernando
                                 ;       6  */
                                 ;       7 
                                 ;       8 #include "tinyg.h"		// #1
                                 ;       9 #include "hardware.h"
                                 ;      10 #include "planner.h"
                                 ;      11 
                                 ;      12 #include "ut_context.h"
                                 ;      13 #include "ut_state.h"
                                 ;      14 #include "ut_state_config_var.h"
                                 ;      15 #include "interpreter_if.h"
                                 ;      16 #include "eeprom.h"
                                 ;      17 #include "macros.h"
                                 ;      18 #include "state_functions.h"
                                 ;      19 
                                 ;      20 #include "FreeRTOS.h"
                                 ;      21 #include "task.h"
                                 ;      22 #include "keyboard.h"
                                 ;      23 
                                 ;      24 #include "keyboard.h"
                                 ;      25 #include "interpreter_if.h"
                                 ;      26 
                                 ;      27 #include "lcd.h"
                                 ;      28 #include "lcd_menu.h"
                                 ;      29 
                                 ;      30 #define DEFAULT_CONFIG_TIMEOUT	portMAX_DELAY
                                 ;      31 
                                 ;      32 extern TaskHandle_t xCncTaskHandle;
                                 ;      33 
                                 ;      34 /* Array with all config variables */
                                 ;      35 ut_config_var configs_manual[CONFIG_MANUAL_MAX];
                                 ;      36 static bool initialized = false;
                                 ;      37 static float zeroPiecebuffer[3] = {0,0,0};
                                 ;      38 
                                 ;      39 static const ut_state geNextStateManual[6] =
                                 ;      40 {
                                 ;      41 	STATE_MANUAL_MODE,
                                 ;      42 	STATE_CONFIG_JOG,
                                 ;      43 	STATE_CONFIG_VAR,
                                 ;      44 	STATE_CONFIG_VAR,
                                 ;      45 	STATE_CONFIG_VAR,
                                 ;      46 	STATE_MAIN_MENU
                                 ;      47 };
                                 ;      48 
                                 ;      49 /* Initial values for each config variable */
                                 ;      50 static ut_config_type init_types[CONFIG_MANUAL_MAX] =
                                 ;      51 {
                                 ;      52 	UT_CONFIG_NULL,
                                 ;      53 	UT_CONFIG_BOOL,
                                 ;      54 	UT_CONFIG_BOOL,
                                 ;      55 	UT_CONFIG_BOOL,
                                 ;      56 	UT_CONFIG_BOOL
                                 ;      57 };
                                 ;      58 
                                 ;      59 static uint32_t init_values[CONFIG_MANUAL_MAX] =
                                 ;      60 {
                                 ;      61 	0,
                                 ;      62 	0,
                                 ;      63 	0,
                                 ;      64 	0,
                                 ;      65 	0
                                 ;      66 };
                                 ;      67 
                                 ;      68 static char* init_names[CONFIG_MANUAL_MAX] =
                                 ;      69 {
                                 ;      70 	" MODO MANUAL",
                                 ;      71 	" VELOCIDADE MANUAL",
                                 ;      72 	" ZERAR PEÇA",
                                 ;      73 	" DESLOCAR - ZERO PEÇA",
                                 ;      74 	" ZERAR MÁQUINA",
                                 ;      75 };
                                 ;      76 
                                 ;      77 static var_func init_func[CONFIG_MANUAL_MAX] =
                                 ;      78 {
                                 ;      79 	0,
                                 ;      80 	0,
                                 ;      81 	zerar_peca,
                                 ;      82 	homming_eixos,
                                 ;      83 	zerar_maquina,
                                 ;      84 };
                                 ;      85 
                                 ;      86 static const char* gszConfigMenuTitle = "CONFIG. MANUAL";
                                 ;      87 
                                 ;      88 /**
                                 ;      89  * Initialize config array
                                 ;      90  */
                                 ;      91 static void init()
                                 		.LINE  "C:\Workspace\e2studio\git\MT01_master\src\states\ut_state_config_manual.c",91
00000000 6040                    		SUB #04H, R0
                                 ;      92 {
                                 ;      93 	uint8_t i;
                                 ;      94 
                                 ;      95 	/* Check if already initialized */
                                 ;      96 	if(initialized) {
                                 		.LINE  "C:\Workspace\e2studio\git\MT01_master\src\states\ut_state_config_manual.c",96
00000002 FBE2rrrrrrrr            		MOV.L #__$initialized, R14
00000008 58EE                    		MOVU.B [R14], R14
0000000A 610E                    		CMP #00H, R14
0000000C 20rr                    		BEQ L25
0000000E                         L22:	; bb2
                                 ;      97 		for(i = 0; i < CONFIG_MANUAL_MAX; i++)
                                 		.LINE  "C:\Workspace\e2studio\git\MT01_master\src\states\ut_state_config_manual.c",97
0000000E 3C0300                  		MOV.B #00H, 03H[R0]
00000011 2Err                 B  		BRA L24
00000013                         L23:	; bb3
                                 ;      98 		{
                                 ;      99 			configs_manual[i].name = init_names[i];
                                 		.LINE  "C:\Workspace\e2studio\git\MT01_master\src\states\ut_state_config_manual.c",99
00000013 B089                    		MOVU.B 03H[R0], R1
00000015 FBE2rrrrrrrr            		MOV.L #__$init_names, R14
0000001B FE61E2                  		MOV.L [R1,R14], R2
0000001E 75112C                  		MUL #2CH, R1
00000021 FB32rrrrrrrr            		MOV.L #_configs_manual, R3
00000027 4B13                    		ADD R1, R3
00000029 A1BA                    		MOV.L R2, 1CH[R3]
0000002B B089                    		MOVU.B 03H[R0], R1
0000002D 6211                    		ADD #01H, R1
0000002F 8089                    		MOV.B R1, 03H[R0]
00000031                         L24:	; bb13
                                 		.LINE  "C:\Workspace\e2studio\git\MT01_master\src\states\ut_state_config_manual.c",97
00000031 B089                    		MOVU.B 03H[R0], R1
00000033 6151                    		CMP #05H, R1
00000035 29rr                    		BLT L23
00000037 38rrrr               W  		BRA L35
0000003A                         L25:	; bb25
0000003A 7543DC                  		MOV.L #000000DCH, R3
0000003D 6602                    		MOV.L #00000000H, R2
                                 ;     100 		}
                                 ;     101 		return;
                                 ;     102 	}
                                 ;     103 
                                 ;     104 	/* Zero all values */
                                 ;     105 	memset(configs_manual, 0, sizeof(configs_manual));
                                 		.LINE  "C:\Workspace\e2studio\git\MT01_master\src\states\ut_state_config_manual.c",105
0000003F FB12rrrrrrrr            		MOV.L #_configs_manual, R1
00000045 7F88                    		SSTR.B
00000047                         L26:	; bb25.split
                                 ;     106 
                                 ;     107 	/* Initialize all variables */
                                 ;     108 	for(i = 0; i < CONFIG_MANUAL_MAX; i++)
                                 		.LINE  "C:\Workspace\e2studio\git\MT01_master\src\states\ut_state_config_manual.c",108
00000047 3C0300                  		MOV.B #00H, 03H[R0]
0000004A 38rrrr               W  		BRA L33
0000004D                         L27:	; bb26
                                 ;     109 	{
                                 ;     110 		configs_manual[i].type = init_types[i];
                                 		.LINE  "C:\Workspace\e2studio\git\MT01_master\src\states\ut_state_config_manual.c",110
0000004D B089                    		MOVU.B 03H[R0], R1
0000004F FBE2rrrrrrrr            		MOV.L #__$init_types, R14
00000055 FE61EE                  		MOV.L [R1,R14], R14
00000058 75112C                  		MUL #2CH, R1
0000005B FBF2rrrrrrrr            		MOV.L #_configs_manual, R15
00000061 4B1F                    		ADD R1, R15
00000063 E3FE                    		MOV.L R14, [R15]
00000065                         L28:	; bb26.split
                                 ;     111 		configs_manual[i].value = &init_values[i];
                                 		.LINE  "C:\Workspace\e2studio\git\MT01_master\src\states\ut_state_config_manual.c",111
00000065 B089                    		MOVU.B 03H[R0], R1
00000067 EF1E                    		MOV.L R1, R14
00000069 751E2C                  		MUL #2CH, R14
0000006C FB22rrrrrrrr            		MOV.L #_configs_manual, R2
00000072 4BE2                    		ADD R14, R2
00000074 6C21                    		SHLL #02H, R1
00000076 FB32rrrrrrrr            		MOV.L #__$init_values, R3
0000007C 4B13                    		ADD R1, R3
0000007E A02B                    		MOV.L R3, 04H[R2]
00000080                         L29:	; bb26.split1
                                 ;     112 		configs_manual[i].name = init_names[i];
                                 		.LINE  "C:\Workspace\e2studio\git\MT01_master\src\states\ut_state_config_manual.c",112
00000080 B089                    		MOVU.B 03H[R0], R1
00000082 FBE2rrrrrrrr            		MOV.L #__$init_names, R14
00000088 FE61E2                  		MOV.L [R1,R14], R2
0000008B 75112C                  		MUL #2CH, R1
0000008E FB32rrrrrrrr            		MOV.L #_configs_manual, R3
00000094 4B13                    		ADD R1, R3
00000096 A1BA                    		MOV.L R2, 1CH[R3]
00000098                         L30:	; bb26.split2
                                 ;     113 		configs_manual[i].func_var = init_func[i];
                                 		.LINE  "C:\Workspace\e2studio\git\MT01_master\src\states\ut_state_config_manual.c",113
00000098 B089                    		MOVU.B 03H[R0], R1
0000009A FBE2rrrrrrrr            		MOV.L #__$init_func, R14
000000A0 FE61E2                  		MOV.L [R1,R14], R2
000000A3 75112C                  		MUL #2CH, R1
000000A6 FB32rrrrrrrr            		MOV.L #_configs_manual, R3
000000AC 4B13                    		ADD R1, R3
000000AE A2B2                    		MOV.L R2, 28H[R3]
000000B0                         L31:	; bb26.split3
                                 ;     114 		configs_manual[i].currentState = STATE_CONFIG_MANUAL_MODE;
                                 		.LINE  "C:\Workspace\e2studio\git\MT01_master\src\states\ut_state_config_manual.c",114
000000B0 B089                    		MOVU.B 03H[R0], R1
000000B2 75112C                  		MUL #2CH, R1
000000B5 FB22rrrrrrrr            		MOV.L #_configs_manual, R2
000000BB 4B12                    		ADD R1, R2
000000BD 3E2806                  		MOV.L #00000006H, 20H[R2]
000000C0                         L32:	; bb26.split4
                                 ;     115 		configs_manual[i].currentItem = i;
                                 		.LINE  "C:\Workspace\e2studio\git\MT01_master\src\states\ut_state_config_manual.c",115
000000C0 B089                    		MOVU.B 03H[R0], R1
000000C2 EF1E                    		MOV.L R1, R14
000000C4 751E2C                  		MUL #2CH, R14
000000C7 FBF2rrrrrrrr            		MOV.L #_configs_manual, R15
000000CD 4BEF                    		ADD R14, R15
000000CF C7F124                  		MOV.B R1, 24H[R15]
000000D2 B089                    		MOVU.B 03H[R0], R1
000000D4 6211                    		ADD #01H, R1
000000D6 8089                    		MOV.B R1, 03H[R0]
000000D8                         L33:	; bb70
                                 		.LINE  "C:\Workspace\e2studio\git\MT01_master\src\states\ut_state_config_manual.c",108
000000D8 B089                    		MOVU.B 03H[R0], R1
000000DA 6151                    		CMP #05H, R1
000000DC 28rr                  * 		BLT L27
         38rrrr                  
000000E1                         L34:	; bb76
                                 ;     116 	}
                                 ;     117 
                                 ;     118 	initialized = true;
                                 		.LINE  "C:\Workspace\e2studio\git\MT01_master\src\states\ut_state_config_manual.c",118
000000E1 FBE2rrrrrrrr            		MOV.L #__$initialized, R14
000000E7 F8E401                  		MOV.B #01H, [R14]
000000EA 6701                    		RTSD #04H
000000EC                         L35:	; return
                                 ;     119 }
                                 		.LINE  "C:\Workspace\e2studio\git\MT01_master\src\states\ut_state_config_manual.c",119
000000EC 6701                    		RTSD #04H
000000EE                         _ut_state_config_manual_menu:
                                 		.STACK	_ut_state_config_manual_menu=440
                                 ;     120 
                                 ;     121 /**
                                 ;     122  * Shows a configuration menu for the machine.
                                 ;     123  *
                                 ;     124  * @param pContext Context object
                                 ;     125  * @return Main menu state
                                 ;     126  */
                                 ;     127 //ut_state ut_state_config_manual_menu(ut_context* pContext)
                                 ;     128 ut_state ut_state_config_manual_menu(ut_context* pContext)
                                 		.LINE  "C:\Workspace\e2studio\git\MT01_master\src\states\ut_state_config_manual.c",128
000000EE 72004CFE                		ADD #0FFFFFE4CH, R0
000000F2 E7016C                  		MOV.L R1, 01B0H[R0]
                                 ;     129 {
                                 ;     130 	ut_menu config_menu;
                                 ;     131 	uint8_t i;
                                 ;     132 
                                 ;     133 	/* Initialize variables */
                                 ;     134 	init();
                                 		.LINE  "C:\Workspace\e2studio\git\MT01_master\src\states\ut_state_config_manual.c",134
000000F5 39rrrr               W  		BSR __$init
000000F8                         L37:	; entry.split
000000F8 710104                  		ADD #04H, R0, R1
                                 ;     135 
                                 ;     136 	/* Initialize menu */
                                 ;     137 	ut_menu_init(&config_menu);
                                 		.LINE  "C:\Workspace\e2studio\git\MT01_master\src\states\ut_state_config_manual.c",137
000000FB 05rrrrrr             A  		BSR _ut_menu_init
000000FF                         L38:	; entry.split1
                                 ;     138 	config_menu.currentState = STATE_CONFIG_MANUAL_MODE;
                                 		.LINE  "C:\Workspace\e2studio\git\MT01_master\src\states\ut_state_config_manual.c",138
000000FF F9066906                		MOV.L #00000006H, 01A4H[R0]
00000103                         L39:	; entry.split2
                                 ;     139 	/* Options */
                                 ;     140 	config_menu.title = gszConfigMenuTitle;
                                 		.LINE  "C:\Workspace\e2studio\git\MT01_master\src\states\ut_state_config_manual.c",140
00000103 FBE2rrrrrrrr            		MOV.L #__$gszConfigMenuTitle, R14
00000109 E4E065                  		MOV.L [R14], 0194H[R0]
0000010C                         L40:	; entry.split3
                                 ;     141 
                                 ;     142 	/* Items */
                                 ;     143 	for(i = 0; i < CONFIG_MANUAL_MAX; i++)
                                 		.LINE  "C:\Workspace\e2studio\git\MT01_master\src\states\ut_state_config_manual.c",143
0000010C FA04AB0100              		MOV.B #00H, 01ABH[R0]
00000111 2Err                 B  		BRA L42
00000113                         L41:	; bb
                                 ;     144 	{
                                 ;     145 		config_menu.items[config_menu.numItems++].text = configs_manual[i].name;
                                 		.LINE  "C:\Workspace\e2studio\git\MT01_master\src\states\ut_state_config_manual.c",145
00000113 5D0ECD                  		MOVU.W 019AH[R0], R14
00000116 751E14                  		MUL #14H, R14
00000119 710F04                  		ADD #04H, R0, R15
0000011C 4BEF                    		ADD R14, R15
0000011E 5A01AB01                		MOVU.B 01ABH[R0], R1
00000122 75112C                  		MUL #2CH, R1
00000125 FBE2rrrrrrrr            		MOV.L #_configs_manual, R14
0000012B 4B1E                    		ADD R1, R14
0000012D E5EF0703                		MOV.L 1CH[R14], 0CH[R15]
00000131 DD0ECD                  		MOV.W 019AH[R0], R14
00000134 621E                    		ADD #01H, R14
00000136 D70ECD                  		MOV.W R14, 019AH[R0]
00000139 5A01AB01                		MOVU.B 01ABH[R0], R1
0000013D 6211                    		ADD #01H, R1
0000013F CB01AB01                		MOV.B R1, 01ABH[R0]
00000143                         L42:	; bb23
                                 		.LINE  "C:\Workspace\e2studio\git\MT01_master\src\states\ut_state_config_manual.c",143
00000143 5A01AB01                		MOVU.B 01ABH[R0], R1
00000147 6151                    		CMP #05H, R1
00000149 29rr                    		BLT L41
0000014B                         L43:	; bb28
                                 ;     146 	}
                                 ;     147 
                                 ;     148 	/* Show menu */
                                 ;     149 	config_menu.selectedItem = 0;
                                 		.LINE  "C:\Workspace\e2studio\git\MT01_master\src\states\ut_state_config_manual.c",149
0000014B F905CC00                		MOV.W #0000H, 0198H[R0]
0000014F                         L44:	; bb28.split
0000014F FB26FF                  		MOV.L #0FFFFFFFFH, R2
00000152 710104                  		ADD #04H, R0, R1
                                 ;     150 	if(ut_menu_browse(&config_menu, DEFAULT_CONFIG_TIMEOUT) < 0)
                                 		.LINE  "C:\Workspace\e2studio\git\MT01_master\src\states\ut_state_config_manual.c",150
00000155 05rrrrrr             A  		BSR _ut_menu_browse
00000159 69F1                    		SHLR #1FH, R1
0000015B 6101                    		CMP #00H, R1
0000015D 10                   S  		BEQ L46
0000015E                         L45:	; bb31
                                 ;     151 	{
                                 ;     152 		return STATE_MAIN_MENU;
                                 		.LINE  "C:\Workspace\e2studio\git\MT01_master\src\states\ut_state_config_manual.c",152
0000015E F80602                  		MOV.L #00000002H, [R0]
00000161 38rrrr               W  		BRA L68
00000164                         L46:	; bb38
                                 ;     153 	}
                                 ;     154 
                                 ;     155 	configsVar = &configs_manual[config_menu.selectedItem];
                                 		.LINE  "C:\Workspace\e2studio\git\MT01_master\src\states\ut_state_config_manual.c",155
00000164 5D0ECC                  		MOVU.W 0198H[R0], R14
00000167 751E2C                  		MUL #2CH, R14
0000016A FBF2rrrrrrrr            		MOV.L #_configs_manual, R15
00000170 4BEF                    		ADD R14, R15
00000172 FBE2rrrrrrrr            		MOV.L #_configsVar, R14
00000178 E3EF                    		MOV.L R15, [R14]
0000017A                         L47:	; bb38.split
                                 ;     156 	switch(config_menu.selectedItem)
                                 		.LINE  "C:\Workspace\e2studio\git\MT01_master\src\states\ut_state_config_manual.c",156
0000017A 5D0ECC                  		MOVU.W 0198H[R0], R14
0000017D 614E                    		CMP #04H, R14
0000017F 20rr                    		BEQ L57
00000181                         L48:	; bb38.split
00000181 613E                    		CMP #03H, R14
00000183 3Brrrr               W  		BNE L65
00000186                         L49:	; bb46
                                 ;     157 	{
                                 ;     158 		case CONFIG_MANUAL_DESLOCAR_ZERO:
                                 ;     159 //			if ((mp_get_runtime_absolute_position(0) == AXIS_X) && (mp_get_runtime_absolute_position(AXIS_Y) == 0)	)
                                 ;     160 //			{
                                 ;     161 //				ut_lcd_output_warning("MÁQUINA\nESTÁ NO\nZERO PEÇA\n");
                                 ;     162 //				/* Delay */
                                 ;     163 //				vTaskDelay(1000 / portTICK_PERIOD_MS);
                                 ;     164 //				return STATE_CONFIG_AUTO_MODE;
                                 ;     165 //			}
                                 ;     166 			ut_lcd_output_warning("CUIDADO!!!\nMOVIMENTO\nAUTOMÁTICO\n");
                                 		.LINE  "C:\Workspace\e2studio\git\MT01_master\src\states\ut_state_config_manual.c",166
00000186 FB12rrrrrrrr            		MOV.L #_L16, R1
0000018C 05rrrrrr             A  		BSR _ut_lcd_output_warning
00000190                         L50:	; bb46.split
00000190 FB1AD007                		MOV.L #000007D0H, R1
                                 ;     167 			if(delay_esc(2000) == KEY_ESC)
                                 		.LINE  "C:\Workspace\e2studio\git\MT01_master\src\states\ut_state_config_manual.c",167
00000194 05rrrrrr             A  		BSR _delay_esc
00000198 6111                    		CMP #01H, R1
0000019A 21rr                    		BNE L54
0000019C                         L51:	; bb48
                                 ;     168 			{
                                 ;     169 				ut_lcd_output_warning("COMANDO\nCANCELADO\n");
                                 		.LINE  "C:\Workspace\e2studio\git\MT01_master\src\states\ut_state_config_manual.c",169
0000019C FB12rrrrrrrr            		MOV.L #_L17, R1
000001A2 05rrrrrr             A  		BSR _ut_lcd_output_warning
000001A6                         L52:	; bb48.split
000001A6 FB1AE803                		MOV.L #000003E8H, R1
                                 ;     170 				/* Delay */
                                 ;     171 				vTaskDelay(1000 / portTICK_PERIOD_MS);
                                 		.LINE  "C:\Workspace\e2studio\git\MT01_master\src\states\ut_state_config_manual.c",171
000001AA 05rrrrrr             A  		BSR _vTaskDelay
000001AE                         L53:	; bb48.split4
                                 ;     172 				return STATE_CONFIG_AUTO_MODE;
                                 		.LINE  "C:\Workspace\e2studio\git\MT01_master\src\states\ut_state_config_manual.c",172
000001AE F80608                  		MOV.L #00000008H, [R0]
000001B1 38rrrr               W  		BRA L68
000001B4                         L54:	; bb54
                                 ;     173 			}
                                 ;     174 			configsVar->name = "DESEJA CONTINUAR?";
                                 		.LINE  "C:\Workspace\e2studio\git\MT01_master\src\states\ut_state_config_manual.c",174
000001B4 FBE2rrrrrrrr            		MOV.L #_configsVar, R14
000001BA ECE1                    		MOV.L [R14], R1
000001BC FB22rrrrrrrr            		MOV.L #_L18, R2
000001C2 A19A                    		MOV.L R2, 1CH[R1]
000001C4                         L55:	; bb54.split
                                 ;     175 			pContext->value[0] = STATE_CONFIG_MANUAL_MODE;
                                 		.LINE  "C:\Workspace\e2studio\git\MT01_master\src\states\ut_state_config_manual.c",175
000001C4 ED016C                  		MOV.L 01B0H[R0], R1
000001C7 3C1206                  		MOV.B #06H, 02H[R1]
000001CA                         L56:	; bb54.split5
                                 ;     176 			pContext->value[1] = STATE_DESLOCAZERO_MODE;
                                 		.LINE  "C:\Workspace\e2studio\git\MT01_master\src\states\ut_state_config_manual.c",176
000001CA ED016C                  		MOV.L 01B0H[R0], R1
000001CD 3C130E                  		MOV.B #0EH, 03H[R1]
000001D0 2Err                 B  		BRA L67
000001D2                         L57:	; bb65
                                 ;     177 			break;
                                 ;     178 		case CONFIG_MANUAL_ZERAR_MAQUINA:
                                 ;     179 			ut_lcd_output_warning("DEVE ESTAR NOS\nLIMITES FISICOS\nX0 E Y0\n");
                                 		.LINE  "C:\Workspace\e2studio\git\MT01_master\src\states\ut_state_config_manual.c",179
000001D2 FB12rrrrrrrr            		MOV.L #_L19, R1
000001D8 05rrrrrr             A  		BSR _ut_lcd_output_warning
000001DC                         L58:	; bb65.split
000001DC FB1AD007                		MOV.L #000007D0H, R1
                                 ;     180 			if(delay_esc(2000) == KEY_ESC)
                                 		.LINE  "C:\Workspace\e2studio\git\MT01_master\src\states\ut_state_config_manual.c",180
000001E0 05rrrrrr             A  		BSR _delay_esc
000001E4 6111                    		CMP #01H, R1
000001E6 21rr                    		BNE L62
000001E8                         L59:	; bb67
                                 ;     181 			{
                                 ;     182 				ut_lcd_output_warning("COMANDO\nCANCELADO\n");
                                 		.LINE  "C:\Workspace\e2studio\git\MT01_master\src\states\ut_state_config_manual.c",182
000001E8 FB12rrrrrrrr            		MOV.L #_L17, R1
000001EE 05rrrrrr             A  		BSR _ut_lcd_output_warning
000001F2                         L60:	; bb67.split
000001F2 FB1AE803                		MOV.L #000003E8H, R1
                                 ;     183 				/* Delay */
                                 ;     184 				vTaskDelay(1000 / portTICK_PERIOD_MS);
                                 		.LINE  "C:\Workspace\e2studio\git\MT01_master\src\states\ut_state_config_manual.c",184
000001F6 05rrrrrr             A  		BSR _vTaskDelay
000001FA                         L61:	; bb67.split6
                                 ;     185 				return STATE_CONFIG_AUTO_MODE;
                                 		.LINE  "C:\Workspace\e2studio\git\MT01_master\src\states\ut_state_config_manual.c",185
000001FA F80608                  		MOV.L #00000008H, [R0]
000001FD 2Err                 B  		BRA L68
000001FF                         L62:	; bb73
                                 ;     186 			}
                                 ;     187 			configsVar->name = "ZERAR A MÁQUINA?";
                                 		.LINE  "C:\Workspace\e2studio\git\MT01_master\src\states\ut_state_config_manual.c",187
000001FF FBE2rrrrrrrr            		MOV.L #_configsVar, R14
00000205 ECE1                    		MOV.L [R14], R1
00000207 FB22rrrrrrrr            		MOV.L #_L20, R2
0000020D A19A                    		MOV.L R2, 1CH[R1]
0000020F                         L63:	; bb73.split
                                 ;     188 			pContext->value[0] = STATE_CONFIG_MANUAL_MODE;
                                 		.LINE  "C:\Workspace\e2studio\git\MT01_master\src\states\ut_state_config_manual.c",188
0000020F ED016C                  		MOV.L 01B0H[R0], R1
00000212 3C1206                  		MOV.B #06H, 02H[R1]
00000215                         L64:	; bb73.split7
                                 ;     189 			pContext->value[1] = STATE_CONFIG_MANUAL_MODE;
                                 		.LINE  "C:\Workspace\e2studio\git\MT01_master\src\states\ut_state_config_manual.c",189
00000215 ED016C                  		MOV.L 01B0H[R0], R1
00000218 3C1306                  		MOV.B #06H, 03H[R1]
0000021B 2Err                 B  		BRA L67
0000021D                         L65:	; bb84
                                 ;     190 			break;
                                 ;     191 		default:
                                 ;     192 			pContext->value[0] = STATE_CONFIG_MANUAL_MODE;
                                 		.LINE  "C:\Workspace\e2studio\git\MT01_master\src\states\ut_state_config_manual.c",192
0000021D ED016C                  		MOV.L 01B0H[R0], R1
00000220 3C1206                  		MOV.B #06H, 02H[R1]
00000223                         L66:	; bb84.split
                                 ;     193 			pContext->value[1] = STATE_CONFIG_MANUAL_MODE;
                                 		.LINE  "C:\Workspace\e2studio\git\MT01_master\src\states\ut_state_config_manual.c",193
00000223 ED016C                  		MOV.L 01B0H[R0], R1
00000226 3C1306                  		MOV.B #06H, 03H[R1]
00000229                         L67:	; bb93
                                 ;     194 	}
                                 ;     195 
                                 ;     196 	return geNextStateManual[config_menu.selectedItem];
                                 		.LINE  "C:\Workspace\e2studio\git\MT01_master\src\states\ut_state_config_manual.c",196
00000229 FBE2rrrrrrrr            		MOV.L #__$geNextStateManual, R14
0000022F 5D0FCC                  		MOVU.W 0198H[R0], R15
00000232 FE6FE1                  		MOV.L [R15,R14], R1
00000235 E301                    		MOV.L R1, [R0]
00000237                         L68:	; bb100
00000237 EC01                    		MOV.L [R0], R1
00000239 E7016B                  		MOV.L R1, 01ACH[R0]
                                 ;     197 }
                                 		.LINE  "C:\Workspace\e2studio\git\MT01_master\src\states\ut_state_config_manual.c",197
0000023C 676D                    		RTSD #01B4H
                                 		.SECTION	C,ROMDATA,ALIGN=4
00000000                         __$geNextStateManual:
00000000 0D000000                		.lword	0000000DH
00000004 07000000                		.lword	00000007H
00000008 0C000000                		.lword	0000000CH
0000000C 0C000000                		.lword	0000000CH
00000010 0C000000                		.lword	0000000CH
00000014 02000000                		.lword	00000002H
                                 		.SECTION	L,ROMDATA,ALIGN=4
00000000                         _L10:
00000000 204D4F44                		.byte	" MODO MANUAL"
         4F204D41                
         4E55414C                
0000000C 00                      		.byte	00H
0000000D                         _L11:
0000000D 2056454C                		.byte	" VELOCIDADE MANUAL"
         4F434944                
         41444520                
         4D414E55                
         414C                    
0000001F 00                      		.byte	00H
00000020                         _L12:
00000020 205A4552                		.byte	" ZERAR PE"
         41522050                
         45                      
00000029 C7                      		.byte	0C7H
0000002A 41                      		.byte	"A"
0000002B 00                      		.byte	00H
0000002C                         _L13:
0000002C 20444553                		.byte	" DESLOCAR - ZERO PE"
         4C4F4341                
         52202D20                
         5A45524F                
         205045                  
0000003F C7                      		.byte	0C7H
00000040 41                      		.byte	"A"
00000041 00                      		.byte	00H
00000042                         _L14:
00000042 205A4552                		.byte	" ZERAR M"
         4152204D                
0000004A C1                      		.byte	0C1H
0000004B 5155494E                		.byte	"QUINA"
         41                      
00000050 00                      		.byte	00H
00000051                         _L15:
00000051 434F4E46                		.byte	"CONFIG. MANUAL"
         49472E20                
         4D414E55                
         414C                    
0000005F 00                      		.byte	00H
00000060                         _L16:
00000060 43554944                		.byte	"CUIDADO!!!"
         41444F21                
         2121                    
0000006A 0A                      		.byte	0AH
0000006B 4D4F5649                		.byte	"MOVIMENTO"
         4D454E54                
         4F                      
00000074 0A                      		.byte	0AH
00000075 4155544F                		.byte	"AUTOM"
         4D                      
0000007A C1                      		.byte	0C1H
0000007B 5449434F                		.byte	"TICO"
0000007F 0A00                    		.byte	0AH,00H
00000081                         _L17:
00000081 434F4D41                		.byte	"COMANDO"
         4E444F                  
00000088 0A                      		.byte	0AH
00000089 43414E43                		.byte	"CANCELADO"
         454C4144                
         4F                      
00000092 0A00                    		.byte	0AH,00H
00000094                         _L18:
00000094 44455345                		.byte	"DESEJA CONTINUAR?"
         4A412043                
         4F4E5449                
         4E554152                
         3F                      
000000A5 00                      		.byte	00H
000000A6                         _L19:
000000A6 44455645                		.byte	"DEVE ESTAR NOS"
         20455354                
         4152204E                
         4F53                    
000000B4 0A                      		.byte	0AH
000000B5 4C494D49                		.byte	"LIMITES FISICOS"
         54455320                
         46495349                
         434F53                  
000000C4 0A                      		.byte	0AH
000000C5 58302045                		.byte	"X0 E Y0"
         205930                  
000000CC 0A00                    		.byte	0AH,00H
000000CE                         _L20:
000000CE 5A455241                		.byte	"ZERAR A M"
         52204120                
         4D                      
000000D7 C1                      		.byte	0C1H
000000D8 5155494E                		.byte	"QUINA?"
         413F                    
000000DE 00                      		.byte	00H
                                 		.SECTION	D,ROMDATA,ALIGN=4
00000000                         __$init_types:
00000000 02000000                		.lword	00000002H
00000004 01000000                		.lword	00000001H
00000008 01000000                		.lword	00000001H
0000000C 01000000                		.lword	00000001H
00000010 01000000                		.lword	00000001H
00000014                         __$init_values:
00000014 00                      		.byte	0
00000015 00                      		.byte	0
00000016 00                      		.byte	0
00000017 00                      		.byte	0
00000018 00                      		.byte	0
00000019 00                      		.byte	0
0000001A 00                      		.byte	0
0000001B 00                      		.byte	0
0000001C 00                      		.byte	0
0000001D 00                      		.byte	0
0000001E 00                      		.byte	0
0000001F 00                      		.byte	0
00000020 00                      		.byte	0
00000021 00                      		.byte	0
00000022 00                      		.byte	0
00000023 00                      		.byte	0
00000024 00                      		.byte	0
00000025 00                      		.byte	0
00000026 00                      		.byte	0
00000027 00                      		.byte	0
00000028                         __$init_names:
00000028 rrrrrrrr                		.lword	_L10
0000002C rrrrrrrr                		.lword	_L11
00000030 rrrrrrrr                		.lword	_L12
00000034 rrrrrrrr                		.lword	_L13
00000038 rrrrrrrr                		.lword	_L14
0000003C                         __$init_func:
0000003C 00000000                		.lword	00000000H
00000040 00000000                		.lword	00000000H
00000044 rrrrrrrr                		.lword	_zerar_peca
00000048 rrrrrrrr                		.lword	_homming_eixos
0000004C rrrrrrrr                		.lword	_zerar_maquina
00000050                         __$gszConfigMenuTitle:
00000050 rrrrrrrr                		.lword	_L15
                                 		.SECTION	D_1,ROMDATA
00000000                         __$initialized:
00000000 00                      		.byte	00H
                                 		.SECTION	B,DATA,ALIGN=4
00000000                         _configs_manual:
00000000(000000DCH)              		.blkl	55
                                 		.END

Information List

TOTAL ERROR(S)    00000
TOTAL WARNING(S)  00000
TOTAL LINE(S)     00623   LINES

Section List

Attr         Size               Name
CODE     0000000574(0000023EH)  P
ROMDATA  0000000024(00000018H)  C
ROMDATA  0000000223(000000DFH)  L
ROMDATA  0000000084(00000054H)  D
ROMDATA  0000000001(00000001H)  D_1
DATA     0000000220(000000DCH)  B

Cpu Type

-ISA=RXV1 -FPU

Command Parameter

-subcommand=C:\Users\LAFONS~1\AppData\Local\Temp\$ccrx124\$ccrx\ut_state_config_manual.src.cmd
    -nologo
    -isa=rxv1
    -fpu
    -show=conditionals,definitions,expansions
    -define=__RXV1=1
    -fint_register=0
    -debug
    -endian=little
-listfile=C:\Workspace\e2studio\git\MT01_master\MT01_build\ut_state_config_manual.lst
-output=C:\Workspace\e2studio\git\MT01_master\MT01_build\src\states\ut_state_config_manual.obj
