* RX FAMILY ASSEMBLER V2.03.00.01 [24 Oct 2014] *  SOURCE LIST  Mon Mar 20 17:11:32 2017

LOC.     OBJ.              0XMDA SOURCE STATEMENT

                                 ;RX Family C/C++ Compiler (V2.03.00.03 [04 Dec 2014])  20-Mar-2017 17:11:32
                                 
                                 ;*** CPU TYPE ***
                                 
                                 ;-ISA=RXV1
                                 
                                 ;*** COMMAND PARAMETER ***
                                 
                                 ;-output=src=ut_state_maq_model.src
                                 ;-lang=c99
                                 ;-include=C:\PROGRA~2\Renesas\RX\2_3_0/include,C:\Workspace\e2studio\git\MT01_master\r_lvd_rx,C:\Workspace\e2studio\git\MT01_master\r_lvd_rx\src,C:/Workspace/e2studio/
                                 ;-debug
                                 ;-show=source,conditionals,definitions,expansions
                                 ;-listfile=ut_state_maq_model.lst
                                 ;-isa=rxv1
                                 ;-optimize=0
                                 ;-fpu
                                 ;-alias=noansi
                                 ;-nologo
                                 ;-nomessage
                                 ;-define=__RX,COMPACTAXP=0,EASYMAK=1,MOBILE=0,FREE_RTOS_PP
                                 ;ut_state_maq_model.c
                                 
                                 		.glb	_configsVar
                                 		.glb	_g_maq
                                 		.glb	_configs_model
                                 		.glb	_ut_state_config_maq_model
                                 		.glb	_ut_menu_init
                                 		.glb	_ut_menu_browse
                                 		.glb	_ut_state_config_var
                                 		.glb	_eepromFormat
                                 		.glb	_machine_type_write
                                 		.glb	_check_machine_type
                                 		.glb	_R_BSP_RegisterProtectDisable
                                 ;LineNo. C-SOURCE STATEMENT
                                 
                                 		.SECTION	P,CODE
00000000                         __$init:
                                 		.STACK	__$init=8
                                 ;       1 /*
                                 ;       2  * ut_state_config_menu.c
                                 ;       3  *
                                 ;       4  *  Created on: Dec 6, 2015
                                 ;       5  *      Author: Fernando
                                 ;       6  */
                                 ;       7 
                                 ;       8 #include "tinyg.h"		// #1
                                 ;       9 #include "hardware.h"
                                 ;      10 #include "planner.h"
                                 ;      11 
                                 ;      12 #include "ut_context.h"
                                 ;      13 #include "ut_state.h"
                                 ;      14 #include "ut_state_config_var.h"
                                 ;      15 #include "interpreter_if.h"
                                 ;      16 #include "eeprom.h"
                                 ;      17 #include "macros.h"
                                 ;      18 
                                 ;      19 #include "FreeRTOS.h"
                                 ;      20 #include "task.h"
                                 ;      21 
                                 ;      22 #include "keyboard.h"
                                 ;      23 #include "interpreter_if.h"
                                 ;      24 
                                 ;      25 #include "lcd.h"
                                 ;      26 #include "lcd_menu.h"
                                 ;      27 
                                 ;      28 #define DEFAULT_CONFIG_TIMEOUT	portMAX_DELAY
                                 ;      29 
                                 ;      30 /* Array with all config variables */
                                 ;      31 ut_config_var configs_model[CFG_MODEL_MAX];
                                 ;      32 static bool initialized = false;
                                 ;      33 
                                 ;      34 static char* init_names[CFG_MODEL_MAX] =
                                 ;      35 {
                                 ;      36 	" EASYMAK",
                                 ;      37 	" COMPACTAXP",
                                 ;      38 	" MOBILE"
                                 ;      39 };
                                 ;      40 
                                 ;      41 static const char* gszConfigMenuTitle = "MODELO MÁQUINA";
                                 ;      42 
                                 ;      43 /**
                                 ;      44  * Initialize config array
                                 ;      45  */
                                 ;      46 static void init()
                                 		.LINE  "C:\Workspace\e2studio\git\MT01_master\src\states\ut_state_maq_model.c",46
00000000 6040                    		SUB #04H, R0
                                 ;      47 {
                                 ;      48 	uint8_t i;
                                 ;      49 
                                 ;      50 	/* Check if already initialized */
                                 ;      51 	if(initialized) {
                                 		.LINE  "C:\Workspace\e2studio\git\MT01_master\src\states\ut_state_maq_model.c",51
00000002 FBE2rrrrrrrr            		MOV.L #__$initialized, R14
00000008 58EE                    		MOVU.B [R14], R14
0000000A 610E                    		CMP #00H, R14
0000000C 20rr                    		BEQ L24
0000000E                         L21:	; bb2
                                 ;      52 		for(i = 0; i < CFG_MODEL_MAX; i++)
                                 		.LINE  "C:\Workspace\e2studio\git\MT01_master\src\states\ut_state_maq_model.c",52
0000000E 3C0300                  		MOV.B #00H, 03H[R0]
00000011 2Err                 B  		BRA L23
00000013                         L22:	; bb3
                                 ;      53 		{
                                 ;      54 			configs_model[i].name = init_names[i];
                                 		.LINE  "C:\Workspace\e2studio\git\MT01_master\src\states\ut_state_maq_model.c",54
00000013 B089                    		MOVU.B 03H[R0], R1
00000015 FBE2rrrrrrrr            		MOV.L #__$init_names, R14
0000001B FE61E2                  		MOV.L [R1,R14], R2
0000001E 75112C                  		MUL #2CH, R1
00000021 FB32rrrrrrrr            		MOV.L #_configs_model, R3
00000027 4B13                    		ADD R1, R3
00000029 A1BA                    		MOV.L R2, 1CH[R3]
0000002B B089                    		MOVU.B 03H[R0], R1
0000002D 6211                    		ADD #01H, R1
0000002F 8089                    		MOV.B R1, 03H[R0]
00000031                         L23:	; bb13
                                 		.LINE  "C:\Workspace\e2studio\git\MT01_master\src\states\ut_state_maq_model.c",52
00000031 B089                    		MOVU.B 03H[R0], R1
00000033 6131                    		CMP #03H, R1
00000035 29rr                    		BLT L22
00000037 2Err                 B  		BRA L29
00000039                         L24:	; bb25
00000039 754384                  		MOV.L #00000084H, R3
0000003C 6602                    		MOV.L #00000000H, R2
                                 ;      55 		}
                                 ;      56 		return;
                                 ;      57 	}
                                 ;      58 	/* Zero all values */
                                 ;      59 	memset(configs_model, 0, sizeof(configs_model));
                                 		.LINE  "C:\Workspace\e2studio\git\MT01_master\src\states\ut_state_maq_model.c",59
0000003E FB12rrrrrrrr            		MOV.L #_configs_model, R1
00000044 7F88                    		SSTR.B
00000046                         L25:	; bb25.split
                                 ;      60 	for(i = 0; i < CFG_MODEL_MAX; i++)
                                 		.LINE  "C:\Workspace\e2studio\git\MT01_master\src\states\ut_state_maq_model.c",60
00000046 3C0300                  		MOV.B #00H, 03H[R0]
00000049 2Err                 B  		BRA L27
0000004B                         L26:	; bb26
                                 ;      61 	{
                                 ;      62 		configs_model[i].name = init_names[i];
                                 		.LINE  "C:\Workspace\e2studio\git\MT01_master\src\states\ut_state_maq_model.c",62
0000004B B089                    		MOVU.B 03H[R0], R1
0000004D FBE2rrrrrrrr            		MOV.L #__$init_names, R14
00000053 FE61E2                  		MOV.L [R1,R14], R2
00000056 75112C                  		MUL #2CH, R1
00000059 FB32rrrrrrrr            		MOV.L #_configs_model, R3
0000005F 4B13                    		ADD R1, R3
00000061 A1BA                    		MOV.L R2, 1CH[R3]
00000063 B089                    		MOVU.B 03H[R0], R1
00000065 6211                    		ADD #01H, R1
00000067 8089                    		MOV.B R1, 03H[R0]
00000069                         L27:	; bb37
                                 		.LINE  "C:\Workspace\e2studio\git\MT01_master\src\states\ut_state_maq_model.c",60
00000069 B089                    		MOVU.B 03H[R0], R1
0000006B 6131                    		CMP #03H, R1
0000006D 29rr                    		BLT L26
0000006F                         L28:	; bb43
                                 ;      63 	}
                                 ;      64 
                                 ;      65 	initialized = true;
                                 		.LINE  "C:\Workspace\e2studio\git\MT01_master\src\states\ut_state_maq_model.c",65
0000006F FBE2rrrrrrrr            		MOV.L #__$initialized, R14
00000075 F8E401                  		MOV.B #01H, [R14]
00000078 6701                    		RTSD #04H
0000007A                         L29:	; return
                                 ;      66 }
                                 		.LINE  "C:\Workspace\e2studio\git\MT01_master\src\states\ut_state_maq_model.c",66
0000007A 6701                    		RTSD #04H
0000007C                         _ut_state_config_maq_model:
                                 		.STACK	_ut_state_config_maq_model=440
                                 ;      67 
                                 ;      68 /**
                                 ;      69  * Shows a configuration menu for the jog.
                                 ;      70  *
                                 ;      71  * @param pContext Context object
                                 ;      72  * @return Main menu state
                                 ;      73  */
                                 ;      74 
                                 ;      75 ut_state ut_state_config_maq_model(ut_context* pContext)
                                 		.LINE  "C:\Workspace\e2studio\git\MT01_master\src\states\ut_state_maq_model.c",75
0000007C 72004CFE                		ADD #0FFFFFE4CH, R0
00000080 E7016C                  		MOV.L R1, 01B0H[R0]
                                 ;      76 {
                                 ;      77 	ut_menu config_menu;
                                 ;      78 	uint8_t i;
                                 ;      79 
                                 ;      80 	/* Initialize variables */
                                 ;      81 	init();
                                 		.LINE  "C:\Workspace\e2studio\git\MT01_master\src\states\ut_state_maq_model.c",81
00000083 39rrrr               W  		BSR __$init
00000086                         L31:	; entry.split
00000086 710104                  		ADD #04H, R0, R1
                                 ;      82 
                                 ;      83 	/* Initialize menu */
                                 ;      84 	ut_menu_init(&config_menu);
                                 		.LINE  "C:\Workspace\e2studio\git\MT01_master\src\states\ut_state_maq_model.c",84
00000089 05rrrrrr             A  		BSR _ut_menu_init
0000008D                         L32:	; entry.split6
                                 ;      85 	/* Options */
                                 ;      86 	config_menu.title = gszConfigMenuTitle;
                                 		.LINE  "C:\Workspace\e2studio\git\MT01_master\src\states\ut_state_maq_model.c",86
0000008D FBE2rrrrrrrr            		MOV.L #__$gszConfigMenuTitle, R14
00000093 E4E065                  		MOV.L [R14], 0194H[R0]
00000096                         L33:	; entry.split7
                                 ;      87 
                                 ;      88 	/* Items */
                                 ;      89 	for(i = 0; i < CFG_MODEL_MAX; i++)
                                 		.LINE  "C:\Workspace\e2studio\git\MT01_master\src\states\ut_state_maq_model.c",89
00000096 FA04AB0100              		MOV.B #00H, 01ABH[R0]
0000009B 2Err                 B  		BRA L35
0000009D                         L34:	; bb
                                 ;      90 	{
                                 ;      91 		config_menu.items[config_menu.numItems++].text = configs_model[i].name;
                                 		.LINE  "C:\Workspace\e2studio\git\MT01_master\src\states\ut_state_maq_model.c",91
0000009D 5D0ECD                  		MOVU.W 019AH[R0], R14
000000A0 751E14                  		MUL #14H, R14
000000A3 710F04                  		ADD #04H, R0, R15
000000A6 4BEF                    		ADD R14, R15
000000A8 5A01AB01                		MOVU.B 01ABH[R0], R1
000000AC 75112C                  		MUL #2CH, R1
000000AF FBE2rrrrrrrr            		MOV.L #_configs_model, R14
000000B5 4B1E                    		ADD R1, R14
000000B7 E5EF0703                		MOV.L 1CH[R14], 0CH[R15]
000000BB DD0ECD                  		MOV.W 019AH[R0], R14
000000BE 621E                    		ADD #01H, R14
000000C0 D70ECD                  		MOV.W R14, 019AH[R0]
000000C3 5A01AB01                		MOVU.B 01ABH[R0], R1
000000C7 6211                    		ADD #01H, R1
000000C9 CB01AB01                		MOV.B R1, 01ABH[R0]
000000CD                         L35:	; bb22
                                 		.LINE  "C:\Workspace\e2studio\git\MT01_master\src\states\ut_state_maq_model.c",89
000000CD 5A01AB01                		MOVU.B 01ABH[R0], R1
000000D1 6131                    		CMP #03H, R1
000000D3 29rr                    		BLT L34
000000D5                         L36:	; bb27
                                 ;      92 	}
                                 ;      93 
                                 ;      94 	/* Show menu */
                                 ;      95 	config_menu.selectedItem = 0;
                                 		.LINE  "C:\Workspace\e2studio\git\MT01_master\src\states\ut_state_maq_model.c",95
000000D5 F905CC00                		MOV.W #0000H, 0198H[R0]
000000D9                         L37:	; bb27.split
000000D9 FB26FF                  		MOV.L #0FFFFFFFFH, R2
000000DC 710104                  		ADD #04H, R0, R1
                                 ;      96 	if(ut_menu_browse(&config_menu, DEFAULT_CONFIG_TIMEOUT) < 0)
                                 		.LINE  "C:\Workspace\e2studio\git\MT01_master\src\states\ut_state_maq_model.c",96
000000DF 05rrrrrr             A  		BSR _ut_menu_browse
000000E3 69F1                    		SHLR #1FH, R1
000000E5 6101                    		CMP #00H, R1
000000E7 10                   S  		BEQ L39
000000E8                         L38:	; bb30
                                 ;      97 	{
                                 ;      98 		return STATE_SPLASH;
                                 		.LINE  "C:\Workspace\e2studio\git\MT01_master\src\states\ut_state_maq_model.c",98
000000E8 F80600                  		MOV.L #00000000H, [R0]
000000EB 38rrrr               W  		BRA L71
000000EE                         L39:	; bb37
                                 ;      99 	}
                                 ;     100 	switch (config_menu.selectedItem)
                                 		.LINE  "C:\Workspace\e2studio\git\MT01_master\src\states\ut_state_maq_model.c",100
000000EE 5D0ECC                  		MOVU.W 0198H[R0], R14
000000F1 612E                    		CMP #02H, R14
000000F3 20rr                    		BEQ L44
000000F5                         L40:	; bb37
000000F5 611E                    		CMP #01H, R14
000000F7 20rr                    		BEQ L43
000000F9                         L41:	; bb37
000000F9 610E                    		CMP #00H, R14
000000FB 21rr                    		BNE L45
000000FD                         L42:	; bb41
                                 ;     101 	{
                                 ;     102 		case CFG_MODEL_EASYMAK:
                                 ;     103 			g_maq.model = EASYMAK_MAQ;
                                 		.LINE  "C:\Workspace\e2studio\git\MT01_master\src\states\ut_state_maq_model.c",103
000000FD FBE2rrrrrrrr            		MOV.L #_g_maq, R14
00000103 F8E601                  		MOV.L #00000001H, [R14]
00000106 2Err                 B  		BRA L45
00000108                         L43:	; bb42
                                 ;     104 			break;
                                 ;     105 		case CFG_MODEL_COMPACTA:
                                 ;     106 			g_maq.model = COMPACTA_MAQ;
                                 		.LINE  "C:\Workspace\e2studio\git\MT01_master\src\states\ut_state_maq_model.c",106
00000108 FBE2rrrrrrrr            		MOV.L #_g_maq, R14
0000010E F8E602                  		MOV.L #00000002H, [R14]
00000111 08                   S  		BRA L45
00000112                         L44:	; bb43
                                 ;     107 			break;
                                 ;     108 		case CFG_MODEL_MOBILE:
                                 ;     109 			g_maq.model = MOBILE_MAQ;
                                 		.LINE  "C:\Workspace\e2studio\git\MT01_master\src\states\ut_state_maq_model.c",109
00000112 FBE2rrrrrrrr            		MOV.L #_g_maq, R14
00000118 F8E603                  		MOV.L #00000003H, [R14]
0000011B                         L45:	; bb44
                                 ;     110 			break;
                                 ;     111 	}
                                 ;     112 
                                 ;     113 	configsVar->currentState = STATE_MAQ_MODEL_SELECTION;
                                 		.LINE  "C:\Workspace\e2studio\git\MT01_master\src\states\ut_state_maq_model.c",113
0000011B FBE2rrrrrrrr            		MOV.L #_configsVar, R14
00000121 ECE1                    		MOV.L [R14], R1
00000123 3E1811                  		MOV.L #00000011H, 20H[R1]
00000126                         L46:	; bb44.split
                                 ;     114 	configsVar->type = UT_CONFIG_BOOL;
                                 		.LINE  "C:\Workspace\e2studio\git\MT01_master\src\states\ut_state_maq_model.c",114
00000126 FBE2rrrrrrrr            		MOV.L #_configsVar, R14
0000012C ECEE                    		MOV.L [R14], R14
0000012E F8E601                  		MOV.L #00000001H, [R14]
00000131                         L47:	; bb44.split8
                                 ;     115 	configsVar->name = "TIPO DE CREMALHEIRA?";
                                 		.LINE  "C:\Workspace\e2studio\git\MT01_master\src\states\ut_state_maq_model.c",115
00000131 FBE2rrrrrrrr            		MOV.L #_configsVar, R14
00000137 ECE1                    		MOV.L [R14], R1
00000139 FB22rrrrrrrr            		MOV.L #_L14, R2
0000013F A19A                    		MOV.L R2, 1CH[R1]
00000141                         L48:	; bb44.split9
                                 ;     116 	configsVar->func_var = NULL;
                                 		.LINE  "C:\Workspace\e2studio\git\MT01_master\src\states\ut_state_maq_model.c",116
00000141 FBE2rrrrrrrr            		MOV.L #_configsVar, R14
00000147 ECE1                    		MOV.L [R14], R1
00000149 3E1A00                  		MOV.L #00000000H, 28H[R1]
0000014C                         L49:	; bb44.split10
                                 ;     117 	configsVar->value = &g_maq.crem;
                                 		.LINE  "C:\Workspace\e2studio\git\MT01_master\src\states\ut_state_maq_model.c",117
0000014C FBE2rrrrrrrr            		MOV.L #_configsVar, R14
00000152 ECE1                    		MOV.L [R14], R1
00000154 FB22rrrrrrrr            		MOV.L #_g_maq, R2
0000015A 6242                    		ADD #04H, R2
0000015C A01A                    		MOV.L R2, 04H[R1]
0000015E                         L50:	; bb44.split11
                                 ;     118 	ut_state_config_var(pContext);
                                 		.LINE  "C:\Workspace\e2studio\git\MT01_master\src\states\ut_state_maq_model.c",118
0000015E ED016C                  		MOV.L 01B0H[R0], R1
00000161 05rrrrrr             A  		BSR _ut_state_config_var
00000165                         L51:	; bb44.split12
                                 ;     119 
                                 ;     120 	switch (g_maq.model)
                                 		.LINE  "C:\Workspace\e2studio\git\MT01_master\src\states\ut_state_maq_model.c",120
00000165 FBE2rrrrrrrr            		MOV.L #_g_maq, R14
0000016B ECEE                    		MOV.L [R14], R14
0000016D 613E                    		CMP #03H, R14
0000016F 3Arrrr               W  		BEQ L64
00000172                         L52:	; bb44.split12
00000172 612E                    		CMP #02H, R14
00000174 20rr                    		BEQ L59
00000176                         L53:	; bb44.split12
00000176 611E                    		CMP #01H, R14
00000178 3Brrrr               W  		BNE L69
0000017B                         L54:	; bb58
                                 ;     121 	{
                                 ;     122 		case EASYMAK_MAQ:
                                 ;     123 			eepromFormat();
                                 		.LINE  "C:\Workspace\e2studio\git\MT01_master\src\states\ut_state_maq_model.c",123
0000017B 05rrrrrr             A  		BSR _eepromFormat
0000017F                         L55:	; bb58.split
                                 ;     124 			if (g_maq.crem == MODEL_RETA)
                                 		.LINE  "C:\Workspace\e2studio\git\MT01_master\src\states\ut_state_maq_model.c",124
0000017F FB12rrrrrrrr            		MOV.L #_g_maq, R1
00000185 B111                    		MOVU.B 04H[R1], R1
00000187 6101                    		CMP #00H, R1
00000189 21rr                    		BNE L57
0000018B                         L56:	; bb60
                                 ;     125 				machine_type_write("EASYMAK","RETA");
                                 		.LINE  "C:\Workspace\e2studio\git\MT01_master\src\states\ut_state_maq_model.c",125
0000018B FB22rrrrrrrr            		MOV.L #_L16, R2
00000191 FB12rrrrrrrr            		MOV.L #_L15, R1
00000197 05rrrrrr             A  		BSR _machine_type_write
0000019B 2Err                 B  		BRA L58
0000019D                         L57:	; bb61
                                 ;     126 			else
                                 ;     127 				machine_type_write("EASYMAK","HELI");
                                 		.LINE  "C:\Workspace\e2studio\git\MT01_master\src\states\ut_state_maq_model.c",127
0000019D FB22rrrrrrrr            		MOV.L #_L17, R2
000001A3 FB12rrrrrrrr            		MOV.L #_L15, R1
000001A9 05rrrrrr             A  		BSR _machine_type_write
000001AD                         L58:	; bb67
                                 ;     128 			g_maq = check_machine_type();
                                 		.LINE  "C:\Workspace\e2studio\git\MT01_master\src\states\ut_state_maq_model.c",128
000001AD 05rrrrrr             A  		BSR _check_machine_type
000001B1 FB32rrrrrrrr            		MOV.L #_g_maq, R3
000001B7 E331                    		MOV.L R1, [R3]
000001B9 A03A                    		MOV.L R2, 04H[R3]
000001BB 38rrrr               W  		BRA L69
000001BE                         L59:	; bb68
                                 ;     129 			break;
                                 ;     130 		case COMPACTA_MAQ:
                                 ;     131 			eepromFormat();
                                 		.LINE  "C:\Workspace\e2studio\git\MT01_master\src\states\ut_state_maq_model.c",131
000001BE 05rrrrrr             A  		BSR _eepromFormat
000001C2                         L60:	; bb68.split
                                 ;     132 			if (g_maq.crem == MODEL_RETA)
                                 		.LINE  "C:\Workspace\e2studio\git\MT01_master\src\states\ut_state_maq_model.c",132
000001C2 FB12rrrrrrrr            		MOV.L #_g_maq, R1
000001C8 B111                    		MOVU.B 04H[R1], R1
000001CA 6101                    		CMP #00H, R1
000001CC 21rr                    		BNE L62
000001CE                         L61:	; bb70
                                 ;     133 				machine_type_write("COMPACTA","RETA");
                                 		.LINE  "C:\Workspace\e2studio\git\MT01_master\src\states\ut_state_maq_model.c",133
000001CE FB22rrrrrrrr            		MOV.L #_L16, R2
000001D4 FB12rrrrrrrr            		MOV.L #_L18, R1
000001DA 05rrrrrr             A  		BSR _machine_type_write
000001DE 2Err                 B  		BRA L63
000001E0                         L62:	; bb71
                                 ;     134 			else
                                 ;     135 				machine_type_write("COMPACTA","HELI");
                                 		.LINE  "C:\Workspace\e2studio\git\MT01_master\src\states\ut_state_maq_model.c",135
000001E0 FB22rrrrrrrr            		MOV.L #_L17, R2
000001E6 FB12rrrrrrrr            		MOV.L #_L18, R1
000001EC 05rrrrrr             A  		BSR _machine_type_write
000001F0                         L63:	; bb77
                                 ;     136 			g_maq = check_machine_type();
                                 		.LINE  "C:\Workspace\e2studio\git\MT01_master\src\states\ut_state_maq_model.c",136
000001F0 05rrrrrr             A  		BSR _check_machine_type
000001F4 FB32rrrrrrrr            		MOV.L #_g_maq, R3
000001FA E331                    		MOV.L R1, [R3]
000001FC A03A                    		MOV.L R2, 04H[R3]
000001FE 2Err                 B  		BRA L69
00000200                         L64:	; bb78
                                 ;     137 			break;
                                 ;     138 		case MOBILE_MAQ:
                                 ;     139 			eepromFormat();
                                 		.LINE  "C:\Workspace\e2studio\git\MT01_master\src\states\ut_state_maq_model.c",139
00000200 05rrrrrr             A  		BSR _eepromFormat
00000204                         L65:	; bb78.split
                                 ;     140 			if (g_maq.crem == MODEL_RETA)
                                 		.LINE  "C:\Workspace\e2studio\git\MT01_master\src\states\ut_state_maq_model.c",140
00000204 FB12rrrrrrrr            		MOV.L #_g_maq, R1
0000020A B111                    		MOVU.B 04H[R1], R1
0000020C 6101                    		CMP #00H, R1
0000020E 21rr                    		BNE L67
00000210                         L66:	; bb80
                                 ;     141 				machine_type_write("MOBILE","RETA");
                                 		.LINE  "C:\Workspace\e2studio\git\MT01_master\src\states\ut_state_maq_model.c",141
00000210 FB22rrrrrrrr            		MOV.L #_L16, R2
00000216 FB12rrrrrrrr            		MOV.L #_L19, R1
0000021C 05rrrrrr             A  		BSR _machine_type_write
00000220 2Err                 B  		BRA L68
00000222                         L67:	; bb81
                                 ;     142 			else
                                 ;     143 				machine_type_write("MOBILE","HELI");
                                 		.LINE  "C:\Workspace\e2studio\git\MT01_master\src\states\ut_state_maq_model.c",143
00000222 FB22rrrrrrrr            		MOV.L #_L17, R2
00000228 FB12rrrrrrrr            		MOV.L #_L19, R1
0000022E 05rrrrrr             A  		BSR _machine_type_write
00000232                         L68:	; bb87
                                 ;     144 			g_maq = check_machine_type();
                                 		.LINE  "C:\Workspace\e2studio\git\MT01_master\src\states\ut_state_maq_model.c",144
00000232 05rrrrrr             A  		BSR _check_machine_type
00000236 FB32rrrrrrrr            		MOV.L #_g_maq, R3
0000023C E331                    		MOV.L R1, [R3]
0000023E A03A                    		MOV.L R2, 04H[R3]
00000240                         L69:	; bb88
00000240 6611                    		MOV.L #00000001H, R1
                                 ;     145 			break;
                                 ;     146 	}
                                 ;     147 	RESET
                                 		.LINE  "C:\Workspace\e2studio\git\MT01_master\src\states\ut_state_maq_model.c",147
00000242 05rrrrrr             A  		BSR _R_BSP_RegisterProtectDisable
00000246 FBEEC20008              		MOV.L #000800C2H, R14
0000024B F8E901A5                		MOV.W #0A501H, [R14]
0000024F                         L70:	; bb88.split
                                 ;     148 	return STATE_SPLASH;
                                 		.LINE  "C:\Workspace\e2studio\git\MT01_master\src\states\ut_state_maq_model.c",148
0000024F F80600                  		MOV.L #00000000H, [R0]
00000252                         L71:	; bb90
00000252 EC01                    		MOV.L [R0], R1
00000254 E7016B                  		MOV.L R1, 01ACH[R0]
                                 ;     149 }
                                 		.LINE  "C:\Workspace\e2studio\git\MT01_master\src\states\ut_state_maq_model.c",149
00000257 676D                    		RTSD #01B4H
                                 		.SECTION	L,ROMDATA,ALIGN=4
00000000                         _L10:
00000000 20454153                		.byte	" EASYMAK"
         594D414B                
00000008 00                      		.byte	00H
00000009                         _L11:
00000009 20434F4D                		.byte	" COMPACTAXP"
         50414354                
         415850                  
00000014 00                      		.byte	00H
00000015                         _L12:
00000015 204D4F42                		.byte	" MOBILE"
         494C45                  
0000001C 00                      		.byte	00H
0000001D                         _L13:
0000001D 4D4F4445                		.byte	"MODELO M"
         4C4F204D                
00000025 C1                      		.byte	0C1H
00000026 5155494E                		.byte	"QUINA"
         41                      
0000002B 00                      		.byte	00H
0000002C                         _L14:
0000002C 5449504F                		.byte	"TIPO DE CREMALHEIRA?"
         20444520                
         4352454D                
         414C4845                
         4952413F                
00000040 00                      		.byte	00H
00000041                         _L15:
00000041 45415359                		.byte	"EASYMAK"
         4D414B                  
00000048 00                      		.byte	00H
00000049                         _L16:
00000049 52455441                		.byte	"RETA"
0000004D 00                      		.byte	00H
0000004E                         _L17:
0000004E 48454C49                		.byte	"HELI"
00000052 00                      		.byte	00H
00000053                         _L18:
00000053 434F4D50                		.byte	"COMPACTA"
         41435441                
0000005B 00                      		.byte	00H
0000005C                         _L19:
0000005C 4D4F4249                		.byte	"MOBILE"
         4C45                    
00000062 00                      		.byte	00H
                                 		.SECTION	D,ROMDATA,ALIGN=4
00000000                         __$init_names:
00000000 rrrrrrrr                		.lword	_L10
00000004 rrrrrrrr                		.lword	_L11
00000008 rrrrrrrr                		.lword	_L12
0000000C                         __$gszConfigMenuTitle:
0000000C rrrrrrrr                		.lword	_L13
                                 		.SECTION	D_1,ROMDATA
00000000                         __$initialized:
00000000 00                      		.byte	00H
                                 		.SECTION	B,DATA,ALIGN=4
00000000                         _configs_model:
00000000(00000084H)              		.blkl	33
                                 		.END

Information List

TOTAL ERROR(S)    00000
TOTAL WARNING(S)  00000
TOTAL LINE(S)     00518   LINES

Section List

Attr         Size               Name
CODE     0000000601(00000259H)  P
ROMDATA  0000000099(00000063H)  L
ROMDATA  0000000016(00000010H)  D
ROMDATA  0000000001(00000001H)  D_1
DATA     0000000132(00000084H)  B

Cpu Type

-ISA=RXV1 -FPU

Command Parameter

-subcommand=C:\Users\LAFONS~1\AppData\Local\Temp\$ccrx305E\$ccrx\ut_state_maq_model.src.cmd
    -nologo
    -isa=rxv1
    -fpu
    -show=conditionals,definitions,expansions
    -define=__RXV1=1
    -fint_register=0
    -debug
    -endian=little
-listfile=C:\Workspace\e2studio\git\MT01_master\MT01_build\ut_state_maq_model.lst
-output=C:\Workspace\e2studio\git\MT01_master\MT01_build\src\states\ut_state_maq_model.obj
