* RX FAMILY ASSEMBLER V2.03.00.01 [24 Oct 2014] *  SOURCE LIST  Sun Feb 19 10:48:29 2017

LOC.     OBJ.              0XMDA SOURCE STATEMENT

                                 ;RX Family C/C++ Compiler (V2.03.00.03 [04 Dec 2014])  19-Feb-2017 10:48:29
                                 
                                 ;*** CPU TYPE ***
                                 
                                 ;-ISA=RXV1
                                 
                                 ;*** COMMAND PARAMETER ***
                                 
                                 ;-output=src=config_maquina.src
                                 ;-lang=c99
                                 ;-include=C:\PROGRA~2\Renesas\RX\2_3_0/include,C:\Workspace\e2studio\git\MT01\r_lvd_rx,C:\Workspace\e2studio\git\MT01\r_lvd_rx\src,C:/Workspace/e2studio/git/MT01/r_tfa
                                 ;-debug
                                 ;-show=source,conditionals,definitions,expansions
                                 ;-listfile=config_maquina.lst
                                 ;-isa=rxv1
                                 ;-optimize=0
                                 ;-fpu
                                 ;-alias=noansi
                                 ;-nologo
                                 ;-nomessage
                                 ;-define=__RX,COMPACTAXP=0,EASYMAK=1,MOBILE=0,FREE_RTOS_PP
                                 ;config_maquina.c
                                 
                                 		.glb	_configsMaq
                                 		.glb	_geNextStateMaq
                                 		.glb	_mq_init_values
                                 		.glb	_mq_init_types
                                 		.glb	_mq_init_names
                                 		.glb	_mq_init_max
                                 		.glb	_mq_init_min
                                 		.glb	_mq_init_point
                                 		.glb	_mq_init_step
                                 		.glb	_mq_init_unit
                                 ;LineNo. C-SOURCE STATEMENT
                                 
                                 		.SECTION	C,ROMDATA,ALIGN=4
00000000                         _geNextStateMaq:
00000000 0C000000                		.lword	0000000CH
00000004 0C000000                		.lword	0000000CH
00000008 0C000000                		.lword	0000000CH
0000000C 0B000000                		.lword	0000000BH
                                 		.SECTION	L,ROMDATA,ALIGN=4
00000000                         _L10:
00000000 20414C54                		.byte	" ALT. DESLOCAMENTO"
         2E204445                
         534C4F43                
         414D454E                
         544F                    
00000012 00                      		.byte	00H
00000013                         _L11:
00000013 204D4F44                		.byte	" MODO M"
         4F204D                  
0000001A C1                      		.byte	0C1H
0000001B 5155494E                		.byte	"QUINA"
         41                      
00000020 00                      		.byte	00H
00000021                         _L12:
00000021 20504152                		.byte	" PARAMETROS M"
         414D4554                
         524F5320                
         4D                      
0000002E C1                      		.byte	0C1H
0000002F 512E                    		.byte	"Q."
00000031 00                      		.byte	00H
00000032                         _L13:
00000032 20504152                		.byte	" PARAMETROS THC"
         414D4554                
         524F5320                
         544843                  
00000041 00                      		.byte	00H
00000042                         _L14:
00000042 6D6D                    		.byte	"mm"
00000044 00                      		.byte	00H
                                 		.SECTION	D,ROMDATA,ALIGN=4
00000000                         _mq_init_values:
00000000 00                      		.byte	0
00000001 00                      		.byte	0
00000002 00                      		.byte	0
00000003 00                      		.byte	0
00000004 00                      		.byte	0
00000005 00                      		.byte	0
00000006 00                      		.byte	0
00000007 00                      		.byte	0
00000008 00                      		.byte	0
00000009 00                      		.byte	0
0000000A 00                      		.byte	0
0000000B 00                      		.byte	0
0000000C 00                      		.byte	0
0000000D 00                      		.byte	0
0000000E 00                      		.byte	0
0000000F 00                      		.byte	0
00000010                         _mq_init_types:
00000010 00000000                		.lword	00000000H
00000014 01000000                		.lword	00000001H
00000018 01000000                		.lword	00000001H
0000001C 02000000                		.lword	00000002H
00000020                         _mq_init_names:
00000020 rrrrrrrr                		.lword	_L10
00000024 rrrrrrrr                		.lword	_L11
00000028 rrrrrrrr                		.lword	_L12
0000002C rrrrrrrr                		.lword	_L13
00000030                         _mq_init_max:
00000030 00004842                		.lword	42480000H	; float 50
00000034 00000000                		.lword	00000000H
00000038 00000000                		.lword	00000000H
0000003C 00000000                		.lword	00000000H
00000040                         _mq_init_min:
00000040 0000803F                		.lword	3F800000H	; float 1
00000044 00000000                		.lword	00000000H
00000048 00000000                		.lword	00000000H
0000004C 00000000                		.lword	00000000H
00000050                         _mq_init_step:
00000050 CDCCCC3D                		.lword	3DCCCCCDH	; float 0.1
00000054 00000000                		.lword	00000000H
00000058 00000000                		.lword	00000000H
0000005C 00000000                		.lword	00000000H
00000060                         _mq_init_unit:
00000060 rrrrrrrr                		.lword	_L14
00000064 00000000                		.lword	00000000H
00000068 00000000                		.lword	00000000H
0000006C 00000000                		.lword	00000000H
                                 		.SECTION	D_1,ROMDATA
00000000                         _mq_init_point:
00000000 01000000                		.byte	01H,00H,00H,00H
                                 		.SECTION	B,DATA,ALIGN=4
00000000                         _configsMaq:
00000000(000000B0H)              		.blkl	44
                                 		.END

Information List

TOTAL ERROR(S)    00000
TOTAL WARNING(S)  00000
TOTAL LINE(S)     00116   LINES

Section List

Attr         Size               Name
ROMDATA  0000000016(00000010H)  C
ROMDATA  0000000069(00000045H)  L
ROMDATA  0000000112(00000070H)  D
ROMDATA  0000000004(00000004H)  D_1
DATA     0000000176(000000B0H)  B

Cpu Type

-ISA=RXV1 -FPU

Command Parameter

-subcommand=C:\Users\LAFONS~1\AppData\Local\Temp\$ccrx7E87\$ccrx\config_maquina.src.cmd
    -nologo
    -isa=rxv1
    -fpu
    -show=conditionals,definitions,expansions
    -define=__RXV1=1
    -fint_register=0
    -debug
    -endian=little
-listfile=C:\Workspace\e2studio\git\MT01\EasyMak_build\config_maquina.lst
-output=C:\Workspace\e2studio\git\MT01\EasyMak_build\src\states\config_maquina.obj
