* RX FAMILY ASSEMBLER V2.03.00.01 [24 Oct 2014] *  SOURCE LIST  Sun Feb 19 10:49:23 2017

LOC.     OBJ.              0XMDA SOURCE STATEMENT

                                 ;RX Family C/C++ Compiler (V2.03.00.03 [04 Dec 2014])  19-Feb-2017 10:49:23
                                 
                                 ;*** CPU TYPE ***
                                 
                                 ;-ISA=RXV1
                                 
                                 ;*** COMMAND PARAMETER ***
                                 
                                 ;-output=src=lowlvl.src
                                 ;-lang=c99
                                 ;-include=C:\PROGRA~2\Renesas\RX\2_3_0/include,C:\Workspace\e2studio\git\MT01\r_lvd_rx,C:\Workspace\e2studio\git\MT01\r_lvd_rx\src,C:/Workspace/e2studio/git/MT01/r_tfa
                                 ;-debug
                                 ;-show=source,conditionals,definitions,expansions
                                 ;-listfile=lowlvl.lst
                                 ;-isa=rxv1
                                 ;-optimize=0
                                 ;-fpu
                                 ;-alias=noansi
                                 ;-nologo
                                 ;-nomessage
                                 ;-define=__RX,COMPACTAXP=0,EASYMAK=1,MOBILE=0,FREE_RTOS_PP
                                 ;lowlvl.c
                                 
                                 		.glb	_charput
                                 		.glb	_charget
                                 ;LineNo. C-SOURCE STATEMENT
                                 
                                 		.SECTION	P,CODE
00000000                         _charput:
                                 		.STACK	_charput=8
                                 ;       1 /***********************************************************************************************************************
                                 ;       2 * DISCLAIMER
                                 ;       3 * This software is supplied by Renesas Electronics Corporation and is only intended for use with Renesas products. No
                                 ;       4 * other uses are authorized. This software is owned by Renesas Electronics Corporation and is protected under all
                                 ;       5 * applicable laws, including copyright laws.
                                 ;       6 * THIS SOFTWARE IS PROVIDED "AS IS" AND RENESAS MAKES NO WARRANTIES REGARDING
                                 ;       7 * THIS SOFTWARE, WHETHER EXPRESS, IMPLIED OR STATUTORY, INCLUDING BUT NOT LIMITED TO WARRANTIES OF MERCHANTABILITY,
                                 ;       8 * FITNESS FOR A PARTICULAR PURPOSE AND NON-INFRINGEMENT. ALL SUCH WARRANTIES ARE EXPRESSLY DISCLAIMED. TO THE MAXIMUM
                                 ;       9 * EXTENT PERMITTED NOT PROHIBITED BY LAW, NEITHER RENESAS ELECTRONICS CORPORATION NOR ANY OF ITS AFFILIATED COMPANIES
                                 ;      10 * SHALL BE LIABLE FOR ANY DIRECT, INDIRECT, SPECIAL, INCIDENTAL OR CONSEQUENTIAL DAMAGES FOR ANY REASON RELATED TO THIS
                                 ;      11 * SOFTWARE, EVEN IF RENESAS OR ITS AFFILIATES HAVE BEEN ADVISED OF THE POSSIBILITY OF SUCH DAMAGES.
                                 ;      12 * Renesas reserves the right, without notice, to make changes to this software and to discontinue the availability of
                                 ;      13 * this software. By using this software, you agree to the additional terms and conditions found by accessing the
                                 ;      14 * following link:
                                 ;      15 * http://www.renesas.com/disclaimer
                                 ;      16 *
                                 ;      17 * Copyright (C) 2013 Renesas Electronics Corporation. All rights reserved.
                                 ;      18 ***********************************************************************************************************************/
                                 ;      19 /***********************************************************************************************************************
                                 ;      20 * File Name	   : lowlvl.c
                                 ;      21 * Version      : 1.00
                                 ;      22 * Description  : Functions to support stream I/O to the E1 virtual Console
                                 ;      23 ***********************************************************************************************************************/
                                 ;      24 /***********************************************************************************************************************
                                 ;      25 * History : DD.MM.YYYY Version  Description
                                 ;      26 *         : 26.10.2011 1.00     First Release
                                 ;      27 ***********************************************************************************************************************/
                                 ;      28 
                                 ;      29 /***********************************************************************************************************************
                                 ;      30 Includes   <System Includes> , "Project Includes"
                                 ;      31 ***********************************************************************************************************************/
                                 ;      32 /* r_bsp access. */
                                 ;      33 #include "platform.h"
                                 ;      34 
                                 ;      35 /***********************************************************************************************************************
                                 ;      36 Macro definitions
                                 ;      37 ***********************************************************************************************************************/
                                 ;      38 #define E1_DBG_PORT (*(volatile struct st_dbg     __evenaccess *)0x84080)
                                 ;      39 #define TXFL0EN     0x00000100          // debug tx flow control bit
                                 ;      40 #define RXFL0EN     0x00001000          // debug RX flow control bit
                                 ;      41 
                                 ;      42 /***********************************************************************************************************************
                                 ;      43 Typedef definitions
                                 ;      44 ***********************************************************************************************************************/
                                 ;      45 struct st_dbg
                                 ;      46 {
                                 ;      47     uint32_t   TX_DATA;     // Debug Virtual Console TX data
                                 ;      48     char       wk1[12];     // spacer
                                 ;      49     uint32_t   RX_DATA;     // Debug Virtual Console RX data
                                 ;      50     char       wk2[44];     // spacer
                                 ;      51     uint32_t   DBGSTAT;     // Debug Virtual Console Status
                                 ;      52 };
                                 ;      53 
                                 ;      54 /***********************************************************************************************************************
                                 ;      55 Exported global variables (to be accessed by other files)
                                 ;      56 ***********************************************************************************************************************/
                                 ;      57 
                                 ;      58 /***********************************************************************************************************************
                                 ;      59 Private global variables and functions
                                 ;      60 ***********************************************************************************************************************/
                                 ;      61 
                                 ;      62 /***********************************************************************************************************************
                                 ;      63 * Function Name: charput
                                 ;      64 * Description  : Outputs a character on a serial port
                                 ;      65 * Arguments    : character to output
                                 ;      66 * Return Value : none
                                 ;      67 ***********************************************************************************************************************/
                                 ;      68 void charput (uint32_t output_char)
                                 		.LINE  "C:\Workspace\e2studio\git\MT01\r_bsp\board\MT01\lowlvl.c",68
00000000 6040                    		SUB #04H, R0
00000002 E301                    		MOV.L R1, [R0]
                                 		.LINE  "C:\Workspace\e2studio\git\MT01\r_bsp\board\MT01\lowlvl.c",75
00000004 6701                    		RTSD #04H
00000006                         _charget:
                                 		.STACK	_charget=8
                                 ;      69 {
                                 ;      70 //	/* Wait for transmit buffer to be empty */
                                 ;      71 //	while(0 != (E1_DBG_PORT.DBGSTAT & TXFL0EN));
                                 ;      72 //
                                 ;      73 //	/* Write the character out */
                                 ;      74 //	E1_DBG_PORT.TX_DATA = output_char;
                                 ;      75 }
                                 ;      76 
                                 ;      77 /***********************************************************************************************************************
                                 ;      78 * Function Name: charget
                                 ;      79 * Description  : Gets a character on a serial port
                                 ;      80 * Arguments    : none
                                 ;      81 * Return Value : received character
                                 ;      82 ***********************************************************************************************************************/
                                 ;      83 uint32_t charget (void)
                                 		.LINE  "C:\Workspace\e2studio\git\MT01\r_bsp\board\MT01\lowlvl.c",83
00000006 6040                    		SUB #04H, R0
00000008 EC01                    		MOV.L [R0], R1
                                 ;      84 {
                                 ;      85 //	/* Wait for rx buffer buffer to be ready */
                                 ;      86 //	while(0 == (E1_DBG_PORT.DBGSTAT & RXFL0EN));
                                 ;      87 //
                                 ;      88 //	/* Read data, send back up */
                                 ;      89 //	return E1_DBG_PORT.RX_DATA;
                                 ;      90 }
                                 		.LINE  "C:\Workspace\e2studio\git\MT01\r_bsp\board\MT01\lowlvl.c",90
0000000A 6701                    		RTSD #04H
                                 		.END

Information List

TOTAL ERROR(S)    00000
TOTAL WARNING(S)  00000
TOTAL LINE(S)     00133   LINES

Section List

Attr         Size               Name
CODE     0000000012(0000000CH)  P

Cpu Type

-ISA=RXV1 -FPU

Command Parameter

-subcommand=C:\Users\LAFONS~1\AppData\Local\Temp\$ccrx7E87\$ccrx\lowlvl.src.cmd
    -nologo
    -isa=rxv1
    -fpu
    -show=conditionals,definitions,expansions
    -define=__RXV1=1
    -fint_register=0
    -debug
    -endian=little
-listfile=C:\Workspace\e2studio\git\MT01\EasyMak_build\lowlvl.lst
-output=C:\Workspace\e2studio\git\MT01\EasyMak_build\r_bsp\board\MT01\lowlvl.obj
