* RX FAMILY ASSEMBLER V2.03.00.01 [24 Oct 2014] *  SOURCE LIST  Sun Feb 19 10:48:35 2017

LOC.     OBJ.              0XMDA SOURCE STATEMENT

                                 ;RX Family C/C++ Compiler (V2.03.00.03 [04 Dec 2014])  19-Feb-2017 10:48:35
                                 
                                 ;*** CPU TYPE ***
                                 
                                 ;-ISA=RXV1
                                 
                                 ;*** COMMAND PARAMETER ***
                                 
                                 ;-output=src=ut_state_warning.src
                                 ;-lang=c99
                                 ;-include=C:\PROGRA~2\Renesas\RX\2_3_0/include,C:\Workspace\e2studio\git\MT01\r_lvd_rx,C:\Workspace\e2studio\git\MT01\r_lvd_rx\src,C:/Workspace/e2studio/git/MT01/r_tfa
                                 ;-debug
                                 ;-show=source,conditionals,definitions,expansions
                                 ;-listfile=ut_state_warning.lst
                                 ;-isa=rxv1
                                 ;-optimize=0
                                 ;-fpu
                                 ;-alias=noansi
                                 ;-nologo
                                 ;-nomessage
                                 ;-define=__RX,COMPACTAXP=0,EASYMAK=1,MOBILE=0,FREE_RTOS_PP
                                 ;ut_state_warning.c
                                 
                                 		.glb	_configsVar
                                 		.glb	_u8g_font_6x10
                                 		.glb	_qKeyboard
                                 		.glb	_ut_state_warning
                                 		.glb	_ut_lcd_clear
                                 		.glb	_ut_lcd_drawStr
                                 		.glb	_ut_lcd_output_str
                                 		.glb	_vTaskDelay
                                 		.glb	_ut_lcd_output_warning
                                 		.glb	_xQueueGenericReceive
                                 		.glb	_pl_emergencia_init
                                 		.glb	_zerar_maquina
                                 ;LineNo. C-SOURCE STATEMENT
                                 
                                 		.SECTION	P,CODE
00000000                         _ut_state_warning:
                                 		.STACK	_ut_state_warning=36
                                 ;       1 /*
                                 ;       2  * ut_state_warning.c
                                 ;       3  *
                                 ;       4  *  Created on: Nov 1, 2015
                                 ;       5  *      Author: Fernando
                                 ;       6  */
                                 ;       7 
                                 ;       8 #include "ut_context.h"
                                 ;       9 #include "ut_state.h"
                                 ;      10 #include "ut_state_config_var.h"
                                 ;      11 #include "state_functions.h"
                                 ;      12 
                                 ;      13 #include "lcd_menu.h"
                                 ;      14 #include "lcd.h"
                                 ;      15 
                                 ;      16 #include "FreeRTOS.h"
                                 ;      17 #include "task.h"
                                 ;      18 #include "keyboard.h"
                                 ;      19 #include "plasma.h"
                                 ;      20 
                                 ;      21 #define WARNING_PAGES	5
                                 ;      22 #define PAGE_DELAY		1000
                                 ;      23 
                                 ;      24 /**
                                 ;      25  * Warning messages!
                                 ;      26  */
                                 ;      27 static const char* gszWarningMsg[MAX_ROW * WARNING_PAGES] =
                                 ;      28 {
                                 ;      29 		/* "12345678901234567890" */
                                 ;      30 		   "        AVISO!      ",
                                 ;      31 		   "                    ",
                                 ;      32 		   "   SOMENTE PESSOAL  ",
                                 ;      33 		   "    TREINADO PODE   ",
                                 ;      34 		   "    UTILIZAR ESTE   ",
                                 ;      35 		   "     EQUIPAMENTO.   ",
                                 ;      36 		   /* Page 2 */
                                 ;      37 		   "        AVISO!      ",
                                 ;      38 		   "                    ",
                                 ;      39 		   "  LEIA E ENTENDA O  ",
                                 ;      40 		   "MANUAL DE INSTRUÇÕES",
                                 ;      41 		   "  ANTES DE OPERAR.  ",
                                 ;      42 		   "                    ",
                                 ;      43 		   /* Page 3 */
                                 ;      44 		   "        AVISO!      ",
                                 ;      45 		   "                    ",
                                 ;      46 		   "   RISCO DE DANOS,  ",
                                 ;      47 		   " ACIDENTES E MORTES.",
                                 ;      48 		   "  CUIDADO COM MÃOS  ",
                                 ;      49 		   "      E DEDOS.      ",
                                 ;      50 		   /* Page 4 */
                                 ;      51 		   "        AVISO!      ",
                                 ;      52 		   "                    ",
                                 ;      53 		   "   AO MOVIMENTAR E  ",
                                 ;      54 		   "CORTAR, AFASTE-SE DO",
                                 ;      55 		   "  CABECOTE E TOCHA  ",
                                 ;      56 		   "      PLASMA.       ",
                                 ;      57 		   /* Page 5 */
                                 ;      58 		   "        AVISO!      ",
                                 ;      59 		   "                    ",
                                 ;      60 		   "  USE SEMPRE EPI E  ",
                                 ;      61 		   "   LEIA O MANUAL.   ",
                                 ;      62 		   "                    ",
                                 ;      63 		   "                    ",
                                 ;      64 
                                 ;      65 };
                                 ;      66 
                                 ;      67 /**
                                 ;      68  * Execute warning state.
                                 ;      69  * It show a warning message to user.
                                 ;      70  *
                                 ;      71  * @param pContext Context object.
                                 ;      72  * @return next state.
                                 ;      73  */
                                 ;      74 ut_state ut_state_warning(ut_context* pContext)
                                 		.LINE  "C:\Workspace\e2studio\git\MT01\src\states\ut_state_warning.c",74
00000000 7100E8                  		ADD #0FFFFFFE8H, R0
00000003 A109                    		MOV.L R1, 14H[R0]
                                 ;      75 {
                                 ;      76 	uint32_t keyEntry = 0;
                                 		.LINE  "C:\Workspace\e2studio\git\MT01\src\states\ut_state_warning.c",76
00000005 3E0200                  		MOV.L #00000000H, 08H[R0]
00000008                         L34:	; entry.split
                                 ;      77 	uint8_t uiPage = 0, uiMsgRow = 0;
                                 		.LINE  "C:\Workspace\e2studio\git\MT01\src\states\ut_state_warning.c",77
00000008 3C0E00                  		MOV.B #00H, 0EH[R0]
0000000B 3C0F00                  		MOV.B #00H, 0FH[R0]
0000000E                         L35:	; entry.split1
                                 ;      78 
                                 ;      79 	/* Loop through messages */
                                 ;      80 	for(uiPage = 0; uiPage < WARNING_PAGES; uiPage++)
                                 		.LINE  "C:\Workspace\e2studio\git\MT01\src\states\ut_state_warning.c",80
0000000E 3C0E00                  		MOV.B #00H, 0EH[R0]
00000011 2Err                 B  		BRA L42
00000013                         L36:	; bb
                                 ;      81 	{
                                 ;      82 		ut_lcd_clear();
                                 		.LINE  "C:\Workspace\e2studio\git\MT01\src\states\ut_state_warning.c",82
00000013 05rrrrrr             A  		BSR _ut_lcd_clear
00000017                         L37:	; bb.split
                                 ;      83 
                                 ;      84 		/* Write strings */
                                 ;      85 		for(uiMsgRow = 0; uiMsgRow < MAX_ROW; uiMsgRow++)
                                 		.LINE  "C:\Workspace\e2studio\git\MT01\src\states\ut_state_warning.c",85
00000017 3C0F00                  		MOV.B #00H, 0FH[R0]
0000001A 2Err                 B  		BRA L39
0000001C                         L38:	; bb5
                                 ;      86 		{
                                 ;      87 			ut_lcd_drawStr(uiMsgRow, 0, gszWarningMsg[uiPage*MAX_ROW + uiMsgRow], false, ITEM_NO_MARKED,u8g_font_6x10);
                                 		.LINE  "C:\Workspace\e2studio\git\MT01\src\states\ut_state_warning.c",87
0000001C B382                    		MOVU.B 0EH[R0], R2
0000001E 6362                    		MUL #06H, R2
00000020 B389                    		MOVU.B 0FH[R0], R1
00000022 4B12                    		ADD R1, R2
00000024 FBE2rrrrrrrr            		MOV.L #__$gszWarningMsg, R14
0000002A FE62E3                  		MOV.L [R2,R14], R3
0000002D 6080                    		SUB #08H, R0
0000002F FB22rrrrrrrr            		MOV.L #_u8g_font_6x10, R2
00000035 A00A                    		MOV.L R2, 04H[R0]
00000037 F80400                  		MOV.B #00H, [R0]
0000003A 6602                    		MOV.L #00000000H, R2
0000003C EF24                    		MOV.L R2, R4
0000003E 05rrrrrr             A  		BSR _ut_lcd_drawStr
00000042 6280                    		ADD #08H, R0
00000044 B389                    		MOVU.B 0FH[R0], R1
00000046 6211                    		ADD #01H, R1
00000048 8389                    		MOV.B R1, 0FH[R0]
0000004A                         L39:	; bb17
                                 		.LINE  "C:\Workspace\e2studio\git\MT01\src\states\ut_state_warning.c",85
0000004A B389                    		MOVU.B 0FH[R0], R1
0000004C 6161                    		CMP #06H, R1
0000004E 29rr                    		BLT L38
00000050                         L40:	; bb22
                                 ;      88 		}
                                 ;      89 		/* Output */
                                 ;      90 		ut_lcd_output_str();
                                 		.LINE  "C:\Workspace\e2studio\git\MT01\src\states\ut_state_warning.c",90
00000050 05rrrrrr             A  		BSR _ut_lcd_output_str
00000054                         L41:	; bb22.split
00000054 FB1AE803                		MOV.L #000003E8H, R1
                                 ;      91 
                                 ;      92 		/* Delay */
                                 ;      93 		vTaskDelay(PAGE_DELAY / portTICK_PERIOD_MS);
                                 		.LINE  "C:\Workspace\e2studio\git\MT01\src\states\ut_state_warning.c",93
00000058 05rrrrrr             A  		BSR _vTaskDelay
0000005C B381                    		MOVU.B 0EH[R0], R1
0000005E 6211                    		ADD #01H, R1
00000060 8381                    		MOV.B R1, 0EH[R0]
00000062                         L42:	; bb25
                                 		.LINE  "C:\Workspace\e2studio\git\MT01\src\states\ut_state_warning.c",80
00000062 B381                    		MOVU.B 0EH[R0], R1
00000064 6151                    		CMP #05H, R1
00000066 29rr                    		BLT L36
00000068                         L43:	; bb31
                                 ;      94 	}
                                 ;      95 	ut_lcd_output_warning("MODO DE EMERGENCIA\nZERO MÁQUINA\nNÃO REFERENCIADO\n");
                                 		.LINE  "C:\Workspace\e2studio\git\MT01\src\states\ut_state_warning.c",95
00000068 FB12rrrrrrrr            		MOV.L #_L29, R1
0000006E 05rrrrrr             A  		BSR _ut_lcd_output_warning
00000072                         L44:	; bb31.split
00000072 FB1AE803                		MOV.L #000003E8H, R1
                                 ;      96 	vTaskDelay(PAGE_DELAY / portTICK_PERIOD_MS);
                                 		.LINE  "C:\Workspace\e2studio\git\MT01\src\states\ut_state_warning.c",96
00000076 05rrrrrr             A  		BSR _vTaskDelay
0000007A                         L45:	; bb31.split2
                                 ;      97 	ut_lcd_output_warning("ZERAR A MÁQUINA?\nENTER = SIM\nESC = NÃO\n");
                                 		.LINE  "C:\Workspace\e2studio\git\MT01\src\states\ut_state_warning.c",97
0000007A FB12rrrrrrrr            		MOV.L #_L30, R1
00000080 05rrrrrr             A  		BSR _ut_lcd_output_warning
00000084 2Err                 B  		BRA L47
00000086                         L46:	; bb32
                                 ;      98 	while(keyEntry != KEY_ENTER && keyEntry != KEY_ESC){
                                 ;      99 		xQueueReceive( qKeyboard, &keyEntry, portMAX_DELAY );
                                 		.LINE  "C:\Workspace\e2studio\git\MT01\src\states\ut_state_warning.c",99
00000086 FBE2rrrrrrrr            		MOV.L #_qKeyboard, R14
0000008C ECE1                    		MOV.L [R14], R1
0000008E 6604                    		MOV.L #00000000H, R4
00000090 FB36FF                  		MOV.L #0FFFFFFFFH, R3
00000093 710208                  		ADD #08H, R0, R2
00000096 05rrrrrr             A  		BSR _xQueueGenericReceive
0000009A                         L47:	; bb36
                                 		.LINE  "C:\Workspace\e2studio\git\MT01\src\states\ut_state_warning.c",98
0000009A A881                    		MOV.L 08H[R0], R1
0000009C 6141                    		CMP #04H, R1
0000009E 10                   S  		BEQ L50
0000009F                         L48:	; bb40
0000009F A881                    		MOV.L 08H[R0], R1
000000A1 6111                    		CMP #01H, R1
000000A3 10                   S  		BEQ L50
000000A4                         L49:	; bb44
000000A4 F80601                  		MOV.L #00000001H, [R0]
000000A7 08                   S  		BRA L51
000000A8                         L50:	; bb45
000000A8 F80600                  		MOV.L #00000000H, [R0]
000000AB                         L51:	; bb46
000000AB EC01                    		MOV.L [R0], R1
000000AD 6101                    		CMP #00H, R1
000000AF 21rr                    		BNE L46
000000B1                         L52:	; bb51
                                 ;     100 	}
                                 ;     101 	pl_emergencia_init();
                                 		.LINE  "C:\Workspace\e2studio\git\MT01\src\states\ut_state_warning.c",101
000000B1 05rrrrrr             A  		BSR _pl_emergencia_init
000000B5                         L53:	; bb51.split
                                 ;     102 	if(keyEntry == KEY_ENTER)
                                 		.LINE  "C:\Workspace\e2studio\git\MT01\src\states\ut_state_warning.c",102
000000B5 A881                    		MOV.L 08H[R0], R1
000000B7 6141                    		CMP #04H, R1
000000B9 21rr                    		BNE L63
000000BB                         L54:	; bb53
                                 ;     103 	{
                                 ;     104 		ut_lcd_output_warning("DEVE ESTAR NOS\nLIMITES FISICOS\nX0 E Y0\n");
                                 		.LINE  "C:\Workspace\e2studio\git\MT01\src\states\ut_state_warning.c",104
000000BB FB12rrrrrrrr            		MOV.L #_L31, R1
000000C1 05rrrrrr             A  		BSR _ut_lcd_output_warning
000000C5                         L55:	; bb53.split
000000C5 FB1AD007                		MOV.L #000007D0H, R1
                                 ;     105 		/* Delay */
                                 ;     106 		vTaskDelay(2000 / portTICK_PERIOD_MS);
                                 		.LINE  "C:\Workspace\e2studio\git\MT01\src\states\ut_state_warning.c",106
000000C9 05rrrrrr             A  		BSR _vTaskDelay
000000CD                         L56:	; bb53.split3
                                 ;     107 		configsVar->func_var = zerar_maquina;
                                 		.LINE  "C:\Workspace\e2studio\git\MT01\src\states\ut_state_warning.c",107
000000CD FBE2rrrrrrrr            		MOV.L #_configsVar, R14
000000D3 ECE1                    		MOV.L [R14], R1
000000D5 FB22rrrrrrrr            		MOV.L #_zerar_maquina, R2
000000DB A292                    		MOV.L R2, 28H[R1]
000000DD                         L57:	; bb53.split4
                                 ;     108 		configsVar->type = UT_CONFIG_BOOL;
                                 		.LINE  "C:\Workspace\e2studio\git\MT01\src\states\ut_state_warning.c",108
000000DD FBE2rrrrrrrr            		MOV.L #_configsVar, R14
000000E3 ECEE                    		MOV.L [R14], R14
000000E5 F8E601                  		MOV.L #00000001H, [R14]
000000E8                         L58:	; bb53.split5
                                 ;     109 		configsVar->currentState = STATE_WARNING;
                                 		.LINE  "C:\Workspace\e2studio\git\MT01\src\states\ut_state_warning.c",109
000000E8 FBE2rrrrrrrr            		MOV.L #_configsVar, R14
000000EE ECE1                    		MOV.L [R14], R1
000000F0 3E1801                  		MOV.L #00000001H, 20H[R1]
000000F3                         L59:	; bb53.split6
                                 ;     110 		configsVar->name = "ZERAR A MÁQUINA?";
                                 		.LINE  "C:\Workspace\e2studio\git\MT01\src\states\ut_state_warning.c",110
000000F3 FBE2rrrrrrrr            		MOV.L #_configsVar, R14
000000F9 ECE1                    		MOV.L [R14], R1
000000FB FB22rrrrrrrr            		MOV.L #_L32, R2
00000101 A19A                    		MOV.L R2, 1CH[R1]
00000103                         L60:	; bb53.split7
                                 ;     111 		pContext->value[0] = STATE_MAIN_MENU;
                                 		.LINE  "C:\Workspace\e2studio\git\MT01\src\states\ut_state_warning.c",111
00000103 A909                    		MOV.L 14H[R0], R1
00000105 3C1202                  		MOV.B #02H, 02H[R1]
00000108                         L61:	; bb53.split8
                                 ;     112 		pContext->value[1] = STATE_MAIN_MENU;
                                 		.LINE  "C:\Workspace\e2studio\git\MT01\src\states\ut_state_warning.c",112
00000108 A909                    		MOV.L 14H[R0], R1
0000010A 3C1302                  		MOV.B #02H, 03H[R1]
0000010D                         L62:	; bb53.split9
                                 ;     113 		return STATE_CONFIG_VAR;
                                 		.LINE  "C:\Workspace\e2studio\git\MT01\src\states\ut_state_warning.c",113
0000010D 3E010C                  		MOV.L #0000000CH, 04H[R0]
00000110 08                   S  		BRA L64
00000111                         L63:	; bb75
                                 ;     114 	}
                                 ;     115 	return STATE_MAIN_MENU;
                                 		.LINE  "C:\Workspace\e2studio\git\MT01\src\states\ut_state_warning.c",115
00000111 3E0102                  		MOV.L #00000002H, 04H[R0]
00000114                         L64:	; bb77
00000114 A809                    		MOV.L 04H[R0], R1
00000116 A101                    		MOV.L R1, 10H[R0]
                                 ;     116 }
                                 		.LINE  "C:\Workspace\e2studio\git\MT01\src\states\ut_state_warning.c",116
00000118 6706                    		RTSD #18H
                                 		.SECTION	L,ROMDATA,ALIGN=4
00000000                         _L10:
00000000 20202020                		.byte	"        AVISO!      "
         20202020                
         41564953                
         4F212020                
         20202020                
00000014 00                      		.byte	00H
00000015                         _L11:
00000015 20202020                		.byte	"                    "
         20202020                
         20202020                
         20202020                
         20202020                
00000029 00                      		.byte	00H
0000002A                         _L12:
0000002A 20202053                		.byte	"   SOMENTE PESSOAL  "
         4F4D454E                
         54452050                
         4553534F                
         414C2020                
0000003E 00                      		.byte	00H
0000003F                         _L13:
0000003F 20202020                		.byte	"    TREINADO PODE   "
         54524549                
         4E41444F                
         20504F44                
         45202020                
00000053 00                      		.byte	00H
00000054                         _L14:
00000054 20202020                		.byte	"    UTILIZAR ESTE   "
         5554494C                
         495A4152                
         20455354                
         45202020                
00000068 00                      		.byte	00H
00000069                         _L15:
00000069 20202020                		.byte	"     EQUIPAMENTO.   "
         20455155                
         4950414D                
         454E544F                
         2E202020                
0000007D 00                      		.byte	00H
0000007E                         _L16:
0000007E 20204C45                		.byte	"  LEIA E ENTENDA O  "
         49412045                
         20454E54                
         454E4441                
         204F2020                
00000092 00                      		.byte	00H
00000093                         _L17:
00000093 4D414E55                		.byte	"MANUAL DE INSTRU"
         414C2044                
         4520494E                
         53545255                
000000A3 C7D5                    		.byte	0C7H,0D5H
000000A5 4553                    		.byte	"ES"
000000A7 00                      		.byte	00H
000000A8                         _L18:
000000A8 2020414E                		.byte	"  ANTES DE OPERAR.  "
         54455320                
         4445204F                
         50455241                
         522E2020                
000000BC 00                      		.byte	00H
000000BD                         _L19:
000000BD 20202052                		.byte	"   RISCO DE DANOS,  "
         4953434F                
         20444520                
         44414E4F                
         532C2020                
000000D1 00                      		.byte	00H
000000D2                         _L20:
000000D2 20414349                		.byte	" ACIDENTES E MORTES."
         44454E54                
         45532045                
         204D4F52                
         5445532E                
000000E6 00                      		.byte	00H
000000E7                         _L21:
000000E7 20204355                		.byte	"  CUIDADO COM M"
         49444144                
         4F20434F                
         4D204D                  
000000F6 C3                      		.byte	0C3H
000000F7 4F532020                		.byte	"OS  "
000000FB 00                      		.byte	00H
000000FC                         _L22:
000000FC 20202020                		.byte	"      E DEDOS.      "
         20204520                
         4445444F                
         532E2020                
         20202020                
00000110 00                      		.byte	00H
00000111                         _L23:
00000111 20202041                		.byte	"   AO MOVIMENTAR E  "
         4F204D4F                
         56494D45                
         4E544152                
         20452020                
00000125 00                      		.byte	00H
00000126                         _L24:
00000126 434F5254                		.byte	"CORTAR, AFASTE-SE DO"
         41522C20                
         41464153                
         54452D53                
         4520444F                
0000013A 00                      		.byte	00H
0000013B                         _L25:
0000013B 20204341                		.byte	"  CABECOTE E TOCHA  "
         4245434F                
         54452045                
         20544F43                
         48412020                
0000014F 00                      		.byte	00H
00000150                         _L26:
00000150 20202020                		.byte	"      PLASMA.       "
         2020504C                
         41534D41                
         2E202020                
         20202020                
00000164 00                      		.byte	00H
00000165                         _L27:
00000165 20205553                		.byte	"  USE SEMPRE EPI E  "
         45205345                
         4D505245                
         20455049                
         20452020                
00000179 00                      		.byte	00H
0000017A                         _L28:
0000017A 2020204C                		.byte	"   LEIA O MANUAL.   "
         45494120                
         4F204D41                
         4E55414C                
         2E202020                
0000018E 00                      		.byte	00H
0000018F                         _L29:
0000018F 4D4F444F                		.byte	"MODO DE EMERGENCIA"
         20444520                
         454D4552                
         47454E43                
         4941                    
000001A1 0A                      		.byte	0AH
000001A2 5A45524F                		.byte	"ZERO M"
         204D                    
000001A8 C1                      		.byte	0C1H
000001A9 5155494E                		.byte	"QUINA"
         41                      
000001AE 0A                      		.byte	0AH
000001AF 4E                      		.byte	"N"
000001B0 C3                      		.byte	0C3H
000001B1 4F205245                		.byte	"O REFERENCIADO"
         46455245                
         4E434941                
         444F                    
000001BF 0A00                    		.byte	0AH,00H
000001C1                         _L30:
000001C1 5A455241                		.byte	"ZERAR A M"
         52204120                
         4D                      
000001CA C1                      		.byte	0C1H
000001CB 5155494E                		.byte	"QUINA?"
         413F                    
000001D1 0A                      		.byte	0AH
000001D2 454E5445                		.byte	"ENTER = SIM"
         52203D20                
         53494D                  
000001DD 0A                      		.byte	0AH
000001DE 45534320                		.byte	"ESC = N"
         3D204E                  
000001E5 C3                      		.byte	0C3H
000001E6 4F                      		.byte	"O"
000001E7 0A00                    		.byte	0AH,00H
000001E9                         _L31:
000001E9 44455645                		.byte	"DEVE ESTAR NOS"
         20455354                
         4152204E                
         4F53                    
000001F7 0A                      		.byte	0AH
000001F8 4C494D49                		.byte	"LIMITES FISICOS"
         54455320                
         46495349                
         434F53                  
00000207 0A                      		.byte	0AH
00000208 58302045                		.byte	"X0 E Y0"
         205930                  
0000020F 0A00                    		.byte	0AH,00H
00000211                         _L32:
00000211 5A455241                		.byte	"ZERAR A M"
         52204120                
         4D                      
0000021A C1                      		.byte	0C1H
0000021B 5155494E                		.byte	"QUINA?"
         413F                    
00000221 00                      		.byte	00H
                                 		.SECTION	D,ROMDATA,ALIGN=4
00000000                         __$gszWarningMsg:
00000000 rrrrrrrr                		.lword	_L10
00000004 rrrrrrrr                		.lword	_L11
00000008 rrrrrrrr                		.lword	_L12
0000000C rrrrrrrr                		.lword	_L13
00000010 rrrrrrrr                		.lword	_L14
00000014 rrrrrrrr                		.lword	_L15
00000018 rrrrrrrr                		.lword	_L10
0000001C rrrrrrrr                		.lword	_L11
00000020 rrrrrrrr                		.lword	_L16
00000024 rrrrrrrr                		.lword	_L17
00000028 rrrrrrrr                		.lword	_L18
0000002C rrrrrrrr                		.lword	_L11
00000030 rrrrrrrr                		.lword	_L10
00000034 rrrrrrrr                		.lword	_L11
00000038 rrrrrrrr                		.lword	_L19
0000003C rrrrrrrr                		.lword	_L20
00000040 rrrrrrrr                		.lword	_L21
00000044 rrrrrrrr                		.lword	_L22
00000048 rrrrrrrr                		.lword	_L10
0000004C rrrrrrrr                		.lword	_L11
00000050 rrrrrrrr                		.lword	_L23
00000054 rrrrrrrr                		.lword	_L24
00000058 rrrrrrrr                		.lword	_L25
0000005C rrrrrrrr                		.lword	_L26
00000060 rrrrrrrr                		.lword	_L10
00000064 rrrrrrrr                		.lword	_L11
00000068 rrrrrrrr                		.lword	_L27
0000006C rrrrrrrr                		.lword	_L28
00000070 rrrrrrrr                		.lword	_L11
00000074 rrrrrrrr                		.lword	_L11
                                 		.END

Information List

TOTAL ERROR(S)    00000
TOTAL WARNING(S)  00000
TOTAL LINE(S)     00441   LINES

Section List

Attr         Size               Name
CODE     0000000282(0000011AH)  P
ROMDATA  0000000546(00000222H)  L
ROMDATA  0000000120(00000078H)  D

Cpu Type

-ISA=RXV1 -FPU

Command Parameter

-subcommand=C:\Users\LAFONS~1\AppData\Local\Temp\$ccrx7E87\$ccrx\ut_state_warning.src.cmd
    -nologo
    -isa=rxv1
    -fpu
    -show=conditionals,definitions,expansions
    -define=__RXV1=1
    -fint_register=0
    -debug
    -endian=little
-listfile=C:\Workspace\e2studio\git\MT01\EasyMak_build\ut_state_warning.lst
-output=C:\Workspace\e2studio\git\MT01\EasyMak_build\src\states\ut_state_warning.obj
